[2023-02-10 16:03:17.492][ INFO][none] リクエストの待ち受けを開始します。[Port=8000]
[2023-02-10 16:19:16.134][ INFO][none] リクエストの待ち受けを開始します。[Port=8000]
[2023-02-10 16:22:37.983][ INFO][none] 処理を開始します。[GET,/COMMON/userListPrint?param={%22uniqid%22:3,%22traceid%22:123,%22getkbn%22:0,%22jkbn%22:0,%22sdnflg%22:0,%22symd%22:%2220220801%22,%22eymd%22:%2220220901%22}&traceid=123&uniqid=3,X-Original-For=undefined,X-Forwarded-For=undefined]
[2023-02-10 16:22:38.013][ INFO][none] 処理を開始します。[GET,/SIENP/Keikakureki?param={%22jigyoid%22:1,%22intcode%22:100,%22uniqid%22:3,%22traceid%22:123}&traceid=123&uniqid=3,X-Original-For=undefined,X-Forwarded-For=undefined]
[2023-02-10 16:22:39.078][ INFO][none] 処理を開始します。[GET,/SIENP/Keikakureki?param={%22jigyoid%22:1,%22intcode%22:100,%22uniqid%22:3,%22traceid%22:123}&traceid=123&uniqid=3,X-Original-For=undefined,X-Forwarded-For=undefined]
[2023-02-10 16:22:42.194][ INFO][none] 処理を開始します。[GET,/COMMON/userListPrint?param={%22uniqid%22:3,%22traceid%22:123,%22getkbn%22:0,%22jkbn%22:0,%22sdnflg%22:0,%22symd%22:%2220220801%22,%22eymd%22:%2220220901%22}&traceid=123&uniqid=3,X-Original-For=undefined,X-Forwarded-For=undefined]
[2023-02-10 16:22:42.212][ INFO][none] 処理を開始します。[GET,/SIENP/Keikakureki?param={%22jigyoid%22:1,%22intcode%22:100,%22uniqid%22:3,%22traceid%22:123}&traceid=123&uniqid=3,X-Original-For=undefined,X-Forwarded-For=undefined]
[2023-02-10 16:34:28.543][ INFO][none] 処理を開始します。[GET,/COMMON/userListPrint?param={%22uniqid%22:3,%22traceid%22:123,%22getkbn%22:0,%22jkbn%22:0,%22sdnflg%22:0,%22symd%22:%2220220801%22,%22eymd%22:%2220220901%22}&traceid=123&uniqid=3,X-Original-For=undefined,X-Forwarded-For=undefined]
[2023-02-10 16:34:28.563][ INFO][none] 処理を開始します。[GET,/SIENP/Keikakureki?param={%22jigyoid%22:1,%22intcode%22:100,%22uniqid%22:3,%22traceid%22:123}&traceid=123&uniqid=3,X-Original-For=undefined,X-Forwarded-For=undefined]
[2023-02-10 16:34:54.607][ INFO][none] 処理を開始します。[GET,/COMMON/userListPrint?param={%22uniqid%22:3,%22traceid%22:123,%22getkbn%22:0,%22jkbn%22:0,%22sdnflg%22:0,%22symd%22:%2220220801%22,%22eymd%22:%2220220901%22}&traceid=123&uniqid=3,X-Original-For=undefined,X-Forwarded-For=undefined]
[2023-02-10 16:34:54.625][ INFO][none] 処理を開始します。[GET,/SIENP/Keikakureki?param={%22jigyoid%22:1,%22intcode%22:100,%22uniqid%22:3,%22traceid%22:123}&traceid=123&uniqid=3,X-Original-For=undefined,X-Forwarded-For=undefined]
[2023-02-10 16:35:10.436][ INFO][none] 処理を開始します。[GET,/COMMON/userListPrint?param={%22uniqid%22:3,%22traceid%22:123,%22getkbn%22:0,%22jkbn%22:0,%22sdnflg%22:0,%22symd%22:%2220220801%22,%22eymd%22:%2220220901%22}&traceid=123&uniqid=3,X-Original-For=undefined,X-Forwarded-For=undefined]
[2023-02-10 16:35:15.617][ INFO][none] 処理を開始します。[GET,/COMMON/userListPrint?param={%22uniqid%22:3,%22traceid%22:123,%22getkbn%22:0,%22jkbn%22:0,%22sdnflg%22:0,%22symd%22:%2220220801%22,%22eymd%22:%2220220901%22}&traceid=123&uniqid=3,X-Original-For=undefined,X-Forwarded-For=undefined]
[2023-02-10 16:35:40.155][ INFO][none] 処理を開始します。[GET,/COMMON/userListPrint?param={%22getkbn%22:0,%22jkbn%22:0,%22sdnflg%22:0,%22symd%22:%2220220801%22,%22eymd%22:%2220220901%22}&traceid=123&uniqid=3,X-Original-For=undefined,X-Forwarded-For=undefined]
[2023-02-10 16:36:48.669][ INFO][none] リクエストの待ち受けを開始します。[Port=8000]
[2023-02-10 16:36:51.904][ INFO][none] 処理を開始します。[GET,/COMMON/userListPrint?param={%22getkbn%22:0,%22jkbn%22:0,%22sdnflg%22:0,%22symd%22:%2220220801%22,%22eymd%22:%2220220901%22}&traceid=123&uniqid=3,X-Original-For=undefined,X-Forwarded-For=undefined]
[2023-02-10 16:36:51.931][ INFO][none] 処理を開始します。[GET,/SIENP/Keikakureki?param={%22jigyoid%22:1,%22intcode%22:100,%22uniqid%22:3,%22traceid%22:123}&traceid=123&uniqid=3,X-Original-For=undefined,X-Forwarded-For=undefined]
[2023-02-10 16:37:47.344][ INFO][none] リクエストの待ち受けを開始します。[Port=8000]
[2023-02-10 16:37:52.117][ INFO][none] 処理を開始します。[GET,/COMMON/userListPrint?param={%22getkbn%22:0,%22jkbn%22:0,%22sdnflg%22:0,%22symd%22:%2220220801%22,%22eymd%22:%2220220901%22}&traceid=123&uniqid=3,X-Original-For=undefined,X-Forwarded-For=undefined]
[2023-02-10 16:37:52.143][ INFO][none] 処理を開始します。[GET,/SIENP/Keikakureki?param={%22jigyoid%22:1,%22intcode%22:100,%22uniqid%22:3,%22traceid%22:123}&traceid=123&uniqid=3,X-Original-For=undefined,X-Forwarded-For=undefined]
[2023-02-10 16:40:02.110][ INFO][none] リクエストの待ち受けを開始します。[Port=8000]
[2023-02-10 16:40:07.261][ INFO][none] 処理を開始します。[GET,/COMMON/userListPrint?param={%22getkbn%22:0,%22jkbn%22:0,%22sdnflg%22:0,%22symd%22:%2220220801%22,%22eymd%22:%2220220901%22}&traceid=123&uniqid=3,X-Original-For=undefined,X-Forwarded-For=undefined]
[2023-02-10 16:40:07.287][ INFO][none] 処理を開始します。[GET,/SIENP/Keikakureki?param={%22jigyoid%22:1,%22intcode%22:100,%22uniqid%22:3,%22traceid%22:123}&traceid=123&uniqid=3,X-Original-For=undefined,X-Forwarded-For=undefined]
[2023-02-10 16:40:23.437][ INFO][none] リクエストの待ち受けを開始します。[Port=8000]
[2023-02-10 16:40:27.269][ INFO][none] 処理を開始します。[GET,/COMMON/userListPrint?param={%22getkbn%22:0,%22jkbn%22:0,%22sdnflg%22:0,%22symd%22:%2220220801%22,%22eymd%22:%2220220901%22}&traceid=123&uniqid=3,X-Original-For=undefined,X-Forwarded-For=undefined]
[2023-02-10 16:40:27.294][ INFO][none] 処理を開始します。[GET,/SIENP/Keikakureki?param={%22jigyoid%22:1,%22intcode%22:100,%22uniqid%22:3,%22traceid%22:123}&traceid=123&uniqid=3,X-Original-For=undefined,X-Forwarded-For=undefined]
[2023-02-10 16:41:27.374][ INFO][none] リクエストの待ち受けを開始します。[Port=8000]
[2023-02-10 16:41:31.691][ INFO][none] 処理を開始します。[GET,/COMMON/userListPrint?param={%22getkbn%22:0,%22jkbn%22:0,%22sdnflg%22:0,%22symd%22:%2220220801%22,%22eymd%22:%2220220901%22}&traceid=123&uniqid=3,X-Original-For=undefined,X-Forwarded-For=undefined]
[2023-02-10 16:41:31.716][ INFO][none] 処理を開始します。[GET,/SIENP/Keikakureki?param={%22jigyoid%22:1,%22intcode%22:100,%22uniqid%22:3,%22traceid%22:123}&traceid=123&uniqid=3,X-Original-For=undefined,X-Forwarded-For=undefined]
[2023-02-10 16:46:01.571][ INFO][none] リクエストの待ち受けを開始します。[Port=8000]
[2023-02-10 16:48:10.734][ INFO][none] リクエストの待ち受けを開始します。[Port=8000]
[2023-02-10 16:48:14.766][ INFO][none] 処理を開始します。[GET,/COMMON/userListPrint?param={%22getkbn%22:0,%22jkbn%22:0,%22sdnflg%22:0,%22symd%22:%2220220801%22,%22eymd%22:%2220220901%22}&traceid=123&uniqid=3,X-Original-For=undefined,X-Forwarded-For=undefined]
[2023-02-10 16:48:14.796][ INFO][none] 処理を開始します。[GET,/SIENP/Keikakureki?param={%22jigyoid%22:1,%22intcode%22:100,%22uniqid%22:3,%22traceid%22:123}&traceid=123&uniqid=3,X-Original-For=undefined,X-Forwarded-For=undefined]
[2023-02-10 16:48:15.231][ INFO][none] 処理が正常終了しました。
[2023-02-10 16:48:15.554][ INFO][none] 処理が正常終了しました。
[2023-02-10 16:48:46.292][ INFO][none] リクエストの待ち受けを開始します。[Port=8000]
[2023-02-10 16:48:49.494][ INFO][none] 処理を開始します。[GET,/COMMON/userListPrint?param={%22getkbn%22:0,%22jkbn%22:0,%22sdnflg%22:0,%22symd%22:%2220220801%22,%22eymd%22:%2220220901%22}&traceid=123&uniqid=3,X-Original-For=undefined,X-Forwarded-For=undefined]
[2023-02-10 16:48:49.518][ INFO][none] 処理を開始します。[GET,/SIENP/Keikakureki?param={%22jigyoid%22:1,%22intcode%22:100,%22uniqid%22:3,%22traceid%22:123}&traceid=123&uniqid=3,X-Original-For=undefined,X-Forwarded-For=undefined]
[2023-02-10 16:48:49.573][ INFO][none] 処理が正常終了しました。
[2023-02-10 16:48:49.591][ INFO][none] 処理が正常終了しました。
[2023-02-10 16:49:28.003][ INFO][none] 処理を開始します。[GET,/COMMON/userListPrint?param={%22getkbn%22:0,%22jkbn%22:0,%22sdnflg%22:0,%22symd%22:%2220220801%22,%22eymd%22:%2220220901%22}&traceid=123&uniqid=3,X-Original-For=undefined,X-Forwarded-For=undefined]
[2023-02-10 16:49:28.030][ INFO][none] 処理を開始します。[GET,/SIENP/Keikakureki?param={%22jigyoid%22:1,%22intcode%22:100,%22uniqid%22:3,%22traceid%22:123}&traceid=123&uniqid=3,X-Original-For=undefined,X-Forwarded-For=undefined]
[2023-02-10 16:49:28.086][ INFO][none] 処理が正常終了しました。
[2023-02-10 16:49:28.102][ INFO][none] 処理が正常終了しました。
[2023-02-10 16:51:22.753][ INFO][none] リクエストの待ち受けを開始します。[Port=8000]
[2023-02-10 16:51:26.441][ INFO][none] 処理を開始します。[GET,/COMMON/userListPrint?param={%22getkbn%22:0,%22jkbn%22:0,%22sdnflg%22:0,%22symd%22:%2220220801%22,%22eymd%22:%2220220901%22}&traceid=123&uniqid=3,X-Original-For=undefined,X-Forwarded-For=undefined]
[2023-02-10 16:51:26.455][ERROR][none] システムエラーが発生しました。[ReferenceError: params is not defined]
[2023-02-10 16:51:26.463][ INFO][none] 処理を開始します。[GET,/SIENP/Keikakureki?param={%22jigyoid%22:1,%22intcode%22:100,%22uniqid%22:3,%22traceid%22:123}&traceid=123&uniqid=3,X-Original-For=undefined,X-Forwarded-For=undefined]
[2023-02-10 16:51:26.545][ INFO][none] 処理が正常終了しました。
[2023-02-10 16:56:01.467][ INFO][none] リクエストの待ち受けを開始します。[Port=8000]
[2023-02-10 16:56:04.497][ INFO][none] 処理を開始します。[GET,/COMMON/userListPrint?param={%22getkbn%22:0,%22jkbn%22:0,%22sdnflg%22:0,%22symd%22:%2220220801%22,%22eymd%22:%2220220901%22}&traceid=123&uniqid=3,X-Original-For=undefined,X-Forwarded-For=undefined]
[2023-02-10 16:56:04.501][ERROR][none] システムエラーが発生しました。[ReferenceError: params is not defined]
[2023-02-10 16:56:04.519][ INFO][none] 処理を開始します。[GET,/SIENP/Keikakureki?param={%22jigyoid%22:1,%22intcode%22:100,%22uniqid%22:3,%22traceid%22:123}&traceid=123&uniqid=3,X-Original-For=undefined,X-Forwarded-For=undefined]
[2023-02-10 16:56:04.927][ INFO][none] 処理が正常終了しました。
[2023-02-10 16:56:41.269][ INFO][none] リクエストの待ち受けを開始します。[Port=8000]
[2023-02-10 16:56:45.656][ INFO][none] 処理を開始します。[GET,/COMMON/userListPrint?param={%22getkbn%22:0,%22jkbn%22:0,%22sdnflg%22:0,%22symd%22:%2220220801%22,%22eymd%22:%2220220901%22}&traceid=123&uniqid=3,X-Original-For=undefined,X-Forwarded-For=undefined]
[2023-02-10 16:56:45.660][ERROR][none] システムエラーが発生しました。[ReferenceError: params is not defined]
[2023-02-10 16:56:45.678][ INFO][none] 処理を開始します。[GET,/SIENP/Keikakureki?param={%22jigyoid%22:1,%22intcode%22:100,%22uniqid%22:3,%22traceid%22:123}&traceid=123&uniqid=3,X-Original-For=undefined,X-Forwarded-For=undefined]
[2023-02-10 16:56:45.773][ INFO][none] 処理が正常終了しました。
[2023-02-10 16:57:25.759][ INFO][none] リクエストの待ち受けを開始します。[Port=8000]
[2023-02-10 16:57:28.915][ INFO][none] 処理を開始します。[GET,/COMMON/userListPrint?param={%22getkbn%22:0,%22jkbn%22:0,%22sdnflg%22:0,%22symd%22:%2220220801%22,%22eymd%22:%2220220901%22}&traceid=123&uniqid=3,X-Original-For=undefined,X-Forwarded-For=undefined]
[2023-02-10 16:57:28.919][ERROR][none] システムエラーが発生しました。[ReferenceError: params is not defined]
[2023-02-10 16:57:28.938][ INFO][none] 処理を開始します。[GET,/SIENP/Keikakureki?param={%22jigyoid%22:1,%22intcode%22:100,%22uniqid%22:3,%22traceid%22:123}&traceid=123&uniqid=3,X-Original-For=undefined,X-Forwarded-For=undefined]
[2023-02-10 16:57:29.021][ INFO][none] 処理が正常終了しました。
[2023-02-10 16:58:13.501][ INFO][none] リクエストの待ち受けを開始します。[Port=8000]
[2023-02-10 16:58:17.187][ INFO][none] 処理を開始します。[GET,/COMMON/userListPrint?param={%22getkbn%22:0,%22jkbn%22:0,%22sdnflg%22:0,%22symd%22:%2220220801%22,%22eymd%22:%2220220901%22}&traceid=123&uniqid=3,X-Original-For=undefined,X-Forwarded-For=undefined]
[2023-02-10 16:58:17.192][ERROR][none] システムエラーが発生しました。[ReferenceError: params is not defined]
[2023-02-10 16:58:17.209][ INFO][none] 処理を開始します。[GET,/SIENP/Keikakureki?param={%22jigyoid%22:1,%22intcode%22:100,%22uniqid%22:3,%22traceid%22:123}&traceid=123&uniqid=3,X-Original-For=undefined,X-Forwarded-For=undefined]
[2023-02-10 16:58:17.541][ INFO][none] 処理が正常終了しました。
[2023-02-10 16:59:49.308][ INFO][none] リクエストの待ち受けを開始します。[Port=8000]
[2023-02-10 16:59:52.189][ INFO][none] 処理を開始します。[GET,/COMMON/userListPrint?param={%22getkbn%22:0,%22jkbn%22:0,%22sdnflg%22:0,%22symd%22:%2220220801%22,%22eymd%22:%2220220901%22}&traceid=123&uniqid=3,X-Original-For=undefined,X-Forwarded-For=undefined]
[2023-02-10 16:59:52.194][ERROR][none] システムエラーが発生しました。[ReferenceError: params is not defined]
[2023-02-10 16:59:52.211][ INFO][none] 処理を開始します。[GET,/SIENP/Keikakureki?param={%22jigyoid%22:1,%22intcode%22:100,%22uniqid%22:3,%22traceid%22:123}&traceid=123&uniqid=3,X-Original-For=undefined,X-Forwarded-For=undefined]
[2023-02-10 16:59:52.314][ INFO][none] 処理が正常終了しました。
[2023-02-10 17:00:11.653][ INFO][none] 処理を開始します。[GET,/COMMON/userListPrint?param={%22getkbn%22:0,%22jkbn%22:0,%22sdnflg%22:0,%22symd%22:%2220220801%22,%22eymd%22:%2220220901%22}&traceid=123&uniqid=3,X-Original-For=undefined,X-Forwarded-For=undefined]
[2023-02-10 17:00:11.654][ERROR][none] システムエラーが発生しました。[ReferenceError: params is not defined]
[2023-02-10 17:00:11.680][ INFO][none] 処理を開始します。[GET,/SIENP/Keikakureki?param={%22jigyoid%22:1,%22intcode%22:100,%22uniqid%22:3,%22traceid%22:123}&traceid=123&uniqid=3,X-Original-For=undefined,X-Forwarded-For=undefined]
[2023-02-10 17:00:11.796][ INFO][none] 処理が正常終了しました。
[2023-02-10 17:01:01.758][ INFO][none] リクエストの待ち受けを開始します。[Port=8000]
[2023-02-10 17:01:05.431][ INFO][none] 処理を開始します。[GET,/COMMON/userListPrint?param={%22getkbn%22:0,%22jkbn%22:0,%22sdnflg%22:0,%22symd%22:%2220220801%22,%22eymd%22:%2220220901%22}&traceid=123&uniqid=3,X-Original-For=undefined,X-Forwarded-For=undefined]
[2023-02-10 17:01:05.432][ERROR][none] TypeError: JSON.parse is not a function or its return value is not iterable
    at /home/tokei/develop/100Sogo_WebApl/src/trunk/backend/src/index.js:65:35
    at Layer.handle [as handle_request] (/home/tokei/develop/100Sogo_WebApl/src/trunk/backend/node_modules/express/lib/router/layer.js:95:5)
    at next (/home/tokei/develop/100Sogo_WebApl/src/trunk/backend/node_modules/express/lib/router/route.js:144:13)
    at Route.dispatch (/home/tokei/develop/100Sogo_WebApl/src/trunk/backend/node_modules/express/lib/router/route.js:114:3)
    at Layer.handle [as handle_request] (/home/tokei/develop/100Sogo_WebApl/src/trunk/backend/node_modules/express/lib/router/layer.js:95:5)
    at /home/tokei/develop/100Sogo_WebApl/src/trunk/backend/node_modules/express/lib/router/index.js:284:15
    at param (/home/tokei/develop/100Sogo_WebApl/src/trunk/backend/node_modules/express/lib/router/index.js:365:14)
    at param (/home/tokei/develop/100Sogo_WebApl/src/trunk/backend/node_modules/express/lib/router/index.js:376:14)
    at param (/home/tokei/develop/100Sogo_WebApl/src/trunk/backend/node_modules/express/lib/router/index.js:376:14)
    at Function.process_params (/home/tokei/develop/100Sogo_WebApl/src/trunk/backend/node_modules/express/lib/router/index.js:421:3)
[2023-02-10 17:01:05.433][ERROR][none] システムエラーが発生しました。[TypeError: JSON.parse is not a function or its return value is not iterable]
[2023-02-10 17:01:05.454][ INFO][none] 処理を開始します。[GET,/SIENP/Keikakureki?param={%22jigyoid%22:1,%22intcode%22:100,%22uniqid%22:3,%22traceid%22:123}&traceid=123&uniqid=3,X-Original-For=undefined,X-Forwarded-For=undefined]
[2023-02-10 17:01:05.454][ERROR][none] TypeError: JSON.parse is not a function or its return value is not iterable
    at /home/tokei/develop/100Sogo_WebApl/src/trunk/backend/src/index.js:65:35
    at Layer.handle [as handle_request] (/home/tokei/develop/100Sogo_WebApl/src/trunk/backend/node_modules/express/lib/router/layer.js:95:5)
    at next (/home/tokei/develop/100Sogo_WebApl/src/trunk/backend/node_modules/express/lib/router/route.js:144:13)
    at Route.dispatch (/home/tokei/develop/100Sogo_WebApl/src/trunk/backend/node_modules/express/lib/router/route.js:114:3)
    at Layer.handle [as handle_request] (/home/tokei/develop/100Sogo_WebApl/src/trunk/backend/node_modules/express/lib/router/layer.js:95:5)
    at /home/tokei/develop/100Sogo_WebApl/src/trunk/backend/node_modules/express/lib/router/index.js:284:15
    at param (/home/tokei/develop/100Sogo_WebApl/src/trunk/backend/node_modules/express/lib/router/index.js:365:14)
    at param (/home/tokei/develop/100Sogo_WebApl/src/trunk/backend/node_modules/express/lib/router/index.js:376:14)
    at param (/home/tokei/develop/100Sogo_WebApl/src/trunk/backend/node_modules/express/lib/router/index.js:376:14)
    at Function.process_params (/home/tokei/develop/100Sogo_WebApl/src/trunk/backend/node_modules/express/lib/router/index.js:421:3)
[2023-02-10 17:01:05.455][ERROR][none] システムエラーが発生しました。[TypeError: JSON.parse is not a function or its return value is not iterable]
[2023-02-10 17:01:12.711][ INFO][none] 処理を開始します。[GET,/COMMON/userListPrint?param={%22getkbn%22:0,%22jkbn%22:0,%22sdnflg%22:0,%22symd%22:%2220220801%22,%22eymd%22:%2220220901%22}&traceid=123&uniqid=3,X-Original-For=undefined,X-Forwarded-For=undefined]
[2023-02-10 17:01:12.712][ERROR][none] TypeError: JSON.parse is not a function or its return value is not iterable
    at /home/tokei/develop/100Sogo_WebApl/src/trunk/backend/src/index.js:65:35
    at Layer.handle [as handle_request] (/home/tokei/develop/100Sogo_WebApl/src/trunk/backend/node_modules/express/lib/router/layer.js:95:5)
    at next (/home/tokei/develop/100Sogo_WebApl/src/trunk/backend/node_modules/express/lib/router/route.js:144:13)
    at Route.dispatch (/home/tokei/develop/100Sogo_WebApl/src/trunk/backend/node_modules/express/lib/router/route.js:114:3)
    at Layer.handle [as handle_request] (/home/tokei/develop/100Sogo_WebApl/src/trunk/backend/node_modules/express/lib/router/layer.js:95:5)
    at /home/tokei/develop/100Sogo_WebApl/src/trunk/backend/node_modules/express/lib/router/index.js:284:15
    at param (/home/tokei/develop/100Sogo_WebApl/src/trunk/backend/node_modules/express/lib/router/index.js:365:14)
    at param (/home/tokei/develop/100Sogo_WebApl/src/trunk/backend/node_modules/express/lib/router/index.js:376:14)
    at param (/home/tokei/develop/100Sogo_WebApl/src/trunk/backend/node_modules/express/lib/router/index.js:376:14)
    at Function.process_params (/home/tokei/develop/100Sogo_WebApl/src/trunk/backend/node_modules/express/lib/router/index.js:421:3)
[2023-02-10 17:01:12.712][ERROR][none] システムエラーが発生しました。[TypeError: JSON.parse is not a function or its return value is not iterable]
[2023-02-10 17:01:12.734][ INFO][none] 処理を開始します。[GET,/SIENP/Keikakureki?param={%22jigyoid%22:1,%22intcode%22:100,%22uniqid%22:3,%22traceid%22:123}&traceid=123&uniqid=3,X-Original-For=undefined,X-Forwarded-For=undefined]
[2023-02-10 17:01:12.734][ERROR][none] TypeError: JSON.parse is not a function or its return value is not iterable
    at /home/tokei/develop/100Sogo_WebApl/src/trunk/backend/src/index.js:65:35
    at Layer.handle [as handle_request] (/home/tokei/develop/100Sogo_WebApl/src/trunk/backend/node_modules/express/lib/router/layer.js:95:5)
    at next (/home/tokei/develop/100Sogo_WebApl/src/trunk/backend/node_modules/express/lib/router/route.js:144:13)
    at Route.dispatch (/home/tokei/develop/100Sogo_WebApl/src/trunk/backend/node_modules/express/lib/router/route.js:114:3)
    at Layer.handle [as handle_request] (/home/tokei/develop/100Sogo_WebApl/src/trunk/backend/node_modules/express/lib/router/layer.js:95:5)
    at /home/tokei/develop/100Sogo_WebApl/src/trunk/backend/node_modules/express/lib/router/index.js:284:15
    at param (/home/tokei/develop/100Sogo_WebApl/src/trunk/backend/node_modules/express/lib/router/index.js:365:14)
    at param (/home/tokei/develop/100Sogo_WebApl/src/trunk/backend/node_modules/express/lib/router/index.js:376:14)
    at param (/home/tokei/develop/100Sogo_WebApl/src/trunk/backend/node_modules/express/lib/router/index.js:376:14)
    at Function.process_params (/home/tokei/develop/100Sogo_WebApl/src/trunk/backend/node_modules/express/lib/router/index.js:421:3)
[2023-02-10 17:01:12.735][ERROR][none] システムエラーが発生しました。[TypeError: JSON.parse is not a function or its return value is not iterable]
[2023-02-10 17:02:18.458][ INFO][none] リクエストの待ち受けを開始します。[Port=8000]
[2023-02-10 17:02:22.148][ INFO][none] 処理を開始します。[GET,/COMMON/userListPrint?param={%22getkbn%22:0,%22jkbn%22:0,%22sdnflg%22:0,%22symd%22:%2220220801%22,%22eymd%22:%2220220901%22}&traceid=123&uniqid=3,X-Original-For=undefined,X-Forwarded-For=undefined]
[2023-02-10 17:02:22.153][ERROR][none] システムエラーが発生しました。[ReferenceError: apiRun is not defined]
[2023-02-10 17:02:22.174][ INFO][none] 処理を開始します。[GET,/SIENP/Keikakureki?param={%22jigyoid%22:1,%22intcode%22:100,%22uniqid%22:3,%22traceid%22:123}&traceid=123&uniqid=3,X-Original-For=undefined,X-Forwarded-For=undefined]
[2023-02-10 17:02:22.606][ INFO][none] 処理が正常終了しました。
[2023-02-10 17:03:01.106][ INFO][none] リクエストの待ち受けを開始します。[Port=8000]
[2023-02-10 17:03:05.810][ INFO][none] 処理を開始します。[GET,/COMMON/userListPrint?param={%22getkbn%22:0,%22jkbn%22:0,%22sdnflg%22:0,%22symd%22:%2220220801%22,%22eymd%22:%2220220901%22}&traceid=123&uniqid=3,X-Original-For=undefined,X-Forwarded-For=undefined]
[2023-02-10 17:03:05.815][ERROR][none] システムエラーが発生しました。[ReferenceError: apiRun is not defined]
[2023-02-10 17:03:05.840][ INFO][none] 処理を開始します。[GET,/SIENP/Keikakureki?param={%22jigyoid%22:1,%22intcode%22:100,%22uniqid%22:3,%22traceid%22:123}&traceid=123&uniqid=3,X-Original-For=undefined,X-Forwarded-For=undefined]
[2023-02-10 17:03:05.995][ INFO][none] 処理が正常終了しました。
[2023-02-10 17:05:08.955][ INFO][none] 処理を開始します。[GET,/COMMON/userListPrint?param={%22getkbn%22:0,%22jkbn%22:0,%22sdnflg%22:0,%22symd%22:%2220220801%22,%22eymd%22:%2220220901%22}&traceid=123&uniqid=3,X-Original-For=undefined,X-Forwarded-For=undefined]
[2023-02-10 17:05:08.956][ERROR][none] システムエラーが発生しました。[ReferenceError: apiRun is not defined]
[2023-02-10 17:05:08.980][ INFO][none] 処理を開始します。[GET,/SIENP/Keikakureki?param={%22jigyoid%22:1,%22intcode%22:100,%22uniqid%22:3,%22traceid%22:123}&traceid=123&uniqid=3,X-Original-For=undefined,X-Forwarded-For=undefined]
[2023-02-10 17:05:09.023][ INFO][none] 処理が正常終了しました。
[2023-02-10 17:07:10.878][ INFO][none] リクエストの待ち受けを開始します。[Port=8000]
[2023-02-10 17:07:15.447][ INFO][none] 処理を開始します。[GET,/COMMON/userListPrint?param={%22getkbn%22:0,%22jkbn%22:0,%22sdnflg%22:0,%22symd%22:%2220220801%22,%22eymd%22:%2220220901%22}&traceid=123&uniqid=3,X-Original-For=undefined,X-Forwarded-For=undefined]
[2023-02-10 17:07:15.452][ERROR][none] システムエラーが発生しました。[ReferenceError: apiRun is not defined]
[2023-02-10 17:07:15.470][ INFO][none] 処理を開始します。[GET,/SIENP/Keikakureki?param={%22jigyoid%22:1,%22intcode%22:100,%22uniqid%22:3,%22traceid%22:123}&traceid=123&uniqid=3,X-Original-For=undefined,X-Forwarded-For=undefined]
[2023-02-10 17:07:15.541][ INFO][none] 処理が正常終了しました。
[2023-02-10 17:08:40.906][ INFO][none] リクエストの待ち受けを開始します。[Port=8000]
[2023-02-10 17:08:45.908][ INFO][none] 処理を開始します。[GET,/COMMON/userListPrint?param={%22getkbn%22:0,%22jkbn%22:0,%22sdnflg%22:0,%22symd%22:%2220220801%22,%22eymd%22:%2220220901%22}&traceid=123&uniqid=3,X-Original-For=undefined,X-Forwarded-For=undefined]
[2023-02-10 17:08:45.912][ERROR][none] システムエラーが発生しました。[ReferenceError: apiRun is not defined]
[2023-02-10 17:08:45.929][ INFO][none] 処理を開始します。[GET,/SIENP/Keikakureki?param={%22jigyoid%22:1,%22intcode%22:100,%22uniqid%22:3,%22traceid%22:123}&traceid=123&uniqid=3,X-Original-For=undefined,X-Forwarded-For=undefined]
[2023-02-10 17:08:46.353][ INFO][none] 処理が正常終了しました。
[2023-02-10 17:10:46.270][ INFO][none] リクエストの待ち受けを開始します。[Port=8000]
[2023-02-10 17:10:50.565][ INFO][none] 処理を開始します。[GET,/COMMON/userListPrint?param={%22getkbn%22:0,%22jkbn%22:0,%22sdnflg%22:0,%22symd%22:%2220220801%22,%22eymd%22:%2220220901%22}&traceid=123&uniqid=3,X-Original-For=undefined,X-Forwarded-For=undefined]
[2023-02-10 17:10:50.570][ERROR][none] システムエラーが発生しました。[ReferenceError: apiRun is not defined]
[2023-02-10 17:10:50.588][ INFO][none] 処理を開始します。[GET,/SIENP/Keikakureki?param={%22jigyoid%22:1,%22intcode%22:100,%22uniqid%22:3,%22traceid%22:123}&traceid=123&uniqid=3,X-Original-For=undefined,X-Forwarded-For=undefined]
[2023-02-10 17:10:50.676][ INFO][none] 処理が正常終了しました。
[2023-02-10 17:14:31.821][ INFO][none] リクエストの待ち受けを開始します。[Port=8000]
[2023-02-10 17:14:41.001][ INFO][none] 処理を開始します。[GET,/COMMON/userListPrint?param={%22getkbn%22:0,%22jkbn%22:0,%22sdnflg%22:0,%22symd%22:%2220220801%22,%22eymd%22:%2220220901%22}&traceid=123&uniqid=3,X-Original-For=undefined,X-Forwarded-For=undefined]
[2023-02-10 17:14:41.004][ERROR][none] SyntaxError: "[object Object]" is not valid JSON
    at JSON.parse (<anonymous>)
    at /home/tokei/develop/100Sogo_WebApl/src/trunk/backend/src/index.js:71:31
    at Layer.handle [as handle_request] (/home/tokei/develop/100Sogo_WebApl/src/trunk/backend/node_modules/express/lib/router/layer.js:95:5)
    at next (/home/tokei/develop/100Sogo_WebApl/src/trunk/backend/node_modules/express/lib/router/route.js:144:13)
    at Route.dispatch (/home/tokei/develop/100Sogo_WebApl/src/trunk/backend/node_modules/express/lib/router/route.js:114:3)
    at Layer.handle [as handle_request] (/home/tokei/develop/100Sogo_WebApl/src/trunk/backend/node_modules/express/lib/router/layer.js:95:5)
    at /home/tokei/develop/100Sogo_WebApl/src/trunk/backend/node_modules/express/lib/router/index.js:284:15
    at param (/home/tokei/develop/100Sogo_WebApl/src/trunk/backend/node_modules/express/lib/router/index.js:365:14)
    at param (/home/tokei/develop/100Sogo_WebApl/src/trunk/backend/node_modules/express/lib/router/index.js:376:14)
    at param (/home/tokei/develop/100Sogo_WebApl/src/trunk/backend/node_modules/express/lib/router/index.js:376:14)
[2023-02-10 17:14:41.005][ERROR][none] システムエラーが発生しました。[SyntaxError: "[object Object]" is not valid JSON]
[2023-02-10 17:14:41.029][ INFO][none] 処理を開始します。[GET,/SIENP/Keikakureki?param={%22jigyoid%22:1,%22intcode%22:100,%22uniqid%22:3,%22traceid%22:123}&traceid=123&uniqid=3,X-Original-For=undefined,X-Forwarded-For=undefined]
[2023-02-10 17:14:41.030][ERROR][none] SyntaxError: "[object Object]" is not valid JSON
    at JSON.parse (<anonymous>)
    at /home/tokei/develop/100Sogo_WebApl/src/trunk/backend/src/index.js:71:31
    at Layer.handle [as handle_request] (/home/tokei/develop/100Sogo_WebApl/src/trunk/backend/node_modules/express/lib/router/layer.js:95:5)
    at next (/home/tokei/develop/100Sogo_WebApl/src/trunk/backend/node_modules/express/lib/router/route.js:144:13)
    at Route.dispatch (/home/tokei/develop/100Sogo_WebApl/src/trunk/backend/node_modules/express/lib/router/route.js:114:3)
    at Layer.handle [as handle_request] (/home/tokei/develop/100Sogo_WebApl/src/trunk/backend/node_modules/express/lib/router/layer.js:95:5)
    at /home/tokei/develop/100Sogo_WebApl/src/trunk/backend/node_modules/express/lib/router/index.js:284:15
    at param (/home/tokei/develop/100Sogo_WebApl/src/trunk/backend/node_modules/express/lib/router/index.js:365:14)
    at param (/home/tokei/develop/100Sogo_WebApl/src/trunk/backend/node_modules/express/lib/router/index.js:376:14)
    at param (/home/tokei/develop/100Sogo_WebApl/src/trunk/backend/node_modules/express/lib/router/index.js:376:14)
[2023-02-10 17:14:41.030][ERROR][none] システムエラーが発生しました。[SyntaxError: "[object Object]" is not valid JSON]
[2023-02-10 17:15:16.250][ INFO][none] リクエストの待ち受けを開始します。[Port=8000]
[2023-02-10 17:15:20.669][ INFO][none] 処理を開始します。[GET,/COMMON/userListPrint?param={%22getkbn%22:0,%22jkbn%22:0,%22sdnflg%22:0,%22symd%22:%2220220801%22,%22eymd%22:%2220220901%22}&traceid=123&uniqid=3,X-Original-For=undefined,X-Forwarded-For=undefined]
[2023-02-10 17:15:20.672][ERROR][none] SyntaxError: "[object Object]" is not valid JSON
    at JSON.parse (<anonymous>)
    at /home/tokei/develop/100Sogo_WebApl/src/trunk/backend/src/index.js:71:31
    at Layer.handle [as handle_request] (/home/tokei/develop/100Sogo_WebApl/src/trunk/backend/node_modules/express/lib/router/layer.js:95:5)
    at next (/home/tokei/develop/100Sogo_WebApl/src/trunk/backend/node_modules/express/lib/router/route.js:144:13)
    at Route.dispatch (/home/tokei/develop/100Sogo_WebApl/src/trunk/backend/node_modules/express/lib/router/route.js:114:3)
    at Layer.handle [as handle_request] (/home/tokei/develop/100Sogo_WebApl/src/trunk/backend/node_modules/express/lib/router/layer.js:95:5)
    at /home/tokei/develop/100Sogo_WebApl/src/trunk/backend/node_modules/express/lib/router/index.js:284:15
    at param (/home/tokei/develop/100Sogo_WebApl/src/trunk/backend/node_modules/express/lib/router/index.js:365:14)
    at param (/home/tokei/develop/100Sogo_WebApl/src/trunk/backend/node_modules/express/lib/router/index.js:376:14)
    at param (/home/tokei/develop/100Sogo_WebApl/src/trunk/backend/node_modules/express/lib/router/index.js:376:14)
[2023-02-10 17:15:20.672][ERROR][none] システムエラーが発生しました。[SyntaxError: "[object Object]" is not valid JSON]
[2023-02-10 17:15:20.691][ INFO][none] 処理を開始します。[GET,/SIENP/Keikakureki?param={%22jigyoid%22:1,%22intcode%22:100,%22uniqid%22:3,%22traceid%22:123}&traceid=123&uniqid=3,X-Original-For=undefined,X-Forwarded-For=undefined]
[2023-02-10 17:15:20.692][ERROR][none] SyntaxError: "[object Object]" is not valid JSON
    at JSON.parse (<anonymous>)
    at /home/tokei/develop/100Sogo_WebApl/src/trunk/backend/src/index.js:71:31
    at Layer.handle [as handle_request] (/home/tokei/develop/100Sogo_WebApl/src/trunk/backend/node_modules/express/lib/router/layer.js:95:5)
    at next (/home/tokei/develop/100Sogo_WebApl/src/trunk/backend/node_modules/express/lib/router/route.js:144:13)
    at Route.dispatch (/home/tokei/develop/100Sogo_WebApl/src/trunk/backend/node_modules/express/lib/router/route.js:114:3)
    at Layer.handle [as handle_request] (/home/tokei/develop/100Sogo_WebApl/src/trunk/backend/node_modules/express/lib/router/layer.js:95:5)
    at /home/tokei/develop/100Sogo_WebApl/src/trunk/backend/node_modules/express/lib/router/index.js:284:15
    at param (/home/tokei/develop/100Sogo_WebApl/src/trunk/backend/node_modules/express/lib/router/index.js:365:14)
    at param (/home/tokei/develop/100Sogo_WebApl/src/trunk/backend/node_modules/express/lib/router/index.js:376:14)
    at param (/home/tokei/develop/100Sogo_WebApl/src/trunk/backend/node_modules/express/lib/router/index.js:376:14)
[2023-02-10 17:15:20.692][ERROR][none] システムエラーが発生しました。[SyntaxError: "[object Object]" is not valid JSON]
[2023-02-10 17:16:02.646][ INFO][none] リクエストの待ち受けを開始します。[Port=8000]
[2023-02-10 17:16:05.243][ INFO][none] 処理を開始します。[GET,/COMMON/userListPrint?param={%22getkbn%22:0,%22jkbn%22:0,%22sdnflg%22:0,%22symd%22:%2220220801%22,%22eymd%22:%2220220901%22}&traceid=123&uniqid=3,X-Original-For=undefined,X-Forwarded-For=undefined]
[2023-02-10 17:16:05.248][ERROR][none] システムエラーが発生しました。[ReferenceError: apiRun is not defined]
[2023-02-10 17:16:05.266][ INFO][none] 処理を開始します。[GET,/SIENP/Keikakureki?param={%22jigyoid%22:1,%22intcode%22:100,%22uniqid%22:3,%22traceid%22:123}&traceid=123&uniqid=3,X-Original-For=undefined,X-Forwarded-For=undefined]
[2023-02-10 17:16:05.699][ INFO][none] 処理が正常終了しました。
[2023-02-10 17:16:53.163][ INFO][none] 処理を開始します。[GET,/COMMON/userListPrint?param={%22getkbn%22:0,%22jkbn%22:0,%22sdnflg%22:0,%22symd%22:%2220220801%22,%22eymd%22:%2220220901%22}&traceid=123&uniqid=3,X-Original-For=undefined,X-Forwarded-For=undefined]
[2023-02-10 17:16:53.164][ERROR][none] システムエラーが発生しました。[ReferenceError: apiRun is not defined]
[2023-02-10 17:16:53.187][ INFO][none] 処理を開始します。[GET,/SIENP/Keikakureki?param={%22jigyoid%22:1,%22intcode%22:100,%22uniqid%22:3,%22traceid%22:123}&traceid=123&uniqid=3,X-Original-For=undefined,X-Forwarded-For=undefined]
[2023-02-10 17:16:53.257][ INFO][none] 処理が正常終了しました。
[2023-02-10 17:17:17.109][ INFO][none] リクエストの待ち受けを開始します。[Port=8000]
[2023-02-10 17:17:19.447][ INFO][none] 処理を開始します。[GET,/COMMON/userListPrint?param={%22getkbn%22:0,%22jkbn%22:0,%22sdnflg%22:0,%22symd%22:%2220220801%22,%22eymd%22:%2220220901%22}&traceid=123&uniqid=3,X-Original-For=undefined,X-Forwarded-For=undefined]
[2023-02-10 17:17:19.451][ERROR][none] システムエラーが発生しました。[ReferenceError: apiRun is not defined]
[2023-02-10 17:17:19.472][ INFO][none] 処理を開始します。[GET,/SIENP/Keikakureki?param={%22jigyoid%22:1,%22intcode%22:100,%22uniqid%22:3,%22traceid%22:123}&traceid=123&uniqid=3,X-Original-For=undefined,X-Forwarded-For=undefined]
[2023-02-10 17:17:19.529][ INFO][none] 処理が正常終了しました。
[2023-02-10 17:17:42.422][ INFO][none] リクエストの待ち受けを開始します。[Port=8000]
[2023-02-10 17:18:16.424][ INFO][none] リクエストの待ち受けを開始します。[Port=8000]
[2023-02-10 17:18:20.310][ INFO][none] 処理を開始します。[GET,/COMMON/userListPrint?param={%22getkbn%22:0,%22jkbn%22:0,%22sdnflg%22:0,%22symd%22:%2220220801%22,%22eymd%22:%2220220901%22}&traceid=123&uniqid=3,X-Original-For=undefined,X-Forwarded-For=undefined]
[2023-02-10 17:18:20.334][ INFO][none] 処理を開始します。[GET,/SIENP/Keikakureki?param={%22jigyoid%22:1,%22intcode%22:100,%22uniqid%22:3,%22traceid%22:123}&traceid=123&uniqid=3,X-Original-For=undefined,X-Forwarded-For=undefined]
[2023-02-10 17:18:20.481][ INFO][none] 処理が正常終了しました。
[2023-02-10 17:18:20.958][ INFO][none] 処理が正常終了しました。
[2023-02-10 17:28:37.420][ INFO][none] 処理を開始します。[GET,/SIENP/Keikakureki?param={%22jigyoid%22:1,%22intcode%22:100,%22uniqid%22:3,%22traceid%22:123}&traceid=123&uniqid=3,X-Original-For=undefined,X-Forwarded-For=undefined]
[2023-02-10 17:28:37.882][ INFO][none] 処理が正常終了しました。
