[2023-02-13 09:10:41.834][ INFO][none] リクエストの待ち受けを開始します。[Port=8000]
[2023-02-13 09:10:45.365][ INFO][none] 処理を開始します。[GET,/COMMON/userListPrint?param={%22getkbn%22:0,%22jkbn%22:0,%22sdnflg%22:0,%22symd%22:%2220220801%22,%22eymd%22:%2220220901%22}&traceid=123&uniqid=3,X-Original-For=undefined,X-Forwarded-For=undefined]
[2023-02-13 09:10:45.394][ INFO][none] 処理を開始します。[GET,/SIENP/Keikakureki?param={%22jigyoid%22:1,%22intcode%22:100,%22uniqid%22:3,%22traceid%22:123}&traceid=123&uniqid=3,X-Original-For=undefined,X-Forwarded-For=undefined]
[2023-02-13 09:10:46.215][ INFO][none] 処理が正常終了しました。
[2023-02-13 09:10:46.262][ INFO][none] 処理が正常終了しました。
[2023-02-13 09:10:57.710][ INFO][none] 処理を開始します。[GET,/COMMON/userListPrint?param={%22getkbn%22:0,%22jkbn%22:0,%22sdnflg%22:0,%22symd%22:%2220220801%22,%22eymd%22:%2220220901%22}&traceid=123&uniqid=3,X-Original-For=undefined,X-Forwarded-For=undefined]
[2023-02-13 09:10:57.726][ INFO][none] 処理を開始します。[GET,/SIENP/Keikakureki?param={%22jigyoid%22:1,%22intcode%22:100,%22uniqid%22:3,%22traceid%22:123}&traceid=123&uniqid=3,X-Original-For=undefined,X-Forwarded-For=undefined]
[2023-02-13 09:10:57.762][ INFO][none] 処理が正常終了しました。
[2023-02-13 09:10:57.907][ INFO][none] 処理が正常終了しました。
[2023-02-13 10:13:03.788][ INFO][none] リクエストの待ち受けを開始します。[Port=8000]
[2023-02-13 10:13:08.011][ INFO][none] 処理を開始します。[GET,/COMMON/userListPrint?param={%22getkbn%22:0,%22jkbn%22:0,%22sdnflg%22:0,%22symd%22:%2220220801%22,%22eymd%22:%2220220901%22}&traceid=123&uniqid=3,X-Original-For=undefined,X-Forwarded-For=undefined]
[2023-02-13 10:13:08.035][ INFO][none] 処理を開始します。[GET,/SIENP/Keikakureki?param={%22jigyoid%22:1,%22intcode%22:100,%22uniqid%22:3,%22traceid%22:123}&traceid=123&uniqid=3,X-Original-For=undefined,X-Forwarded-For=undefined]
[2023-02-13 10:13:08.498][ INFO][none] 処理が正常終了しました。
[2023-02-13 10:13:09.086][ INFO][none] 処理が正常終了しました。
[2023-02-13 10:59:09.880][ INFO][none] 処理を開始します。[GET,/COMMON/userListPrint?param={%22getkbn%22:0,%22jkbn%22:0,%22sdnflg%22:0,%22symd%22:%2220220801%22,%22eymd%22:%2220220901%22}&traceid=123&uniqid=3,X-Original-For=undefined,X-Forwarded-For=undefined]
[2023-02-13 10:59:09.894][ INFO][none] 処理を開始します。[GET,/SIENP/Keikakureki?param={%22jigyoid%22:1,%22intcode%22:100,%22uniqid%22:3,%22traceid%22:123}&traceid=123&uniqid=3,X-Original-For=undefined,X-Forwarded-For=undefined]
[2023-02-13 10:59:10.646][ INFO][none] 処理が正常終了しました。
[2023-02-13 10:59:10.729][ INFO][none] 処理が正常終了しました。
[2023-02-13 10:59:12.218][ INFO][none] 処理を開始します。[GET,/COMMON/userListPrint?param={%22getkbn%22:0,%22jkbn%22:0,%22sdnflg%22:0,%22symd%22:%2220220801%22,%22eymd%22:%2220220901%22}&traceid=123&uniqid=3,X-Original-For=undefined,X-Forwarded-For=undefined]
[2023-02-13 10:59:12.233][ INFO][none] 処理を開始します。[GET,/SIENP/Keikakureki?param={%22jigyoid%22:1,%22intcode%22:100,%22uniqid%22:3,%22traceid%22:123}&traceid=123&uniqid=3,X-Original-For=undefined,X-Forwarded-For=undefined]
[2023-02-13 10:59:12.253][ INFO][none] 処理が正常終了しました。
[2023-02-13 10:59:12.409][ INFO][none] 処理が正常終了しました。
[2023-02-13 10:59:19.113][ INFO][none] 処理を開始します。[GET,/COMMON/userListPrint?param={%22getkbn%22:0,%22jkbn%22:0,%22sdnflg%22:0,%22symd%22:%2220220801%22,%22eymd%22:%2220220901%22}&traceid=123&uniqid=3,X-Original-For=undefined,X-Forwarded-For=undefined]
[2023-02-13 10:59:19.131][ INFO][none] 処理を開始します。[GET,/SIENP/Keikakureki?param={%22jigyoid%22:1,%22intcode%22:100,%22uniqid%22:3,%22traceid%22:123}&traceid=123&uniqid=3,X-Original-For=undefined,X-Forwarded-For=undefined]
[2023-02-13 10:59:19.176][ INFO][none] 処理が正常終了しました。
[2023-02-13 10:59:19.310][ INFO][none] 処理が正常終了しました。
[2023-02-13 10:59:43.990][ INFO][none] 処理を開始します。[GET,/COMMON/userListPrint?param={%22getkbn%22:0,%22jkbn%22:0,%22sdnflg%22:0,%22symd%22:%2220220801%22,%22eymd%22:%2220220901%22}&traceid=123&uniqid=3,X-Original-For=undefined,X-Forwarded-For=undefined]
[2023-02-13 10:59:44.192][ INFO][none] 処理が正常終了しました。
[2023-02-13 10:59:51.359][ INFO][none] 処理を開始します。[GET,/COMMON/userListPrint?param={%22getkbn%22:0,%22jkbn%22:0,%22sdnflg%22:0,%22symd%22:%2220220801%22,%22eymd%22:%2220220901%22}&traceid=123&uniqid=3,X-Original-For=undefined,X-Forwarded-For=undefined]
[2023-02-13 10:59:51.515][ INFO][none] 処理が正常終了しました。
[2023-02-13 11:00:03.864][ INFO][none] 処理を開始します。[GET,/COMMON/userListPrint?param={%22getkbn%22:0,%22jkbn%22:0,%22sdnflg%22:0,%22symd%22:%2220220801%22,%22eymd%22:%2220220901%22}&traceid=123&uniqid=3,X-Original-For=undefined,X-Forwarded-For=undefined]
[2023-02-13 11:00:04.034][ INFO][none] 処理が正常終了しました。
[2023-02-13 11:00:52.823][ INFO][none] 処理を開始します。[GET,/COMMON/userListPrint?param={%22getkbn%22:0,%22jkbn%22:0,%22sdnflg%22:0,%22symd%22:%2220220801%22,%22eymd%22:%2220220901%22}&traceid=123&uniqid=3,X-Original-For=undefined,X-Forwarded-For=undefined]
[2023-02-13 11:00:52.986][ INFO][none] 処理が正常終了しました。
[2023-02-13 11:00:54.971][ INFO][none] 処理を開始します。[GET,/COMMON/userListPrint?param={%22getkbn%22:0,%22jkbn%22:0,%22sdnflg%22:0,%22symd%22:%2220220801%22,%22eymd%22:%2220220901%22}&traceid=123&uniqid=3,X-Original-For=undefined,X-Forwarded-For=undefined]
[2023-02-13 11:00:54.993][ INFO][none] 処理を開始します。[GET,/SIENP/Keikakureki?param={%22jigyoid%22:1,%22intcode%22:100,%22uniqid%22:3,%22traceid%22:123}&traceid=123&uniqid=3,X-Original-For=undefined,X-Forwarded-For=undefined]
[2023-02-13 11:00:55.033][ INFO][none] 処理が正常終了しました。
[2023-02-13 11:00:55.111][ INFO][none] 処理が正常終了しました。
[2023-02-13 11:00:58.641][ INFO][none] 処理を開始します。[GET,/COMMON/userListPrint?param={%22getkbn%22:0,%22jkbn%22:0,%22sdnflg%22:0,%22symd%22:%2220220801%22,%22eymd%22:%2220220901%22}&traceid=123&uniqid=3,X-Original-For=undefined,X-Forwarded-For=undefined]
[2023-02-13 11:00:58.659][ INFO][none] 処理を開始します。[GET,/SIENP/Keikakureki?param={%22jigyoid%22:1,%22intcode%22:100,%22uniqid%22:3,%22traceid%22:123}&traceid=123&uniqid=3,X-Original-For=undefined,X-Forwarded-For=undefined]
[2023-02-13 11:00:58.686][ INFO][none] 処理が正常終了しました。
[2023-02-13 11:00:58.810][ INFO][none] 処理が正常終了しました。
[2023-02-13 11:01:14.762][ INFO][none] 処理を開始します。[GET,/COMMON/userListPrint?param={%22getkbn%22:0,%22jkbn%22:0,%22sdnflg%22:0,%22symd%22:%2220220801%22,%22eymd%22:%2220220901%22}&traceid=123&uniqid=3,X-Original-For=undefined,X-Forwarded-For=undefined]
[2023-02-13 11:01:14.927][ INFO][none] 処理が正常終了しました。
[2023-02-13 11:01:50.994][ INFO][none] 処理を開始します。[GET,/COMMON/userListPrint?param={%22getkbn%22:0,%22jkbn%22:0,%22sdnflg%22:0,%22symd%22:%2220220801%22,%22eymd%22:%2220220901%22}&traceid=123&uniqid=3,X-Original-For=undefined,X-Forwarded-For=undefined]
[2023-02-13 11:01:51.169][ INFO][none] 処理が正常終了しました。
[2023-02-13 11:02:03.590][ INFO][none] 処理を開始します。[GET,/COMMON/userListPrint?param={%22getkbn%22:0,%22jkbn%22:0,%22sdnflg%22:0,%22symd%22:%2220220801%22,%22eymd%22:%2220220901%22}&traceid=123&uniqid=3,X-Original-For=undefined,X-Forwarded-For=undefined]
[2023-02-13 11:02:03.614][ INFO][none] 処理を開始します。[GET,/SIENP/Keikakureki?param={%22jigyoid%22:1,%22intcode%22:100,%22uniqid%22:3,%22traceid%22:123}&traceid=123&uniqid=3,X-Original-For=undefined,X-Forwarded-For=undefined]
[2023-02-13 11:02:03.660][ INFO][none] 処理が正常終了しました。
[2023-02-13 11:02:03.769][ INFO][none] 処理が正常終了しました。
[2023-02-13 11:04:07.013][ INFO][none] 処理を開始します。[GET,/COMMON/userListPrint?param={%22getkbn%22:0,%22jkbn%22:0,%22sdnflg%22:0,%22symd%22:%2220220801%22,%22eymd%22:%2220220901%22}&traceid=123&uniqid=3,X-Original-For=undefined,X-Forwarded-For=undefined]
[2023-02-13 11:04:07.263][ INFO][none] 処理が正常終了しました。
[2023-02-13 11:04:23.479][ INFO][none] 処理を開始します。[GET,/COMMON/userListPrint?param={%22getkbn%22:0,%22jkbn%22:0,%22sdnflg%22:0,%22symd%22:%2220220801%22,%22eymd%22:%2220220901%22}&traceid=123&uniqid=3,X-Original-For=undefined,X-Forwarded-For=undefined]
[2023-02-13 11:04:24.029][ INFO][none] 処理が正常終了しました。
[2023-02-13 11:04:35.799][ INFO][none] 処理を開始します。[GET,/COMMON/userListPrint?param={%22getkbn%22:0,%22jkbn%22:0,%22sdnflg%22:0,%22symd%22:%2220220801%22,%22eymd%22:%2220220901%22}&traceid=123&uniqid=3,X-Original-For=undefined,X-Forwarded-For=undefined]
[2023-02-13 11:04:36.046][ INFO][none] 処理が正常終了しました。
[2023-02-13 11:04:37.898][ INFO][none] 処理を開始します。[GET,/COMMON/userListPrint?param={%22getkbn%22:0,%22jkbn%22:0,%22sdnflg%22:0,%22symd%22:%2220220801%22,%22eymd%22:%2220220901%22}&traceid=123&uniqid=3,X-Original-For=undefined,X-Forwarded-For=undefined]
[2023-02-13 11:04:37.922][ INFO][none] 処理を開始します。[GET,/SIENP/Keikakureki?param={%22jigyoid%22:1,%22intcode%22:100,%22uniqid%22:3,%22traceid%22:123}&traceid=123&uniqid=3,X-Original-For=undefined,X-Forwarded-For=undefined]
[2023-02-13 11:04:37.983][ INFO][none] 処理が正常終了しました。
[2023-02-13 11:04:38.104][ INFO][none] 処理が正常終了しました。
[2023-02-13 11:05:15.003][ INFO][none] 処理を開始します。[GET,/COMMON/userListPrint?param={%22getkbn%22:0,%22jkbn%22:0,%22sdnflg%22:0,%22symd%22:%2220220801%22,%22eymd%22:%2220220901%22}&traceid=123&uniqid=3,X-Original-For=undefined,X-Forwarded-For=undefined]
[2023-02-13 11:05:15.191][ INFO][none] 処理が正常終了しました。
[2023-02-13 11:05:17.511][ INFO][none] 処理を開始します。[GET,/COMMON/userListPrint?param={%22getkbn%22:0,%22jkbn%22:0,%22sdnflg%22:0,%22symd%22:%2220220801%22,%22eymd%22:%2220220901%22}&traceid=123&uniqid=3,X-Original-For=undefined,X-Forwarded-For=undefined]
[2023-02-13 11:05:17.536][ INFO][none] 処理を開始します。[GET,/SIENP/Keikakureki?param={%22jigyoid%22:1,%22intcode%22:100,%22uniqid%22:3,%22traceid%22:123}&traceid=123&uniqid=3,X-Original-For=undefined,X-Forwarded-For=undefined]
[2023-02-13 11:05:17.572][ INFO][none] 処理が正常終了しました。
[2023-02-13 11:05:17.664][ INFO][none] 処理が正常終了しました。
[2023-02-13 11:05:26.947][ INFO][none] 処理を開始します。[GET,/COMMON/userListPrint?param={%22getkbn%22:0,%22jkbn%22:0,%22sdnflg%22:0,%22symd%22:%2220220801%22,%22eymd%22:%2220220901%22}&traceid=123&uniqid=3,X-Original-For=undefined,X-Forwarded-For=undefined]
[2023-02-13 11:05:27.137][ INFO][none] 処理が正常終了しました。
[2023-02-13 11:07:43.995][ INFO][none] 処理を開始します。[GET,/COMMON/userListPrint?param={%22getkbn%22:0,%22jkbn%22:0,%22sdnflg%22:0,%22symd%22:%2220220801%22,%22eymd%22:%2220220901%22}&traceid=123&uniqid=3,X-Original-For=undefined,X-Forwarded-For=undefined]
[2023-02-13 11:07:44.173][ INFO][none] 処理が正常終了しました。
[2023-02-13 11:07:53.156][ INFO][none] 処理を開始します。[GET,/COMMON/userListPrint?param={%22getkbn%22:0,%22jkbn%22:0,%22sdnflg%22:0,%22symd%22:%2220220801%22,%22eymd%22:%2220220901%22}&traceid=123&uniqid=3,X-Original-For=undefined,X-Forwarded-For=undefined]
[2023-02-13 11:07:53.335][ INFO][none] 処理が正常終了しました。
[2023-02-13 11:07:59.186][ INFO][none] 処理を開始します。[GET,/COMMON/userListPrint?param={%22getkbn%22:0,%22jkbn%22:0,%22sdnflg%22:0,%22symd%22:%2220220801%22,%22eymd%22:%2220220901%22}&traceid=123&uniqid=3,X-Original-For=undefined,X-Forwarded-For=undefined]
[2023-02-13 11:07:59.338][ INFO][none] 処理が正常終了しました。
[2023-02-13 11:08:01.225][ INFO][none] 処理を開始します。[GET,/COMMON/userListPrint?param={%22getkbn%22:0,%22jkbn%22:0,%22sdnflg%22:0,%22symd%22:%2220220801%22,%22eymd%22:%2220220901%22}&traceid=123&uniqid=3,X-Original-For=undefined,X-Forwarded-For=undefined]
[2023-02-13 11:08:01.250][ INFO][none] 処理を開始します。[GET,/SIENP/Keikakureki?param={%22jigyoid%22:1,%22intcode%22:100,%22uniqid%22:3,%22traceid%22:123}&traceid=123&uniqid=3,X-Original-For=undefined,X-Forwarded-For=undefined]
[2023-02-13 11:08:01.336][ INFO][none] 処理が正常終了しました。
[2023-02-13 11:08:01.378][ INFO][none] 処理が正常終了しました。
[2023-02-13 11:08:02.771][ INFO][none] 処理を開始します。[GET,/SIENP/Keikakureki?param={%22jigyoid%22:1,%22intcode%22:100,%22uniqid%22:3,%22traceid%22:123}&traceid=123&uniqid=3,X-Original-For=undefined,X-Forwarded-For=undefined]
[2023-02-13 11:08:02.798][ INFO][none] 処理が正常終了しました。
[2023-02-13 11:08:09.464][ INFO][none] 処理を開始します。[GET,/COMMON/userListPrint?param={%22getkbn%22:0,%22jkbn%22:0,%22sdnflg%22:0,%22symd%22:%2220220801%22,%22eymd%22:%2220220901%22}&traceid=123&uniqid=3,X-Original-For=undefined,X-Forwarded-For=undefined]
[2023-02-13 11:08:09.487][ INFO][none] 処理を開始します。[GET,/SIENP/Keikakureki?param={%22jigyoid%22:1,%22intcode%22:100,%22uniqid%22:3,%22traceid%22:123}&traceid=123&uniqid=3,X-Original-For=undefined,X-Forwarded-For=undefined]
[2023-02-13 11:08:09.524][ INFO][none] 処理が正常終了しました。
[2023-02-13 11:08:09.635][ INFO][none] 処理が正常終了しました。
[2023-02-13 11:10:12.805][ INFO][none] 処理を開始します。[GET,/COMMON/userListPrint?param={%22getkbn%22:0,%22jkbn%22:0,%22sdnflg%22:0,%22symd%22:%2220220801%22,%22eymd%22:%2220220901%22}&traceid=123&uniqid=3,X-Original-For=undefined,X-Forwarded-For=undefined]
[2023-02-13 11:10:12.973][ INFO][none] 処理が正常終了しました。
[2023-02-13 11:10:22.445][ INFO][none] 処理を開始します。[GET,/COMMON/userListPrint?param={%22getkbn%22:0,%22jkbn%22:0,%22sdnflg%22:0,%22symd%22:%2220220801%22,%22eymd%22:%2220220901%22}&traceid=123&uniqid=3,X-Original-For=undefined,X-Forwarded-For=undefined]
[2023-02-13 11:10:22.470][ INFO][none] 処理を開始します。[GET,/SIENP/Keikakureki?param={%22jigyoid%22:1,%22intcode%22:100,%22uniqid%22:3,%22traceid%22:123}&traceid=123&uniqid=3,X-Original-For=undefined,X-Forwarded-For=undefined]
[2023-02-13 11:10:22.613][ INFO][none] 処理が正常終了しました。
[2023-02-13 11:10:22.885][ INFO][none] 処理が正常終了しました。
[2023-02-13 11:10:44.320][ INFO][none] 処理を開始します。[GET,/COMMON/userListPrint?param={%22getkbn%22:0,%22jkbn%22:0,%22sdnflg%22:0,%22symd%22:%2220220801%22,%22eymd%22:%2220220901%22}&traceid=123&uniqid=3,X-Original-For=undefined,X-Forwarded-For=undefined]
[2023-02-13 11:10:44.476][ INFO][none] 処理が正常終了しました。
[2023-02-13 11:10:46.746][ INFO][none] 処理を開始します。[GET,/COMMON/userListPrint?param={%22getkbn%22:0,%22jkbn%22:0,%22sdnflg%22:0,%22symd%22:%2220220801%22,%22eymd%22:%2220220901%22}&traceid=123&uniqid=3,X-Original-For=undefined,X-Forwarded-For=undefined]
[2023-02-13 11:10:46.771][ INFO][none] 処理を開始します。[GET,/SIENP/Keikakureki?param={%22jigyoid%22:1,%22intcode%22:100,%22uniqid%22:3,%22traceid%22:123}&traceid=123&uniqid=3,X-Original-For=undefined,X-Forwarded-For=undefined]
[2023-02-13 11:10:46.811][ INFO][none] 処理が正常終了しました。
[2023-02-13 11:10:46.902][ INFO][none] 処理が正常終了しました。
[2023-02-13 11:11:15.351][ INFO][none] 処理を開始します。[GET,/COMMON/userListPrint?param={%22getkbn%22:0,%22jkbn%22:0,%22sdnflg%22:0,%22symd%22:%2220220801%22,%22eymd%22:%2220220901%22}&traceid=123&uniqid=3,X-Original-For=undefined,X-Forwarded-For=undefined]
[2023-02-13 11:11:15.499][ INFO][none] 処理が正常終了しました。
[2023-02-13 11:11:18.881][ INFO][none] 処理を開始します。[GET,/COMMON/userListPrint?param={%22getkbn%22:0,%22jkbn%22:0,%22sdnflg%22:0,%22symd%22:%2220220801%22,%22eymd%22:%2220220901%22}&traceid=123&uniqid=3,X-Original-For=undefined,X-Forwarded-For=undefined]
[2023-02-13 11:11:18.906][ INFO][none] 処理を開始します。[GET,/SIENP/Keikakureki?param={%22jigyoid%22:1,%22intcode%22:100,%22uniqid%22:3,%22traceid%22:123}&traceid=123&uniqid=3,X-Original-For=undefined,X-Forwarded-For=undefined]
[2023-02-13 11:11:18.948][ INFO][none] 処理が正常終了しました。
[2023-02-13 11:11:19.004][ INFO][none] 処理が正常終了しました。
[2023-02-13 11:11:26.357][ INFO][none] 処理を開始します。[GET,/COMMON/userListPrint?param={%22getkbn%22:0,%22jkbn%22:0,%22sdnflg%22:0,%22symd%22:%2220220801%22,%22eymd%22:%2220220901%22}&traceid=123&uniqid=3,X-Original-For=undefined,X-Forwarded-For=undefined]
[2023-02-13 11:11:26.505][ INFO][none] 処理が正常終了しました。
[2023-02-13 11:15:19.253][ INFO][none] リクエストの待ち受けを開始します。[Port=8000]
[2023-02-13 11:15:22.398][ INFO][none] 処理を開始します。[GET,/COMMON/userListPrint?param={%22getkbn%22:0,%22jkbn%22:0,%22sdnflg%22:0,%22symd%22:%2220220801%22,%22eymd%22:%2220220901%22}&traceid=123&uniqid=3,X-Original-For=undefined,X-Forwarded-For=undefined]
[2023-02-13 11:15:22.425][ INFO][none] 処理を開始します。[GET,/SIENP/Keikakureki?param={%22jigyoid%22:1,%22intcode%22:100,%22uniqid%22:3,%22traceid%22:123}&traceid=123&uniqid=3,X-Original-For=undefined,X-Forwarded-For=undefined]
[2023-02-13 11:15:22.541][ INFO][none] 処理が正常終了しました。
[2023-02-13 11:15:22.722][ INFO][none] 処理が正常終了しました。
[2023-02-13 11:21:51.875][ INFO][none] リクエストの待ち受けを開始します。[Port=8000]
[2023-02-13 11:21:56.131][ INFO][none] 処理を開始します。[GET,/COMMON/userListPrint?param={%22getkbn%22:0,%22jkbn%22:0,%22sdnflg%22:0,%22symd%22:%2220220801%22,%22eymd%22:%2220220901%22}&traceid=123&uniqid=3,X-Original-For=undefined,X-Forwarded-For=undefined]
[2023-02-13 11:21:56.206][ INFO][none] 処理を開始します。[GET,/SIENP/Keikakureki?param={%22jigyoid%22:1,%22intcode%22:100,%22uniqid%22:3,%22traceid%22:123}&traceid=123&uniqid=3,X-Original-For=undefined,X-Forwarded-For=undefined]
[2023-02-13 11:21:56.892][ INFO][none] 処理が正常終了しました。
[2023-02-13 11:21:57.037][ INFO][none] 処理が正常終了しました。
[2023-02-13 11:22:08.965][ INFO][none] 処理を開始します。[GET,/COMMON/userListPrint?param={%22getkbn%22:0,%22jkbn%22:0,%22sdnflg%22:0,%22symd%22:%2220220801%22,%22eymd%22:%2220220901%22}&traceid=123&uniqid=3,X-Original-For=undefined,X-Forwarded-For=undefined]
[2023-02-13 11:22:08.990][ INFO][none] 処理を開始します。[GET,/SIENP/Keikakureki?param={%22jigyoid%22:1,%22intcode%22:100,%22uniqid%22:3,%22traceid%22:123}&traceid=123&uniqid=3,X-Original-For=undefined,X-Forwarded-For=undefined]
[2023-02-13 11:22:09.033][ INFO][none] 処理が正常終了しました。
[2023-02-13 11:22:09.158][ INFO][none] 処理が正常終了しました。
[2023-02-13 11:22:13.715][ INFO][none] 処理を開始します。[GET,/COMMON/userListPrint?param={%22getkbn%22:0,%22jkbn%22:0,%22sdnflg%22:0,%22symd%22:%2220220801%22,%22eymd%22:%2220220901%22}&traceid=123&uniqid=3,X-Original-For=undefined,X-Forwarded-For=undefined]
[2023-02-13 11:22:13.740][ INFO][none] 処理を開始します。[GET,/SIENP/Keikakureki?param={%22jigyoid%22:1,%22intcode%22:100,%22uniqid%22:3,%22traceid%22:123}&traceid=123&uniqid=3,X-Original-For=undefined,X-Forwarded-For=undefined]
[2023-02-13 11:22:13.762][ INFO][none] 処理が正常終了しました。
[2023-02-13 11:22:13.934][ INFO][none] 処理が正常終了しました。
[2023-02-13 11:22:28.678][ INFO][none] 処理を開始します。[GET,/COMMON/userListPrint?param={%22getkbn%22:0,%22jkbn%22:0,%22sdnflg%22:0,%22symd%22:%2220220801%22,%22eymd%22:%2220220901%22}&traceid=123&uniqid=3,X-Original-For=undefined,X-Forwarded-For=undefined]
[2023-02-13 11:22:28.905][ INFO][none] 処理が正常終了しました。
[2023-02-13 11:22:36.587][ INFO][none] 処理を開始します。[GET,/COMMON/userListPrint?param={%22getkbn%22:0,%22jkbn%22:0,%22sdnflg%22:0,%22symd%22:%2220220801%22,%22eymd%22:%2220220901%22}&traceid=123&uniqid=3,X-Original-For=undefined,X-Forwarded-For=undefined]
[2023-02-13 11:22:36.614][ INFO][none] 処理を開始します。[GET,/SIENP/Keikakureki?param={%22jigyoid%22:1,%22intcode%22:100,%22uniqid%22:3,%22traceid%22:123}&traceid=123&uniqid=3,X-Original-For=undefined,X-Forwarded-For=undefined]
[2023-02-13 11:22:36.656][ INFO][none] 処理が正常終了しました。
[2023-02-13 11:22:36.781][ INFO][none] 処理が正常終了しました。
[2023-02-13 11:27:47.206][ INFO][none] 処理を開始します。[GET,/COMMON/userListPrint?param={%22getkbn%22:0,%22jkbn%22:0,%22sdnflg%22:0,%22symd%22:%2220220801%22,%22eymd%22:%2220220901%22}&traceid=123&uniqid=3,X-Original-For=undefined,X-Forwarded-For=undefined]
[2023-02-13 11:27:47.230][ INFO][none] 処理を開始します。[GET,/SIENP/Keikakureki?param={%22jigyoid%22:1,%22intcode%22:100,%22uniqid%22:3,%22traceid%22:123}&traceid=123&uniqid=3,X-Original-For=undefined,X-Forwarded-For=undefined]
[2023-02-13 11:27:47.931][ INFO][none] 処理が正常終了しました。
[2023-02-13 11:27:48.198][ INFO][none] 処理が正常終了しました。
[2023-02-13 11:28:12.545][ INFO][none] 処理を開始します。[GET,/COMMON/userListPrint?param={%22getkbn%22:0,%22jkbn%22:0,%22sdnflg%22:0,%22symd%22:%2220220801%22,%22eymd%22:%2220220901%22}&traceid=123&uniqid=3,X-Original-For=undefined,X-Forwarded-For=undefined]
[2023-02-13 11:28:12.568][ INFO][none] 処理を開始します。[GET,/SIENP/Keikakureki?param={%22jigyoid%22:1,%22intcode%22:100,%22uniqid%22:3,%22traceid%22:123}&traceid=123&uniqid=3,X-Original-For=undefined,X-Forwarded-For=undefined]
[2023-02-13 11:28:12.626][ INFO][none] 処理が正常終了しました。
[2023-02-13 11:28:12.781][ INFO][none] 処理が正常終了しました。
[2023-02-13 11:28:43.393][ INFO][none] リクエストの待ち受けを開始します。[Port=8000]
[2023-02-13 11:28:46.393][ INFO][none] 処理を開始します。[GET,/COMMON/userListPrint?param={%22getkbn%22:0,%22jkbn%22:0,%22sdnflg%22:0,%22symd%22:%2220220801%22,%22eymd%22:%2220220901%22}&traceid=123&uniqid=3,X-Original-For=undefined,X-Forwarded-For=undefined]
[2023-02-13 11:28:46.479][ INFO][none] 処理を開始します。[GET,/SIENP/Keikakureki?param={%22jigyoid%22:1,%22intcode%22:100,%22uniqid%22:3,%22traceid%22:123}&traceid=123&uniqid=3,X-Original-For=undefined,X-Forwarded-For=undefined]
[2023-02-13 11:28:46.536][ INFO][none] 処理が正常終了しました。
[2023-02-13 11:28:46.721][ INFO][none] 処理が正常終了しました。
[2023-02-13 11:29:00.018][ INFO][none] リクエストの待ち受けを開始します。[Port=8000]
[2023-02-13 11:29:04.213][ INFO][none] リクエストの待ち受けを開始します。[Port=8000]
[2023-02-13 11:29:06.905][ INFO][none] 処理を開始します。[GET,/COMMON/userListPrint?param={%22getkbn%22:0,%22jkbn%22:0,%22sdnflg%22:0,%22symd%22:%2220220801%22,%22eymd%22:%2220220901%22}&traceid=123&uniqid=3,X-Original-For=undefined,X-Forwarded-For=undefined]
[2023-02-13 11:29:06.980][ INFO][none] 処理を開始します。[GET,/SIENP/Keikakureki?param={%22jigyoid%22:1,%22intcode%22:100,%22uniqid%22:3,%22traceid%22:123}&traceid=123&uniqid=3,X-Original-For=undefined,X-Forwarded-For=undefined]
[2023-02-13 11:29:07.047][ INFO][none] 処理が正常終了しました。
[2023-02-13 11:29:07.174][ INFO][none] 処理が正常終了しました。
[2023-02-13 11:36:05.741][ INFO][none] リクエストの待ち受けを開始します。[Port=8000]
[2023-02-13 11:36:10.074][ INFO][none] 処理を開始します。[GET,/COMMON/userListPrint?param={%22getkbn%22:0,%22jkbn%22:0,%22sdnflg%22:0,%22symd%22:%2220220801%22,%22eymd%22:%2220220901%22}&traceid=123&uniqid=3,X-Original-For=undefined,X-Forwarded-For=undefined]
[2023-02-13 11:36:10.101][ INFO][none] 処理を開始します。[GET,/SIENP/Keikakureki?param={%22jigyoid%22:1,%22intcode%22:100,%22uniqid%22:3,%22traceid%22:123}&traceid=123&uniqid=3,X-Original-For=undefined,X-Forwarded-For=undefined]
[2023-02-13 11:36:10.228][ INFO][none] 処理が正常終了しました。
[2023-02-13 11:36:10.761][ INFO][none] 処理が正常終了しました。
[2023-02-13 11:36:21.641][ INFO][none] リクエストの待ち受けを開始します。[Port=8000]
[2023-02-13 11:37:10.415][ INFO][none] リクエストの待ち受けを開始します。[Port=8000]
[2023-02-13 11:37:16.966][ INFO][none] 処理を開始します。[GET,/COMMON/userListPrint?param={%22getkbn%22:0,%22jkbn%22:0,%22sdnflg%22:0,%22symd%22:%2220220801%22,%22eymd%22:%2220220901%22}&traceid=123&uniqid=3,X-Original-For=undefined,X-Forwarded-For=undefined]
[2023-02-13 11:37:16.991][ INFO][none] 処理を開始します。[GET,/SIENP/Keikakureki?param={%22jigyoid%22:1,%22intcode%22:100,%22uniqid%22:3,%22traceid%22:123}&traceid=123&uniqid=3,X-Original-For=undefined,X-Forwarded-For=undefined]
[2023-02-13 11:37:17.079][ INFO][none] 処理が正常終了しました。
[2023-02-13 11:37:17.260][ INFO][none] 処理が正常終了しました。
[2023-02-13 11:45:39.610][ INFO][none] 処理を開始します。[GET,/COMMON/userListPrint?param={%22getkbn%22:0,%22jkbn%22:0,%22sdnflg%22:0,%22symd%22:%2220220801%22,%22eymd%22:%2220220901%22}&traceid=123&uniqid=3,X-Original-For=undefined,X-Forwarded-For=undefined]
[2023-02-13 11:45:39.635][ INFO][none] 処理を開始します。[GET,/SIENP/Keikakureki?param={%22jigyoid%22:1,%22intcode%22:100,%22uniqid%22:3,%22traceid%22:123}&traceid=123&uniqid=3,X-Original-For=undefined,X-Forwarded-For=undefined]
[2023-02-13 11:45:40.054][ INFO][none] 処理が正常終了しました。
[2023-02-13 11:45:40.225][ INFO][none] 処理が正常終了しました。
[2023-02-13 11:46:18.055][ INFO][none] 処理を開始します。[GET,/COMMON/userListPrint?param={%22getkbn%22:0,%22jkbn%22:0,%22sdnflg%22:0,%22symd%22:%2220220801%22,%22eymd%22:%2220220901%22}&traceid=123&uniqid=3,X-Original-For=undefined,X-Forwarded-For=undefined]
[2023-02-13 11:46:18.078][ INFO][none] 処理を開始します。[GET,/SIENP/Keikakureki?param={%22jigyoid%22:1,%22intcode%22:100,%22uniqid%22:3,%22traceid%22:123}&traceid=123&uniqid=3,X-Original-For=undefined,X-Forwarded-For=undefined]
[2023-02-13 11:46:18.145][ INFO][none] 処理が正常終了しました。
[2023-02-13 11:46:18.281][ INFO][none] 処理が正常終了しました。
[2023-02-13 11:46:35.090][ INFO][none] リクエストの待ち受けを開始します。[Port=8000]
[2023-02-13 11:46:48.835][ INFO][none] 処理を開始します。[GET,/COMMON/userListPrint?param={%22getkbn%22:0,%22jkbn%22:0,%22sdnflg%22:0,%22symd%22:%2220220801%22,%22eymd%22:%2220220901%22}&traceid=123&uniqid=3,X-Original-For=undefined,X-Forwarded-For=undefined]
[2023-02-13 11:46:48.870][ INFO][none] 処理を開始します。[GET,/SIENP/Keikakureki?param={%22jigyoid%22:1,%22intcode%22:100,%22uniqid%22:3,%22traceid%22:123}&traceid=123&uniqid=3,X-Original-For=undefined,X-Forwarded-For=undefined]
[2023-02-13 11:46:48.940][ INFO][none] 処理が正常終了しました。
[2023-02-13 11:46:49.066][ INFO][none] 処理が正常終了しました。
[2023-02-13 11:47:49.575][ INFO][none] 処理を開始します。[GET,/COMMON/userListPrint?param={%22getkbn%22:0,%22jkbn%22:0,%22sdnflg%22:0,%22symd%22:%2220220801%22,%22eymd%22:%2220220901%22}&traceid=123&uniqid=3,X-Original-For=undefined,X-Forwarded-For=undefined]
[2023-02-13 11:47:49.603][ INFO][none] 処理を開始します。[GET,/SIENP/Keikakureki?param={%22jigyoid%22:1,%22intcode%22:100,%22uniqid%22:3,%22traceid%22:123}&traceid=123&uniqid=3,X-Original-For=undefined,X-Forwarded-For=undefined]
[2023-02-13 11:47:49.657][ INFO][none] 処理が正常終了しました。
[2023-02-13 11:47:49.777][ INFO][none] 処理が正常終了しました。
[2023-02-13 11:47:52.836][ INFO][none] リクエストの待ち受けを開始します。[Port=8000]
[2023-02-13 11:47:56.203][ INFO][none] 処理を開始します。[GET,/COMMON/userListPrint?param={%22getkbn%22:0,%22jkbn%22:0,%22sdnflg%22:0,%22symd%22:%2220220801%22,%22eymd%22:%2220220901%22}&traceid=123&uniqid=3,X-Original-For=undefined,X-Forwarded-For=undefined]
[2023-02-13 11:47:56.239][ INFO][none] 処理を開始します。[GET,/SIENP/Keikakureki?param={%22jigyoid%22:1,%22intcode%22:100,%22uniqid%22:3,%22traceid%22:123}&traceid=123&uniqid=3,X-Original-For=undefined,X-Forwarded-For=undefined]
[2023-02-13 11:47:56.308][ INFO][none] 処理が正常終了しました。
[2023-02-13 11:47:56.429][ INFO][none] 処理が正常終了しました。
[2023-02-13 11:50:46.613][ INFO][none] リクエストの待ち受けを開始します。[Port=8000]
[2023-02-13 11:50:55.327][ INFO][none] 処理を開始します。[GET,/COMMON/userListPrint?param={%22getkbn%22:0,%22jkbn%22:0,%22sdnflg%22:0,%22symd%22:%2220220801%22,%22eymd%22:%2220220901%22}&traceid=123&uniqid=3,X-Original-For=undefined,X-Forwarded-For=undefined]
[2023-02-13 11:50:55.358][ INFO][none] 処理を開始します。[GET,/SIENP/Keikakureki?param={%22jigyoid%22:1,%22intcode%22:100,%22uniqid%22:3,%22traceid%22:123}&traceid=123&uniqid=3,X-Original-For=undefined,X-Forwarded-For=undefined]
[2023-02-13 11:50:55.794][ INFO][none] 処理が正常終了しました。
[2023-02-13 11:50:56.451][ INFO][none] 処理が正常終了しました。
[2023-02-13 11:52:23.829][ INFO][none] リクエストの待ち受けを開始します。[Port=8000]
[2023-02-13 11:52:27.636][ INFO][none] 処理を開始します。[GET,/COMMON/userListPrint?param={%22getkbn%22:0,%22jkbn%22:0,%22sdnflg%22:0,%22symd%22:%2220220801%22,%22eymd%22:%2220220901%22}&traceid=123&uniqid=3,X-Original-For=undefined,X-Forwarded-For=undefined]
[2023-02-13 11:52:27.662][ INFO][none] 処理を開始します。[GET,/SIENP/Keikakureki?param={%22jigyoid%22:1,%22intcode%22:100,%22uniqid%22:3,%22traceid%22:123}&traceid=123&uniqid=3,X-Original-For=undefined,X-Forwarded-For=undefined]
[2023-02-13 11:52:27.729][ INFO][none] 処理が正常終了しました。
[2023-02-13 11:52:27.966][ INFO][none] 処理が正常終了しました。
[2023-02-13 11:52:39.223][ INFO][none] リクエストの待ち受けを開始します。[Port=8000]
[2023-02-13 11:52:42.267][ INFO][none] 処理を開始します。[GET,/COMMON/userListPrint?param={%22getkbn%22:0,%22jkbn%22:0,%22sdnflg%22:0,%22symd%22:%2220220801%22,%22eymd%22:%2220220901%22}&traceid=123&uniqid=3,X-Original-For=undefined,X-Forwarded-For=undefined]
[2023-02-13 11:52:42.302][ INFO][none] 処理を開始します。[GET,/SIENP/Keikakureki?param={%22jigyoid%22:1,%22intcode%22:100,%22uniqid%22:3,%22traceid%22:123}&traceid=123&uniqid=3,X-Original-For=undefined,X-Forwarded-For=undefined]
[2023-02-13 11:52:42.385][ INFO][none] 処理が正常終了しました。
[2023-02-13 11:52:42.618][ INFO][none] 処理が正常終了しました。
[2023-02-13 11:57:31.842][ INFO][none] リクエストの待ち受けを開始します。[Port=8000]
[2023-02-13 11:57:35.911][ INFO][none] 処理を開始します。[GET,/COMMON/userListPrint?param={%22getkbn%22:0,%22jkbn%22:0,%22sdnflg%22:0,%22symd%22:%2220220801%22,%22eymd%22:%2220220901%22}&traceid=123&uniqid=3,X-Original-For=undefined,X-Forwarded-For=undefined]
[2023-02-13 11:57:35.942][ INFO][none] 処理を開始します。[GET,/SIENP/Keikakureki?param={%22jigyoid%22:1,%22intcode%22:100,%22uniqid%22:3,%22traceid%22:123}&traceid=123&uniqid=3,X-Original-For=undefined,X-Forwarded-For=undefined]
[2023-02-13 11:57:36.701][ INFO][none] 処理が正常終了しました。
[2023-02-13 11:57:36.783][ INFO][none] 処理が正常終了しました。
[2023-02-13 12:24:39.881][ INFO][none] リクエストの待ち受けを開始します。[Port=8000]
[2023-02-13 12:24:44.099][ INFO][none] 処理を開始します。[GET,/COMMON/userListPrint?param={%22getkbn%22:0,%22jkbn%22:0,%22sdnflg%22:0,%22symd%22:%2220220801%22,%22eymd%22:%2220220901%22}&traceid=123&uniqid=3,X-Original-For=undefined,X-Forwarded-For=undefined]
[2023-02-13 12:24:44.135][ INFO][none] 処理を開始します。[GET,/SIENP/Keikakureki?param={%22jigyoid%22:1,%22intcode%22:100,%22uniqid%22:3,%22traceid%22:123}&traceid=123&uniqid=3,X-Original-For=undefined,X-Forwarded-For=undefined]
[2023-02-13 12:24:45.083][ INFO][none] 処理が正常終了しました。
[2023-02-13 12:24:45.144][ INFO][none] 処理が正常終了しました。
[2023-02-13 12:24:54.870][ INFO][none] 処理を開始します。[GET,/COMMON/userListPrint?param={%22getkbn%22:0,%22jkbn%22:0,%22sdnflg%22:0,%22symd%22:%2220220801%22,%22eymd%22:%2220220901%22}&traceid=123&uniqid=3,X-Original-For=undefined,X-Forwarded-For=undefined]
[2023-02-13 12:24:54.897][ INFO][none] 処理を開始します。[GET,/SIENP/Keikakureki?param={%22jigyoid%22:1,%22intcode%22:100,%22uniqid%22:3,%22traceid%22:123}&traceid=123&uniqid=3,X-Original-For=undefined,X-Forwarded-For=undefined]
[2023-02-13 12:24:54.953][ INFO][none] 処理が正常終了しました。
[2023-02-13 12:24:55.138][ INFO][none] 処理が正常終了しました。
[2023-02-13 12:24:59.133][ INFO][none] リクエストの待ち受けを開始します。[Port=8000]
[2023-02-13 12:25:01.701][ INFO][none] 処理を開始します。[GET,/COMMON/userListPrint?param={%22getkbn%22:0,%22jkbn%22:0,%22sdnflg%22:0,%22symd%22:%2220220801%22,%22eymd%22:%2220220901%22}&traceid=123&uniqid=3,X-Original-For=undefined,X-Forwarded-For=undefined]
[2023-02-13 12:25:01.727][ INFO][none] 処理を開始します。[GET,/SIENP/Keikakureki?param={%22jigyoid%22:1,%22intcode%22:100,%22uniqid%22:3,%22traceid%22:123}&traceid=123&uniqid=3,X-Original-For=undefined,X-Forwarded-For=undefined]
[2023-02-13 12:25:01.799][ INFO][none] 処理が正常終了しました。
[2023-02-13 12:25:01.951][ INFO][none] 処理が正常終了しました。
[2023-02-13 12:31:10.562][ INFO][none] リクエストの待ち受けを開始します。[Port=8000]
[2023-02-13 12:31:14.270][ INFO][none] 処理を開始します。[GET,/COMMON/userListPrint?param={%22getkbn%22:0,%22jkbn%22:0,%22sdnflg%22:0,%22symd%22:%2220220801%22,%22eymd%22:%2220220901%22}&traceid=123&uniqid=3,X-Original-For=undefined,X-Forwarded-For=undefined]
[2023-02-13 12:31:14.302][ INFO][none] 処理を開始します。[GET,/SIENP/Keikakureki?param={%22jigyoid%22:1,%22intcode%22:100,%22uniqid%22:3,%22traceid%22:123}&traceid=123&uniqid=3,X-Original-For=undefined,X-Forwarded-For=undefined]
[2023-02-13 12:31:14.757][ INFO][none] 処理が正常終了しました。
[2023-02-13 12:31:15.304][ INFO][none] 処理が正常終了しました。
[2023-02-13 12:31:28.780][ INFO][none] 処理を開始します。[GET,/COMMON/userListPrint?param={%22getkbn%22:0,%22jkbn%22:0,%22sdnflg%22:0,%22symd%22:%2220220801%22,%22eymd%22:%2220220901%22}&traceid=123&uniqid=3,X-Original-For=undefined,X-Forwarded-For=undefined]
[2023-02-13 12:31:28.807][ INFO][none] 処理を開始します。[GET,/SIENP/Keikakureki?param={%22jigyoid%22:1,%22intcode%22:100,%22uniqid%22:3,%22traceid%22:123}&traceid=123&uniqid=3,X-Original-For=undefined,X-Forwarded-For=undefined]
[2023-02-13 12:31:28.864][ INFO][none] 処理が正常終了しました。
[2023-02-13 12:31:29.006][ INFO][none] 処理が正常終了しました。
[2023-02-13 12:31:31.558][ INFO][none] 処理を開始します。[GET,/COMMON/userListPrint?param={%22getkbn%22:0,%22jkbn%22:0,%22sdnflg%22:0,%22symd%22:%2220220801%22,%22eymd%22:%2220220901%22}&traceid=123&uniqid=3,X-Original-For=undefined,X-Forwarded-For=undefined]
[2023-02-13 12:31:31.583][ INFO][none] 処理を開始します。[GET,/SIENP/Keikakureki?param={%22jigyoid%22:1,%22intcode%22:100,%22uniqid%22:3,%22traceid%22:123}&traceid=123&uniqid=3,X-Original-For=undefined,X-Forwarded-For=undefined]
[2023-02-13 12:31:31.605][ INFO][none] 処理が正常終了しました。
[2023-02-13 12:31:32.016][ INFO][none] 処理が正常終了しました。
[2023-02-13 12:54:08.114][ INFO][none] リクエストの待ち受けを開始します。[Port=8000]
[2023-02-13 12:58:02.935][ INFO][none] 処理を開始します。[GET,/COMMON/userListPrint?param={%22getkbn%22:0,%22jkbn%22:0,%22sdnflg%22:0,%22symd%22:%2220220801%22,%22eymd%22:%2220220901%22}&traceid=123&uniqid=3,X-Original-For=undefined,X-Forwarded-For=undefined]
[2023-02-13 12:58:02.968][ INFO][none] 処理を開始します。[GET,/SIENP/Keikakureki?param={%22jigyoid%22:1,%22intcode%22:100,%22uniqid%22:3,%22traceid%22:123}&traceid=123&uniqid=3,X-Original-For=undefined,X-Forwarded-For=undefined]
[2023-02-13 12:58:03.402][ INFO][none] 処理が正常終了しました。
[2023-02-13 12:58:03.948][ INFO][none] 処理が正常終了しました。
[2023-02-13 12:58:46.260][ INFO][none] リクエストの待ち受けを開始します。[Port=8000]
[2023-02-13 12:58:49.576][ INFO][none] 処理を開始します。[GET,/COMMON/userListPrint?param={%22getkbn%22:0,%22jkbn%22:0,%22sdnflg%22:0,%22symd%22:%2220220801%22,%22eymd%22:%2220220901%22}&traceid=123&uniqid=3,X-Original-For=undefined,X-Forwarded-For=undefined]
[2023-02-13 12:58:49.608][ INFO][none] 処理を開始します。[GET,/SIENP/Keikakureki?param={%22jigyoid%22:1,%22intcode%22:100,%22uniqid%22:3,%22traceid%22:123}&traceid=123&uniqid=3,X-Original-For=undefined,X-Forwarded-For=undefined]
[2023-02-13 12:58:49.674][ INFO][none] 処理が正常終了しました。
[2023-02-13 12:58:49.886][ INFO][none] 処理が正常終了しました。
[2023-02-13 13:10:42.319][ INFO][none] リクエストの待ち受けを開始します。[Port=8000]
[2023-02-13 13:10:46.631][ INFO][none] 処理を開始します。[GET,/COMMON/userListPrint?param={%22getkbn%22:0,%22jkbn%22:0,%22sdnflg%22:0,%22symd%22:%2220220801%22,%22eymd%22:%2220220901%22}&traceid=123&uniqid=3,X-Original-For=undefined,X-Forwarded-For=undefined]
[2023-02-13 13:10:46.666][ INFO][none] 処理を開始します。[GET,/SIENP/Keikakureki?param={%22jigyoid%22:1,%22intcode%22:100,%22uniqid%22:3,%22traceid%22:123}&traceid=123&uniqid=3,X-Original-For=undefined,X-Forwarded-For=undefined]
[2023-02-13 13:10:47.132][ INFO][none] 処理が正常終了しました。
[2023-02-13 13:10:47.670][ INFO][none] 処理が正常終了しました。
[2023-02-13 13:12:10.842][ INFO][none] 処理を開始します。[GET,/COMMON/userListPrint?param={%22getkbn%22:0,%22jkbn%22:0,%22sdnflg%22:0,%22symd%22:%2220220801%22,%22eymd%22:%2220220901%22}&traceid=123&uniqid=3,X-Original-For=undefined,X-Forwarded-For=undefined]
[2023-02-13 13:12:10.869][ INFO][none] 処理を開始します。[GET,/SIENP/Keikakureki?param={%22jigyoid%22:1,%22intcode%22:100,%22uniqid%22:3,%22traceid%22:123}&traceid=123&uniqid=3,X-Original-For=undefined,X-Forwarded-For=undefined]
[2023-02-13 13:12:10.924][ INFO][none] 処理が正常終了しました。
[2023-02-13 13:12:11.067][ INFO][none] 処理が正常終了しました。
[2023-02-13 13:12:14.155][ INFO][none] リクエストの待ち受けを開始します。[Port=8000]
[2023-02-13 13:12:17.204][ INFO][none] 処理を開始します。[GET,/COMMON/userListPrint?param={%22getkbn%22:0,%22jkbn%22:0,%22sdnflg%22:0,%22symd%22:%2220220801%22,%22eymd%22:%2220220901%22}&traceid=123&uniqid=3,X-Original-For=undefined,X-Forwarded-For=undefined]
[2023-02-13 13:12:17.231][ INFO][none] 処理を開始します。[GET,/SIENP/Keikakureki?param={%22jigyoid%22:1,%22intcode%22:100,%22uniqid%22:3,%22traceid%22:123}&traceid=123&uniqid=3,X-Original-For=undefined,X-Forwarded-For=undefined]
[2023-02-13 13:12:17.277][ INFO][none] 処理が正常終了しました。
[2023-02-13 13:12:17.428][ INFO][none] 処理が正常終了しました。
[2023-02-13 13:14:02.971][ INFO][none] リクエストの待ち受けを開始します。[Port=8000]
[2023-02-13 13:14:09.031][ INFO][none] 処理を開始します。[GET,/COMMON/userListPrint?param={%22getkbn%22:0,%22jkbn%22:0,%22sdnflg%22:0,%22symd%22:%2220220801%22,%22eymd%22:%2220220901%22}&traceid=123&uniqid=3,X-Original-For=undefined,X-Forwarded-For=undefined]
[2023-02-13 13:14:09.055][ INFO][none] 処理を開始します。[GET,/SIENP/Keikakureki?param={%22jigyoid%22:1,%22intcode%22:100,%22uniqid%22:3,%22traceid%22:123}&traceid=123&uniqid=3,X-Original-For=undefined,X-Forwarded-For=undefined]
[2023-02-13 13:14:37.073][ INFO][none] リクエストの待ち受けを開始します。[Port=8000]
[2023-02-13 13:14:39.841][ INFO][none] 処理を開始します。[GET,/COMMON/userListPrint?param={%22getkbn%22:0,%22jkbn%22:0,%22sdnflg%22:0,%22symd%22:%2220220801%22,%22eymd%22:%2220220901%22}&traceid=123&uniqid=3,X-Original-For=undefined,X-Forwarded-For=undefined]
[2023-02-13 13:14:39.871][ INFO][none] 処理を開始します。[GET,/SIENP/Keikakureki?param={%22jigyoid%22:1,%22intcode%22:100,%22uniqid%22:3,%22traceid%22:123}&traceid=123&uniqid=3,X-Original-For=undefined,X-Forwarded-For=undefined]
[2023-02-13 13:14:39.933][ INFO][none] 処理が正常終了しました。
[2023-02-13 13:14:40.096][ INFO][none] 処理が正常終了しました。
[2023-02-13 13:15:13.637][ INFO][none] リクエストの待ち受けを開始します。[Port=8000]
[2023-02-13 13:15:17.198][ INFO][none] 処理を開始します。[GET,/COMMON/userListPrint?param={%22getkbn%22:0,%22jkbn%22:0,%22sdnflg%22:0,%22symd%22:%2220220801%22,%22eymd%22:%2220220901%22}&traceid=123&uniqid=3,X-Original-For=undefined,X-Forwarded-For=undefined]
[2023-02-13 13:15:17.224][ INFO][none] 処理を開始します。[GET,/SIENP/Keikakureki?param={%22jigyoid%22:1,%22intcode%22:100,%22uniqid%22:3,%22traceid%22:123}&traceid=123&uniqid=3,X-Original-For=undefined,X-Forwarded-For=undefined]
[2023-02-13 13:15:17.275][ INFO][none] 処理が正常終了しました。
[2023-02-13 13:15:17.396][ INFO][none] 処理が正常終了しました。
[2023-02-13 13:15:33.720][ INFO][none] リクエストの待ち受けを開始します。[Port=8000]
[2023-02-13 13:16:26.165][ INFO][none] リクエストの待ち受けを開始します。[Port=8000]
[2023-02-13 13:16:29.710][ INFO][none] 処理を開始します。[GET,/COMMON/userListPrint?param={%22getkbn%22:0,%22jkbn%22:0,%22sdnflg%22:0,%22symd%22:%2220220801%22,%22eymd%22:%2220220901%22}&traceid=123&uniqid=3,X-Original-For=undefined,X-Forwarded-For=undefined]
[2023-02-13 13:16:29.731][ INFO][none] 処理を開始します。[GET,/SIENP/Keikakureki?param={%22jigyoid%22:1,%22intcode%22:100,%22uniqid%22:3,%22traceid%22:123}&traceid=123&uniqid=3,X-Original-For=undefined,X-Forwarded-For=undefined]
[2023-02-13 13:16:40.380][ INFO][none] 処理を開始します。[GET,/COMMON/userListPrint?param={%22getkbn%22:0,%22jkbn%22:0,%22sdnflg%22:0,%22symd%22:%2220220801%22,%22eymd%22:%2220220901%22}&traceid=123&uniqid=3,X-Original-For=undefined,X-Forwarded-For=undefined]
[2023-02-13 13:16:40.401][ INFO][none] 処理を開始します。[GET,/SIENP/Keikakureki?param={%22jigyoid%22:1,%22intcode%22:100,%22uniqid%22:3,%22traceid%22:123}&traceid=123&uniqid=3,X-Original-For=undefined,X-Forwarded-For=undefined]
[2023-02-13 13:17:52.027][ INFO][none] 処理を開始します。[GET,/COMMON/userListPrint?param={%22getkbn%22:0,%22jkbn%22:0,%22sdnflg%22:0,%22symd%22:%2220220801%22,%22eymd%22:%2220220901%22}&traceid=123&uniqid=3&aa=,X-Original-For=undefined,X-Forwarded-For=undefined]
[2023-02-13 13:17:52.119][ INFO][none] 処理を開始します。[GET,/SIENP/Keikakureki?param={%22jigyoid%22:1,%22intcode%22:100,%22uniqid%22:3,%22traceid%22:123}&traceid=123&uniqid=3&aa=,X-Original-For=undefined,X-Forwarded-For=undefined]
[2023-02-13 13:17:56.295][ INFO][none] リクエストの待ち受けを開始します。[Port=8000]
[2023-02-13 13:18:00.978][ INFO][none] 処理を開始します。[GET,/COMMON/userListPrint?param={%22getkbn%22:0,%22jkbn%22:0,%22sdnflg%22:0,%22symd%22:%2220220801%22,%22eymd%22:%2220220901%22}&traceid=123&uniqid=3&aa=,X-Original-For=undefined,X-Forwarded-For=undefined]
[2023-02-13 13:18:01.000][ INFO][none] 処理を開始します。[GET,/SIENP/Keikakureki?param={%22jigyoid%22:1,%22intcode%22:100,%22uniqid%22:3,%22traceid%22:123}&traceid=123&uniqid=3&aa=,X-Original-For=undefined,X-Forwarded-For=undefined]
[2023-02-13 13:18:15.914][ INFO][none] リクエストの待ち受けを開始します。[Port=8000]
[2023-02-13 13:18:18.915][ INFO][none] 処理を開始します。[GET,/COMMON/userListPrint?param={%22getkbn%22:0,%22jkbn%22:0,%22sdnflg%22:0,%22symd%22:%2220220801%22,%22eymd%22:%2220220901%22}&traceid=123&uniqid=3&aa=,X-Original-For=undefined,X-Forwarded-For=undefined]
[2023-02-13 13:18:18.941][ INFO][none] 処理を開始します。[GET,/SIENP/Keikakureki?param={%22jigyoid%22:1,%22intcode%22:100,%22uniqid%22:3,%22traceid%22:123}&traceid=123&uniqid=3&aa=,X-Original-For=undefined,X-Forwarded-For=undefined]
[2023-02-13 13:18:19.735][ INFO][none] 処理が正常終了しました。
[2023-02-13 13:18:19.837][ INFO][none] 処理が正常終了しました。
[2023-02-13 13:18:37.910][ INFO][none] リクエストの待ち受けを開始します。[Port=8000]
[2023-02-13 13:18:40.678][ INFO][none] 処理を開始します。[GET,/COMMON/userListPrint?param={%22getkbn%22:0,%22jkbn%22:0,%22sdnflg%22:0,%22symd%22:%2220220801%22,%22eymd%22:%2220220901%22}&traceid=123&uniqid=3&aa=,X-Original-For=undefined,X-Forwarded-For=undefined]
[2023-02-13 13:18:40.702][ INFO][none] 処理を開始します。[GET,/SIENP/Keikakureki?param={%22jigyoid%22:1,%22intcode%22:100,%22uniqid%22:3,%22traceid%22:123}&traceid=123&uniqid=3&aa=,X-Original-For=undefined,X-Forwarded-For=undefined]
[2023-02-13 13:18:40.777][ INFO][none] 処理が正常終了しました。
[2023-02-13 13:18:40.898][ INFO][none] 処理が正常終了しました。
[2023-02-13 13:20:53.985][ INFO][none] 処理を開始します。[GET,/COMMON/userListPrint?param={%22getkbn%22:0,%22jkbn%22:0,%22sdnflg%22:0,%22symd%22:%2220220801%22,%22eymd%22:%2220220901%22}&traceid=123&uniqid=3&aa=fff,X-Original-For=undefined,X-Forwarded-For=undefined]
[2023-02-13 13:20:54.079][ INFO][none] 処理を開始します。[GET,/SIENP/Keikakureki?param={%22jigyoid%22:1,%22intcode%22:100,%22uniqid%22:3,%22traceid%22:123}&traceid=123&uniqid=3&aa=fff,X-Original-For=undefined,X-Forwarded-For=undefined]
[2023-02-13 13:20:54.141][ INFO][none] 処理が正常終了しました。
[2023-02-13 13:20:54.250][ INFO][none] 処理が正常終了しました。
[2023-02-13 13:20:59.179][ INFO][none] 処理を開始します。[GET,/COMMON/userListPrint?param={%22getkbn%22:0,%22jkbn%22:0,%22sdnflg%22:0,%22symd%22:%2220220801%22,%22eymd%22:%2220220901%22}&traceid=123&uniqid=3&aa=fff,X-Original-For=undefined,X-Forwarded-For=undefined]
[2023-02-13 13:20:59.206][ INFO][none] 処理を開始します。[GET,/SIENP/Keikakureki?param={%22jigyoid%22:1,%22intcode%22:100,%22uniqid%22:3,%22traceid%22:123}&traceid=123&uniqid=3&aa=fff,X-Original-For=undefined,X-Forwarded-For=undefined]
[2023-02-13 13:20:59.250][ INFO][none] 処理が正常終了しました。
[2023-02-13 13:20:59.374][ INFO][none] 処理が正常終了しました。
[2023-02-13 13:21:06.921][ INFO][none] 処理を開始します。[GET,/COMMON/userListPrint?param={%22getkbn%22:0,%22jkbn%22:0,%22sdnflg%22:0,%22symd%22:%2220220801%22,%22eymd%22:%2220220901%22}&traceid=123&uniqid=3,X-Original-For=undefined,X-Forwarded-For=undefined]
[2023-02-13 13:21:06.996][ INFO][none] 処理を開始します。[GET,/SIENP/Keikakureki?param={%22jigyoid%22:1,%22intcode%22:100,%22uniqid%22:3,%22traceid%22:123}&traceid=123&uniqid=3,X-Original-For=undefined,X-Forwarded-For=undefined]
[2023-02-13 13:21:07.071][ INFO][none] 処理が正常終了しました。
[2023-02-13 13:21:07.247][ INFO][none] 処理が正常終了しました。
[2023-02-13 13:21:46.395][ INFO][none] リクエストの待ち受けを開始します。[Port=8000]
[2023-02-13 13:21:50.334][ INFO][none] 処理を開始します。[GET,/COMMON/userListPrint?param={%22getkbn%22:0,%22jkbn%22:0,%22sdnflg%22:0,%22symd%22:%2220220801%22,%22eymd%22:%2220220901%22}&traceid=123&uniqid=3,X-Original-For=undefined,X-Forwarded-For=undefined]
[2023-02-13 13:21:50.377][ INFO][none] 処理を開始します。[GET,/SIENP/Keikakureki?param={%22jigyoid%22:1,%22intcode%22:100,%22uniqid%22:3,%22traceid%22:123}&traceid=123&uniqid=3,X-Original-For=undefined,X-Forwarded-For=undefined]
[2023-02-13 13:21:50.441][ INFO][none] 処理が正常終了しました。
[2023-02-13 13:21:50.625][ INFO][none] 処理が正常終了しました。
[2023-02-13 13:23:21.502][ INFO][none] 処理を開始します。[GET,/COMMON/userListPrint?param={%22getkbn%22:0,%22jkbn%22:0,%22sdnflg%22:0,%22symd%22:%2220220801%22,%22eymd%22:%2220220901%22}&traceidw=123&uniqid=3,X-Original-For=undefined,X-Forwarded-For=undefined]
[2023-02-13 13:23:21.594][ INFO][none] 処理を開始します。[GET,/SIENP/Keikakureki?param={%22jigyoid%22:1,%22intcode%22:100,%22uniqid%22:3,%22traceid%22:123}&traceidw=123&uniqid=3,X-Original-For=undefined,X-Forwarded-For=undefined]
[2023-02-13 13:23:26.937][ INFO][none] 処理を開始します。[GET,/COMMON/userListPrint?param={%22getkbn%22:0,%22jkbn%22:0,%22sdnflg%22:0,%22symd%22:%2220220801%22,%22eymd%22:%2220220901%22}&traceidw=123&uniqid=3,X-Original-For=undefined,X-Forwarded-For=undefined]
[2023-02-13 13:23:26.961][ INFO][none] 処理を開始します。[GET,/SIENP/Keikakureki?param={%22jigyoid%22:1,%22intcode%22:100,%22uniqid%22:3,%22traceid%22:123}&traceidw=123&uniqid=3,X-Original-For=undefined,X-Forwarded-For=undefined]
[2023-02-13 13:23:34.124][ INFO][none] 処理を開始します。[GET,/COMMON/userListPrint?param={%22getkbn%22:0,%22jkbn%22:0,%22sdnflg%22:0,%22symd%22:%2220220801%22,%22eymd%22:%2220220901%22}&traceid=123&uniqid=3,X-Original-For=undefined,X-Forwarded-For=undefined]
[2023-02-13 13:23:34.209][ INFO][none] 処理を開始します。[GET,/SIENP/Keikakureki?param={%22jigyoid%22:1,%22intcode%22:100,%22uniqid%22:3,%22traceid%22:123}&traceid=123&uniqid=3,X-Original-For=undefined,X-Forwarded-For=undefined]
[2023-02-13 13:23:34.835][ INFO][none] 処理が正常終了しました。
[2023-02-13 13:23:34.906][ INFO][none] 処理が正常終了しました。
[2023-02-13 13:23:36.743][ INFO][none] 処理を開始します。[GET,/COMMON/userListPrint?param={%22getkbn%22:0,%22jkbn%22:0,%22sdnflg%22:0,%22symd%22:%2220220801%22,%22eymd%22:%2220220901%22}&traceid=123&uniqid=3,X-Original-For=undefined,X-Forwarded-For=undefined]
[2023-02-13 13:23:36.769][ INFO][none] 処理を開始します。[GET,/SIENP/Keikakureki?param={%22jigyoid%22:1,%22intcode%22:100,%22uniqid%22:3,%22traceid%22:123}&traceid=123&uniqid=3,X-Original-For=undefined,X-Forwarded-For=undefined]
[2023-02-13 13:23:36.791][ INFO][none] 処理が正常終了しました。
[2023-02-13 13:23:36.996][ INFO][none] 処理が正常終了しました。
[2023-02-13 13:28:40.161][ INFO][none] 処理を開始します。[GET,/COMMON/userListPrint?param={%22getkbn%22:0,%22jkbn%22:0,%22sdnflg%22:0,%22symd%22:%2220220801%22,%22eymd%22:%2220220901%22}&traceid=123&uniqid=3,X-Original-For=undefined,X-Forwarded-For=undefined]
[2023-02-13 13:28:40.187][ INFO][none] 処理を開始します。[GET,/SIENP/Keikakureki?param={%22jigyoid%22:1,%22intcode%22:100,%22uniqid%22:3,%22traceid%22:123}&traceid=123&uniqid=3,X-Original-For=undefined,X-Forwarded-For=undefined]
[2023-02-13 13:28:40.890][ INFO][none] 処理が正常終了しました。
[2023-02-13 13:28:40.965][ INFO][none] 処理が正常終了しました。
[2023-02-13 13:29:26.782][ INFO][none] リクエストの待ち受けを開始します。[Port=8000]
[2023-02-13 13:29:29.964][ INFO][none] 処理を開始します。[GET,/COMMON/userListPrint?param={%22getkbn%22:0,%22jkbn%22:0,%22sdnflg%22:0,%22symd%22:%2220220801%22,%22eymd%22:%2220220901%22}&traceid=123&uniqid=3,X-Original-For=undefined,X-Forwarded-For=undefined]
[2023-02-13 13:29:30.000][ INFO][none] 処理を開始します。[GET,/SIENP/Keikakureki?param={%22jigyoid%22:1,%22intcode%22:100,%22uniqid%22:3,%22traceid%22:123}&traceid=123&uniqid=3,X-Original-For=undefined,X-Forwarded-For=undefined]
[2023-02-13 13:29:30.086][ INFO][none] 処理が正常終了しました。
[2023-02-13 13:29:30.255][ INFO][none] 処理が正常終了しました。
[2023-02-13 13:29:42.441][ INFO][none] リクエストの待ち受けを開始します。[Port=8000]
[2023-02-13 13:29:45.545][ INFO][none] 処理を開始します。[GET,/COMMON/userListPrint?param={%22getkbn%22:0,%22jkbn%22:0,%22sdnflg%22:0,%22symd%22:%2220220801%22,%22eymd%22:%2220220901%22}&traceid=123&uniqid=3,X-Original-For=undefined,X-Forwarded-For=undefined]
[2023-02-13 13:29:45.571][ INFO][none] 処理を開始します。[GET,/SIENP/Keikakureki?param={%22jigyoid%22:1,%22intcode%22:100,%22uniqid%22:3,%22traceid%22:123}&traceid=123&uniqid=3,X-Original-For=undefined,X-Forwarded-For=undefined]
[2023-02-13 13:29:45.635][ INFO][none] 処理が正常終了しました。
[2023-02-13 13:29:45.789][ INFO][none] 処理が正常終了しました。
[2023-02-13 13:30:21.917][ INFO][none] リクエストの待ち受けを開始します。[Port=8000]
[2023-02-13 13:30:24.990][ INFO][none] 処理を開始します。[GET,/COMMON/userListPrint?param={%22getkbn%22:0,%22jkbn%22:0,%22sdnflg%22:0,%22symd%22:%2220220801%22,%22eymd%22:%2220220901%22}&traceid=123&uniqid=3,X-Original-For=undefined,X-Forwarded-For=undefined]
[2023-02-13 13:30:25.016][ INFO][none] 処理を開始します。[GET,/SIENP/Keikakureki?param={%22jigyoid%22:1,%22intcode%22:100,%22uniqid%22:3,%22traceid%22:123}&traceid=123&uniqid=3,X-Original-For=undefined,X-Forwarded-For=undefined]
[2023-02-13 13:30:25.065][ INFO][none] 処理が正常終了しました。
[2023-02-13 13:30:25.247][ INFO][none] 処理が正常終了しました。
[2023-02-13 13:30:48.159][ INFO][none] 処理を開始します。[GET,/COMMON/userListPrint?param={%22getkbn%22:0,%22jkbn%22:0,%22sdnflg%22:0,%22symd%22:%2220220801%22,%22eymd%22:%2220220901%22}&traceid=123&uniqid=3&avg=fffff,X-Original-For=undefined,X-Forwarded-For=undefined]
[2023-02-13 13:30:48.244][ INFO][none] 処理を開始します。[GET,/SIENP/Keikakureki?param={%22jigyoid%22:1,%22intcode%22:100,%22uniqid%22:3,%22traceid%22:123}&traceid=123&uniqid=3&avg=fffff,X-Original-For=undefined,X-Forwarded-For=undefined]
[2023-02-13 13:30:48.289][ INFO][none] 処理が正常終了しました。
[2023-02-13 13:30:48.387][ INFO][none] 処理が正常終了しました。
[2023-02-13 13:30:53.568][ INFO][none] 処理を開始します。[GET,/COMMON/userListPrint?param={%22getkbn%22:0,%22jkbn%22:0,%22sdnflg%22:0,%22symd%22:%2220220801%22,%22eymd%22:%2220220901%22}&traceid=123&uniqid=3&avg=fffff,X-Original-For=undefined,X-Forwarded-For=undefined]
[2023-02-13 13:30:53.593][ INFO][none] 処理を開始します。[GET,/SIENP/Keikakureki?param={%22jigyoid%22:1,%22intcode%22:100,%22uniqid%22:3,%22traceid%22:123}&traceid=123&uniqid=3&avg=fffff,X-Original-For=undefined,X-Forwarded-For=undefined]
[2023-02-13 13:30:53.643][ INFO][none] 処理が正常終了しました。
[2023-02-13 13:30:53.810][ INFO][none] 処理が正常終了しました。
[2023-02-13 13:32:23.064][ INFO][none] リクエストの待ち受けを開始します。[Port=8000]
[2023-02-13 13:32:27.240][ INFO][none] 処理を開始します。[GET,/COMMON/userListPrint?param={%22getkbn%22:0,%22jkbn%22:0,%22sdnflg%22:0,%22symd%22:%2220220801%22,%22eymd%22:%2220220901%22}&traceid=123&uniqid=3&avg=fffff,X-Original-For=undefined,X-Forwarded-For=undefined]
[2023-02-13 13:32:27.267][ INFO][none] 処理を開始します。[GET,/SIENP/Keikakureki?param={%22jigyoid%22:1,%22intcode%22:100,%22uniqid%22:3,%22traceid%22:123}&traceid=123&uniqid=3&avg=fffff,X-Original-For=undefined,X-Forwarded-For=undefined]
[2023-02-13 13:32:27.323][ INFO][none] 処理が正常終了しました。
[2023-02-13 13:32:27.481][ INFO][none] 処理が正常終了しました。
[2023-02-13 13:32:59.113][ INFO][none] リクエストの待ち受けを開始します。[Port=8000]
[2023-02-13 13:33:02.182][ INFO][none] 処理を開始します。[GET,/COMMON/userListPrint?param={%22getkbn%22:0,%22jkbn%22:0,%22sdnflg%22:0,%22symd%22:%2220220801%22,%22eymd%22:%2220220901%22}&traceid=123&uniqid=3&avg=fffff,X-Original-For=undefined,X-Forwarded-For=undefined]
[2023-02-13 13:33:02.209][ INFO][none] 処理を開始します。[GET,/SIENP/Keikakureki?param={%22jigyoid%22:1,%22intcode%22:100,%22uniqid%22:3,%22traceid%22:123}&traceid=123&uniqid=3&avg=fffff,X-Original-For=undefined,X-Forwarded-For=undefined]
[2023-02-13 13:33:02.298][ INFO][none] 処理が正常終了しました。
[2023-02-13 13:33:02.605][ INFO][none] 処理が正常終了しました。
[2023-02-13 13:34:17.607][ INFO][none] 処理を開始します。[GET,/COMMON/userListPrint?param={%22getkbn%22:0,%22jkbn%22:0,%22sdnflg%22:0,%22symd%22:%2220220801%22,%22eymd%22:%2220220901%22}&traceid=123&uniqid=3&avg=fffff,X-Original-For=undefined,X-Forwarded-For=undefined]
[2023-02-13 13:34:17.701][ INFO][none] 処理を開始します。[GET,/SIENP/Keikakureki?param={%22jigyoid%22:1,%22intcode%22:100,%22uniqid%22:3,%22traceid%22:123}&traceid=123&uniqid=3&avg=fffff,X-Original-For=undefined,X-Forwarded-For=undefined]
[2023-02-13 13:34:17.768][ INFO][none] 処理が正常終了しました。
[2023-02-13 13:34:17.829][ INFO][none] 処理が正常終了しました。
[2023-02-13 13:34:39.103][ INFO][none] 処理を開始します。[GET,/COMMON/userListPrint?param={%22getkbn%22:0,%22jkbn%22:0,%22sdnflg%22:0,%22symd%22:%2220220801%22,%22eymd%22:%2220220901%22}&traceid=123&uniqid=3&avg=fffff,X-Original-For=undefined,X-Forwarded-For=undefined]
[2023-02-13 13:34:39.132][ INFO][none] 処理を開始します。[GET,/SIENP/Keikakureki?param={%22jigyoid%22:1,%22intcode%22:100,%22uniqid%22:3,%22traceid%22:123}&traceid=123&uniqid=3&avg=fffff,X-Original-For=undefined,X-Forwarded-For=undefined]
[2023-02-13 13:34:39.167][ INFO][none] 処理が正常終了しました。
[2023-02-13 13:34:39.324][ INFO][none] 処理が正常終了しました。
[2023-02-13 13:34:45.360][ INFO][none] 処理を開始します。[GET,/COMMON/userListPrint?param={%22getkbn%22:0,%22jkbn%22:0,%22sdnflg%22:0,%22symd%22:%2220220801%22,%22eymd%22:%2220220901%22}&traceid=123&uniqid=3&avg=fffff,X-Original-For=undefined,X-Forwarded-For=undefined]
[2023-02-13 13:34:45.385][ INFO][none] 処理を開始します。[GET,/SIENP/Keikakureki?param={%22jigyoid%22:1,%22intcode%22:100,%22uniqid%22:3,%22traceid%22:123}&traceid=123&uniqid=3&avg=fffff,X-Original-For=undefined,X-Forwarded-For=undefined]
[2023-02-13 13:34:45.431][ INFO][none] 処理が正常終了しました。
[2023-02-13 13:34:45.551][ INFO][none] 処理が正常終了しました。
[2023-02-13 13:34:54.837][ INFO][none] 処理を開始します。[GET,/COMMON/userListPrint?param={%22getkbn%22:0,%22jkbn%22:0,%22sdnflg%22:0,%22symd%22:%2220220801%22,%22eymd%22:%2220220901%22}&traceid=123&uniqid=3&avg=fffff,X-Original-For=undefined,X-Forwarded-For=undefined]
[2023-02-13 13:34:54.922][ INFO][none] 処理を開始します。[GET,/SIENP/Keikakureki?param={%22jigyoid%22:1,%22intcode%22:100,%22uniqid%22:3,%22traceid%22:123}&traceid=123&uniqid=3&avg=fffff,X-Original-For=undefined,X-Forwarded-For=undefined]
[2023-02-13 13:34:54.981][ INFO][none] 処理が正常終了しました。
[2023-02-13 13:34:55.010][ INFO][none] 処理が正常終了しました。
[2023-02-13 13:35:17.114][ INFO][none] 処理を開始します。[GET,/COMMON/userListPrint?param={%22getkbn%22:0,%22jkbn%22:0,%22sdnflg%22:0,%22symd%22:%2220220801%22,%22eymd%22:%2220220901%22}&traceid=123&uniqid=3&avg=fffff,X-Original-For=undefined,X-Forwarded-For=undefined]
[2023-02-13 13:35:17.140][ INFO][none] 処理を開始します。[GET,/SIENP/Keikakureki?param={%22jigyoid%22:1,%22intcode%22:100,%22uniqid%22:3,%22traceid%22:123}&traceid=123&uniqid=3&avg=fffff,X-Original-For=undefined,X-Forwarded-For=undefined]
[2023-02-13 13:35:17.182][ INFO][none] 処理が正常終了しました。
[2023-02-13 13:35:17.284][ INFO][none] 処理が正常終了しました。
[2023-02-13 13:35:35.847][ INFO][none] リクエストの待ち受けを開始します。[Port=8000]
[2023-02-13 13:35:38.576][ INFO][none] 処理を開始します。[GET,/COMMON/userListPrint?param={%22getkbn%22:0,%22jkbn%22:0,%22sdnflg%22:0,%22symd%22:%2220220801%22,%22eymd%22:%2220220901%22}&traceid=123&uniqid=3&avg=fffff,X-Original-For=undefined,X-Forwarded-For=undefined]
[2023-02-13 13:35:38.603][ INFO][none] 処理を開始します。[GET,/SIENP/Keikakureki?param={%22jigyoid%22:1,%22intcode%22:100,%22uniqid%22:3,%22traceid%22:123}&traceid=123&uniqid=3&avg=fffff,X-Original-For=undefined,X-Forwarded-For=undefined]
[2023-02-13 13:35:38.668][ INFO][none] 処理が正常終了しました。
[2023-02-13 13:35:38.797][ INFO][none] 処理が正常終了しました。
[2023-02-13 13:35:43.962][ INFO][none] 処理を開始します。[GET,/COMMON/userListPrint?param={%22getkbn%22:0,%22jkbn%22:0,%22sdnflg%22:0,%22symd%22:%2220220801%22,%22eymd%22:%2220220901%22}&traceid=123&uniqid=3&avg=fffff,X-Original-For=undefined,X-Forwarded-For=undefined]
[2023-02-13 13:35:43.978][ INFO][none] 処理を開始します。[GET,/SIENP/Keikakureki?param={%22jigyoid%22:1,%22intcode%22:100,%22uniqid%22:3,%22traceid%22:123}&traceid=123&uniqid=3&avg=fffff,X-Original-For=undefined,X-Forwarded-For=undefined]
[2023-02-13 13:35:44.012][ INFO][none] 処理が正常終了しました。
[2023-02-13 13:35:44.166][ INFO][none] 処理が正常終了しました。
[2023-02-13 13:35:54.457][ INFO][none] リクエストの待ち受けを開始します。[Port=8000]
[2023-02-13 13:35:58.705][ INFO][none] 処理を開始します。[GET,/COMMON/userListPrint?param={%22getkbn%22:0,%22jkbn%22:0,%22sdnflg%22:0,%22symd%22:%2220220801%22,%22eymd%22:%2220220901%22}&traceid=123&uniqid=3&avg=fffff,X-Original-For=undefined,X-Forwarded-For=undefined]
[2023-02-13 13:35:58.731][ INFO][none] 処理を開始します。[GET,/SIENP/Keikakureki?param={%22jigyoid%22:1,%22intcode%22:100,%22uniqid%22:3,%22traceid%22:123}&traceid=123&uniqid=3&avg=fffff,X-Original-For=undefined,X-Forwarded-For=undefined]
[2023-02-13 13:35:58.778][ INFO][none] 処理が正常終了しました。
[2023-02-13 13:35:58.914][ INFO][none] 処理が正常終了しました。
[2023-02-13 13:36:44.450][ INFO][none] リクエストの待ち受けを開始します。[Port=8000]
[2023-02-13 13:36:47.822][ INFO][none] 処理を開始します。[GET,/COMMON/userListPrint?param={%22getkbn%22:0,%22jkbn%22:0,%22sdnflg%22:0,%22symd%22:%2220220801%22,%22eymd%22:%2220220901%22}&traceid=123&uniqid=3&avg=fffff,X-Original-For=undefined,X-Forwarded-For=undefined]
[2023-02-13 13:36:47.850][ INFO][none] 処理を開始します。[GET,/SIENP/Keikakureki?param={%22jigyoid%22:1,%22intcode%22:100,%22uniqid%22:3,%22traceid%22:123}&traceid=123&uniqid=3&avg=fffff,X-Original-For=undefined,X-Forwarded-For=undefined]
[2023-02-13 13:36:47.902][ INFO][none] 処理が正常終了しました。
[2023-02-13 13:36:48.058][ INFO][none] 処理が正常終了しました。
[2023-02-13 13:37:03.362][ INFO][none] 処理を開始します。[GET,/COMMON/userListPrint?param={%22getkbn%22:0,%22jkbn%22:0,%22sdnflg%22:0,%22symd%22:%2220220801%22,%22eymd%22:%2220220901%22}&traceid=123&uniqid=3&avg=,X-Original-For=undefined,X-Forwarded-For=undefined]
[2023-02-13 13:37:03.449][ INFO][none] 処理を開始します。[GET,/SIENP/Keikakureki?param={%22jigyoid%22:1,%22intcode%22:100,%22uniqid%22:3,%22traceid%22:123}&traceid=123&uniqid=3&avg=,X-Original-For=undefined,X-Forwarded-For=undefined]
[2023-02-13 13:37:03.552][ INFO][none] 処理が正常終了しました。
[2023-02-13 13:37:03.589][ INFO][none] 処理が正常終了しました。
[2023-02-13 13:37:10.359][ INFO][none] 処理を開始します。[GET,/COMMON/userListPrint?param={%22getkbn%22:0,%22jkbn%22:0,%22sdnflg%22:0,%22symd%22:%2220220801%22,%22eymd%22:%2220220901%22}&traceid=123&uniqid=3&avg=,X-Original-For=undefined,X-Forwarded-For=undefined]
[2023-02-13 13:37:10.383][ INFO][none] 処理を開始します。[GET,/SIENP/Keikakureki?param={%22jigyoid%22:1,%22intcode%22:100,%22uniqid%22:3,%22traceid%22:123}&traceid=123&uniqid=3&avg=,X-Original-For=undefined,X-Forwarded-For=undefined]
[2023-02-13 13:37:10.421][ INFO][none] 処理が正常終了しました。
[2023-02-13 13:37:10.551][ INFO][none] 処理が正常終了しました。
[2023-02-13 13:37:29.936][ INFO][none] 処理を開始します。[GET,/COMMON/userListPrint?param={%22getkbn%22:0,%22jkbn%22:0,%22sdnflg%22:0,%22symd%22:%2220220801%22,%22eymd%22:%2220220901%22}&traceid=123&uniqid=3&avg=fffff,X-Original-For=undefined,X-Forwarded-For=undefined]
[2023-02-13 13:37:30.025][ INFO][none] 処理を開始します。[GET,/SIENP/Keikakureki?param={%22jigyoid%22:1,%22intcode%22:100,%22uniqid%22:3,%22traceid%22:123}&traceid=123&uniqid=3&avg=fffff,X-Original-For=undefined,X-Forwarded-For=undefined]
[2023-02-13 13:37:30.091][ INFO][none] 処理が正常終了しました。
[2023-02-13 13:37:30.129][ INFO][none] 処理が正常終了しました。
[2023-02-13 13:37:38.840][ INFO][none] 処理を開始します。[GET,/COMMON/userListPrint?param={%22getkbn%22:0,%22jkbn%22:0,%22sdnflg%22:0,%22symd%22:%2220220801%22,%22eymd%22:%2220220901%22}&traceid=123&uniqid=3&avg=fffff,X-Original-For=undefined,X-Forwarded-For=undefined]
[2023-02-13 13:37:38.865][ INFO][none] 処理を開始します。[GET,/SIENP/Keikakureki?param={%22jigyoid%22:1,%22intcode%22:100,%22uniqid%22:3,%22traceid%22:123}&traceid=123&uniqid=3&avg=fffff,X-Original-For=undefined,X-Forwarded-For=undefined]
[2023-02-13 13:37:38.904][ INFO][none] 処理が正常終了しました。
[2023-02-13 13:37:39.018][ INFO][none] 処理が正常終了しました。
[2023-02-13 13:37:47.331][ INFO][none] 処理を開始します。[GET,/COMMON/userListPrint?param={%22getkbn%22:0,%22jkbn%22:0,%22sdnflg%22:0,%22symd%22:%2220220801%22,%22eymd%22:%2220220901%22}&traceid=123&uniqid=3&avg=,X-Original-For=undefined,X-Forwarded-For=undefined]
[2023-02-13 13:37:47.415][ INFO][none] 処理を開始します。[GET,/SIENP/Keikakureki?param={%22jigyoid%22:1,%22intcode%22:100,%22uniqid%22:3,%22traceid%22:123}&traceid=123&uniqid=3&avg=,X-Original-For=undefined,X-Forwarded-For=undefined]
[2023-02-13 13:37:47.481][ INFO][none] 処理が正常終了しました。
[2023-02-13 13:37:47.495][ INFO][none] 処理が正常終了しました。
[2023-02-13 13:37:51.059][ INFO][none] 処理を開始します。[GET,/COMMON/userListPrint?param={%22getkbn%22:0,%22jkbn%22:0,%22sdnflg%22:0,%22symd%22:%2220220801%22,%22eymd%22:%2220220901%22}&traceid=123&uniqid=3&avg=,X-Original-For=undefined,X-Forwarded-For=undefined]
[2023-02-13 13:37:51.098][ INFO][none] 処理を開始します。[GET,/SIENP/Keikakureki?param={%22jigyoid%22:1,%22intcode%22:100,%22uniqid%22:3,%22traceid%22:123}&traceid=123&uniqid=3&avg=,X-Original-For=undefined,X-Forwarded-For=undefined]
[2023-02-13 13:37:51.120][ INFO][none] 処理が正常終了しました。
[2023-02-13 13:37:51.209][ INFO][none] 処理が正常終了しました。
[2023-02-13 13:38:20.449][ INFO][none] リクエストの待ち受けを開始します。[Port=8000]
[2023-02-13 13:38:23.462][ INFO][none] 処理を開始します。[GET,/COMMON/userListPrint?param={%22getkbn%22:0,%22jkbn%22:0,%22sdnflg%22:0,%22symd%22:%2220220801%22,%22eymd%22:%2220220901%22}&traceid=123&uniqid=3&avg=,X-Original-For=undefined,X-Forwarded-For=undefined]
[2023-02-13 13:38:23.497][ INFO][none] 処理を開始します。[GET,/SIENP/Keikakureki?param={%22jigyoid%22:1,%22intcode%22:100,%22uniqid%22:3,%22traceid%22:123}&traceid=123&uniqid=3&avg=,X-Original-For=undefined,X-Forwarded-For=undefined]
[2023-02-13 13:38:23.538][ERROR][none] システムエラーが発生しました。[Error [ERR_HTTP_HEADERS_SENT]: Cannot set headers after they are sent to the client]
[2023-02-13 13:38:53.084][ INFO][none] リクエストの待ち受けを開始します。[Port=8000]
[2023-02-13 13:38:59.227][ INFO][none] 処理を開始します。[GET,/COMMONs/userListPrint?param={%22getkbn%22:0,%22jkbn%22:0,%22sdnflg%22:0,%22symd%22:%2220220801%22,%22eymd%22:%2220220901%22}&traceid=123&uniqid=3&avg=,X-Original-For=undefined,X-Forwarded-For=undefined]
[2023-02-13 13:38:59.234][ERROR][none] Error: Cannot find module './api/COMMONs/userListPrint'
Require stack:
- /home/tokei/develop/100Sogo_WebApl/src/trunk/backend/src/index.js
    at Module._resolveFilename (node:internal/modules/cjs/loader:1039:15)
    at Module._load (node:internal/modules/cjs/loader:885:27)
    at Module.require (node:internal/modules/cjs/loader:1105:19)
    at require (node:internal/modules/cjs/helpers:103:18)
    at /home/tokei/develop/100Sogo_WebApl/src/trunk/backend/src/index.js:88:25
    at Layer.handle [as handle_request] (/home/tokei/develop/100Sogo_WebApl/src/trunk/backend/node_modules/express/lib/router/layer.js:95:5)
    at next (/home/tokei/develop/100Sogo_WebApl/src/trunk/backend/node_modules/express/lib/router/route.js:144:13)
    at middleware (/home/tokei/develop/100Sogo_WebApl/src/trunk/backend/node_modules/express-validator/src/middlewares/check.js:16:13)
    at process.processTicksAndRejections (node:internal/process/task_queues:95:5) {
  code: 'MODULE_NOT_FOUND',
  requireStack: [
    '/home/tokei/develop/100Sogo_WebApl/src/trunk/backend/src/index.js'
  ]
}
[2023-02-13 13:38:59.235][ERROR][none] URLが不正です。
[2023-02-13 13:38:59.250][ INFO][none] 処理を開始します。[GET,/SIENPs/Keikakureki?param={%22jigyoid%22:1,%22intcode%22:100,%22uniqid%22:3,%22traceid%22:123}&traceid=123&uniqid=3&avg=,X-Original-For=undefined,X-Forwarded-For=undefined]
[2023-02-13 13:38:59.252][ERROR][none] Error: Cannot find module './api/SIENPs/Keikakureki'
Require stack:
- /home/tokei/develop/100Sogo_WebApl/src/trunk/backend/src/index.js
    at Module._resolveFilename (node:internal/modules/cjs/loader:1039:15)
    at Module._load (node:internal/modules/cjs/loader:885:27)
    at Module.require (node:internal/modules/cjs/loader:1105:19)
    at require (node:internal/modules/cjs/helpers:103:18)
    at /home/tokei/develop/100Sogo_WebApl/src/trunk/backend/src/index.js:88:25
    at Layer.handle [as handle_request] (/home/tokei/develop/100Sogo_WebApl/src/trunk/backend/node_modules/express/lib/router/layer.js:95:5)
    at next (/home/tokei/develop/100Sogo_WebApl/src/trunk/backend/node_modules/express/lib/router/route.js:144:13)
    at middleware (/home/tokei/develop/100Sogo_WebApl/src/trunk/backend/node_modules/express-validator/src/middlewares/check.js:16:13)
    at process.processTicksAndRejections (node:internal/process/task_queues:95:5) {
  code: 'MODULE_NOT_FOUND',
  requireStack: [
    '/home/tokei/develop/100Sogo_WebApl/src/trunk/backend/src/index.js'
  ]
}
[2023-02-13 13:38:59.252][ERROR][none] URLが不正です。
[2023-02-13 13:39:42.541][ INFO][none] リクエストの待ち受けを開始します。[Port=8000]
[2023-02-13 13:39:50.274][ INFO][none] 処理を開始します。[GET,/COMMONs/userListPrint?param={%22getkbn%22:0,%22jkbn%22:0,%22sdnflg%22:0,%22symd%22:%2220220801%22,%22eymd%22:%2220220901%22}&traceid=123&uniqid=3&avg=,X-Original-For=undefined,X-Forwarded-For=undefined]
[2023-02-13 13:39:50.301][ INFO][none] 処理を開始します。[GET,/SIENPs/Keikakureki?param={%22jigyoid%22:1,%22intcode%22:100,%22uniqid%22:3,%22traceid%22:123}&traceid=123&uniqid=3&avg=,X-Original-For=undefined,X-Forwarded-For=undefined]
[2023-02-13 13:40:08.081][ INFO][none] 処理を開始します。[GET,/COMMON/userListPrint?param={%22getkbn%22:0,%22jkbn%22:0,%22sdnflg%22:0,%22symd%22:%2220220801%22,%22eymd%22:%2220220901%22}&traceid=123&uniqid=3&avg=,X-Original-For=undefined,X-Forwarded-For=undefined]
[2023-02-13 13:40:08.110][ INFO][none] 処理を開始します。[GET,/SIENP/Keikakureki?param={%22jigyoid%22:1,%22intcode%22:100,%22uniqid%22:3,%22traceid%22:123}&traceid=123&uniqid=3&avg=,X-Original-For=undefined,X-Forwarded-For=undefined]
[2023-02-13 13:50:05.109][ INFO][none] リクエストの待ち受けを開始します。[Port=8000]
[2023-02-13 13:50:09.519][ INFO][none] 処理を開始します。[GET,/COMMON/userListPrint?param={%22getkbn%22:0,%22jkbn%22:0,%22sdnflg%22:0,%22symd%22:%2220220801%22,%22eymd%22:%2220220901%22}&traceid=123&uniqid=3&avg=,X-Original-For=undefined,X-Forwarded-For=undefined]
[2023-02-13 13:50:09.525][ERROR][none] システムエラーが発生しました。[aaa]
[2023-02-13 13:50:09.544][ INFO][none] 処理を開始します。[GET,/SIENP/Keikakureki?param={%22jigyoid%22:1,%22intcode%22:100,%22uniqid%22:3,%22traceid%22:123}&traceid=123&uniqid=3&avg=,X-Original-For=undefined,X-Forwarded-For=undefined]
[2023-02-13 13:50:09.546][ERROR][none] システムエラーが発生しました。[aaa]
[2023-02-13 13:51:44.631][ INFO][none] リクエストの待ち受けを開始します。[Port=8000]
[2023-02-13 13:51:48.192][ INFO][none] 処理を開始します。[GET,/COMMON/userListPrint?param={%22getkbn%22:0,%22jkbn%22:0,%22sdnflg%22:0,%22symd%22:%2220220801%22,%22eymd%22:%2220220901%22}&traceid=123&uniqid=3&avg=,X-Original-For=undefined,X-Forwarded-For=undefined]
[2023-02-13 13:51:48.201][ERROR][none] システムエラーが発生しました。[aaa]
[2023-02-13 13:51:48.221][ INFO][none] 処理を開始します。[GET,/SIENP/Keikakureki?param={%22jigyoid%22:1,%22intcode%22:100,%22uniqid%22:3,%22traceid%22:123}&traceid=123&uniqid=3&avg=,X-Original-For=undefined,X-Forwarded-For=undefined]
[2023-02-13 13:51:48.223][ERROR][none] システムエラーが発生しました。[aaa]
[2023-02-13 13:52:32.892][ INFO][none] リクエストの待ち受けを開始します。[Port=8000]
[2023-02-13 13:52:44.422][ INFO][none] 処理を開始します。[GET,/COMMON/userListPrint?param={%22getkbn%22:0,%22jkbn%22:0,%22sdnflg%22:0,%22symd%22:%2220220801%22,%22eymd%22:%2220220901%22}&traceid=123&uniqid=3&avg=,X-Original-For=undefined,X-Forwarded-For=undefined]
[2023-02-13 13:52:44.429][ERROR][none] システムエラーが発生しました。[[object Object]]
[2023-02-13 13:52:44.449][ INFO][none] 処理を開始します。[GET,/SIENP/Keikakureki?param={%22jigyoid%22:1,%22intcode%22:100,%22uniqid%22:3,%22traceid%22:123}&traceid=123&uniqid=3&avg=,X-Original-For=undefined,X-Forwarded-For=undefined]
[2023-02-13 13:52:44.452][ERROR][none] システムエラーが発生しました。[[object Object]]
[2023-02-13 13:53:18.838][ INFO][none] リクエストの待ち受けを開始します。[Port=8000]
[2023-02-13 13:53:22.664][ INFO][none] 処理を開始します。[GET,/COMMON/userListPrint?param={%22getkbn%22:0,%22jkbn%22:0,%22sdnflg%22:0,%22symd%22:%2220220801%22,%22eymd%22:%2220220901%22}&traceid=123&uniqid=3&avg=,X-Original-For=undefined,X-Forwarded-For=undefined]
[2023-02-13 13:53:22.673][ERROR][none] システムエラーが発生しました。[[object Object]]
[2023-02-13 13:53:22.697][ INFO][none] 処理を開始します。[GET,/SIENP/Keikakureki?param={%22jigyoid%22:1,%22intcode%22:100,%22uniqid%22:3,%22traceid%22:123}&traceid=123&uniqid=3&avg=,X-Original-For=undefined,X-Forwarded-For=undefined]
[2023-02-13 13:53:22.699][ERROR][none] システムエラーが発生しました。[[object Object]]
[2023-02-13 13:53:31.337][ INFO][none] リクエストの待ち受けを開始します。[Port=8000]
[2023-02-13 13:53:36.754][ INFO][none] 処理を開始します。[GET,/COMMON/userListPrint?param={%22getkbn%22:0,%22jkbn%22:0,%22sdnflg%22:0,%22symd%22:%2220220801%22,%22eymd%22:%2220220901%22}&traceid=123&uniqid=3&avg=,X-Original-For=undefined,X-Forwarded-For=undefined]
[2023-02-13 13:53:36.761][ERROR][none] システムエラーが発生しました。[[object Object]]
[2023-02-13 13:53:36.777][ INFO][none] 処理を開始します。[GET,/SIENP/Keikakureki?param={%22jigyoid%22:1,%22intcode%22:100,%22uniqid%22:3,%22traceid%22:123}&traceid=123&uniqid=3&avg=,X-Original-For=undefined,X-Forwarded-For=undefined]
[2023-02-13 13:53:36.779][ERROR][none] システムエラーが発生しました。[[object Object]]
[2023-02-13 13:54:47.747][ INFO][none] リクエストの待ち受けを開始します。[Port=8000]
[2023-02-13 13:54:51.559][ INFO][none] 処理を開始します。[GET,/COMMON/userListPrint?param={%22getkbn%22:0,%22jkbn%22:0,%22sdnflg%22:0,%22symd%22:%2220220801%22,%22eymd%22:%2220220901%22}&traceid=123&uniqid=3&avg=,X-Original-For=undefined,X-Forwarded-For=undefined]
[2023-02-13 13:54:51.566][ERROR][none] システムエラーが発生しました。[[object Object],[object Object]]
[2023-02-13 13:54:51.584][ INFO][none] 処理を開始します。[GET,/SIENP/Keikakureki?param={%22jigyoid%22:1,%22intcode%22:100,%22uniqid%22:3,%22traceid%22:123}&traceid=123&uniqid=3&avg=,X-Original-For=undefined,X-Forwarded-For=undefined]
[2023-02-13 13:54:51.586][ERROR][none] システムエラーが発生しました。[[object Object],[object Object]]
[2023-02-13 13:56:20.659][ INFO][none] リクエストの待ち受けを開始します。[Port=8000]
[2023-02-13 13:56:26.741][ INFO][none] 処理を開始します。[GET,/COMMON/userListPrint?param={%22getkbn%22:0,%22jkbn%22:0,%22sdnflg%22:0,%22symd%22:%2220220801%22,%22eymd%22:%2220220901%22}&traceid=123&uniqid=3&avg=,X-Original-For=undefined,X-Forwarded-For=undefined]
[2023-02-13 13:56:26.749][ERROR][none] システムエラーが発生しました。[[object Object],[object Object]]
[2023-02-13 13:56:26.767][ INFO][none] 処理を開始します。[GET,/SIENP/Keikakureki?param={%22jigyoid%22:1,%22intcode%22:100,%22uniqid%22:3,%22traceid%22:123}&traceid=123&uniqid=3&avg=,X-Original-For=undefined,X-Forwarded-For=undefined]
[2023-02-13 13:56:26.769][ERROR][none] システムエラーが発生しました。[[object Object],[object Object]]
[2023-02-13 13:56:45.173][ INFO][none] 処理を開始します。[GET,/COMMON/userListPrint?param={%22getkbn%22:0,%22jkbn%22:0,%22sdnflg%22:0,%22symd%22:%2220220801%22,%22eymd%22:%2220220901%22}&traceid=123&uniqid=3&avg=,X-Original-For=undefined,X-Forwarded-For=undefined]
[2023-02-13 13:56:45.176][ERROR][none] システムエラーが発生しました。[[object Object],[object Object]]
[2023-02-13 13:56:45.200][ INFO][none] 処理を開始します。[GET,/SIENP/Keikakureki?param={%22jigyoid%22:1,%22intcode%22:100,%22uniqid%22:3,%22traceid%22:123}&traceid=123&uniqid=3&avg=,X-Original-For=undefined,X-Forwarded-For=undefined]
[2023-02-13 13:56:45.201][ERROR][none] システムエラーが発生しました。[[object Object],[object Object]]
