[2023-02-13 13:58:40.109][ INFO][none] リクエストの待ち受けを開始します。[Port=8000]
[2023-02-13 13:59:25.767][ INFO][none] 処理を開始します。[GET,/COMMON/userListPrint?param={%22getkbn%22:0,%22jkbn%22:0,%22sdnflg%22:0,%22symd%22:%2220220801%22,%22eymd%22:%2220220901%22}&traceid=123&uniqid=3&avg=,X-Original-For=undefined,X-Forwarded-For=undefined]
[2023-02-13 13:59:25.774][ERROR][none] システムエラーが発生しました。[[{"value":"","msg":"avgは必須項目です。","param":"avg","location":"query"},{"msg":"avg2は必須項目です。","param":"avg2","location":"body"}]]
[2023-02-13 13:59:25.791][ INFO][none] 処理を開始します。[GET,/SIENP/Keikakureki?param={%22jigyoid%22:1,%22intcode%22:100,%22uniqid%22:3,%22traceid%22:123}&traceid=123&uniqid=3&avg=,X-Original-For=undefined,X-Forwarded-For=undefined]
[2023-02-13 13:59:25.793][ERROR][none] システムエラーが発生しました。[[{"value":"","msg":"avgは必須項目です。","param":"avg","location":"query"},{"msg":"avg2は必須項目です。","param":"avg2","location":"body"}]]
[2023-02-13 14:00:01.192][ INFO][none] リクエストの待ち受けを開始します。[Port=8000]
[2023-02-13 14:00:04.413][ INFO][none] 処理を開始します。[GET,/COMMON/userListPrint?param={%22getkbn%22:0,%22jkbn%22:0,%22sdnflg%22:0,%22symd%22:%2220220801%22,%22eymd%22:%2220220901%22}&traceid=123&uniqid=3&avg=,X-Original-For=undefined,X-Forwarded-For=undefined]
[2023-02-13 14:00:04.420][ERROR][none] システムエラーが発生しました。[[{"value":"","msg":"avgは必須項目です。","param":"avg","location":"query"},{"msg":"avg2は必須項目です。","param":"avg2","location":"body"}]]
[2023-02-13 14:00:04.435][ INFO][none] 処理を開始します。[GET,/SIENP/Keikakureki?param={%22jigyoid%22:1,%22intcode%22:100,%22uniqid%22:3,%22traceid%22:123}&traceid=123&uniqid=3&avg=,X-Original-For=undefined,X-Forwarded-For=undefined]
[2023-02-13 14:00:04.437][ERROR][none] システムエラーが発生しました。[[{"value":"","msg":"avgは必須項目です。","param":"avg","location":"query"},{"msg":"avg2は必須項目です。","param":"avg2","location":"body"}]]
[2023-02-13 14:00:42.334][ INFO][none] 処理を開始します。[GET,/COMMON/userListPrint?param={%22getkbn%22:0,%22jkbn%22:0,%22sdnflg%22:0,%22symd%22:%2220220801%22,%22eymd%22:%2220220901%22}&traceid=123&uniqid=3,X-Original-For=undefined,X-Forwarded-For=undefined]
[2023-02-13 14:00:42.337][ERROR][none] システムエラーが発生しました。[[{"msg":"avgは必須項目です。","param":"avg","location":"body"},{"msg":"avg2は必須項目です。","param":"avg2","location":"body"}]]
[2023-02-13 14:00:42.420][ INFO][none] 処理を開始します。[GET,/SIENP/Keikakureki?param={%22jigyoid%22:1,%22intcode%22:100,%22uniqid%22:3,%22traceid%22:123}&traceid=123&uniqid=3,X-Original-For=undefined,X-Forwarded-For=undefined]
[2023-02-13 14:00:42.422][ERROR][none] システムエラーが発生しました。[[{"msg":"avgは必須項目です。","param":"avg","location":"body"},{"msg":"avg2は必須項目です。","param":"avg2","location":"body"}]]
[2023-02-13 14:01:00.053][ INFO][none] 処理を開始します。[GET,/COMMON/userListPrint?param={%22getkbn%22:0,%22jkbn%22:0,%22sdnflg%22:0,%22symd%22:%2220220801%22,%22eymd%22:%2220220901%22}&traceid=123&uniqid=3,X-Original-For=undefined,X-Forwarded-For=undefined]
[2023-02-13 14:01:00.054][ERROR][none] システムエラーが発生しました。[[{"msg":"avgは必須項目です。","param":"avg","location":"body"},{"msg":"avg2は必須項目です。","param":"avg2","location":"body"}]]
[2023-02-13 14:01:00.078][ INFO][none] 処理を開始します。[GET,/SIENP/Keikakureki?param={%22jigyoid%22:1,%22intcode%22:100,%22uniqid%22:3,%22traceid%22:123}&traceid=123&uniqid=3,X-Original-For=undefined,X-Forwarded-For=undefined]
[2023-02-13 14:01:00.079][ERROR][none] システムエラーが発生しました。[[{"msg":"avgは必須項目です。","param":"avg","location":"body"},{"msg":"avg2は必須項目です。","param":"avg2","location":"body"}]]
[2023-02-13 14:01:23.938][ INFO][none] リクエストの待ち受けを開始します。[Port=8000]
[2023-02-13 14:01:26.759][ INFO][none] 処理を開始します。[GET,/COMMON/userListPrint?param={%22getkbn%22:0,%22jkbn%22:0,%22sdnflg%22:0,%22symd%22:%2220220801%22,%22eymd%22:%2220220901%22}&traceid=123&uniqid=3,X-Original-For=undefined,X-Forwarded-For=undefined]
[2023-02-13 14:01:26.785][ INFO][none] 処理を開始します。[GET,/SIENP/Keikakureki?param={%22jigyoid%22:1,%22intcode%22:100,%22uniqid%22:3,%22traceid%22:123}&traceid=123&uniqid=3,X-Original-For=undefined,X-Forwarded-For=undefined]
[2023-02-13 14:01:26.847][ INFO][none] 処理が正常終了しました。
[2023-02-13 14:01:27.093][ INFO][none] 処理が正常終了しました。
[2023-02-13 14:11:47.848][ INFO][none] リクエストの待ち受けを開始します。[Port=8000]
[2023-02-13 14:11:52.980][ INFO][none] 処理を開始します。[GET,/COMMON/userListPrint?param={%22getkbn%22:0,%22jkbn%22:0,%22sdnflg%22:0,%22symd%22:%2220220801%22,%22eymd%22:%2220220901%22}&traceid=123&uniqid=3,X-Original-For=undefined,X-Forwarded-For=undefined]
[2023-02-13 14:11:53.007][ INFO][none] 処理を開始します。[GET,/SIENP/Keikakureki?param={%22jigyoid%22:1,%22intcode%22:100,%22uniqid%22:3,%22traceid%22:123}&traceid=123&uniqid=3,X-Original-For=undefined,X-Forwarded-For=undefined]
[2023-02-13 14:11:53.435][ INFO][none] 処理が正常終了しました。
[2023-02-13 14:11:53.996][ INFO][none] 処理が正常終了しました。
[2023-02-13 14:12:20.443][ INFO][none] リクエストの待ち受けを開始します。[Port=8000]
[2023-02-13 14:12:23.402][ INFO][none] 処理を開始します。[GET,/COMMON/userListPrint?param={%22getkbn%22:0,%22jkbn%22:0,%22sdnflg%22:0,%22symd%22:%2220220801%22,%22eymd%22:%2220220901%22}&traceid=123&uniqid=3,X-Original-For=undefined,X-Forwarded-For=undefined]
[2023-02-13 14:12:23.409][ERROR][none] システムエラーが発生しました。[[{"msg":"%sは必須項目です。","param":"avg","location":"body"},{"msg":"ユニークIDは数値を入力してください","param":"avg","location":"body"}]]
[2023-02-13 14:12:23.425][ INFO][none] 処理を開始します。[GET,/SIENP/Keikakureki?param={%22jigyoid%22:1,%22intcode%22:100,%22uniqid%22:3,%22traceid%22:123}&traceid=123&uniqid=3,X-Original-For=undefined,X-Forwarded-For=undefined]
[2023-02-13 14:12:23.427][ERROR][none] システムエラーが発生しました。[[{"msg":"%sは必須項目です。","param":"avg","location":"body"},{"msg":"ユニークIDは数値を入力してください","param":"avg","location":"body"}]]
[2023-02-13 14:13:25.196][ INFO][none] リクエストの待ち受けを開始します。[Port=8000]
[2023-02-13 14:13:29.737][ INFO][none] 処理を開始します。[GET,/COMMON/userListPrint?param={%22getkbn%22:0,%22jkbn%22:0,%22sdnflg%22:0,%22symd%22:%2220220801%22,%22eymd%22:%2220220901%22}&traceid=123&uniqid=3,X-Original-For=undefined,X-Forwarded-For=undefined]
[2023-02-13 14:13:29.747][ERROR][none] システムエラーが発生しました。[[{"msg":"%sは必須項目です。","param":"avg","location":"body"},{"msg":"ユニークIDは数値を入力してください","param":"avg","location":"body"}]]
[2023-02-13 14:13:29.766][ INFO][none] 処理を開始します。[GET,/SIENP/Keikakureki?param={%22jigyoid%22:1,%22intcode%22:100,%22uniqid%22:3,%22traceid%22:123}&traceid=123&uniqid=3,X-Original-For=undefined,X-Forwarded-For=undefined]
[2023-02-13 14:13:29.768][ERROR][none] システムエラーが発生しました。[[{"msg":"%sは必須項目です。","param":"avg","location":"body"},{"msg":"ユニークIDは数値を入力してください","param":"avg","location":"body"}]]
[2023-02-13 14:14:01.842][ INFO][none] リクエストの待ち受けを開始します。[Port=8000]
[2023-02-13 14:14:04.960][ INFO][none] 処理を開始します。[GET,/COMMON/userListPrint?param={%22getkbn%22:0,%22jkbn%22:0,%22sdnflg%22:0,%22symd%22:%2220220801%22,%22eymd%22:%2220220901%22}&traceid=123&uniqid=3,X-Original-For=undefined,X-Forwarded-For=undefined]
[2023-02-13 14:14:04.967][ERROR][none] システムエラーが発生しました。[[{"msg":"%sは必須項目です。","param":"avg","location":"body"},{"msg":"ユニークIDは数値を入力してください","param":"avg","location":"body"}]]
[2023-02-13 14:14:04.981][ INFO][none] 処理を開始します。[GET,/SIENP/Keikakureki?param={%22jigyoid%22:1,%22intcode%22:100,%22uniqid%22:3,%22traceid%22:123}&traceid=123&uniqid=3,X-Original-For=undefined,X-Forwarded-For=undefined]
[2023-02-13 14:14:04.984][ERROR][none] システムエラーが発生しました。[[{"msg":"%sは必須項目です。","param":"avg","location":"body"},{"msg":"ユニークIDは数値を入力してください","param":"avg","location":"body"}]]
[2023-02-13 14:14:20.846][ INFO][none] リクエストの待ち受けを開始します。[Port=8000]
[2023-02-13 14:14:34.662][ INFO][none] 処理を開始します。[GET,/COMMON/userListPrint?param={%22getkbn%22:0,%22jkbn%22:0,%22sdnflg%22:0,%22symd%22:%2220220801%22,%22eymd%22:%2220220901%22}&traceid=123&uniqid=3,X-Original-For=undefined,X-Forwarded-For=undefined]
[2023-02-13 14:14:34.670][ERROR][none] システムエラーが発生しました。[[{"msg":"%sは必須項目です。","param":"avg","location":"body"},{"msg":"ユニークIDは数値を入力してください","param":"avg","location":"body"}]]
[2023-02-13 14:14:34.684][ INFO][none] 処理を開始します。[GET,/SIENP/Keikakureki?param={%22jigyoid%22:1,%22intcode%22:100,%22uniqid%22:3,%22traceid%22:123}&traceid=123&uniqid=3,X-Original-For=undefined,X-Forwarded-For=undefined]
[2023-02-13 14:14:34.686][ERROR][none] システムエラーが発生しました。[[{"msg":"%sは必須項目です。","param":"avg","location":"body"},{"msg":"ユニークIDは数値を入力してください","param":"avg","location":"body"}]]
[2023-02-13 14:14:46.556][ INFO][none] 処理を開始します。[GET,/COMMON/userListPrint?param={%22getkbn%22:0,%22jkbn%22:0,%22sdnflg%22:0,%22symd%22:%2220220801%22,%22eymd%22:%2220220901%22}&traceid=123&uniqid=3,X-Original-For=undefined,X-Forwarded-For=undefined]
[2023-02-13 14:14:46.558][ERROR][none] システムエラーが発生しました。[[{"msg":"%sは必須項目です。","param":"avg","location":"body"},{"msg":"ユニークIDは数値を入力してください","param":"avg","location":"body"}]]
[2023-02-13 14:14:46.581][ INFO][none] 処理を開始します。[GET,/SIENP/Keikakureki?param={%22jigyoid%22:1,%22intcode%22:100,%22uniqid%22:3,%22traceid%22:123}&traceid=123&uniqid=3,X-Original-For=undefined,X-Forwarded-For=undefined]
[2023-02-13 14:14:46.583][ERROR][none] システムエラーが発生しました。[[{"msg":"%sは必須項目です。","param":"avg","location":"body"},{"msg":"ユニークIDは数値を入力してください","param":"avg","location":"body"}]]
[2023-02-13 14:14:57.539][ INFO][none] リクエストの待ち受けを開始します。[Port=8000]
[2023-02-13 14:15:03.902][ INFO][none] 処理を開始します。[GET,/COMMON/userListPrint?param={%22getkbn%22:0,%22jkbn%22:0,%22sdnflg%22:0,%22symd%22:%2220220801%22,%22eymd%22:%2220220901%22}&traceid=123&uniqid=3,X-Original-For=undefined,X-Forwarded-For=undefined]
[2023-02-13 14:15:03.925][ INFO][none] 処理を開始します。[GET,/SIENP/Keikakureki?param={%22jigyoid%22:1,%22intcode%22:100,%22uniqid%22:3,%22traceid%22:123}&traceid=123&uniqid=3,X-Original-For=undefined,X-Forwarded-For=undefined]
[2023-02-13 14:15:23.670][ INFO][none] リクエストの待ち受けを開始します。[Port=8000]
[2023-02-13 14:15:27.623][ INFO][none] 処理を開始します。[GET,/COMMON/userListPrint?param={%22getkbn%22:0,%22jkbn%22:0,%22sdnflg%22:0,%22symd%22:%2220220801%22,%22eymd%22:%2220220901%22}&traceid=123&uniqid=3,X-Original-For=undefined,X-Forwarded-For=undefined]
[2023-02-13 14:15:27.631][ERROR][none] システムエラーが発生しました。[[{"msg":"%sは必須項目です。","param":"avg","location":"body"},{"msg":"ユニークIDは数値を入力してください","param":"avg","location":"body"}]]
[2023-02-13 14:15:27.647][ INFO][none] 処理を開始します。[GET,/SIENP/Keikakureki?param={%22jigyoid%22:1,%22intcode%22:100,%22uniqid%22:3,%22traceid%22:123}&traceid=123&uniqid=3,X-Original-For=undefined,X-Forwarded-For=undefined]
[2023-02-13 14:15:27.649][ERROR][none] システムエラーが発生しました。[[{"msg":"%sは必須項目です。","param":"avg","location":"body"},{"msg":"ユニークIDは数値を入力してください","param":"avg","location":"body"}]]
[2023-02-13 14:19:59.784][ INFO][none] リクエストの待ち受けを開始します。[Port=8000]
[2023-02-13 14:20:14.229][ INFO][none] 処理を開始します。[GET,/COMMON/userListPrint?param={%22getkbn%22:0,%22jkbn%22:0,%22sdnflg%22:0,%22symd%22:%2220220801%22,%22eymd%22:%2220220901%22}&traceid=123&uniqid=3,X-Original-For=undefined,X-Forwarded-For=undefined]
[2023-02-13 14:20:14.258][ INFO][none] 処理を開始します。[GET,/SIENP/Keikakureki?param={%22jigyoid%22:1,%22intcode%22:100,%22uniqid%22:3,%22traceid%22:123}&traceid=123&uniqid=3,X-Original-For=undefined,X-Forwarded-For=undefined]
[2023-02-13 14:20:14.652][ INFO][none] 処理が正常終了しました。
[2023-02-13 14:20:14.851][ INFO][none] 処理が正常終了しました。
[2023-02-13 14:20:27.167][ INFO][none] 処理を開始します。[GET,/SIENP/Keikakureki?param={%22jigyoid%22:1,%22intcode%22:100,%22uniqid%22:3,%22traceid%22:123}&traceid=123&uniqid=3,X-Original-For=undefined,X-Forwarded-For=undefined]
[2023-02-13 14:20:27.209][ INFO][none] 処理が正常終了しました。
[2023-02-13 14:20:28.932][ INFO][none] 処理を開始します。[GET,/SIENP/Keikakureki?param={%22jigyoid%22:1,%22intcode%22:100,%22uniqid%22:3,%22traceid%22:123}&traceid=123&uniqid=3,X-Original-For=undefined,X-Forwarded-For=undefined]
[2023-02-13 14:20:28.959][ INFO][none] 処理が正常終了しました。
[2023-02-13 14:20:30.076][ INFO][none] 処理を開始します。[GET,/SIENP/Keikakureki?param={%22jigyoid%22:1,%22intcode%22:100,%22uniqid%22:3,%22traceid%22:123}&traceid=123&uniqid=3,X-Original-For=undefined,X-Forwarded-For=undefined]
[2023-02-13 14:20:30.102][ INFO][none] 処理が正常終了しました。
[2023-02-13 14:22:24.386][ INFO][none] リクエストの待ち受けを開始します。[Port=8000]
[2023-02-13 14:22:28.184][ INFO][none] 処理を開始します。[GET,/COMMON/userListPrint?param={%22getkbn%22:0,%22jkbn%22:0,%22sdnflg%22:0,%22symd%22:%2220220801%22,%22eymd%22:%2220220901%22}&traceid=123&uniqid=3,X-Original-For=undefined,X-Forwarded-For=undefined]
[2023-02-13 14:22:28.213][ INFO][none] 処理を開始します。[GET,/SIENP/Keikakureki?param={%22jigyoid%22:1,%22intcode%22:100,%22uniqid%22:3,%22traceid%22:123}&traceid=123&uniqid=3,X-Original-For=undefined,X-Forwarded-For=undefined]
[2023-02-13 14:22:28.274][ INFO][none] 処理が正常終了しました。
[2023-02-13 14:22:28.494][ INFO][none] 処理が正常終了しました。
[2023-02-13 14:22:42.689][ INFO][none] リクエストの待ち受けを開始します。[Port=8000]
[2023-02-13 14:22:46.385][ INFO][none] 処理を開始します。[GET,/COMMON/userListPrint?param={%22getkbn%22:0,%22jkbn%22:0,%22sdnflg%22:0,%22symd%22:%2220220801%22,%22eymd%22:%2220220901%22}&traceid=123&uniqid=3,X-Original-For=undefined,X-Forwarded-For=undefined]
[2023-02-13 14:22:46.409][ INFO][none] 処理を開始します。[GET,/SIENP/Keikakureki?param={%22jigyoid%22:1,%22intcode%22:100,%22uniqid%22:3,%22traceid%22:123}&traceid=123&uniqid=3,X-Original-For=undefined,X-Forwarded-For=undefined]
[2023-02-13 14:22:46.453][ INFO][none] 処理が正常終了しました。
[2023-02-13 14:22:46.618][ INFO][none] 処理が正常終了しました。
[2023-02-13 14:54:16.244][ INFO][none] リクエストの待ち受けを開始します。[Port=8000]
[2023-02-13 14:54:49.013][ INFO][none] リクエストの待ち受けを開始します。[Port=8000]
[2023-02-13 14:55:47.861][ INFO][none] リクエストの待ち受けを開始します。[Port=8000]
[2023-02-13 14:58:17.070][ INFO][none] リクエストの待ち受けを開始します。[Port=8000]
[2023-02-13 14:59:06.547][ INFO][none] リクエストの待ち受けを開始します。[Port=8000]
[2023-02-13 15:00:21.676][ INFO][none] リクエストの待ち受けを開始します。[Port=8000]
[2023-02-13 15:00:27.280][ INFO][none] 処理を開始します。[GET,/COMMON/userListPrint?param={%22getkbn%22:0,%22jkbn%22:0,%22sdnflg%22:0,%22symd%22:%2220220801%22,%22eymd%22:%2220220901%22}&traceid=123&uniqid=3,X-Original-For=undefined,X-Forwarded-For=undefined]
[2023-02-13 15:00:27.312][ INFO][none] 処理を開始します。[GET,/SIENP/Keikakureki?param={%22jigyoid%22:1,%22intcode%22:100,%22uniqid%22:3,%22traceid%22:123}&traceid=123&uniqid=3,X-Original-For=undefined,X-Forwarded-For=undefined]
[2023-02-13 15:00:27.755][ INFO][none] 処理が正常終了しました。
[2023-02-13 15:00:28.042][ INFO][none] 処理が正常終了しました。
[2023-02-13 15:03:31.615][ INFO][none] リクエストの待ち受けを開始します。[Port=8000]
[2023-02-13 15:06:35.854][ INFO][none] リクエストの待ち受けを開始します。[Port=8000]
[2023-02-13 15:07:48.711][ INFO][none] リクエストの待ち受けを開始します。[Port=8000]
[2023-02-13 15:07:54.309][ INFO][none] 処理を開始します。[GET,/COMMON/userListPrint?param={%22getkbn%22:0,%22jkbn%22:0,%22sdnflg%22:0,%22symd%22:%2220220801%22,%22eymd%22:%2220220901%22}&traceid=123&uniqid=3,X-Original-For=undefined,X-Forwarded-For=undefined]
[2023-02-13 15:07:54.336][ INFO][none] 処理を開始します。[GET,/SIENP/Keikakureki?param={%22jigyoid%22:1,%22intcode%22:100,%22uniqid%22:3,%22traceid%22:123}&traceid=123&uniqid=3,X-Original-For=undefined,X-Forwarded-For=undefined]
[2023-02-13 15:07:54.791][ INFO][none] 処理が正常終了しました。
[2023-02-13 15:07:55.374][ INFO][none] 処理が正常終了しました。
[2023-02-13 15:08:17.122][ INFO][none] リクエストの待ち受けを開始します。[Port=8000]
[2023-02-13 15:08:42.543][ INFO][none] リクエストの待ち受けを開始します。[Port=8000]
[2023-02-13 15:10:14.284][ INFO][none] リクエストの待ち受けを開始します。[Port=8000]
[2023-02-13 15:17:47.243][ INFO][none] リクエストの待ち受けを開始します。[Port=8000]
[2023-02-13 15:18:05.318][ INFO][none] リクエストの待ち受けを開始します。[Port=8000]
[2023-02-13 15:18:28.522][ INFO][none] リクエストの待ち受けを開始します。[Port=8000]
[2023-02-13 15:19:37.094][ INFO][none] リクエストの待ち受けを開始します。[Port=8000]
[2023-02-13 15:21:41.656][ INFO][none] リクエストの待ち受けを開始します。[Port=8000]
[2023-02-13 15:26:50.208][ INFO][none] 処理を開始します。[GET,/COMMON/userListPrint?param={%22getkbn%22:0,%22jkbn%22:0,%22sdnflg%22:0,%22symd%22:%2220220801%22,%22eymd%22:%2220220901%22}&traceid=123&uniqid=3,X-Original-For=undefined,X-Forwarded-For=undefined]
[2023-02-13 15:26:50.238][ INFO][none] 処理を開始します。[GET,/SIENP/Keikakureki?param={%22jigyoid%22:1,%22intcode%22:100,%22uniqid%22:3,%22traceid%22:123}&traceid=123&uniqid=3,X-Original-For=undefined,X-Forwarded-For=undefined]
[2023-02-13 15:26:51.534][ INFO][none] リクエストの待ち受けを開始します。[Port=8000]
[2023-02-13 15:26:56.309][ INFO][none] 処理を開始します。[GET,/COMMON/userListPrint?param={%22getkbn%22:0,%22jkbn%22:0,%22sdnflg%22:0,%22symd%22:%2220220801%22,%22eymd%22:%2220220901%22}&traceid=123&uniqid=3,X-Original-For=undefined,X-Forwarded-For=undefined]
[2023-02-13 15:26:56.333][ INFO][none] 処理を開始します。[GET,/SIENP/Keikakureki?param={%22jigyoid%22:1,%22intcode%22:100,%22uniqid%22:3,%22traceid%22:123}&traceid=123&uniqid=3,X-Original-For=undefined,X-Forwarded-For=undefined]
[2023-02-13 15:26:56.417][ INFO][none] 処理が正常終了しました。
[2023-02-13 15:26:56.709][ INFO][none] 処理が正常終了しました。
[2023-02-13 15:28:14.694][ INFO][none] リクエストの待ち受けを開始します。[Port=8000]
[2023-02-13 15:32:19.435][ INFO][none] 処理を開始します。[GET,/COMMON/userListPrint?param={%22getkbn%22:0,%22jkbn%22:0,%22sdnflg%22:0,%22symd%22:%2220220801%22,%22eymd%22:%2220220901%22}&traceid=123&uniqid=3,X-Original-For=undefined,X-Forwarded-For=undefined]
[2023-02-13 15:32:19.463][ INFO][none] 処理を開始します。[GET,/SIENP/Keikakureki?param={%22jigyoid%22:1,%22intcode%22:100,%22uniqid%22:3,%22traceid%22:123}&traceid=123&uniqid=3,X-Original-For=undefined,X-Forwarded-For=undefined]
[2023-02-13 15:32:20.045][ INFO][none] 処理が正常終了しました。
[2023-02-13 15:32:20.273][ INFO][none] 処理が正常終了しました。
[2023-02-13 15:48:44.871][ INFO][none] リクエストの待ち受けを開始します。[Port=8000]
[2023-02-13 15:56:46.287][ INFO][none] リクエストの待ち受けを開始します。[Port=8000]
[2023-02-13 15:56:54.817][ INFO][none] リクエストの待ち受けを開始します。[Port=8000]
[2023-02-13 15:56:58.578][ INFO][none] 処理を開始します。[GET,/COMMON/userListPrint?param={%22getkbn%22:0,%22jkbn%22:0,%22sdnflg%22:0,%22symd%22:%2220220801%22,%22eymd%22:%2220220901%22}&traceid=123&uniqid=3,X-Original-For=undefined,X-Forwarded-For=undefined]
[2023-02-13 15:56:58.602][ INFO][none] 処理を開始します。[GET,/SIENP/Keikakureki?param={%22jigyoid%22:1,%22intcode%22:100,%22uniqid%22:3,%22traceid%22:123}&traceid=123&uniqid=3,X-Original-For=undefined,X-Forwarded-For=undefined]
[2023-02-13 15:56:59.073][ INFO][none] 処理が正常終了しました。
[2023-02-13 15:56:59.368][ INFO][none] 処理が正常終了しました。
[2023-02-13 15:58:09.506][ INFO][none] リクエストの待ち受けを開始します。[Port=8000]
[2023-02-13 15:58:33.686][ INFO][none] リクエストの待ち受けを開始します。[Port=8000]
[2023-02-13 16:00:39.180][ INFO][none] リクエストの待ち受けを開始します。[Port=8000]
[2023-02-13 16:00:47.975][ INFO][none] 処理を開始します。[GET,/COMMON/userListPrint?param={%22getkbn%22:0,%22jkbn%22:0,%22sdnflg%22:0,%22symd%22:%2220220801%22,%22eymd%22:%2220220901%22}&traceid=123&uniqid=3,X-Original-For=undefined,X-Forwarded-For=undefined]
[2023-02-13 16:00:48.002][ INFO][none] 処理を開始します。[GET,/SIENP/Keikakureki?param={%22jigyoid%22:1,%22intcode%22:100,%22uniqid%22:3,%22traceid%22:123}&traceid=123&uniqid=3,X-Original-For=undefined,X-Forwarded-For=undefined]
[2023-02-13 16:00:48.063][ INFO][none] 処理が正常終了しました。
[2023-02-13 16:00:48.358][ INFO][none] 処理が正常終了しました。
[2023-02-13 16:01:23.132][ INFO][none] リクエストの待ち受けを開始します。[Port=8000]
[2023-02-13 16:01:27.106][ INFO][none] 処理を開始します。[GET,/COMMON/userListPrint?param={%22getkbn%22:0,%22jkbn%22:0,%22sdnflg%22:0,%22symd%22:%2220220801%22,%22eymd%22:%2220220901%22}&traceid=123&uniqid=3,X-Original-For=undefined,X-Forwarded-For=undefined]
[2023-02-13 16:01:27.131][ INFO][none] 処理を開始します。[GET,/SIENP/Keikakureki?param={%22jigyoid%22:1,%22intcode%22:100,%22uniqid%22:3,%22traceid%22:123}&traceid=123&uniqid=3,X-Original-For=undefined,X-Forwarded-For=undefined]
[2023-02-13 16:01:27.190][ INFO][none] 処理が正常終了しました。
[2023-02-13 16:01:27.389][ INFO][none] 処理が正常終了しました。
[2023-02-13 16:01:37.695][ INFO][none] 処理を開始します。[GET,/SIENP/Keikakureki?param={%22jigyoid%22:1,%22intcode%22:100,%22uniqid%22:3,%22traceid%22:123}&traceid=123&uniqid=3,X-Original-For=undefined,X-Forwarded-For=undefined]
[2023-02-13 16:01:37.731][ INFO][none] 処理が正常終了しました。
[2023-02-13 16:02:20.935][ INFO][none] リクエストの待ち受けを開始します。[Port=8000]
[2023-02-13 16:02:24.617][ INFO][none] 処理を開始します。[GET,/COMMON/userListPrint?param={%22getkbn%22:0,%22jkbn%22:0,%22sdnflg%22:0,%22symd%22:%2220220801%22,%22eymd%22:%2220220901%22}&traceid=123&uniqid=3,X-Original-For=undefined,X-Forwarded-For=undefined]
[2023-02-13 16:02:24.643][ INFO][none] 処理を開始します。[GET,/SIENP/Keikakureki?param={%22jigyoid%22:1,%22intcode%22:100,%22uniqid%22:3,%22traceid%22:123}&traceid=123&uniqid=3,X-Original-For=undefined,X-Forwarded-For=undefined]
[2023-02-13 16:02:25.366][ INFO][none] 処理が正常終了しました。
[2023-02-13 16:02:25.568][ INFO][none] 処理が正常終了しました。
[2023-02-13 16:05:06.225][ INFO][none] 処理を開始します。[GET,/SIENP/Keikakureki?param={%22jigyoid%22:1,%22intcode%22:100,%22uniqid%22:3,%22traceid%22:123}&traceid=123&uniqid=3,X-Original-For=undefined,X-Forwarded-For=undefined]
[2023-02-13 16:05:06.270][ INFO][none] 処理が正常終了しました。
[2023-02-13 16:05:18.557][ INFO][none] 処理を開始します。[GET,/SIENP/Keikakureki?param={%22jigyoid%22:1,%22intcode%22:100,%22uniqid%22:3,%22traceid%22:123}&traceid=123&uniqid=3,X-Original-For=undefined,X-Forwarded-For=undefined]
[2023-02-13 16:05:18.605][ INFO][none] 処理が正常終了しました。
[2023-02-13 16:05:21.917][ INFO][none] 処理を開始します。[GET,/COMMON/userListPrint?param={%22getkbn%22:0,%22jkbn%22:0,%22sdnflg%22:0,%22symd%22:%2220220801%22,%22eymd%22:%2220220901%22}&traceid=123&uniqid=3,X-Original-For=undefined,X-Forwarded-For=undefined]
[2023-02-13 16:05:21.945][ INFO][none] 処理を開始します。[GET,/SIENP/Keikakureki?param={%22jigyoid%22:1,%22intcode%22:100,%22uniqid%22:3,%22traceid%22:123}&traceid=123&uniqid=3,X-Original-For=undefined,X-Forwarded-For=undefined]
[2023-02-13 16:05:21.990][ INFO][none] 処理が正常終了しました。
[2023-02-13 16:05:22.137][ INFO][none] 処理が正常終了しました。
[2023-02-13 16:05:27.131][ INFO][none] 処理を開始します。[GET,/SIENP/Keikakureki?param={%22jigyoid%22:1,%22intcode%22:100,%22uniqid%22:3,%22traceid%22:123}&traceid=123&uniqid=3,X-Original-For=undefined,X-Forwarded-For=undefined]
[2023-02-13 16:05:27.159][ INFO][none] 処理が正常終了しました。
[2023-02-13 16:09:36.811][ INFO][none] 処理を開始します。[GET,/SIENP/Keikakureki?param={%22jigyoid%22:1,%22intcode%22:100,%22uniqid%22:3,%22traceid%22:123}&traceid=123&uniqid=3,X-Original-For=undefined,X-Forwarded-For=undefined]
[2023-02-13 16:09:36.861][ INFO][none] 処理が正常終了しました。
[2023-02-13 16:11:24.183][ INFO][none] 処理を開始します。[GET,/SIENP/Keikakureki?param={%22jigyoid%22:1,%22intcode%22:100,%22uniqid%22:3,%22traceid%22:123}&traceid=123&uniqid=3,X-Original-For=undefined,X-Forwarded-For=undefined]
[2023-02-13 16:11:24.256][ INFO][none] 処理が正常終了しました。
[2023-02-13 16:11:25.791][ INFO][none] 処理を開始します。[GET,/COMMON/userListPrint?param={%22getkbn%22:0,%22jkbn%22:0,%22sdnflg%22:0,%22symd%22:%2220220801%22,%22eymd%22:%2220220901%22}&traceid=123&uniqid=3,X-Original-For=undefined,X-Forwarded-For=undefined]
[2023-02-13 16:11:25.819][ INFO][none] 処理を開始します。[GET,/SIENP/Keikakureki?param={%22jigyoid%22:1,%22intcode%22:100,%22uniqid%22:3,%22traceid%22:123}&traceid=123&uniqid=3,X-Original-For=undefined,X-Forwarded-For=undefined]
[2023-02-13 16:11:25.857][ INFO][none] 処理が正常終了しました。
[2023-02-13 16:11:26.064][ INFO][none] 処理が正常終了しました。
[2023-02-13 16:11:27.699][ INFO][none] 処理を開始します。[GET,/SIENP/Keikakureki?param={%22jigyoid%22:1,%22intcode%22:100,%22uniqid%22:3,%22traceid%22:123}&traceid=123&uniqid=3,X-Original-For=undefined,X-Forwarded-For=undefined]
[2023-02-13 16:11:27.733][ INFO][none] 処理が正常終了しました。
[2023-02-13 16:11:55.393][ INFO][none] 処理を開始します。[GET,/SIENP/Keikakureki?param={%22jigyoid%22:1,%22intcode%22:100,%22uniqid%22:3,%22traceid%22:123}&traceid=123&uniqid=3,X-Original-For=undefined,X-Forwarded-For=undefined]
[2023-02-13 16:11:55.431][ INFO][none] 処理が正常終了しました。
[2023-02-13 16:11:55.498][ INFO][none] 処理を開始します。[GET,/SIENP/Keikakureki?param={%22jigyoid%22:1,%22intcode%22:100,%22uniqid%22:3,%22traceid%22:123}&traceid=123&uniqid=3,X-Original-For=undefined,X-Forwarded-For=undefined]
[2023-02-13 16:11:55.523][ INFO][none] 処理が正常終了しました。
[2023-02-13 16:12:50.208][ INFO][none] 処理を開始します。[GET,/SIENP/Keikakureki?param={%22jigyoid%22:1,%22intcode%22:100,%22uniqid%22:3,%22traceid%22:123}&traceid=123&uniqid=3,X-Original-For=undefined,X-Forwarded-For=undefined]
[2023-02-13 16:12:50.602][ INFO][none] 処理が正常終了しました。
[2023-02-13 16:13:07.709][ INFO][none] 処理を開始します。[GET,/SIENP/Keikakureki?param={%22jigyoid%22:1,%22intcode%22:100,%22uniqid%22:3,%22traceid%22:123}&traceid=123&uniqid=3,X-Original-For=undefined,X-Forwarded-For=undefined]
[2023-02-13 16:13:07.746][ INFO][none] 処理が正常終了しました。
[2023-02-13 16:13:11.882][ INFO][none] 処理を開始します。[GET,/SIENP/Keikakureki?param={%22jigyoid%22:1,%22intcode%22:100,%22uniqid%22:3,%22traceid%22:123}&traceid=123&uniqid=3,X-Original-For=undefined,X-Forwarded-For=undefined]
[2023-02-13 16:13:11.905][ INFO][none] 処理が正常終了しました。
[2023-02-13 16:13:16.536][ INFO][none] 処理を開始します。[GET,/COMMON/userListPrint?param={%22getkbn%22:0,%22jkbn%22:0,%22sdnflg%22:0,%22symd%22:%2220220801%22,%22eymd%22:%2220220901%22}&traceid=123&uniqid=3,X-Original-For=undefined,X-Forwarded-For=undefined]
[2023-02-13 16:13:16.565][ INFO][none] 処理を開始します。[GET,/SIENP/Keikakureki?param={%22jigyoid%22:1,%22intcode%22:100,%22uniqid%22:3,%22traceid%22:123}&traceid=123&uniqid=3,X-Original-For=undefined,X-Forwarded-For=undefined]
[2023-02-13 16:13:16.614][ INFO][none] 処理が正常終了しました。
[2023-02-13 16:13:16.803][ INFO][none] 処理が正常終了しました。
[2023-02-13 16:13:18.172][ INFO][none] 処理を開始します。[GET,/SIENP/week-keikaku/saishin-reki/2?param={%22jigyoid%22:1,%22intcode%22:%220000001%22,%22ymd%22:%2220230213%22,%22kbn%22:2}&traceid=123&uniqid=3,X-Original-For=undefined,X-Forwarded-For=undefined]
[2023-02-13 16:13:18.175][ INFO][none] 処理を開始します。[GET,/SIENP/Keikakureki?param={%22jigyoid%22:1,%22intcode%22:100,%22uniqid%22:3,%22traceid%22:123}&traceid=123&uniqid=3,X-Original-For=undefined,X-Forwarded-For=undefined]
[2023-02-13 16:13:18.197][ INFO][none] 処理が正常終了しました。
[2023-02-13 16:13:52.392][ INFO][none] 処理を開始します。[GET,/COMMON/userListPrint?param={%22getkbn%22:0,%22jkbn%22:0,%22sdnflg%22:0,%22symd%22:%2220220801%22,%22eymd%22:%2220220901%22}&traceid=123&uniqid=3,X-Original-For=undefined,X-Forwarded-For=undefined]
[2023-02-13 16:13:52.441][ INFO][none] 処理を開始します。[GET,/SIENP/moniSaishinReki?param={%22uniqid%22:3,%22traceid%22:123,%22keitype%22:1,%22jigyoid%22:62,%22intcode%22:102}&traceid=123&uniqid=3,X-Original-For=undefined,X-Forwarded-For=undefined]
[2023-02-13 16:13:52.447][ INFO][none] 処理を開始します。[GET,/SIENP/moniReki?param={%22uniqid%22:3,%22traceid%22:123,%22jigyoid%22:62,%22intcode%22:102}&traceid=123&uniqid=3,X-Original-For=undefined,X-Forwarded-For=undefined]
[2023-02-13 16:13:52.482][ INFO][none] 処理を開始します。[GET,/SIENP/Keikakureki?param={%22jigyoid%22:1,%22intcode%22:100,%22uniqid%22:3,%22traceid%22:123}&traceid=123&uniqid=3,X-Original-For=undefined,X-Forwarded-For=undefined]
[2023-02-13 16:13:52.621][ INFO][none] 処理が正常終了しました。
[2023-02-13 16:13:52.622][ INFO][none] 処理が正常終了しました。
[2023-02-13 16:13:52.657][ INFO][none] 処理が正常終了しました。
[2023-02-13 16:13:53.235][ INFO][none] 処理が正常終了しました。
[2023-02-13 16:13:58.112][ INFO][none] 処理を開始します。[GET,/COMMON/userListPrint?param={%22getkbn%22:0,%22jkbn%22:0,%22sdnflg%22:0,%22symd%22:%2220220801%22,%22eymd%22:%2220220901%22}&traceid=123&uniqid=3,X-Original-For=undefined,X-Forwarded-For=undefined]
[2023-02-13 16:13:58.139][ INFO][none] 処理を開始します。[GET,/SIENP/Keikakureki?param={%22jigyoid%22:1,%22intcode%22:100,%22uniqid%22:3,%22traceid%22:123}&traceid=123&uniqid=3,X-Original-For=undefined,X-Forwarded-For=undefined]
[2023-02-13 16:13:58.214][ INFO][none] 処理が正常終了しました。
[2023-02-13 16:13:58.655][ INFO][none] 処理が正常終了しました。
[2023-02-13 16:13:59.888][ INFO][none] 処理を開始します。[GET,/SIENP/week-keikaku/saishin-reki/2?param={%22jigyoid%22:1,%22intcode%22:%220000001%22,%22ymd%22:%2220230213%22,%22kbn%22:2}&traceid=123&uniqid=3,X-Original-For=undefined,X-Forwarded-For=undefined]
[2023-02-13 16:13:59.889][ INFO][none] 処理を開始します。[GET,/SIENP/Keikakureki?param={%22jigyoid%22:1,%22intcode%22:100,%22uniqid%22:3,%22traceid%22:123}&traceid=123&uniqid=3,X-Original-For=undefined,X-Forwarded-For=undefined]
[2023-02-13 16:13:59.914][ INFO][none] 処理が正常終了しました。
[2023-02-13 16:14:37.210][ INFO][none] 処理を開始します。[GET,/COMMON/userListPrint?param={%22getkbn%22:0,%22jkbn%22:0,%22sdnflg%22:0,%22symd%22:%2220220801%22,%22eymd%22:%2220220901%22}&traceid=123&uniqid=3,X-Original-For=undefined,X-Forwarded-For=undefined]
[2023-02-13 16:14:37.265][ INFO][none] 処理を開始します。[GET,/SIENP/moniSaishinReki?param={%22uniqid%22:3,%22traceid%22:123,%22keitype%22:1,%22jigyoid%22:62,%22intcode%22:102}&traceid=123&uniqid=3,X-Original-For=undefined,X-Forwarded-For=undefined]
[2023-02-13 16:14:37.270][ INFO][none] 処理を開始します。[GET,/SIENP/moniReki?param={%22uniqid%22:3,%22traceid%22:123,%22jigyoid%22:62,%22intcode%22:102}&traceid=123&uniqid=3,X-Original-For=undefined,X-Forwarded-For=undefined]
[2023-02-13 16:14:37.310][ INFO][none] 処理を開始します。[GET,/SIENP/Keikakureki?param={%22jigyoid%22:1,%22intcode%22:100,%22uniqid%22:3,%22traceid%22:123}&traceid=123&uniqid=3,X-Original-For=undefined,X-Forwarded-For=undefined]
[2023-02-13 16:14:37.317][ INFO][none] 処理が正常終了しました。
[2023-02-13 16:14:37.325][ INFO][none] 処理が正常終了しました。
[2023-02-13 16:14:37.426][ INFO][none] 処理が正常終了しました。
[2023-02-13 16:14:37.547][ INFO][none] 処理が正常終了しました。
[2023-02-13 16:14:39.153][ INFO][none] 処理を開始します。[GET,/SIENP/week-keikaku/saishin-reki/2?param={%22jigyoid%22:1,%22intcode%22:%220000032%22,%22ymd%22:%2220230213%22,%22kbn%22:2}&traceid=123&uniqid=3,X-Original-For=undefined,X-Forwarded-For=undefined]
[2023-02-13 16:14:39.154][ INFO][none] 処理を開始します。[GET,/SIENP/Keikakureki?param={%22jigyoid%22:1,%22intcode%22:100,%22uniqid%22:3,%22traceid%22:123}&traceid=123&uniqid=3,X-Original-For=undefined,X-Forwarded-For=undefined]
[2023-02-13 16:14:39.176][ INFO][none] 処理が正常終了しました。
[2023-02-13 16:14:41.375][ INFO][none] 処理を開始します。[GET,/COMMON/userListPrint?param={%22getkbn%22:0,%22jkbn%22:0,%22sdnflg%22:0,%22symd%22:%2220220801%22,%22eymd%22:%2220220901%22}&traceid=123&uniqid=3,X-Original-For=undefined,X-Forwarded-For=undefined]
[2023-02-13 16:14:41.399][ INFO][none] 処理を開始します。[GET,/SIENP/Keikakureki?param={%22jigyoid%22:1,%22intcode%22:100,%22uniqid%22:3,%22traceid%22:123}&traceid=123&uniqid=3,X-Original-For=undefined,X-Forwarded-For=undefined]
[2023-02-13 16:14:41.481][ INFO][none] 処理が正常終了しました。
[2023-02-13 16:14:41.626][ INFO][none] 処理が正常終了しました。
[2023-02-13 16:14:47.492][ INFO][none] 処理を開始します。[GET,/SIENP/week-keikaku/saishin-reki/2?param={%22jigyoid%22:1,%22intcode%22:%220000001%22,%22ymd%22:%2220230213%22,%22kbn%22:2}&traceid=123&uniqid=3,X-Original-For=undefined,X-Forwarded-For=undefined]
[2023-02-13 16:14:47.495][ INFO][none] 処理を開始します。[GET,/SIENP/Keikakureki?param={%22jigyoid%22:1,%22intcode%22:100,%22uniqid%22:3,%22traceid%22:123}&traceid=123&uniqid=3,X-Original-For=undefined,X-Forwarded-For=undefined]
[2023-02-13 16:14:47.536][ INFO][none] 処理が正常終了しました。
[2023-02-13 16:16:05.506][ INFO][none] リクエストの待ち受けを開始します。[Port=8000]
[2023-02-13 16:20:51.518][ INFO][none] 処理を開始します。[GET,/SIENP/Keikakureki?param={%22jigyoid%22:1,%22intcode%22:100,%22uniqid%22:3,%22traceid%22:123}&traceid=123&uniqid=3,X-Original-For=undefined,X-Forwarded-For=undefined]
[2023-02-13 16:20:51.605][ INFO][none] 処理が正常終了しました。
[2023-02-13 16:20:55.963][ INFO][none] 処理を開始します。[GET,/COMMON/userListPrint?param={%22getkbn%22:0,%22jkbn%22:0,%22sdnflg%22:0,%22symd%22:%2220220801%22,%22eymd%22:%2220220901%22}&traceid=123&uniqid=3,X-Original-For=undefined,X-Forwarded-For=undefined]
[2023-02-13 16:20:55.991][ INFO][none] 処理を開始します。[GET,/SIENP/Keikakureki?param={%22jigyoid%22:1,%22intcode%22:100,%22uniqid%22:3,%22traceid%22:123}&traceid=123&uniqid=3,X-Original-For=undefined,X-Forwarded-For=undefined]
[2023-02-13 16:20:56.027][ INFO][none] 処理が正常終了しました。
[2023-02-13 16:20:56.255][ INFO][none] 処理が正常終了しました。
[2023-02-13 16:21:00.923][ INFO][none] 処理を開始します。[GET,/SIENP/weekKeikakuSaishinReki/2?param={%22jigyoid%22:1,%22intcode%22:%220000001%22,%22ymd%22:%2220230213%22,%22kbn%22:2}&traceid=123&uniqid=3,X-Original-For=undefined,X-Forwarded-For=undefined]
[2023-02-13 16:21:00.927][ INFO][none] 処理を開始します。[GET,/SIENP/Keikakureki?param={%22jigyoid%22:1,%22intcode%22:100,%22uniqid%22:3,%22traceid%22:123}&traceid=123&uniqid=3,X-Original-For=undefined,X-Forwarded-For=undefined]
[2023-02-13 16:21:00.960][ INFO][none] 処理が正常終了しました。
[2023-02-13 16:21:24.095][ INFO][none] リクエストの待ち受けを開始します。[Port=8000]
[2023-02-13 16:21:28.712][ INFO][none] 処理を開始します。[GET,/COMMON/userListPrint?param={%22getkbn%22:0,%22jkbn%22:0,%22sdnflg%22:0,%22symd%22:%2220220801%22,%22eymd%22:%2220220901%22}&traceid=123&uniqid=3,X-Original-For=undefined,X-Forwarded-For=undefined]
[2023-02-13 16:21:28.740][ INFO][none] 処理を開始します。[GET,/SIENP/Keikakureki?param={%22jigyoid%22:1,%22intcode%22:100,%22uniqid%22:3,%22traceid%22:123}&traceid=123&uniqid=3,X-Original-For=undefined,X-Forwarded-For=undefined]
[2023-02-13 16:21:28.805][ INFO][none] 処理が正常終了しました。
[2023-02-13 16:21:29.050][ INFO][none] 処理が正常終了しました。
[2023-02-13 16:21:30.314][ INFO][none] 処理を開始します。[GET,/SIENP/weekKeikakuSaishinReki/2?param={%22jigyoid%22:1,%22intcode%22:%220000001%22,%22ymd%22:%2220230213%22,%22kbn%22:2}&traceid=123&uniqid=3,X-Original-For=undefined,X-Forwarded-For=undefined]
[2023-02-13 16:21:30.317][ INFO][none] 処理を開始します。[GET,/SIENP/Keikakureki?param={%22jigyoid%22:1,%22intcode%22:100,%22uniqid%22:3,%22traceid%22:123}&traceid=123&uniqid=3,X-Original-For=undefined,X-Forwarded-For=undefined]
[2023-02-13 16:21:30.338][ INFO][none] 処理が正常終了しました。
[2023-02-13 16:22:13.519][ INFO][none] リクエストの待ち受けを開始します。[Port=8000]
[2023-02-13 16:22:16.820][ INFO][none] 処理を開始します。[GET,/COMMON/userListPrint?param={%22getkbn%22:0,%22jkbn%22:0,%22sdnflg%22:0,%22symd%22:%2220220801%22,%22eymd%22:%2220220901%22}&traceid=123&uniqid=3,X-Original-For=undefined,X-Forwarded-For=undefined]
[2023-02-13 16:22:16.849][ INFO][none] 処理を開始します。[GET,/SIENP/Keikakureki?param={%22jigyoid%22:1,%22intcode%22:100,%22uniqid%22:3,%22traceid%22:123}&traceid=123&uniqid=3,X-Original-For=undefined,X-Forwarded-For=undefined]
[2023-02-13 16:22:16.912][ INFO][none] 処理が正常終了しました。
[2023-02-13 16:22:17.175][ INFO][none] 処理が正常終了しました。
[2023-02-13 16:22:18.363][ INFO][none] 処理を開始します。[GET,/SIENP/weekKeikakuSaishinReki/2?param={%22jigyoid%22:1,%22intcode%22:%220000001%22,%22ymd%22:%2220230213%22,%22kbn%22:2}&traceid=123&uniqid=3,X-Original-For=undefined,X-Forwarded-For=undefined]
[2023-02-13 16:22:18.367][ INFO][none] 処理を開始します。[GET,/SIENP/Keikakureki?param={%22jigyoid%22:1,%22intcode%22:100,%22uniqid%22:3,%22traceid%22:123}&traceid=123&uniqid=3,X-Original-For=undefined,X-Forwarded-For=undefined]
[2023-02-13 16:22:18.390][ INFO][none] 処理が正常終了しました。
[2023-02-13 16:24:41.937][ INFO][none] リクエストの待ち受けを開始します。[Port=8000]
[2023-02-13 16:24:58.770][ INFO][none] 処理を開始します。[GET,/COMMON/userListPrint?param={%22getkbn%22:0,%22jkbn%22:0,%22sdnflg%22:0,%22symd%22:%2220220801%22,%22eymd%22:%2220220901%22}&traceid=123&uniqid=3,X-Original-For=undefined,X-Forwarded-For=undefined]
[2023-02-13 16:24:58.800][ INFO][none] 処理を開始します。[GET,/SIENP/Keikakureki?param={%22jigyoid%22:1,%22intcode%22:100,%22uniqid%22:3,%22traceid%22:123}&traceid=123&uniqid=3,X-Original-For=undefined,X-Forwarded-For=undefined]
[2023-02-13 16:24:59.888][ INFO][none] 処理が正常終了しました。
[2023-02-13 16:25:00.138][ INFO][none] 処理が正常終了しました。
[2023-02-13 16:25:02.091][ INFO][none] 処理を開始します。[GET,/COMMON/userListPrint?param={%22getkbn%22:0,%22jkbn%22:0,%22sdnflg%22:0,%22symd%22:%2220220801%22,%22eymd%22:%2220220901%22}&traceid=123&uniqid=3,X-Original-For=undefined,X-Forwarded-For=undefined]
[2023-02-13 16:25:02.116][ INFO][none] 処理を開始します。[GET,/SIENP/Keikakureki?param={%22jigyoid%22:1,%22intcode%22:100,%22uniqid%22:3,%22traceid%22:123}&traceid=123&uniqid=3,X-Original-For=undefined,X-Forwarded-For=undefined]
[2023-02-13 16:25:02.147][ INFO][none] 処理が正常終了しました。
[2023-02-13 16:25:02.318][ INFO][none] 処理が正常終了しました。
[2023-02-13 16:25:03.865][ INFO][none] 処理を開始します。[GET,/SIENP/weekKeikakuSaishinReki/2?param={%22jigyoid%22:1,%22intcode%22:%220000001%22,%22ymd%22:%2220230213%22,%22kbn%22:2}&traceid=123&uniqid=3,X-Original-For=undefined,X-Forwarded-For=undefined]
[2023-02-13 16:25:03.869][ INFO][none] 処理を開始します。[GET,/SIENP/Keikakureki?param={%22jigyoid%22:1,%22intcode%22:100,%22uniqid%22:3,%22traceid%22:123}&traceid=123&uniqid=3,X-Original-For=undefined,X-Forwarded-For=undefined]
[2023-02-13 16:25:03.894][ INFO][none] 処理が正常終了しました。
[2023-02-13 16:25:46.430][ INFO][none] リクエストの待ち受けを開始します。[Port=8000]
[2023-02-13 16:25:49.186][ INFO][none] 処理を開始します。[GET,/COMMON/userListPrint?param={%22getkbn%22:0,%22jkbn%22:0,%22sdnflg%22:0,%22symd%22:%2220220801%22,%22eymd%22:%2220220901%22}&traceid=123&uniqid=3,X-Original-For=undefined,X-Forwarded-For=undefined]
[2023-02-13 16:25:49.213][ INFO][none] 処理を開始します。[GET,/SIENP/Keikakureki?param={%22jigyoid%22:1,%22intcode%22:100,%22uniqid%22:3,%22traceid%22:123}&traceid=123&uniqid=3,X-Original-For=undefined,X-Forwarded-For=undefined]
[2023-02-13 16:25:49.272][ INFO][none] 処理が正常終了しました。
[2023-02-13 16:25:49.505][ INFO][none] 処理が正常終了しました。
[2023-02-13 16:25:53.938][ INFO][none] 処理を開始します。[GET,/SIENP/weekKeikakuSaishinReki/2?param={%22jigyoid%22:1,%22intcode%22:%220000001%22,%22ymd%22:%2220230213%22,%22kbn%22:2}&traceid=123&uniqid=3,X-Original-For=undefined,X-Forwarded-For=undefined]
[2023-02-13 16:25:53.941][ INFO][none] 処理を開始します。[GET,/SIENP/Keikakureki?param={%22jigyoid%22:1,%22intcode%22:100,%22uniqid%22:3,%22traceid%22:123}&traceid=123&uniqid=3,X-Original-For=undefined,X-Forwarded-For=undefined]
[2023-02-13 16:25:53.970][ INFO][none] 処理が正常終了しました。
[2023-02-13 16:26:01.952][ INFO][none] 処理を開始します。[GET,/SIENP/Keikakureki?param={%22jigyoid%22:1,%22intcode%22:100,%22uniqid%22:3,%22traceid%22:123}&traceid=123&uniqid=3,X-Original-For=undefined,X-Forwarded-For=undefined]
[2023-02-13 16:26:01.957][ INFO][none] 処理を開始します。[GET,/SIENP/weekKeikakuSaishinReki/2?param={%22jigyoid%22:1,%22intcode%22:%220000008%22,%22ymd%22:%2220230213%22,%22kbn%22:2}&traceid=123&uniqid=3,X-Original-For=undefined,X-Forwarded-For=undefined]
[2023-02-13 16:26:01.991][ INFO][none] 処理が正常終了しました。
[2023-02-13 16:27:21.650][ INFO][none] リクエストの待ち受けを開始します。[Port=8000]
[2023-02-13 16:27:27.008][ INFO][none] 処理を開始します。[GET,/COMMON/userListPrint?param={%22getkbn%22:0,%22jkbn%22:0,%22sdnflg%22:0,%22symd%22:%2220220801%22,%22eymd%22:%2220220901%22}&traceid=123&uniqid=3,X-Original-For=undefined,X-Forwarded-For=undefined]
[2023-02-13 16:27:27.034][ INFO][none] 処理を開始します。[GET,/SIENP/Keikakureki?param={%22jigyoid%22:1,%22intcode%22:100,%22uniqid%22:3,%22traceid%22:123}&traceid=123&uniqid=3,X-Original-For=undefined,X-Forwarded-For=undefined]
[2023-02-13 16:27:27.116][ INFO][none] 処理が正常終了しました。
[2023-02-13 16:27:27.318][ INFO][none] 処理が正常終了しました。
[2023-02-13 16:27:31.971][ INFO][none] 処理を開始します。[GET,/SIENP/weekKeikakuSaishinReki/2?param={%22jigyoid%22:1,%22intcode%22:%220000001%22,%22ymd%22:%2220230213%22,%22kbn%22:2}&traceid=123&uniqid=3,X-Original-For=undefined,X-Forwarded-For=undefined]
[2023-02-13 16:27:31.975][ INFO][none] 処理を開始します。[GET,/SIENP/Keikakureki?param={%22jigyoid%22:1,%22intcode%22:100,%22uniqid%22:3,%22traceid%22:123}&traceid=123&uniqid=3,X-Original-For=undefined,X-Forwarded-For=undefined]
[2023-02-13 16:27:32.002][ INFO][none] 処理が正常終了しました。
[2023-02-13 16:28:22.317][ INFO][none] リクエストの待ち受けを開始します。[Port=8000]
[2023-02-13 16:28:23.500][ INFO][none] 処理を開始します。[GET,/SIENP/weekKeikakuSaishinReki/2?param={%22jigyoid%22:1,%22intcode%22:%220000028%22,%22ymd%22:%2220230213%22,%22kbn%22:2}&traceid=123&uniqid=3,X-Original-For=undefined,X-Forwarded-For=undefined]
[2023-02-13 16:28:23.507][ INFO][none] 処理を開始します。[GET,/SIENP/Keikakureki?param={%22jigyoid%22:1,%22intcode%22:100,%22uniqid%22:3,%22traceid%22:123}&traceid=123&uniqid=3,X-Original-For=undefined,X-Forwarded-For=undefined]
[2023-02-13 16:28:23.755][ INFO][none] 処理が正常終了しました。
[2023-02-13 16:28:25.674][ INFO][none] 処理を開始します。[GET,/COMMON/userListPrint?param={%22getkbn%22:0,%22jkbn%22:0,%22sdnflg%22:0,%22symd%22:%2220220801%22,%22eymd%22:%2220220901%22}&traceid=123&uniqid=3,X-Original-For=undefined,X-Forwarded-For=undefined]
[2023-02-13 16:28:25.703][ INFO][none] 処理を開始します。[GET,/SIENP/Keikakureki?param={%22jigyoid%22:1,%22intcode%22:100,%22uniqid%22:3,%22traceid%22:123}&traceid=123&uniqid=3,X-Original-For=undefined,X-Forwarded-For=undefined]
[2023-02-13 16:28:25.802][ INFO][none] 処理が正常終了しました。
[2023-02-13 16:28:26.479][ INFO][none] 処理が正常終了しました。
[2023-02-13 16:28:29.977][ INFO][none] 処理を開始します。[GET,/SIENP/weekKeikakuSaishinReki/2?param={%22jigyoid%22:1,%22intcode%22:%220000001%22,%22ymd%22:%2220230213%22,%22kbn%22:2}&traceid=123&uniqid=3,X-Original-For=undefined,X-Forwarded-For=undefined]
[2023-02-13 16:28:29.980][ INFO][none] 処理を開始します。[GET,/SIENP/Keikakureki?param={%22jigyoid%22:1,%22intcode%22:100,%22uniqid%22:3,%22traceid%22:123}&traceid=123&uniqid=3,X-Original-For=undefined,X-Forwarded-For=undefined]
[2023-02-13 16:28:30.028][ INFO][none] 処理が正常終了しました。
[2023-02-13 16:28:35.193][ INFO][none] 処理を開始します。[GET,/SIENP/weekKeikakuSaishinReki/2?param={%22jigyoid%22:1,%22intcode%22:%220000001%22,%22ymd%22:%2220230213%22,%22kbn%22:2}&traceid=123&uniqid=3,X-Original-For=undefined,X-Forwarded-For=undefined]
[2023-02-13 16:28:35.194][ INFO][none] 処理を開始します。[GET,/SIENP/Keikakureki?param={%22jigyoid%22:1,%22intcode%22:100,%22uniqid%22:3,%22traceid%22:123}&traceid=123&uniqid=3,X-Original-For=undefined,X-Forwarded-For=undefined]
[2023-02-13 16:28:35.251][ INFO][none] 処理が正常終了しました。
[2023-02-13 16:30:14.971][ INFO][none] 処理を開始します。[GET,/SIENP/Keikakureki?param={%22jigyoid%22:1,%22intcode%22:100,%22uniqid%22:3,%22traceid%22:123}&traceid=123&uniqid=3,X-Original-For=undefined,X-Forwarded-For=undefined]
[2023-02-13 16:30:15.353][ INFO][none] 処理が正常終了しました。
[2023-02-13 16:30:21.635][ INFO][none] 処理を開始します。[GET,/COMMON/userListPrint?param={%22getkbn%22:0,%22jkbn%22:0,%22sdnflg%22:0,%22symd%22:%2220220801%22,%22eymd%22:%2220220901%22}&traceid=123&uniqid=3,X-Original-For=undefined,X-Forwarded-For=undefined]
[2023-02-13 16:30:21.671][ INFO][none] 処理を開始します。[GET,/SIENP/Keikakureki?param={%22jigyoid%22:1,%22intcode%22:100,%22uniqid%22:3,%22traceid%22:123}&traceid=123&uniqid=3,X-Original-For=undefined,X-Forwarded-For=undefined]
[2023-02-13 16:30:21.744][ INFO][none] 処理が正常終了しました。
[2023-02-13 16:30:21.957][ INFO][none] 処理が正常終了しました。
[2023-02-13 16:30:26.913][ INFO][none] 処理を開始します。[GET,/SIENP/weekKeikakuSaishinReki?param={%22jigyoid%22:1,%22intcode%22:%220000001%22,%22ymd%22:%2220230213%22,%22kbn%22:2}&traceid=123&uniqid=3,X-Original-For=undefined,X-Forwarded-For=undefined]
[2023-02-13 16:30:26.920][ INFO][none] 処理を開始します。[GET,/SIENP/Keikakureki?param={%22jigyoid%22:1,%22intcode%22:100,%22uniqid%22:3,%22traceid%22:123}&traceid=123&uniqid=3,X-Original-For=undefined,X-Forwarded-For=undefined]
[2023-02-13 16:30:26.959][ INFO][none] 処理が正常終了しました。
[2023-02-13 16:30:26.995][ INFO][none] 処理が正常終了しました。
[2023-02-13 16:35:25.762][ INFO][none] リクエストの待ち受けを開始します。[Port=8000]
[2023-02-13 16:35:30.960][ INFO][none] 処理を開始します。[GET,/SIENP/weekKeikakuSaishinReki?param={%22jigyoid%22:1,%22intcode%22:%220000001%22,%22ymd%22:%2220230213%22,%22kbn%22:2}&traceid=123&uniqid=3,X-Original-For=undefined,X-Forwarded-For=undefined]
[2023-02-13 16:35:30.990][ INFO][none] 処理を開始します。[GET,/SIENP/Keikakureki?param={%22jigyoid%22:1,%22intcode%22:100,%22uniqid%22:3,%22traceid%22:123}&traceid=123&uniqid=3,X-Original-For=undefined,X-Forwarded-For=undefined]
[2023-02-13 16:35:31.277][ INFO][none] 処理が正常終了しました。
[2023-02-13 16:35:31.547][ INFO][none] 処理が正常終了しました。
[2023-02-13 16:37:58.805][ INFO][none] 処理を開始します。[GET,/SIENP/Keikakureki?param={%22jigyoid%22:1,%22intcode%22:100,%22uniqid%22:3,%22traceid%22:123}&traceid=123&uniqid=3,X-Original-For=undefined,X-Forwarded-For=undefined]
[2023-02-13 16:37:58.901][ INFO][none] 処理が正常終了しました。
[2023-02-13 16:38:10.312][ INFO][none] 処理を開始します。[GET,/SIENP/weekKeikakuSaishinReki?param={%22jigyoid%22:1,%22intcode%22:100,%22ymd%22:%2220230213%22,%22kbn%22:2}&traceid=123&uniqid=3,X-Original-For=undefined,X-Forwarded-For=undefined]
[2023-02-13 16:38:10.315][ INFO][none] 処理を開始します。[GET,/SIENP/Keikakureki?param={%22jigyoid%22:1,%22intcode%22:100,%22uniqid%22:3,%22traceid%22:123}&traceid=123&uniqid=3,X-Original-For=undefined,X-Forwarded-For=undefined]
[2023-02-13 16:38:10.398][ INFO][none] 処理が正常終了しました。
[2023-02-13 16:38:10.414][ INFO][none] 処理が正常終了しました。
[2023-02-13 16:43:37.985][ INFO][none] 処理を開始します。[GET,/COMMON/userListPrint?param={%22getkbn%22:0,%22jkbn%22:0,%22sdnflg%22:0,%22symd%22:%2220220801%22,%22eymd%22:%2220220901%22}&traceid=123&uniqid=3,X-Original-For=undefined,X-Forwarded-For=undefined]
[2023-02-13 16:43:38.013][ INFO][none] 処理を開始します。[GET,/SIENP/Keikakureki?param={%22jigyoid%22:1,%22intcode%22:100,%22uniqid%22:3,%22traceid%22:123}&traceid=123&uniqid=3,X-Original-For=undefined,X-Forwarded-For=undefined]
[2023-02-13 16:43:38.456][ INFO][none] 処理が正常終了しました。
[2023-02-13 16:43:38.803][ INFO][none] 処理が正常終了しました。
[2023-02-13 16:43:40.574][ INFO][none] リクエストの待ち受けを開始します。[Port=8000]
[2023-02-13 16:43:47.575][ INFO][none] 処理を開始します。[GET,/SIENP/weekKeikakuSaishinReki?param={%22jigyoid%22:1,%22intcode%22:100,%22ymd%22:%2220230213%22,%22kbn%22:2}&traceid=123&uniqid=3,X-Original-For=undefined,X-Forwarded-For=undefined]
[2023-02-13 16:43:47.604][ INFO][none] 処理を開始します。[GET,/SIENP/Keikakureki?param={%22jigyoid%22:1,%22intcode%22:100,%22uniqid%22:3,%22traceid%22:123}&traceid=123&uniqid=3,X-Original-For=undefined,X-Forwarded-For=undefined]
[2023-02-13 16:43:48.253][ INFO][none] 処理が正常終了しました。
[2023-02-13 16:43:48.255][ INFO][none] 処理が正常終了しました。
[2023-02-13 16:44:27.687][ INFO][none] 処理を開始します。[GET,/COMMON/userListPrint?param={%22getkbn%22:0,%22jkbn%22:0,%22sdnflg%22:0,%22symd%22:%2220220801%22,%22eymd%22:%2220220901%22}&traceid=123&uniqid=3,X-Original-For=undefined,X-Forwarded-For=undefined]
[2023-02-13 16:44:27.714][ INFO][none] 処理を開始します。[GET,/SIENP/Keikakureki?param={%22jigyoid%22:1,%22intcode%22:100,%22uniqid%22:3,%22traceid%22:123}&traceid=123&uniqid=3,X-Original-For=undefined,X-Forwarded-For=undefined]
[2023-02-13 16:44:27.852][ INFO][none] 処理が正常終了しました。
[2023-02-13 16:44:29.381][ INFO][none] 処理が正常終了しました。
[2023-02-13 16:46:08.477][ INFO][none] リクエストの待ち受けを開始します。[Port=8000]
[2023-02-13 16:46:11.772][ INFO][none] 処理を開始します。[GET,/COMMON/userListPrint?param={%22getkbn%22:0,%22jkbn%22:0,%22sdnflg%22:0,%22symd%22:%2220220801%22,%22eymd%22:%2220220901%22}&traceid=123&uniqid=3,X-Original-For=undefined,X-Forwarded-For=undefined]
[2023-02-13 16:46:11.800][ INFO][none] 処理を開始します。[GET,/SIENP/Keikakureki?param={%22jigyoid%22:1,%22intcode%22:100,%22uniqid%22:3,%22traceid%22:123}&traceid=123&uniqid=3,X-Original-For=undefined,X-Forwarded-For=undefined]
[2023-02-13 16:46:11.875][ INFO][none] 処理が正常終了しました。
[2023-02-13 16:46:12.078][ INFO][none] 処理が正常終了しました。
[2023-02-13 16:47:11.728][ INFO][none] リクエストの待ち受けを開始します。[Port=8000]
[2023-02-13 16:47:14.472][ INFO][none] 処理を開始します。[GET,/COMMON/userListPrint?param={%22getkbn%22:0,%22jkbn%22:0,%22sdnflg%22:0,%22symd%22:%2220220801%22,%22eymd%22:%2220220901%22}&traceid=123&uniqid=3,X-Original-For=undefined,X-Forwarded-For=undefined]
[2023-02-13 16:47:14.479][ERROR][none] システムエラーが発生しました。[[{"msg":"ssss","param":"tttttt","location":"body"},{"msg":"tttt","param":"tttttt","location":"body"}]]
[2023-02-13 16:47:14.496][ INFO][none] 処理を開始します。[GET,/SIENP/Keikakureki?param={%22jigyoid%22:1,%22intcode%22:100,%22uniqid%22:3,%22traceid%22:123}&traceid=123&uniqid=3,X-Original-For=undefined,X-Forwarded-For=undefined]
[2023-02-13 16:47:14.499][ERROR][none] システムエラーが発生しました。[[{"msg":"ssss","param":"tttttt","location":"body"},{"msg":"tttt","param":"tttttt","location":"body"}]]
[2023-02-13 16:47:43.567][ INFO][none] リクエストの待ち受けを開始します。[Port=8000]
[2023-02-13 16:47:48.124][ INFO][none] 処理を開始します。[GET,/COMMON/userListPrint?param={%22getkbn%22:0,%22jkbn%22:0,%22sdnflg%22:0,%22symd%22:%2220220801%22,%22eymd%22:%2220220901%22}&traceid=123&uniqid=3,X-Original-For=undefined,X-Forwarded-For=undefined]
[2023-02-13 16:47:48.131][ERROR][none] システムエラーが発生しました。[[{"msg":"tttt","param":"tttttt","location":"body"}]]
[2023-02-13 16:47:48.144][ INFO][none] 処理を開始します。[GET,/SIENP/Keikakureki?param={%22jigyoid%22:1,%22intcode%22:100,%22uniqid%22:3,%22traceid%22:123}&traceid=123&uniqid=3,X-Original-For=undefined,X-Forwarded-For=undefined]
[2023-02-13 16:47:48.146][ERROR][none] システムエラーが発生しました。[[{"msg":"tttt","param":"tttttt","location":"body"}]]
[2023-02-13 16:53:33.955][ INFO][none] リクエストの待ち受けを開始します。[Port=8000]
[2023-02-13 16:53:36.876][ INFO][none] 処理を開始します。[GET,/COMMON/userListPrint?param={%22getkbn%22:0,%22jkbn%22:0,%22sdnflg%22:0,%22symd%22:%2220220801%22,%22eymd%22:%2220220901%22}&traceid=123&uniqid=3,X-Original-For=undefined,X-Forwarded-For=undefined]
[2023-02-13 16:53:36.904][ INFO][none] 処理を開始します。[GET,/SIENP/Keikakureki?param={%22jigyoid%22:1,%22intcode%22:100,%22uniqid%22:3,%22traceid%22:123}&traceid=123&uniqid=3,X-Original-For=undefined,X-Forwarded-For=undefined]
[2023-02-13 16:53:37.413][ INFO][none] 処理が正常終了しました。
[2023-02-13 16:53:37.913][ INFO][none] 処理が正常終了しました。
[2023-02-13 16:55:43.280][ INFO][none] リクエストの待ち受けを開始します。[Port=8000]
[2023-02-13 16:55:48.824][ INFO][none] 処理を開始します。[GET,/COMMON/userListPrint?param={%22getkbn%22:0,%22jkbn%22:0,%22sdnflg%22:0,%22symd%22:%2220220801%22,%22eymd%22:%2220220901%22}&traceid=123&uniqid=3,X-Original-For=undefined,X-Forwarded-For=undefined]
[2023-02-13 16:55:48.831][ERROR][none] システムエラーが発生しました。[[{"msg":"Invalid value","param":"tttttt","location":"body"},{"msg":"tttt","param":"tttttt","location":"body"}]]
[2023-02-13 16:55:48.850][ INFO][none] 処理を開始します。[GET,/SIENP/Keikakureki?param={%22jigyoid%22:1,%22intcode%22:100,%22uniqid%22:3,%22traceid%22:123}&traceid=123&uniqid=3,X-Original-For=undefined,X-Forwarded-For=undefined]
[2023-02-13 16:55:48.853][ERROR][none] システムエラーが発生しました。[[{"msg":"Invalid value","param":"tttttt","location":"body"},{"msg":"tttt","param":"tttttt","location":"body"}]]
[2023-02-13 16:56:09.766][ INFO][none] 処理を開始します。[GET,/COMMON/userListPrint?param={%22getkbn%22:0,%22jkbn%22:0,%22sdnflg%22:0,%22symd%22:%2220220801%22,%22eymd%22:%2220220901%22}&traceid=123&uniqid=3,X-Original-For=undefined,X-Forwarded-For=undefined]
[2023-02-13 16:56:09.769][ERROR][none] システムエラーが発生しました。[[{"msg":"Invalid value","param":"tttttt","location":"body"},{"msg":"tttt","param":"tttttt","location":"body"}]]
[2023-02-13 16:56:09.792][ INFO][none] 処理を開始します。[GET,/SIENP/Keikakureki?param={%22jigyoid%22:1,%22intcode%22:100,%22uniqid%22:3,%22traceid%22:123}&traceid=123&uniqid=3,X-Original-For=undefined,X-Forwarded-For=undefined]
[2023-02-13 16:56:09.794][ERROR][none] システムエラーが発生しました。[[{"msg":"Invalid value","param":"tttttt","location":"body"},{"msg":"tttt","param":"tttttt","location":"body"}]]
[2023-02-13 16:56:12.363][ INFO][none] リクエストの待ち受けを開始します。[Port=8000]
[2023-02-13 16:56:16.589][ INFO][none] 処理を開始します。[GET,/COMMON/userListPrint?param={%22getkbn%22:0,%22jkbn%22:0,%22sdnflg%22:0,%22symd%22:%2220220801%22,%22eymd%22:%2220220901%22}&traceid=123&uniqid=3,X-Original-For=undefined,X-Forwarded-For=undefined]
[2023-02-13 16:56:16.615][ INFO][none] 処理を開始します。[GET,/SIENP/Keikakureki?param={%22jigyoid%22:1,%22intcode%22:100,%22uniqid%22:3,%22traceid%22:123}&traceid=123&uniqid=3,X-Original-For=undefined,X-Forwarded-For=undefined]
[2023-02-13 16:56:16.966][ INFO][none] 処理が正常終了しました。
[2023-02-13 16:56:17.605][ INFO][none] 処理が正常終了しました。
[2023-02-13 16:57:54.010][ INFO][none] リクエストの待ち受けを開始します。[Port=8000]
[2023-02-13 16:58:17.917][ INFO][none] 処理を開始します。[GET,/SIENP/Keikakureki?param={%22jigyoid%22:1,%22intcode%22:100,%22uniqid%22:3,%22traceid%22:123}&traceid=123&uniqid=3,X-Original-For=undefined,X-Forwarded-For=undefined]
[2023-02-13 16:58:17.998][ INFO][none] 処理が正常終了しました。
[2023-02-13 16:58:37.678][ INFO][none] リクエストの待ち受けを開始します。[Port=8000]
[2023-02-13 16:58:41.935][ INFO][none] 処理を開始します。[GET,/COMMON/userListPrint?param={%22getkbn%22:0,%22jkbn%22:0,%22sdnflg%22:0,%22symd%22:%2220220801%22,%22eymd%22:%2220220901%22}&traceid=123&uniqid=3,X-Original-For=undefined,X-Forwarded-For=undefined]
[2023-02-13 16:58:41.963][ INFO][none] 処理を開始します。[GET,/SIENP/Keikakureki?param={%22jigyoid%22:1,%22intcode%22:100,%22uniqid%22:3,%22traceid%22:123}&traceid=123&uniqid=3,X-Original-For=undefined,X-Forwarded-For=undefined]
[2023-02-13 16:58:43.127][ INFO][none] 処理が正常終了しました。
[2023-02-13 16:58:43.602][ INFO][none] 処理が正常終了しました。
[2023-02-13 16:59:27.153][ INFO][none] リクエストの待ち受けを開始します。[Port=8000]
[2023-02-13 16:59:32.413][ INFO][none] 処理を開始します。[GET,/COMMON/userListPrint?param={%22getkbn%22:0,%22jkbn%22:0,%22sdnflg%22:0,%22symd%22:%2220220801%22,%22eymd%22:%2220220901%22}&traceid=123&uniqid=3,X-Original-For=undefined,X-Forwarded-For=undefined]
[2023-02-13 16:59:32.440][ INFO][none] 処理を開始します。[GET,/SIENP/Keikakureki?param={%22jigyoid%22:1,%22intcode%22:100,%22uniqid%22:3,%22traceid%22:123}&traceid=123&uniqid=3,X-Original-For=undefined,X-Forwarded-For=undefined]
[2023-02-13 16:59:32.524][ INFO][none] 処理が正常終了しました。
[2023-02-13 16:59:32.749][ INFO][none] 処理が正常終了しました。
[2023-02-13 16:59:37.429][ INFO][none] 処理を開始します。[GET,/SIENP/weekKeikakuSaishinReki/2?param={%22jigyoid%22:1,%22intcode%22:100,%22ymd%22:%2220230213%22}&traceid=123&uniqid=3,X-Original-For=undefined,X-Forwarded-For=undefined]
[2023-02-13 16:59:37.437][ INFO][none] 処理を開始します。[GET,/SIENP/Keikakureki?param={%22jigyoid%22:1,%22intcode%22:100,%22uniqid%22:3,%22traceid%22:123}&traceid=123&uniqid=3,X-Original-For=undefined,X-Forwarded-For=undefined]
[2023-02-13 16:59:37.459][ INFO][none] 処理が正常終了しました。
[2023-02-13 16:59:37.464][ INFO][none] 処理が正常終了しました。
[2023-02-13 17:02:22.855][ INFO][none] リクエストの待ち受けを開始します。[Port=8000]
[2023-02-13 17:02:27.078][ INFO][none] 処理を開始します。[GET,/COMMON/userListPrint?param={%22getkbn%22:0,%22jkbn%22:0,%22sdnflg%22:0,%22symd%22:%2220220801%22,%22eymd%22:%2220220901%22}&traceid=123&uniqid=3,X-Original-For=undefined,X-Forwarded-For=undefined]
[2023-02-13 17:02:27.105][ INFO][none] 処理を開始します。[GET,/SIENP/Keikakureki?param={%22jigyoid%22:1,%22intcode%22:100,%22uniqid%22:3,%22traceid%22:123}&traceid=123&uniqid=3,X-Original-For=undefined,X-Forwarded-For=undefined]
[2023-02-13 17:02:27.177][ INFO][none] 処理が正常終了しました。
[2023-02-13 17:02:27.353][ INFO][none] 処理が正常終了しました。
[2023-02-13 17:02:29.236][ INFO][none] 処理を開始します。[GET,/SIENP/weekKeikakuSaishinReki/2?param={%22jigyoid%22:1,%22intcode%22:100,%22ymd%22:%2220230213%22}&traceid=123&uniqid=3,X-Original-For=undefined,X-Forwarded-For=undefined]
[2023-02-13 17:02:29.243][ INFO][none] 処理を開始します。[GET,/SIENP/Keikakureki?param={%22jigyoid%22:1,%22intcode%22:100,%22uniqid%22:3,%22traceid%22:123}&traceid=123&uniqid=3,X-Original-For=undefined,X-Forwarded-For=undefined]
[2023-02-13 17:02:29.285][ INFO][none] 処理が正常終了しました。
[2023-02-13 17:02:29.287][ INFO][none] 処理が正常終了しました。
[2023-02-13 17:03:01.183][ INFO][none] リクエストの待ち受けを開始します。[Port=8000]
[2023-02-13 17:03:04.018][ INFO][none] 処理を開始します。[GET,/COMMON/userListPrint?param={%22getkbn%22:0,%22jkbn%22:0,%22sdnflg%22:0,%22symd%22:%2220220801%22,%22eymd%22:%2220220901%22}&traceid=123&uniqid=3,X-Original-For=undefined,X-Forwarded-For=undefined]
[2023-02-13 17:03:04.045][ INFO][none] 処理を開始します。[GET,/SIENP/Keikakureki?param={%22jigyoid%22:1,%22intcode%22:100,%22uniqid%22:3,%22traceid%22:123}&traceid=123&uniqid=3,X-Original-For=undefined,X-Forwarded-For=undefined]
[2023-02-13 17:03:04.099][ INFO][none] 処理が正常終了しました。
[2023-02-13 17:03:04.289][ INFO][none] 処理が正常終了しました。
[2023-02-13 17:03:08.219][ INFO][none] 処理を開始します。[GET,/SIENP/weekKeikakuSaishinReki/2?param={%22jigyoid%22:1,%22intcode%22:100,%22ymd%22:%2220230213%22}&traceid=123&uniqid=3,X-Original-For=undefined,X-Forwarded-For=undefined]
[2023-02-13 17:03:08.224][ INFO][none] 処理を開始します。[GET,/SIENP/Keikakureki?param={%22jigyoid%22:1,%22intcode%22:100,%22uniqid%22:3,%22traceid%22:123}&traceid=123&uniqid=3,X-Original-For=undefined,X-Forwarded-For=undefined]
[2023-02-13 17:03:08.245][ INFO][none] 処理が正常終了しました。
[2023-02-13 17:03:08.250][ INFO][none] 処理が正常終了しました。
[2023-02-13 17:13:33.831][ INFO][none] リクエストの待ち受けを開始します。[Port=8000]
[2023-02-13 17:14:08.721][ INFO][none] リクエストの待ち受けを開始します。[Port=8000]
[2023-02-13 17:14:16.429][ INFO][none] 処理を開始します。[GET,/COMMON/userListPrint?param={%22getkbn%22:0,%22jkbn%22:0,%22sdnflg%22:0,%22symd%22:%2220220801%22,%22eymd%22:%2220220901%22}&traceid=123&uniqid=3,X-Original-For=undefined,X-Forwarded-For=undefined]
[2023-02-13 17:14:16.458][ INFO][none] 処理を開始します。[GET,/SIENP/Keikakureki?param={%22jigyoid%22:1,%22intcode%22:100,%22uniqid%22:3,%22traceid%22:123}&traceid=123&uniqid=3,X-Original-For=undefined,X-Forwarded-For=undefined]
[2023-02-13 17:14:16.529][ INFO][none] 処理が正常終了しました。
[2023-02-13 17:14:16.842][ INFO][none] 処理が正常終了しました。
[2023-02-13 17:15:16.241][ INFO][none] 処理を開始します。[GET,/COMMON/userListPrint?param={%22getkbn%22:0,%22jkbn%22:0,%22sdnflg%22:0,%22symd%22:%2220220801%22,%22eymd%22:%2220220901%22}&traceid=123&uniqid=3&tttttt=1,X-Original-For=undefined,X-Forwarded-For=undefined]
[2023-02-13 17:15:16.335][ INFO][none] 処理を開始します。[GET,/SIENP/Keikakureki?param={%22jigyoid%22:1,%22intcode%22:100,%22uniqid%22:3,%22traceid%22:123}&traceid=123&uniqid=3&tttttt=1,X-Original-For=undefined,X-Forwarded-For=undefined]
[2023-02-13 17:15:16.397][ INFO][none] 処理が正常終了しました。
[2023-02-13 17:15:16.502][ INFO][none] 処理が正常終了しました。
[2023-02-13 17:15:19.445][ INFO][none] リクエストの待ち受けを開始します。[Port=8000]
[2023-02-13 17:15:25.298][ INFO][none] 処理を開始します。[GET,/COMMON/userListPrint?param={%22getkbn%22:0,%22jkbn%22:0,%22sdnflg%22:0,%22symd%22:%2220220801%22,%22eymd%22:%2220220901%22}&traceid=123&uniqid=3&tttttt=1,X-Original-For=undefined,X-Forwarded-For=undefined]
[2023-02-13 17:15:25.325][ INFO][none] 処理を開始します。[GET,/SIENP/Keikakureki?param={%22jigyoid%22:1,%22intcode%22:100,%22uniqid%22:3,%22traceid%22:123}&traceid=123&uniqid=3&tttttt=1,X-Original-For=undefined,X-Forwarded-For=undefined]
[2023-02-13 17:15:25.459][ INFO][none] 処理が正常終了しました。
[2023-02-13 17:15:25.771][ INFO][none] 処理が正常終了しました。
[2023-02-13 17:15:37.387][ INFO][none] 処理を開始します。[GET,/COMMON/userListPrint?param={%22getkbn%22:0,%22jkbn%22:0,%22sdnflg%22:0,%22symd%22:%2220220801%22,%22eymd%22:%2220220901%22}&traceid=123&uniqid=3&tttttt=ddd,X-Original-For=undefined,X-Forwarded-For=undefined]
[2023-02-13 17:15:37.389][ERROR][none] システムエラーが発生しました。[[{"value":"ddd","msg":"tttt","param":"tttttt","location":"query"}]]
[2023-02-13 17:15:37.472][ INFO][none] 処理を開始します。[GET,/SIENP/Keikakureki?param={%22jigyoid%22:1,%22intcode%22:100,%22uniqid%22:3,%22traceid%22:123}&traceid=123&uniqid=3&tttttt=ddd,X-Original-For=undefined,X-Forwarded-For=undefined]
[2023-02-13 17:15:37.474][ERROR][none] システムエラーが発生しました。[[{"value":"ddd","msg":"tttt","param":"tttttt","location":"query"}]]
[2023-02-13 17:15:42.934][ INFO][none] 処理を開始します。[GET,/COMMON/userListPrint?param={%22getkbn%22:0,%22jkbn%22:0,%22sdnflg%22:0,%22symd%22:%2220220801%22,%22eymd%22:%2220220901%22}&traceid=123&uniqid=3&tttttt=ddd,X-Original-For=undefined,X-Forwarded-For=undefined]
[2023-02-13 17:15:42.936][ERROR][none] システムエラーが発生しました。[[{"value":"ddd","msg":"tttt","param":"tttttt","location":"query"}]]
[2023-02-13 17:15:42.958][ INFO][none] 処理を開始します。[GET,/SIENP/Keikakureki?param={%22jigyoid%22:1,%22intcode%22:100,%22uniqid%22:3,%22traceid%22:123}&traceid=123&uniqid=3&tttttt=ddd,X-Original-For=undefined,X-Forwarded-For=undefined]
[2023-02-13 17:15:42.959][ERROR][none] システムエラーが発生しました。[[{"value":"ddd","msg":"tttt","param":"tttttt","location":"query"}]]
[2023-02-13 17:15:56.675][ INFO][none] 処理を開始します。[GET,/COMMON/userListPrint?param={%22getkbn%22:0,%22jkbn%22:0,%22sdnflg%22:0,%22symd%22:%2220220801%22,%22eymd%22:%2220220901%22}&traceid=123&uniqid=3&tttttt=,X-Original-For=undefined,X-Forwarded-For=undefined]
[2023-02-13 17:15:56.768][ INFO][none] 処理を開始します。[GET,/SIENP/Keikakureki?param={%22jigyoid%22:1,%22intcode%22:100,%22uniqid%22:3,%22traceid%22:123}&traceid=123&uniqid=3&tttttt=,X-Original-For=undefined,X-Forwarded-For=undefined]
[2023-02-13 17:15:56.818][ INFO][none] 処理が正常終了しました。
[2023-02-13 17:15:56.917][ INFO][none] 処理が正常終了しました。
[2023-02-13 17:16:08.255][ INFO][none] 処理を開始します。[GET,/COMMON/userListPrint?param={%22getkbn%22:0,%22jkbn%22:0,%22sdnflg%22:0,%22symd%22:%2220220801%22,%22eymd%22:%2220220901%22}&traceid=123&uniqid=3,X-Original-For=undefined,X-Forwarded-For=undefined]
[2023-02-13 17:16:08.340][ INFO][none] 処理を開始します。[GET,/SIENP/Keikakureki?param={%22jigyoid%22:1,%22intcode%22:100,%22uniqid%22:3,%22traceid%22:123}&traceid=123&uniqid=3,X-Original-For=undefined,X-Forwarded-For=undefined]
[2023-02-13 17:16:09.022][ INFO][none] 処理が正常終了しました。
[2023-02-13 17:16:09.027][ INFO][none] 処理が正常終了しました。
[2023-02-13 17:16:11.539][ INFO][none] 処理を開始します。[GET,/COMMON/userListPrint?param={%22getkbn%22:0,%22jkbn%22:0,%22sdnflg%22:0,%22symd%22:%2220220801%22,%22eymd%22:%2220220901%22}&traceid=123&uniqid=3,X-Original-For=undefined,X-Forwarded-For=undefined]
[2023-02-13 17:16:11.567][ INFO][none] 処理を開始します。[GET,/SIENP/Keikakureki?param={%22jigyoid%22:1,%22intcode%22:100,%22uniqid%22:3,%22traceid%22:123}&traceid=123&uniqid=3,X-Original-For=undefined,X-Forwarded-For=undefined]
[2023-02-13 17:16:11.658][ INFO][none] 処理が正常終了しました。
[2023-02-13 17:16:11.837][ INFO][none] 処理が正常終了しました。
[2023-02-13 17:16:20.574][ INFO][none] 処理を開始します。[GET,/COMMON/userListPrint?param={%22getkbn%22:0,%22jkbn%22:0,%22sdnflg%22:0,%22symd%22:%2220220801%22,%22eymd%22:%2220220901%22}&traceid=123&uniqid=3,X-Original-For=undefined,X-Forwarded-For=undefined]
[2023-02-13 17:16:20.600][ INFO][none] 処理を開始します。[GET,/SIENP/Keikakureki?param={%22jigyoid%22:1,%22intcode%22:100,%22uniqid%22:3,%22traceid%22:123}&traceid=123&uniqid=3,X-Original-For=undefined,X-Forwarded-For=undefined]
[2023-02-13 17:16:20.647][ INFO][none] 処理が正常終了しました。
[2023-02-13 17:16:20.792][ INFO][none] 処理が正常終了しました。
[2023-02-13 17:16:30.352][ INFO][none] リクエストの待ち受けを開始します。[Port=8000]
[2023-02-13 17:16:33.280][ INFO][none] 処理を開始します。[GET,/COMMON/userListPrint?param={%22getkbn%22:0,%22jkbn%22:0,%22sdnflg%22:0,%22symd%22:%2220220801%22,%22eymd%22:%2220220901%22}&traceid=123&uniqid=3,X-Original-For=undefined,X-Forwarded-For=undefined]
[2023-02-13 17:16:33.310][ INFO][none] 処理を開始します。[GET,/SIENP/Keikakureki?param={%22jigyoid%22:1,%22intcode%22:100,%22uniqid%22:3,%22traceid%22:123}&traceid=123&uniqid=3,X-Original-For=undefined,X-Forwarded-For=undefined]
[2023-02-13 17:16:33.404][ INFO][none] 処理が正常終了しました。
[2023-02-13 17:16:33.568][ INFO][none] 処理が正常終了しました。
[2023-02-13 17:16:40.280][ INFO][none] リクエストの待ち受けを開始します。[Port=8000]
[2023-02-13 17:16:43.203][ INFO][none] 処理を開始します。[GET,/COMMON/userListPrint?param={%22getkbn%22:0,%22jkbn%22:0,%22sdnflg%22:0,%22symd%22:%2220220801%22,%22eymd%22:%2220220901%22}&traceid=123&uniqid=3,X-Original-For=undefined,X-Forwarded-For=undefined]
[2023-02-13 17:16:43.231][ INFO][none] 処理を開始します。[GET,/SIENP/Keikakureki?param={%22jigyoid%22:1,%22intcode%22:100,%22uniqid%22:3,%22traceid%22:123}&traceid=123&uniqid=3,X-Original-For=undefined,X-Forwarded-For=undefined]
[2023-02-13 17:16:43.301][ INFO][none] 処理が正常終了しました。
[2023-02-13 17:16:43.415][ INFO][none] 処理が正常終了しました。
[2023-02-13 17:17:01.814][ INFO][none] リクエストの待ち受けを開始します。[Port=8000]
[2023-02-13 17:17:04.260][ INFO][none] 処理を開始します。[GET,/COMMON/userListPrint?param={%22getkbn%22:0,%22jkbn%22:0,%22sdnflg%22:0,%22symd%22:%2220220801%22,%22eymd%22:%2220220901%22}&traceid=123&uniqid=3,X-Original-For=undefined,X-Forwarded-For=undefined]
[2023-02-13 17:17:04.288][ INFO][none] 処理を開始します。[GET,/SIENP/Keikakureki?param={%22jigyoid%22:1,%22intcode%22:100,%22uniqid%22:3,%22traceid%22:123}&traceid=123&uniqid=3,X-Original-For=undefined,X-Forwarded-For=undefined]
[2023-02-13 17:17:04.344][ INFO][none] 処理が正常終了しました。
[2023-02-13 17:17:04.454][ INFO][none] 処理が正常終了しました。
[2023-02-13 17:18:40.924][ INFO][none] リクエストの待ち受けを開始します。[Port=8000]
[2023-02-13 17:18:46.421][ INFO][none] 処理を開始します。[GET,/COMMON/userListPrint?param={%22getkbn%22:0,%22jkbn%22:0,%22sdnflg%22:0,%22symd%22:%2220220801%22,%22eymd%22:%2220220901%22}&traceid=123&uniqid=3,X-Original-For=undefined,X-Forwarded-For=undefined]
[2023-02-13 17:18:46.448][ INFO][none] 処理を開始します。[GET,/SIENP/Keikakureki?param={%22jigyoid%22:1,%22intcode%22:100,%22uniqid%22:3,%22traceid%22:123}&traceid=123&uniqid=3,X-Original-For=undefined,X-Forwarded-For=undefined]
[2023-02-13 17:18:46.511][ INFO][none] 処理が正常終了しました。
[2023-02-13 17:18:46.746][ INFO][none] 処理が正常終了しました。
[2023-02-13 17:18:54.422][ INFO][none] 処理を開始します。[GET,/COMMON/userListPrint?param={%22getkbn%22:0,%22jkbn%22:0,%22sdnflg%22:0,%22symd%22:%2220220801%22,%22eymd%22:%2220220901%22}&traceid=123&uniqid=3,X-Original-For=undefined,X-Forwarded-For=undefined]
[2023-02-13 17:18:54.449][ INFO][none] 処理を開始します。[GET,/SIENP/Keikakureki?param={%22jigyoid%22:1,%22intcode%22:100,%22uniqid%22:3,%22traceid%22:123}&traceid=123&uniqid=3,X-Original-For=undefined,X-Forwarded-For=undefined]
[2023-02-13 17:18:54.486][ INFO][none] 処理が正常終了しました。
[2023-02-13 17:18:54.625][ INFO][none] 処理が正常終了しました。
[2023-02-13 17:19:10.625][ INFO][none] リクエストの待ち受けを開始します。[Port=8000]
[2023-02-13 17:19:14.933][ INFO][none] 処理を開始します。[GET,/COMMON/userListPrint?param={%22getkbn%22:0,%22jkbn%22:0,%22sdnflg%22:0,%22symd%22:%2220220801%22,%22eymd%22:%2220220901%22}&traceid=123&uniqid=3,X-Original-For=undefined,X-Forwarded-For=undefined]
[2023-02-13 17:19:14.968][ INFO][none] 処理を開始します。[GET,/SIENP/Keikakureki?param={%22jigyoid%22:1,%22intcode%22:100,%22uniqid%22:3,%22traceid%22:123}&traceid=123&uniqid=3,X-Original-For=undefined,X-Forwarded-For=undefined]
[2023-02-13 17:19:15.390][ INFO][none] 処理が正常終了しました。
[2023-02-13 17:19:15.799][ INFO][none] 処理が正常終了しました。
[2023-02-13 17:20:27.388][ INFO][none] リクエストの待ち受けを開始します。[Port=8000]
[2023-02-13 17:20:39.373][ INFO][none] 処理を開始します。[GET,/COMMON/userListPrint?param={%22getkbn%22:0,%22jkbn%22:0,%22sdnflg%22:0,%22symd%22:%2220220801%22,%22eymd%22:%2220220901%22}&traceid=123&uniqid=3,X-Original-For=undefined,X-Forwarded-For=undefined]
[2023-02-13 17:20:39.401][ INFO][none] 処理を開始します。[GET,/SIENP/Keikakureki?param={%22jigyoid%22:1,%22intcode%22:100,%22uniqid%22:3,%22traceid%22:123}&traceid=123&uniqid=3,X-Original-For=undefined,X-Forwarded-For=undefined]
[2023-02-13 17:20:39.477][ INFO][none] 処理が正常終了しました。
[2023-02-13 17:20:39.713][ INFO][none] 処理が正常終了しました。
[2023-02-13 17:20:57.987][ INFO][none] 処理を開始します。[GET,/COMMON/userListPrint?param={%22getkbn%22:0,%22jkbn%22:0,%22sdnflg%22:0,%22symd%22:%2220220801%22,%22eymd%22:%2220220901%22}&uniqid=3,X-Original-For=undefined,X-Forwarded-For=undefined]
[2023-02-13 17:20:57.989][ERROR][none] システムエラーが発生しました。[[{"msg":"トレースIDは必須入力です。","param":"traceid","location":"body"},{"msg":"トレースIDは数値を入力してください。","param":"traceid","location":"body"}]]
[2023-02-13 17:20:58.068][ INFO][none] 処理を開始します。[GET,/SIENP/Keikakureki?param={%22jigyoid%22:1,%22intcode%22:100,%22uniqid%22:3,%22traceid%22:123}&uniqid=3,X-Original-For=undefined,X-Forwarded-For=undefined]
[2023-02-13 17:20:58.070][ERROR][none] システムエラーが発生しました。[[{"msg":"トレースIDは必須入力です。","param":"traceid","location":"body"},{"msg":"トレースIDは数値を入力してください。","param":"traceid","location":"body"}]]
[2023-02-13 17:21:52.088][ INFO][none] リクエストの待ち受けを開始します。[Port=8000]
[2023-02-13 17:21:57.200][ INFO][none] 処理を開始します。[GET,/COMMON/userListPrint?param={%22getkbn%22:0,%22jkbn%22:0,%22sdnflg%22:0,%22symd%22:%2220220801%22,%22eymd%22:%2220220901%22}&uniqid=3,X-Original-For=undefined,X-Forwarded-For=undefined]
[2023-02-13 17:21:57.209][ERROR][none] システムエラーが発生しました。[[{"msg":"トレースIDは必須入力です。","param":"traceid","location":"body"},{"msg":"トレースIDは数値を入力してください。","param":"traceid","location":"body"},{"msg":"ユニークIDは必須入力です。","param":"sample","location":"body"},{"msg":"ユニークIDは数値を入力してください。","param":"sample","location":"body"}]]
[2023-02-13 17:21:57.243][ INFO][none] 処理を開始します。[GET,/SIENP/Keikakureki?param={%22jigyoid%22:1,%22intcode%22:100,%22uniqid%22:3,%22traceid%22:123}&uniqid=3,X-Original-For=undefined,X-Forwarded-For=undefined]
[2023-02-13 17:21:57.246][ERROR][none] システムエラーが発生しました。[[{"msg":"トレースIDは必須入力です。","param":"traceid","location":"body"},{"msg":"トレースIDは数値を入力してください。","param":"traceid","location":"body"},{"msg":"ユニークIDは必須入力です。","param":"sample","location":"body"},{"msg":"ユニークIDは数値を入力してください。","param":"sample","location":"body"}]]
[2023-02-13 17:22:23.746][ INFO][none] リクエストの待ち受けを開始します。[Port=8000]
[2023-02-13 17:22:27.005][ INFO][none] 処理を開始します。[GET,/COMMON/userListPrint?param={%22getkbn%22:0,%22jkbn%22:0,%22sdnflg%22:0,%22symd%22:%2220220801%22,%22eymd%22:%2220220901%22}&uniqid=3,X-Original-For=undefined,X-Forwarded-For=undefined]
[2023-02-13 17:22:27.013][ERROR][none] システムエラーが発生しました。[[{"msg":"トレースIDは必須入力です。","param":"traceid","location":"body"},{"msg":"トレースIDは数値を入力してください。","param":"traceid","location":"body"},{"msg":"ユニークIDは必須入力です。","param":"sample","location":"body"},{"msg":"fff","param":"sample","location":"body"}]]
[2023-02-13 17:22:27.027][ INFO][none] 処理を開始します。[GET,/SIENP/Keikakureki?param={%22jigyoid%22:1,%22intcode%22:100,%22uniqid%22:3,%22traceid%22:123}&uniqid=3,X-Original-For=undefined,X-Forwarded-For=undefined]
[2023-02-13 17:22:27.030][ERROR][none] システムエラーが発生しました。[[{"msg":"トレースIDは必須入力です。","param":"traceid","location":"body"},{"msg":"トレースIDは数値を入力してください。","param":"traceid","location":"body"},{"msg":"ユニークIDは必須入力です。","param":"sample","location":"body"},{"msg":"fff","param":"sample","location":"body"}]]
[2023-02-13 17:23:01.942][ INFO][none] 処理を開始します。[GET,/COMMON/userListPrint?param={%22getkbn%22:0,%22jkbn%22:0,%22sdnflg%22:0,%22symd%22:%2220220801%22,%22eymd%22:%2220220901%22}&traceid=123&uniqid=3,X-Original-For=undefined,X-Forwarded-For=undefined]
[2023-02-13 17:23:01.944][ERROR][none] システムエラーが発生しました。[[{"msg":"ユニークIDは必須入力です。","param":"sample","location":"body"},{"msg":"fff","param":"sample","location":"body"}]]
[2023-02-13 17:23:02.035][ INFO][none] 処理を開始します。[GET,/SIENP/Keikakureki?param={%22jigyoid%22:1,%22intcode%22:100,%22uniqid%22:3,%22traceid%22:123}&traceid=123&uniqid=3,X-Original-For=undefined,X-Forwarded-For=undefined]
[2023-02-13 17:23:02.037][ERROR][none] システムエラーが発生しました。[[{"msg":"ユニークIDは必須入力です。","param":"sample","location":"body"},{"msg":"fff","param":"sample","location":"body"}]]
[2023-02-13 17:23:29.987][ INFO][none] リクエストの待ち受けを開始します。[Port=8000]
[2023-02-13 17:23:35.479][ INFO][none] 処理を開始します。[GET,/COMMON/userListPrint?param={%22getkbn%22:0,%22jkbn%22:0,%22sdnflg%22:0,%22symd%22:%2220220801%22,%22eymd%22:%2220220901%22}&traceid=123&uniqid=3,X-Original-For=undefined,X-Forwarded-For=undefined]
[2023-02-13 17:23:35.487][ERROR][none] システムエラーが発生しました。[[{"msg":"required","param":"sample","location":"body"},{"msg":"integer","param":"sample","location":"body"}]]
[2023-02-13 17:23:35.504][ INFO][none] 処理を開始します。[GET,/SIENP/Keikakureki?param={%22jigyoid%22:1,%22intcode%22:100,%22uniqid%22:3,%22traceid%22:123}&traceid=123&uniqid=3,X-Original-For=undefined,X-Forwarded-For=undefined]
[2023-02-13 17:23:35.506][ERROR][none] システムエラーが発生しました。[[{"msg":"required","param":"sample","location":"body"},{"msg":"integer","param":"sample","location":"body"}]]
[2023-02-13 17:24:12.407][ INFO][none] 処理を開始します。[GET,/COMMON/userListPrint?param={%22getkbn%22:0,%22jkbn%22:0,%22sdnflg%22:0,%22symd%22:%2220220801%22,%22eymd%22:%2220220901%22}&traceid=123&uniqid=3,X-Original-For=undefined,X-Forwarded-For=undefined]
[2023-02-13 17:24:12.408][ERROR][none] システムエラーが発生しました。[[{"msg":"required","param":"sample","location":"body"},{"msg":"integer","param":"sample","location":"body"}]]
[2023-02-13 17:24:12.434][ INFO][none] 処理を開始します。[GET,/SIENP/Keikakureki?param={%22jigyoid%22:1,%22intcode%22:100,%22uniqid%22:3,%22traceid%22:123}&traceid=123&uniqid=3,X-Original-For=undefined,X-Forwarded-For=undefined]
[2023-02-13 17:24:12.435][ERROR][none] システムエラーが発生しました。[[{"msg":"required","param":"sample","location":"body"},{"msg":"integer","param":"sample","location":"body"}]]
[2023-02-13 17:24:24.420][ INFO][none] 処理を開始します。[GET,/COMMON/userListPrint?param={%22getkbn%22:0,%22jkbn%22:0,%22sdnflg%22:0,%22symd%22:%2220220801%22,%22eymd%22:%2220220901%22}&traceid=123&uniqid=3&sample=33,X-Original-For=undefined,X-Forwarded-For=undefined]
[2023-02-13 17:24:24.517][ INFO][none] 処理を開始します。[GET,/SIENP/Keikakureki?param={%22jigyoid%22:1,%22intcode%22:100,%22uniqid%22:3,%22traceid%22:123}&traceid=123&uniqid=3&sample=33,X-Original-For=undefined,X-Forwarded-For=undefined]
[2023-02-13 17:24:24.654][ INFO][none] 処理が正常終了しました。
[2023-02-13 17:24:25.029][ INFO][none] 処理が正常終了しました。
[2023-02-13 17:24:28.382][ INFO][none] 処理を開始します。[GET,/COMMON/userListPrint?param={%22getkbn%22:0,%22jkbn%22:0,%22sdnflg%22:0,%22symd%22:%2220220801%22,%22eymd%22:%2220220901%22}&traceid=123&uniqid=3,X-Original-For=undefined,X-Forwarded-For=undefined]
[2023-02-13 17:24:28.383][ERROR][none] システムエラーが発生しました。[[{"msg":"required","param":"sample","location":"body"},{"msg":"integer","param":"sample","location":"body"}]]
[2023-02-13 17:24:28.464][ INFO][none] 処理を開始します。[GET,/SIENP/Keikakureki?param={%22jigyoid%22:1,%22intcode%22:100,%22uniqid%22:3,%22traceid%22:123}&traceid=123&uniqid=3,X-Original-For=undefined,X-Forwarded-For=undefined]
[2023-02-13 17:24:28.465][ERROR][none] システムエラーが発生しました。[[{"msg":"required","param":"sample","location":"body"},{"msg":"integer","param":"sample","location":"body"}]]
[2023-02-13 17:26:09.647][ INFO][none] リクエストの待ち受けを開始します。[Port=8000]
[2023-02-13 17:26:13.340][ INFO][none] 処理を開始します。[GET,/COMMON/userListPrint?param={%22getkbn%22:0,%22jkbn%22:0,%22sdnflg%22:0,%22symd%22:%2220220801%22,%22eymd%22:%2220220901%22}&traceid=123&uniqid=3,X-Original-For=undefined,X-Forwarded-For=undefined]
[2023-02-13 17:26:13.368][ INFO][none] 処理を開始します。[GET,/SIENP/Keikakureki?param={%22jigyoid%22:1,%22intcode%22:100,%22uniqid%22:3,%22traceid%22:123}&traceid=123&uniqid=3,X-Original-For=undefined,X-Forwarded-For=undefined]
[2023-02-13 17:26:13.457][ INFO][none] 処理が正常終了しました。
[2023-02-13 17:26:13.879][ INFO][none] 処理が正常終了しました。
[2023-02-13 17:26:26.192][ INFO][none] リクエストの待ち受けを開始します。[Port=8000]
[2023-02-13 17:26:30.355][ INFO][none] 処理を開始します。[GET,/COMMON/userListPrint?param={%22getkbn%22:0,%22jkbn%22:0,%22sdnflg%22:0,%22symd%22:%2220220801%22,%22eymd%22:%2220220901%22}&traceid=123&uniqid=3,X-Original-For=undefined,X-Forwarded-For=undefined]
[2023-02-13 17:26:30.384][ INFO][none] 処理を開始します。[GET,/SIENP/Keikakureki?param={%22jigyoid%22:1,%22intcode%22:100,%22uniqid%22:3,%22traceid%22:123}&traceid=123&uniqid=3,X-Original-For=undefined,X-Forwarded-For=undefined]
[2023-02-13 17:26:30.526][ INFO][none] 処理が正常終了しました。
[2023-02-13 17:26:30.909][ INFO][none] 処理が正常終了しました。
[2023-02-13 17:26:46.563][ INFO][none] リクエストの待ち受けを開始します。[Port=8000]
[2023-02-13 17:26:49.385][ INFO][none] 処理を開始します。[GET,/COMMON/userListPrint?param={%22getkbn%22:0,%22jkbn%22:0,%22sdnflg%22:0,%22symd%22:%2220220801%22,%22eymd%22:%2220220901%22}&traceid=123&uniqid=3,X-Original-For=undefined,X-Forwarded-For=undefined]
[2023-02-13 17:26:49.392][ERROR][none] システムエラーが発生しました。[[{"msg":"required","param":"sample","location":"body"},{"msg":"integer","param":"sample","location":"body"}]]
[2023-02-13 17:26:49.408][ INFO][none] 処理を開始します。[GET,/SIENP/Keikakureki?param={%22jigyoid%22:1,%22intcode%22:100,%22uniqid%22:3,%22traceid%22:123}&traceid=123&uniqid=3,X-Original-For=undefined,X-Forwarded-For=undefined]
[2023-02-13 17:26:49.411][ERROR][none] システムエラーが発生しました。[[{"msg":"required","param":"sample","location":"body"},{"msg":"integer","param":"sample","location":"body"}]]
[2023-02-13 17:27:16.072][ INFO][none] リクエストの待ち受けを開始します。[Port=8000]
[2023-02-13 17:27:19.932][ INFO][none] 処理を開始します。[GET,/COMMON/userListPrint?param={%22getkbn%22:0,%22jkbn%22:0,%22sdnflg%22:0,%22symd%22:%2220220801%22,%22eymd%22:%2220220901%22}&traceid=123&uniqid=3,X-Original-For=undefined,X-Forwarded-For=undefined]
[2023-02-13 17:27:19.959][ INFO][none] 処理を開始します。[GET,/SIENP/Keikakureki?param={%22jigyoid%22:1,%22intcode%22:100,%22uniqid%22:3,%22traceid%22:123}&traceid=123&uniqid=3,X-Original-For=undefined,X-Forwarded-For=undefined]
[2023-02-13 17:27:20.020][ INFO][none] 処理が正常終了しました。
[2023-02-13 17:27:20.202][ INFO][none] 処理が正常終了しました。
[2023-02-13 17:27:36.536][ INFO][none] リクエストの待ち受けを開始します。[Port=8000]
[2023-02-13 17:27:39.974][ INFO][none] 処理を開始します。[GET,/COMMON/userListPrint?param={%22getkbn%22:0,%22jkbn%22:0,%22sdnflg%22:0,%22symd%22:%2220220801%22,%22eymd%22:%2220220901%22}&traceid=123&uniqid=3,X-Original-For=undefined,X-Forwarded-For=undefined]
[2023-02-13 17:27:40.004][ INFO][none] 処理を開始します。[GET,/SIENP/Keikakureki?param={%22jigyoid%22:1,%22intcode%22:100,%22uniqid%22:3,%22traceid%22:123}&traceid=123&uniqid=3,X-Original-For=undefined,X-Forwarded-For=undefined]
[2023-02-13 17:27:40.064][ INFO][none] 処理が正常終了しました。
[2023-02-13 17:27:40.245][ INFO][none] 処理が正常終了しました。
[2023-02-13 17:31:53.476][ INFO][none] リクエストの待ち受けを開始します。[Port=8000]
[2023-02-13 17:31:57.329][ INFO][none] 処理を開始します。[GET,/COMMON/userListPrint?param={%22getkbn%22:0,%22jkbn%22:0,%22sdnflg%22:0,%22symd%22:%2220220801%22,%22eymd%22:%2220220901%22}&traceid=123&uniqid=3,X-Original-For=undefined,X-Forwarded-For=undefined]
[2023-02-13 17:31:57.336][ERROR][none] システムエラーが発生しました。[[{"msg":"required","param":"sample","location":"body"},{"msg":"integer","param":"sample","location":"body"}]]
[2023-02-13 17:31:57.357][ INFO][none] 処理を開始します。[GET,/SIENP/Keikakureki?param={%22jigyoid%22:1,%22intcode%22:100,%22uniqid%22:3,%22traceid%22:123}&traceid=123&uniqid=3,X-Original-For=undefined,X-Forwarded-For=undefined]
[2023-02-13 17:31:57.360][ERROR][none] システムエラーが発生しました。[[{"msg":"required","param":"sample","location":"body"},{"msg":"integer","param":"sample","location":"body"}]]
[2023-02-13 17:32:29.196][ INFO][none] リクエストの待ち受けを開始します。[Port=8000]
[2023-02-13 17:32:57.287][ INFO][none] リクエストの待ち受けを開始します。[Port=8000]
[2023-02-13 17:33:01.922][ INFO][none] 処理を開始します。[GET,/COMMON/userListPrint?param={%22getkbn%22:0,%22jkbn%22:0,%22sdnflg%22:0,%22symd%22:%2220220801%22,%22eymd%22:%2220220901%22}&traceid=123&uniqid=3,X-Original-For=undefined,X-Forwarded-For=undefined]
[2023-02-13 17:33:01.950][ INFO][none] 処理を開始します。[GET,/SIENP/Keikakureki?param={%22jigyoid%22:1,%22intcode%22:100,%22uniqid%22:3,%22traceid%22:123}&traceid=123&uniqid=3,X-Original-For=undefined,X-Forwarded-For=undefined]
[2023-02-13 17:33:02.773][ INFO][none] 処理が正常終了しました。
[2023-02-13 17:33:02.775][ INFO][none] 処理が正常終了しました。
[2023-02-13 17:33:10.885][ INFO][none] リクエストの待ち受けを開始します。[Port=8000]
[2023-02-13 17:33:13.803][ INFO][none] 処理を開始します。[GET,/COMMON/userListPrint?param={%22getkbn%22:0,%22jkbn%22:0,%22sdnflg%22:0,%22symd%22:%2220220801%22,%22eymd%22:%2220220901%22}&traceid=123&uniqid=3,X-Original-For=undefined,X-Forwarded-For=undefined]
[2023-02-13 17:33:13.830][ INFO][none] 処理を開始します。[GET,/SIENP/Keikakureki?param={%22jigyoid%22:1,%22intcode%22:100,%22uniqid%22:3,%22traceid%22:123}&traceid=123&uniqid=3,X-Original-For=undefined,X-Forwarded-For=undefined]
[2023-02-13 17:33:13.889][ INFO][none] 処理が正常終了しました。
[2023-02-13 17:33:14.088][ INFO][none] 処理が正常終了しました。
[2023-02-13 17:33:31.122][ INFO][none] リクエストの待ち受けを開始します。[Port=8000]
[2023-02-13 17:33:33.392][ INFO][none] 処理を開始します。[GET,/COMMON/userListPrint?param={%22getkbn%22:0,%22jkbn%22:0,%22sdnflg%22:0,%22symd%22:%2220220801%22,%22eymd%22:%2220220901%22}&traceid=123&uniqid=3,X-Original-For=undefined,X-Forwarded-For=undefined]
[2023-02-13 17:33:33.419][ INFO][none] 処理を開始します。[GET,/SIENP/Keikakureki?param={%22jigyoid%22:1,%22intcode%22:100,%22uniqid%22:3,%22traceid%22:123}&traceid=123&uniqid=3,X-Original-For=undefined,X-Forwarded-For=undefined]
[2023-02-13 17:33:33.476][ INFO][none] 処理が正常終了しました。
[2023-02-13 17:33:33.702][ INFO][none] 処理が正常終了しました。
[2023-02-13 17:33:46.609][ INFO][none] リクエストの待ち受けを開始します。[Port=8000]
[2023-02-13 17:33:50.630][ INFO][none] 処理を開始します。[GET,/COMMON/userListPrint?param={%22getkbn%22:0,%22jkbn%22:0,%22sdnflg%22:0,%22symd%22:%2220220801%22,%22eymd%22:%2220220901%22}&traceid=123&uniqid=3,X-Original-For=undefined,X-Forwarded-For=undefined]
[2023-02-13 17:33:50.656][ INFO][none] 処理を開始します。[GET,/SIENP/Keikakureki?param={%22jigyoid%22:1,%22intcode%22:100,%22uniqid%22:3,%22traceid%22:123}&traceid=123&uniqid=3,X-Original-For=undefined,X-Forwarded-For=undefined]
[2023-02-13 17:33:50.797][ INFO][none] 処理が正常終了しました。
[2023-02-13 17:33:50.939][ INFO][none] 処理が正常終了しました。
[2023-02-13 17:34:06.384][ INFO][none] リクエストの待ち受けを開始します。[Port=8000]
[2023-02-13 17:34:08.610][ INFO][none] 処理を開始します。[GET,/COMMON/userListPrint?param={%22getkbn%22:0,%22jkbn%22:0,%22sdnflg%22:0,%22symd%22:%2220220801%22,%22eymd%22:%2220220901%22}&traceid=123&uniqid=3,X-Original-For=undefined,X-Forwarded-For=undefined]
[2023-02-13 17:34:08.636][ INFO][none] 処理を開始します。[GET,/SIENP/Keikakureki?param={%22jigyoid%22:1,%22intcode%22:100,%22uniqid%22:3,%22traceid%22:123}&traceid=123&uniqid=3,X-Original-For=undefined,X-Forwarded-For=undefined]
[2023-02-13 17:34:08.711][ INFO][none] 処理が正常終了しました。
[2023-02-13 17:34:08.883][ INFO][none] 処理が正常終了しました。
[2023-02-13 17:34:16.551][ INFO][none] リクエストの待ち受けを開始します。[Port=8000]
[2023-02-13 17:34:19.069][ INFO][none] 処理を開始します。[GET,/COMMON/userListPrint?param={%22getkbn%22:0,%22jkbn%22:0,%22sdnflg%22:0,%22symd%22:%2220220801%22,%22eymd%22:%2220220901%22}&traceid=123&uniqid=3,X-Original-For=undefined,X-Forwarded-For=undefined]
[2023-02-13 17:34:19.096][ INFO][none] 処理を開始します。[GET,/SIENP/Keikakureki?param={%22jigyoid%22:1,%22intcode%22:100,%22uniqid%22:3,%22traceid%22:123}&traceid=123&uniqid=3,X-Original-For=undefined,X-Forwarded-For=undefined]
[2023-02-13 17:34:19.147][ INFO][none] 処理が正常終了しました。
[2023-02-13 17:34:19.349][ INFO][none] 処理が正常終了しました。
[2023-02-13 17:34:39.869][ INFO][none] 処理を開始します。[GET,/COMMON/userListPrint?param={%22getkbn%22:0,%22jkbn%22:0,%22sdnflg%22:0,%22symd%22:%2220220801%22,%22eymd%22:%2220220901%22}&traceid=123&uniqid=3,X-Original-For=undefined,X-Forwarded-For=undefined]
[2023-02-13 17:34:39.967][ INFO][none] 処理を開始します。[GET,/SIENP/Keikakureki?param={%22jigyoid%22:1,%22intcode%22:100,%22uniqid%22:3,%22traceid%22:123}&traceid=123&uniqid=3,X-Original-For=undefined,X-Forwarded-For=undefined]
[2023-02-13 17:34:40.049][ INFO][none] 処理が正常終了しました。
[2023-02-13 17:34:40.077][ INFO][none] 処理が正常終了しました。
[2023-02-13 17:34:47.511][ INFO][none] 処理を開始します。[GET,/COMMON/userListPrint?param={%22getkbn%22:0,%22jkbn%22:0,%22sdnflg%22:0,%22symd%22:%2220220801%22,%22eymd%22:%2220220901%22}&traceid=123&uniqid=3,X-Original-For=undefined,X-Forwarded-For=undefined]
[2023-02-13 17:34:47.540][ INFO][none] 処理を開始します。[GET,/SIENP/Keikakureki?param={%22jigyoid%22:1,%22intcode%22:100,%22uniqid%22:3,%22traceid%22:123}&traceid=123&uniqid=3,X-Original-For=undefined,X-Forwarded-For=undefined]
[2023-02-13 17:34:47.592][ INFO][none] 処理が正常終了しました。
[2023-02-13 17:34:48.125][ INFO][none] 処理が正常終了しました。
[2023-02-13 17:35:23.826][ INFO][none] リクエストの待ち受けを開始します。[Port=8000]
[2023-02-13 17:35:26.623][ INFO][none] 処理を開始します。[GET,/COMMON/userListPrint?param={%22getkbn%22:0,%22jkbn%22:0,%22sdnflg%22:0,%22symd%22:%2220220801%22,%22eymd%22:%2220220901%22}&traceid=123&uniqid=3,X-Original-For=undefined,X-Forwarded-For=undefined]
[2023-02-13 17:35:26.630][ERROR][none] システムエラーが発生しました。[[{"msg":"error1","param":"sample","location":"body"},{"msg":"error2","param":"sample","location":"body"}]]
[2023-02-13 17:35:26.645][ INFO][none] 処理を開始します。[GET,/SIENP/Keikakureki?param={%22jigyoid%22:1,%22intcode%22:100,%22uniqid%22:3,%22traceid%22:123}&traceid=123&uniqid=3,X-Original-For=undefined,X-Forwarded-For=undefined]
[2023-02-13 17:35:26.648][ERROR][none] システムエラーが発生しました。[[{"msg":"error1","param":"sample","location":"body"},{"msg":"error2","param":"sample","location":"body"}]]
[2023-02-13 17:37:38.460][ INFO][none] リクエストの待ち受けを開始します。[Port=8000]
[2023-02-13 17:37:42.240][ INFO][none] 処理を開始します。[GET,/COMMON/userListPrint?param={%22getkbn%22:0,%22jkbn%22:0,%22sdnflg%22:0,%22symd%22:%2220220801%22,%22eymd%22:%2220220901%22}&traceid=123&uniqid=3,X-Original-For=undefined,X-Forwarded-For=undefined]
[2023-02-13 17:37:42.272][ INFO][none] 処理を開始します。[GET,/SIENP/Keikakureki?param={%22jigyoid%22:1,%22intcode%22:100,%22uniqid%22:3,%22traceid%22:123}&traceid=123&uniqid=3,X-Original-For=undefined,X-Forwarded-For=undefined]
[2023-02-13 17:37:42.345][ INFO][none] 処理が正常終了しました。
[2023-02-13 17:37:42.605][ INFO][none] 処理が正常終了しました。
[2023-02-13 17:37:52.781][ INFO][none] リクエストの待ち受けを開始します。[Port=8000]
[2023-02-13 17:37:55.404][ INFO][none] 処理を開始します。[GET,/COMMON/userListPrint?param={%22getkbn%22:0,%22jkbn%22:0,%22sdnflg%22:0,%22symd%22:%2220220801%22,%22eymd%22:%2220220901%22}&traceid=123&uniqid=3,X-Original-For=undefined,X-Forwarded-For=undefined]
[2023-02-13 17:37:55.430][ INFO][none] 処理を開始します。[GET,/SIENP/Keikakureki?param={%22jigyoid%22:1,%22intcode%22:100,%22uniqid%22:3,%22traceid%22:123}&traceid=123&uniqid=3,X-Original-For=undefined,X-Forwarded-For=undefined]
[2023-02-13 17:37:55.492][ INFO][none] 処理が正常終了しました。
[2023-02-13 17:37:55.654][ INFO][none] 処理が正常終了しました。
[2023-02-13 17:40:14.148][ INFO][none] リクエストの待ち受けを開始します。[Port=8000]
[2023-02-13 17:40:23.178][ INFO][none] 処理を開始します。[GET,/COMMON/userListPrint?param={%22getkbn%22:0,%22jkbn%22:0,%22sdnflg%22:0,%22symd%22:%2220220801%22,%22eymd%22:%2220220901%22}&traceid=123&uniqid=3&sample=33457688,X-Original-For=undefined,X-Forwarded-For=undefined]
[2023-02-13 17:40:23.274][ INFO][none] 処理を開始します。[GET,/SIENP/Keikakureki?param={%22jigyoid%22:1,%22intcode%22:100,%22uniqid%22:3,%22traceid%22:123}&traceid=123&uniqid=3&sample=33457688,X-Original-For=undefined,X-Forwarded-For=undefined]
[2023-02-13 17:40:23.706][ INFO][none] 処理が正常終了しました。
[2023-02-13 17:40:24.038][ INFO][none] 処理が正常終了しました。
[2023-02-13 17:40:30.832][ INFO][none] 処理を開始します。[GET,/COMMON/userListPrint?param={%22getkbn%22:0,%22jkbn%22:0,%22sdnflg%22:0,%22symd%22:%2220220801%22,%22eymd%22:%2220220901%22}&traceid=123&uniqid=3&sample=0,X-Original-For=undefined,X-Forwarded-For=undefined]
[2023-02-13 17:40:30.914][ INFO][none] 処理を開始します。[GET,/SIENP/Keikakureki?param={%22jigyoid%22:1,%22intcode%22:100,%22uniqid%22:3,%22traceid%22:123}&traceid=123&uniqid=3&sample=0,X-Original-For=undefined,X-Forwarded-For=undefined]
[2023-02-13 17:40:31.131][ INFO][none] 処理が正常終了しました。
[2023-02-13 17:40:31.620][ INFO][none] 処理が正常終了しました。
[2023-02-13 17:40:45.041][ INFO][none] 処理を開始します。[GET,/COMMON/userListPrint?param={%22getkbn%22:0,%22jkbn%22:0,%22sdnflg%22:0,%22symd%22:%2220220801%22,%22eymd%22:%2220220901%22}&traceid=123&uniqid=3&sample=aaa,X-Original-For=undefined,X-Forwarded-For=undefined]
[2023-02-13 17:40:45.042][ERROR][none] システムエラーが発生しました。[[{"value":"aaa","msg":"error2","param":"sample","location":"query"}]]
[2023-02-13 17:40:45.126][ INFO][none] 処理を開始します。[GET,/SIENP/Keikakureki?param={%22jigyoid%22:1,%22intcode%22:100,%22uniqid%22:3,%22traceid%22:123}&traceid=123&uniqid=3&sample=aaa,X-Original-For=undefined,X-Forwarded-For=undefined]
[2023-02-13 17:40:45.127][ERROR][none] システムエラーが発生しました。[[{"value":"aaa","msg":"error2","param":"sample","location":"query"}]]
[2023-02-13 17:40:58.108][ INFO][none] 処理を開始します。[GET,/COMMON/userListPrint?param={%22getkbn%22:0,%22jkbn%22:0,%22sdnflg%22:0,%22symd%22:%2220220801%22,%22eymd%22:%2220220901%22}&traceid=123&uniqid=3,X-Original-For=undefined,X-Forwarded-For=undefined]
[2023-02-13 17:40:58.194][ INFO][none] 処理を開始します。[GET,/SIENP/Keikakureki?param={%22jigyoid%22:1,%22intcode%22:100,%22uniqid%22:3,%22traceid%22:123}&traceid=123&uniqid=3,X-Original-For=undefined,X-Forwarded-For=undefined]
[2023-02-13 17:40:58.303][ INFO][none] 処理が正常終了しました。
[2023-02-13 17:40:58.485][ INFO][none] 処理が正常終了しました。
[2023-02-13 17:41:48.608][ INFO][none] 処理を開始します。[GET,/COMMON/userListPrint?param={%22getkbn%22:0,%22jkbn%22:0,%22sdnflg%22:0,%22symd%22:%2220220801%22,%22eymd%22:%2220220901%22}&traceid=123&uniqid=3,X-Original-For=undefined,X-Forwarded-For=undefined]
[2023-02-13 17:41:48.638][ INFO][none] 処理を開始します。[GET,/SIENP/Keikakureki?param={%22jigyoid%22:1,%22intcode%22:100,%22uniqid%22:3,%22traceid%22:123}&traceid=123&uniqid=3,X-Original-For=undefined,X-Forwarded-For=undefined]
[2023-02-13 17:41:48.703][ INFO][none] 処理が正常終了しました。
[2023-02-13 17:41:49.204][ INFO][none] 処理が正常終了しました。
[2023-02-13 17:43:03.441][ INFO][none] リクエストの待ち受けを開始します。[Port=8000]
[2023-02-13 17:43:08.165][ INFO][none] 処理を開始します。[GET,/COMMON/userListPrint?param={%22getkbn%22:0,%22jkbn%22:0,%22sdnflg%22:0,%22symd%22:%2220220801%22,%22eymd%22:%2220220901%22}&traceid=123&uniqid=3,X-Original-For=undefined,X-Forwarded-For=undefined]
[2023-02-13 17:43:08.193][ INFO][none] 処理を開始します。[GET,/SIENP/Keikakureki?param={%22jigyoid%22:1,%22intcode%22:100,%22uniqid%22:3,%22traceid%22:123}&traceid=123&uniqid=3,X-Original-For=undefined,X-Forwarded-For=undefined]
[2023-02-13 17:43:08.249][ INFO][none] 処理が正常終了しました。
[2023-02-13 17:43:08.511][ INFO][none] 処理が正常終了しました。
[2023-02-13 17:43:13.466][ INFO][none] リクエストの待ち受けを開始します。[Port=8000]
[2023-02-13 17:43:16.746][ INFO][none] 処理を開始します。[GET,/COMMON/userListPrint?param={%22getkbn%22:0,%22jkbn%22:0,%22sdnflg%22:0,%22symd%22:%2220220801%22,%22eymd%22:%2220220901%22}&traceid=123&uniqid=3,X-Original-For=undefined,X-Forwarded-For=undefined]
[2023-02-13 17:43:16.782][ INFO][none] 処理を開始します。[GET,/SIENP/Keikakureki?param={%22jigyoid%22:1,%22intcode%22:100,%22uniqid%22:3,%22traceid%22:123}&traceid=123&uniqid=3,X-Original-For=undefined,X-Forwarded-For=undefined]
[2023-02-13 17:43:16.839][ INFO][none] 処理が正常終了しました。
[2023-02-13 17:43:16.971][ INFO][none] 処理が正常終了しました。
[2023-02-13 17:44:40.261][ INFO][none] リクエストの待ち受けを開始します。[Port=8000]
[2023-02-13 17:44:45.592][ INFO][none] 処理を開始します。[GET,/COMMON/userListPrint?param={%22getkbn%22:0,%22jkbn%22:0,%22sdnflg%22:0,%22symd%22:%2220220801%22,%22eymd%22:%2220220901%22}&traceid=123&uniqid=3,X-Original-For=undefined,X-Forwarded-For=undefined]
[2023-02-13 17:44:45.599][ERROR][none] システムエラーが発生しました。[[{"msg":"error1","param":"sample","location":"body"},{"msg":"error3","param":"sample","location":"body"}]]
[2023-02-13 17:44:45.613][ INFO][none] 処理を開始します。[GET,/SIENP/Keikakureki?param={%22jigyoid%22:1,%22intcode%22:100,%22uniqid%22:3,%22traceid%22:123}&traceid=123&uniqid=3,X-Original-For=undefined,X-Forwarded-For=undefined]
[2023-02-13 17:44:45.616][ERROR][none] システムエラーが発生しました。[[{"msg":"error1","param":"sample","location":"body"},{"msg":"error3","param":"sample","location":"body"}]]
[2023-02-13 17:44:59.720][ INFO][none] 処理を開始します。[GET,/COMMON/userListPrint?param={%22getkbn%22:0,%22jkbn%22:0,%22sdnflg%22:0,%22symd%22:%2220220801%22,%22eymd%22:%2220220901%22}&traceid=123&uniqid=3&sample=123,X-Original-For=undefined,X-Forwarded-For=undefined]
[2023-02-13 17:44:59.812][ INFO][none] 処理を開始します。[GET,/SIENP/Keikakureki?param={%22jigyoid%22:1,%22intcode%22:100,%22uniqid%22:3,%22traceid%22:123}&traceid=123&uniqid=3&sample=123,X-Original-For=undefined,X-Forwarded-For=undefined]
[2023-02-13 17:44:59.946][ INFO][none] 処理が正常終了しました。
[2023-02-13 17:45:00.112][ INFO][none] 処理が正常終了しました。
[2023-02-13 17:45:17.548][ INFO][none] 処理を開始します。[GET,/COMMON/userListPrint?param={%22getkbn%22:0,%22jkbn%22:0,%22sdnflg%22:0,%22symd%22:%2220220801%22,%22eymd%22:%2220220901%22}&traceid=123&uniqid=3&sample=aa,X-Original-For=undefined,X-Forwarded-For=undefined]
[2023-02-13 17:45:17.551][ERROR][none] システムエラーが発生しました。[[{"value":"aa","msg":"error3","param":"sample","location":"query"}]]
[2023-02-13 17:45:17.641][ INFO][none] 処理を開始します。[GET,/SIENP/Keikakureki?param={%22jigyoid%22:1,%22intcode%22:100,%22uniqid%22:3,%22traceid%22:123}&traceid=123&uniqid=3&sample=aa,X-Original-For=undefined,X-Forwarded-For=undefined]
[2023-02-13 17:45:17.642][ERROR][none] システムエラーが発生しました。[[{"value":"aa","msg":"error3","param":"sample","location":"query"}]]
[2023-02-13 17:45:29.821][ INFO][none] 処理を開始します。[GET,/COMMON/userListPrint?param={%22getkbn%22:0,%22jkbn%22:0,%22sdnflg%22:0,%22symd%22:%2220220801%22,%22eymd%22:%2220220901%22}&traceid=123&uniqid=3,X-Original-For=undefined,X-Forwarded-For=undefined]
[2023-02-13 17:45:29.822][ERROR][none] システムエラーが発生しました。[[{"msg":"error1","param":"sample","location":"body"},{"msg":"error3","param":"sample","location":"body"}]]
[2023-02-13 17:45:29.902][ INFO][none] 処理を開始します。[GET,/SIENP/Keikakureki?param={%22jigyoid%22:1,%22intcode%22:100,%22uniqid%22:3,%22traceid%22:123}&traceid=123&uniqid=3,X-Original-For=undefined,X-Forwarded-For=undefined]
[2023-02-13 17:45:29.903][ERROR][none] システムエラーが発生しました。[[{"msg":"error1","param":"sample","location":"body"},{"msg":"error3","param":"sample","location":"body"}]]
[2023-02-13 17:45:39.957][ INFO][none] 処理を開始します。[GET,/COMMON/userListPrint?param={%22getkbn%22:0,%22jkbn%22:0,%22sdnflg%22:0,%22symd%22:%2220220801%22,%22eymd%22:%2220220901%22}&traceid=123&uniqid=3,X-Original-For=undefined,X-Forwarded-For=undefined]
[2023-02-13 17:45:39.959][ERROR][none] システムエラーが発生しました。[[{"msg":"error1","param":"sample","location":"body"},{"msg":"error3","param":"sample","location":"body"}]]
[2023-02-13 17:45:39.981][ INFO][none] 処理を開始します。[GET,/SIENP/Keikakureki?param={%22jigyoid%22:1,%22intcode%22:100,%22uniqid%22:3,%22traceid%22:123}&traceid=123&uniqid=3,X-Original-For=undefined,X-Forwarded-For=undefined]
[2023-02-13 17:45:39.983][ERROR][none] システムエラーが発生しました。[[{"msg":"error1","param":"sample","location":"body"},{"msg":"error3","param":"sample","location":"body"}]]
[2023-02-13 17:46:29.212][ INFO][none] 処理を開始します。[GET,/COMMON/userListPrint?param={%22getkbn%22:0,%22jkbn%22:0,%22sdnflg%22:0,%22symd%22:%2220220801%22,%22eymd%22:%2220220901%22}&traceid=123&uniqid=3&sample=,X-Original-For=undefined,X-Forwarded-For=undefined]
[2023-02-13 17:46:29.214][ERROR][none] システムエラーが発生しました。[[{"value":"","msg":"error1","param":"sample","location":"query"},{"value":"","msg":"error3","param":"sample","location":"query"}]]
[2023-02-13 17:46:29.306][ INFO][none] 処理を開始します。[GET,/SIENP/Keikakureki?param={%22jigyoid%22:1,%22intcode%22:100,%22uniqid%22:3,%22traceid%22:123}&traceid=123&uniqid=3&sample=,X-Original-For=undefined,X-Forwarded-For=undefined]
[2023-02-13 17:46:29.307][ERROR][none] システムエラーが発生しました。[[{"value":"","msg":"error1","param":"sample","location":"query"},{"value":"","msg":"error3","param":"sample","location":"query"}]]
[2023-02-13 17:46:58.061][ INFO][none] 処理を開始します。[GET,/COMMON/userListPrint?param={%22getkbn%22:0,%22jkbn%22:0,%22sdnflg%22:0,%22symd%22:%2220220801%22,%22eymd%22:%2220220901%22}&traceid=123&uniqid=3&sample=123,X-Original-For=undefined,X-Forwarded-For=undefined]
[2023-02-13 17:46:58.145][ INFO][none] 処理を開始します。[GET,/SIENP/Keikakureki?param={%22jigyoid%22:1,%22intcode%22:100,%22uniqid%22:3,%22traceid%22:123}&traceid=123&uniqid=3&sample=123,X-Original-For=undefined,X-Forwarded-For=undefined]
[2023-02-13 17:46:58.563][ INFO][none] 処理が正常終了しました。
[2023-02-13 17:46:58.890][ INFO][none] 処理が正常終了しました。
[2023-02-13 17:47:02.348][ INFO][none] リクエストの待ち受けを開始します。[Port=8000]
[2023-02-13 17:47:07.366][ INFO][none] 処理を開始します。[GET,/COMMON/userListPrint?param={%22getkbn%22:0,%22jkbn%22:0,%22sdnflg%22:0,%22symd%22:%2220220801%22,%22eymd%22:%2220220901%22}&traceid=123&uniqid=3&sample=123,X-Original-For=undefined,X-Forwarded-For=undefined]
[2023-02-13 17:47:07.394][ INFO][none] 処理を開始します。[GET,/SIENP/Keikakureki?param={%22jigyoid%22:1,%22intcode%22:100,%22uniqid%22:3,%22traceid%22:123}&traceid=123&uniqid=3&sample=123,X-Original-For=undefined,X-Forwarded-For=undefined]
[2023-02-13 17:47:07.545][ INFO][none] 処理が正常終了しました。
[2023-02-13 17:47:07.868][ INFO][none] 処理が正常終了しました。
