[2023-02-10 16:51:26.455][ERROR][none] システムエラーが発生しました。[ReferenceError: params is not defined]
[2023-02-10 16:56:04.501][ERROR][none] システムエラーが発生しました。[ReferenceError: params is not defined]
[2023-02-10 16:56:45.660][ERROR][none] システムエラーが発生しました。[ReferenceError: params is not defined]
[2023-02-10 16:57:28.919][ERROR][none] システムエラーが発生しました。[ReferenceError: params is not defined]
[2023-02-10 16:58:17.192][ERROR][none] システムエラーが発生しました。[ReferenceError: params is not defined]
[2023-02-10 16:59:52.194][ERROR][none] システムエラーが発生しました。[ReferenceError: params is not defined]
[2023-02-10 17:00:11.654][ERROR][none] システムエラーが発生しました。[ReferenceError: params is not defined]
[2023-02-10 17:01:05.432][ERROR][none] TypeError: JSON.parse is not a function or its return value is not iterable
    at /home/tokei/develop/100Sogo_WebApl/src/trunk/backend/src/index.js:65:35
    at Layer.handle [as handle_request] (/home/tokei/develop/100Sogo_WebApl/src/trunk/backend/node_modules/express/lib/router/layer.js:95:5)
    at next (/home/tokei/develop/100Sogo_WebApl/src/trunk/backend/node_modules/express/lib/router/route.js:144:13)
    at Route.dispatch (/home/tokei/develop/100Sogo_WebApl/src/trunk/backend/node_modules/express/lib/router/route.js:114:3)
    at Layer.handle [as handle_request] (/home/tokei/develop/100Sogo_WebApl/src/trunk/backend/node_modules/express/lib/router/layer.js:95:5)
    at /home/tokei/develop/100Sogo_WebApl/src/trunk/backend/node_modules/express/lib/router/index.js:284:15
    at param (/home/tokei/develop/100Sogo_WebApl/src/trunk/backend/node_modules/express/lib/router/index.js:365:14)
    at param (/home/tokei/develop/100Sogo_WebApl/src/trunk/backend/node_modules/express/lib/router/index.js:376:14)
    at param (/home/tokei/develop/100Sogo_WebApl/src/trunk/backend/node_modules/express/lib/router/index.js:376:14)
    at Function.process_params (/home/tokei/develop/100Sogo_WebApl/src/trunk/backend/node_modules/express/lib/router/index.js:421:3)
[2023-02-10 17:01:05.433][ERROR][none] システムエラーが発生しました。[TypeError: JSON.parse is not a function or its return value is not iterable]
[2023-02-10 17:01:05.454][ERROR][none] TypeError: JSON.parse is not a function or its return value is not iterable
    at /home/tokei/develop/100Sogo_WebApl/src/trunk/backend/src/index.js:65:35
    at Layer.handle [as handle_request] (/home/tokei/develop/100Sogo_WebApl/src/trunk/backend/node_modules/express/lib/router/layer.js:95:5)
    at next (/home/tokei/develop/100Sogo_WebApl/src/trunk/backend/node_modules/express/lib/router/route.js:144:13)
    at Route.dispatch (/home/tokei/develop/100Sogo_WebApl/src/trunk/backend/node_modules/express/lib/router/route.js:114:3)
    at Layer.handle [as handle_request] (/home/tokei/develop/100Sogo_WebApl/src/trunk/backend/node_modules/express/lib/router/layer.js:95:5)
    at /home/tokei/develop/100Sogo_WebApl/src/trunk/backend/node_modules/express/lib/router/index.js:284:15
    at param (/home/tokei/develop/100Sogo_WebApl/src/trunk/backend/node_modules/express/lib/router/index.js:365:14)
    at param (/home/tokei/develop/100Sogo_WebApl/src/trunk/backend/node_modules/express/lib/router/index.js:376:14)
    at param (/home/tokei/develop/100Sogo_WebApl/src/trunk/backend/node_modules/express/lib/router/index.js:376:14)
    at Function.process_params (/home/tokei/develop/100Sogo_WebApl/src/trunk/backend/node_modules/express/lib/router/index.js:421:3)
[2023-02-10 17:01:05.455][ERROR][none] システムエラーが発生しました。[TypeError: JSON.parse is not a function or its return value is not iterable]
[2023-02-10 17:01:12.712][ERROR][none] TypeError: JSON.parse is not a function or its return value is not iterable
    at /home/tokei/develop/100Sogo_WebApl/src/trunk/backend/src/index.js:65:35
    at Layer.handle [as handle_request] (/home/tokei/develop/100Sogo_WebApl/src/trunk/backend/node_modules/express/lib/router/layer.js:95:5)
    at next (/home/tokei/develop/100Sogo_WebApl/src/trunk/backend/node_modules/express/lib/router/route.js:144:13)
    at Route.dispatch (/home/tokei/develop/100Sogo_WebApl/src/trunk/backend/node_modules/express/lib/router/route.js:114:3)
    at Layer.handle [as handle_request] (/home/tokei/develop/100Sogo_WebApl/src/trunk/backend/node_modules/express/lib/router/layer.js:95:5)
    at /home/tokei/develop/100Sogo_WebApl/src/trunk/backend/node_modules/express/lib/router/index.js:284:15
    at param (/home/tokei/develop/100Sogo_WebApl/src/trunk/backend/node_modules/express/lib/router/index.js:365:14)
    at param (/home/tokei/develop/100Sogo_WebApl/src/trunk/backend/node_modules/express/lib/router/index.js:376:14)
    at param (/home/tokei/develop/100Sogo_WebApl/src/trunk/backend/node_modules/express/lib/router/index.js:376:14)
    at Function.process_params (/home/tokei/develop/100Sogo_WebApl/src/trunk/backend/node_modules/express/lib/router/index.js:421:3)
[2023-02-10 17:01:12.712][ERROR][none] システムエラーが発生しました。[TypeError: JSON.parse is not a function or its return value is not iterable]
[2023-02-10 17:01:12.734][ERROR][none] TypeError: JSON.parse is not a function or its return value is not iterable
    at /home/tokei/develop/100Sogo_WebApl/src/trunk/backend/src/index.js:65:35
    at Layer.handle [as handle_request] (/home/tokei/develop/100Sogo_WebApl/src/trunk/backend/node_modules/express/lib/router/layer.js:95:5)
    at next (/home/tokei/develop/100Sogo_WebApl/src/trunk/backend/node_modules/express/lib/router/route.js:144:13)
    at Route.dispatch (/home/tokei/develop/100Sogo_WebApl/src/trunk/backend/node_modules/express/lib/router/route.js:114:3)
    at Layer.handle [as handle_request] (/home/tokei/develop/100Sogo_WebApl/src/trunk/backend/node_modules/express/lib/router/layer.js:95:5)
    at /home/tokei/develop/100Sogo_WebApl/src/trunk/backend/node_modules/express/lib/router/index.js:284:15
    at param (/home/tokei/develop/100Sogo_WebApl/src/trunk/backend/node_modules/express/lib/router/index.js:365:14)
    at param (/home/tokei/develop/100Sogo_WebApl/src/trunk/backend/node_modules/express/lib/router/index.js:376:14)
    at param (/home/tokei/develop/100Sogo_WebApl/src/trunk/backend/node_modules/express/lib/router/index.js:376:14)
    at Function.process_params (/home/tokei/develop/100Sogo_WebApl/src/trunk/backend/node_modules/express/lib/router/index.js:421:3)
[2023-02-10 17:01:12.735][ERROR][none] システムエラーが発生しました。[TypeError: JSON.parse is not a function or its return value is not iterable]
[2023-02-10 17:02:22.153][ERROR][none] システムエラーが発生しました。[ReferenceError: apiRun is not defined]
[2023-02-10 17:03:05.815][ERROR][none] システムエラーが発生しました。[ReferenceError: apiRun is not defined]
[2023-02-10 17:05:08.956][ERROR][none] システムエラーが発生しました。[ReferenceError: apiRun is not defined]
[2023-02-10 17:07:15.452][ERROR][none] システムエラーが発生しました。[ReferenceError: apiRun is not defined]
[2023-02-10 17:08:45.912][ERROR][none] システムエラーが発生しました。[ReferenceError: apiRun is not defined]
[2023-02-10 17:10:50.570][ERROR][none] システムエラーが発生しました。[ReferenceError: apiRun is not defined]
[2023-02-10 17:14:41.004][ERROR][none] SyntaxError: "[object Object]" is not valid JSON
    at JSON.parse (<anonymous>)
    at /home/tokei/develop/100Sogo_WebApl/src/trunk/backend/src/index.js:71:31
    at Layer.handle [as handle_request] (/home/tokei/develop/100Sogo_WebApl/src/trunk/backend/node_modules/express/lib/router/layer.js:95:5)
    at next (/home/tokei/develop/100Sogo_WebApl/src/trunk/backend/node_modules/express/lib/router/route.js:144:13)
    at Route.dispatch (/home/tokei/develop/100Sogo_WebApl/src/trunk/backend/node_modules/express/lib/router/route.js:114:3)
    at Layer.handle [as handle_request] (/home/tokei/develop/100Sogo_WebApl/src/trunk/backend/node_modules/express/lib/router/layer.js:95:5)
    at /home/tokei/develop/100Sogo_WebApl/src/trunk/backend/node_modules/express/lib/router/index.js:284:15
    at param (/home/tokei/develop/100Sogo_WebApl/src/trunk/backend/node_modules/express/lib/router/index.js:365:14)
    at param (/home/tokei/develop/100Sogo_WebApl/src/trunk/backend/node_modules/express/lib/router/index.js:376:14)
    at param (/home/tokei/develop/100Sogo_WebApl/src/trunk/backend/node_modules/express/lib/router/index.js:376:14)
[2023-02-10 17:14:41.005][ERROR][none] システムエラーが発生しました。[SyntaxError: "[object Object]" is not valid JSON]
[2023-02-10 17:14:41.030][ERROR][none] SyntaxError: "[object Object]" is not valid JSON
    at JSON.parse (<anonymous>)
    at /home/tokei/develop/100Sogo_WebApl/src/trunk/backend/src/index.js:71:31
    at Layer.handle [as handle_request] (/home/tokei/develop/100Sogo_WebApl/src/trunk/backend/node_modules/express/lib/router/layer.js:95:5)
    at next (/home/tokei/develop/100Sogo_WebApl/src/trunk/backend/node_modules/express/lib/router/route.js:144:13)
    at Route.dispatch (/home/tokei/develop/100Sogo_WebApl/src/trunk/backend/node_modules/express/lib/router/route.js:114:3)
    at Layer.handle [as handle_request] (/home/tokei/develop/100Sogo_WebApl/src/trunk/backend/node_modules/express/lib/router/layer.js:95:5)
    at /home/tokei/develop/100Sogo_WebApl/src/trunk/backend/node_modules/express/lib/router/index.js:284:15
    at param (/home/tokei/develop/100Sogo_WebApl/src/trunk/backend/node_modules/express/lib/router/index.js:365:14)
    at param (/home/tokei/develop/100Sogo_WebApl/src/trunk/backend/node_modules/express/lib/router/index.js:376:14)
    at param (/home/tokei/develop/100Sogo_WebApl/src/trunk/backend/node_modules/express/lib/router/index.js:376:14)
[2023-02-10 17:14:41.030][ERROR][none] システムエラーが発生しました。[SyntaxError: "[object Object]" is not valid JSON]
[2023-02-10 17:15:20.672][ERROR][none] SyntaxError: "[object Object]" is not valid JSON
    at JSON.parse (<anonymous>)
    at /home/tokei/develop/100Sogo_WebApl/src/trunk/backend/src/index.js:71:31
    at Layer.handle [as handle_request] (/home/tokei/develop/100Sogo_WebApl/src/trunk/backend/node_modules/express/lib/router/layer.js:95:5)
    at next (/home/tokei/develop/100Sogo_WebApl/src/trunk/backend/node_modules/express/lib/router/route.js:144:13)
    at Route.dispatch (/home/tokei/develop/100Sogo_WebApl/src/trunk/backend/node_modules/express/lib/router/route.js:114:3)
    at Layer.handle [as handle_request] (/home/tokei/develop/100Sogo_WebApl/src/trunk/backend/node_modules/express/lib/router/layer.js:95:5)
    at /home/tokei/develop/100Sogo_WebApl/src/trunk/backend/node_modules/express/lib/router/index.js:284:15
    at param (/home/tokei/develop/100Sogo_WebApl/src/trunk/backend/node_modules/express/lib/router/index.js:365:14)
    at param (/home/tokei/develop/100Sogo_WebApl/src/trunk/backend/node_modules/express/lib/router/index.js:376:14)
    at param (/home/tokei/develop/100Sogo_WebApl/src/trunk/backend/node_modules/express/lib/router/index.js:376:14)
[2023-02-10 17:15:20.672][ERROR][none] システムエラーが発生しました。[SyntaxError: "[object Object]" is not valid JSON]
[2023-02-10 17:15:20.692][ERROR][none] SyntaxError: "[object Object]" is not valid JSON
    at JSON.parse (<anonymous>)
    at /home/tokei/develop/100Sogo_WebApl/src/trunk/backend/src/index.js:71:31
    at Layer.handle [as handle_request] (/home/tokei/develop/100Sogo_WebApl/src/trunk/backend/node_modules/express/lib/router/layer.js:95:5)
    at next (/home/tokei/develop/100Sogo_WebApl/src/trunk/backend/node_modules/express/lib/router/route.js:144:13)
    at Route.dispatch (/home/tokei/develop/100Sogo_WebApl/src/trunk/backend/node_modules/express/lib/router/route.js:114:3)
    at Layer.handle [as handle_request] (/home/tokei/develop/100Sogo_WebApl/src/trunk/backend/node_modules/express/lib/router/layer.js:95:5)
    at /home/tokei/develop/100Sogo_WebApl/src/trunk/backend/node_modules/express/lib/router/index.js:284:15
    at param (/home/tokei/develop/100Sogo_WebApl/src/trunk/backend/node_modules/express/lib/router/index.js:365:14)
    at param (/home/tokei/develop/100Sogo_WebApl/src/trunk/backend/node_modules/express/lib/router/index.js:376:14)
    at param (/home/tokei/develop/100Sogo_WebApl/src/trunk/backend/node_modules/express/lib/router/index.js:376:14)
[2023-02-10 17:15:20.692][ERROR][none] システムエラーが発生しました。[SyntaxError: "[object Object]" is not valid JSON]
[2023-02-10 17:16:05.248][ERROR][none] システムエラーが発生しました。[ReferenceError: apiRun is not defined]
[2023-02-10 17:16:53.164][ERROR][none] システムエラーが発生しました。[ReferenceError: apiRun is not defined]
[2023-02-10 17:17:19.451][ERROR][none] システムエラーが発生しました。[ReferenceError: apiRun is not defined]
