[2022-07-28T09:57:50.270] [INFO] default - name=> aaaaa
[2022-07-28T09:57:50.271] [INFO] default - code=> 1
[2022-07-28T09:57:58.624] [INFO] default - name=> aaaaa
[2022-07-28T09:57:58.624] [INFO] default - code=> 1
[2022-07-28T09:58:10.633] [INFO] default - name=> aaaaa
[2022-07-28T09:58:10.633] [INFO] default - code=> 1
[2022-07-28T09:58:16.517] [INFO] default - name=> aaaaa
[2022-07-28T09:58:16.517] [INFO] default - code=> 1
[2022-07-28T10:02:22.740] [INFO] default - name=> aaaaa
[2022-07-28T10:02:22.741] [INFO] default - code=> 1
[2022-07-28T10:09:04.782] [INFO] default - name=> aaaaa
[2022-07-28T10:09:04.782] [INFO] default - code=> 1
[2022-07-28T10:09:33.441] [INFO] default - name=> aaaaa
[2022-07-28T10:09:33.441] [INFO] default - code=> 1
[2022-07-28T10:10:52.494] [INFO] default - name=> aaaaa
[2022-07-28T10:10:52.495] [INFO] default - code=> 1
[2022-07-28T10:12:55.289] [INFO] default - name=> aaaaa
[2022-07-28T10:12:55.289] [INFO] default - code=> 1
[2022-07-28T10:12:58.727] [INFO] default - name=> aaaaa
[2022-07-28T10:12:58.727] [INFO] default - code=> 1
[2022-07-28T10:13:17.432] [INFO] default - name=> aaaaa
[2022-07-28T10:13:17.432] [INFO] default - code=> 1
[2022-07-28T10:13:18.885] [INFO] default - name=> aaaaa
[2022-07-28T10:13:18.885] [INFO] default - code=> 1
[2022-07-28T10:13:48.287] [INFO] default - name=> aaaaa
[2022-07-28T10:13:48.287] [INFO] default - code=> 1
[2022-07-28T10:14:11.525] [INFO] default - name=> aaaaa
[2022-07-28T10:14:11.525] [INFO] default - code=> 1
[2022-07-28T10:17:33.105] [INFO] default - name=> aaaaa
[2022-07-28T10:17:33.105] [INFO] default - code=> 1
[2022-07-28T10:18:25.434] [INFO] default - name=> aaaaa
[2022-07-28T10:18:25.434] [INFO] default - code=> 1
[2022-07-28T10:18:29.950] [INFO] default - name=> aaaaa
[2022-07-28T10:18:29.950] [INFO] default - code=> 1
[2022-07-28T10:19:05.577] [INFO] default - name=> aaaaa
[2022-07-28T10:19:05.577] [INFO] default - code=> 1
[2022-07-28T10:19:40.518] [INFO] default - name=> aaaaa
[2022-07-28T10:19:40.518] [INFO] default - code=> 1
[2022-07-28T10:19:43.890] [INFO] default - name=> aaaaa
[2022-07-28T10:19:43.890] [INFO] default - code=> 1
[2022-07-28T10:20:09.474] [INFO] default - name=> aaaaa
[2022-07-28T10:20:09.474] [INFO] default - code=> 1
[2022-07-28T10:20:37.632] [INFO] default - name=> aaaaa
[2022-07-28T10:20:37.632] [INFO] default - code=> 1
[2022-07-28T10:21:24.155] [INFO] default - name=> aaaaa
[2022-07-28T10:21:24.155] [INFO] default - code=> 1
[2022-07-28T10:21:28.074] [INFO] default - name=> aaaaa
[2022-07-28T10:21:28.074] [INFO] default - code=> 1
[2022-07-28T10:21:43.538] [INFO] default - name=> aaaaa
[2022-07-28T10:21:43.538] [INFO] default - code=> 1
[2022-07-28T10:21:48.561] [INFO] default - name=> aaaaa
[2022-07-28T10:21:48.561] [INFO] default - code=> 1
[2022-07-28T10:21:57.019] [INFO] default - name=> aaaaa
[2022-07-28T10:21:57.019] [INFO] default - code=> 1
[2022-07-28T10:22:04.409] [INFO] default - name=> aaaaa
[2022-07-28T10:22:04.410] [INFO] default - code=> 1
[2022-07-28T10:22:42.773] [INFO] default - name=> aaaaa
[2022-07-28T10:22:42.773] [INFO] default - code=> 1
[2022-07-28T10:23:04.825] [INFO] default - name=> aaaaa
[2022-07-28T10:23:04.825] [INFO] default - code=> 1
[2022-07-28T10:23:11.688] [INFO] default - name=> aaaaa
[2022-07-28T10:23:11.688] [INFO] default - code=> 1
[2022-07-28T10:24:01.910] [INFO] default - name=> aaaaa
[2022-07-28T10:24:01.911] [INFO] default - code=> 1
[2022-07-28T10:24:15.267] [INFO] default - name=> aaaaa
[2022-07-28T10:24:15.267] [INFO] default - code=> 1
[2022-07-28T10:24:23.414] [INFO] default - name=> aaaaa
[2022-07-28T10:24:23.414] [INFO] default - code=> 1
[2022-07-28T10:28:33.707] [INFO] default - name=> aaaaa
[2022-07-28T10:28:33.707] [INFO] default - code=> 1
[2022-07-28T10:30:22.082] [INFO] default - name=> aaaaa
[2022-07-28T10:30:22.083] [INFO] default - code=> 1
[2022-07-28T10:30:24.814] [INFO] default - name=> aaaaa
[2022-07-28T10:30:24.814] [INFO] default - code=> 1
[2022-07-28T10:32:09.998] [INFO] default - name=> NenkanRiyouNissuIcrn
[2022-07-28T10:32:09.998] [INFO] default - code=> 1
[2022-07-28T10:32:12.835] [INFO] default - name=> NenkanRiyouNissuIcrn
[2022-07-28T10:32:12.835] [INFO] default - code=> 1
[2022-07-28T10:33:33.519] [INFO] default - name=> NenkanRiyouNissuIcrn
[2022-07-28T10:33:33.520] [INFO] default - code=> 1
[2022-07-28T10:33:39.524] [INFO] default - name=> NenkanRiyouNissuIcrn
[2022-07-28T10:33:39.524] [INFO] default - code=> 1
[2022-07-28T10:33:50.529] [INFO] default - name=> NenkanRiyouNissuIcrn
[2022-07-28T10:33:50.529] [INFO] default - code=> 997
[2022-07-28T10:33:53.893] [INFO] default - name=> NenkanRiyouNissuIcrn
[2022-07-28T10:33:53.893] [INFO] default - code=> 997
[2022-07-28T10:34:55.154] [INFO] default - name=> NenkanRiyouNissuIcrn
[2022-07-28T10:34:55.154] [INFO] default - code=> 997
[2022-07-28T10:42:15.166] [INFO] default - name=> NenkanRiyouNissuIcrn
[2022-07-28T10:42:15.166] [INFO] default - code=> 997
[2022-07-28T10:44:11.658] [INFO] default - name=> NenkanRiyouNissuIcrn
[2022-07-28T10:44:11.658] [INFO] default - code=> 997
[2022-07-28T10:44:20.809] [INFO] default - name=> NenkanRiyouNissuIcrn
[2022-07-28T10:44:20.809] [INFO] default - code=> 997
[2022-07-28T10:45:23.125] [INFO] default - name=> NenkanRiyouNissuIcrn
[2022-07-28T10:45:23.125] [INFO] default - code=> 997
[2022-07-28T10:45:45.506] [INFO] default - name=> NenkanRiyouNissuIcrn
[2022-07-28T10:45:45.507] [INFO] default - code=> 997
[2022-07-28T10:46:30.024] [INFO] default - name=> NenkanRiyouNissuIcrn
[2022-07-28T10:46:30.024] [INFO] default - code=> 997
[2022-07-28T10:46:37.439] [INFO] default - name=> NenkanRiyouNissuIcrn
[2022-07-28T10:46:37.439] [INFO] default - code=> 997
[2022-07-28T10:46:59.373] [INFO] default - name=> NenkanRiyouNissuIcrn
[2022-07-28T10:46:59.373] [INFO] default - code=> 997
[2022-07-28T10:47:33.646] [INFO] default - name=> NenkanRiyouNissuIcrn
[2022-07-28T10:47:33.646] [INFO] default - code=> 997
[2022-07-28T10:47:33.735] [INFO] default - name=> NenkanRiyouNissuIcrn
[2022-07-28T10:47:33.735] [INFO] default - code=> 997
[2022-07-28T10:48:24.543] [INFO] default - name1=> NenkanRiyouNissuIcrn
[2022-07-28T10:48:24.543] [INFO] default - code=> 997
[2022-07-28T10:50:11.965] [INFO] default - name1=> NenkanRiyouNissuIcrn
[2022-07-28T10:50:11.966] [INFO] default - code=> 997
[2022-07-28T10:50:21.118] [INFO] default - name1=> NenkanRiyouNissuIcrn
[2022-07-28T10:50:21.118] [INFO] default - code=> 997
[2022-07-28T10:50:39.011] [INFO] default - name1=> NenkanRiyouNissuIcrn
[2022-07-28T10:50:39.012] [INFO] default - code=> 997
[2022-07-28T11:00:34.612] [INFO] default - name1=> NenkanRiyouNissuIcrn
[2022-07-28T11:00:34.613] [INFO] default - code=> 997
[2022-07-28T11:01:11.687] [INFO] default - name1=> NenkanRiyouNissuIcrn
[2022-07-28T11:01:11.688] [INFO] default - code=> 997
[2022-07-28T11:01:11.691] [INFO] default - name1=> aaaaa
[2022-07-28T11:01:11.691] [INFO] default - code=> 1
[2022-07-28T11:01:34.817] [INFO] default - name1=> aaaaa
[2022-07-28T11:01:34.819] [INFO] default - code=> 1
[2022-07-28T11:01:34.822] [INFO] default - name1=> NenkanRiyouNissuIcrn
[2022-07-28T11:01:34.822] [INFO] default - code=> 997
[2022-07-28T11:43:11.630] [INFO] default - name1=> NenkanRiyouNissuIcrn
[2022-07-28T11:43:11.631] [INFO] default - code=> 997
[2022-07-28T11:44:06.321] [INFO] default - name1=> NenkanRiyouNissuIcrn
[2022-07-28T11:44:06.322] [INFO] default - code=> 997
[2022-07-28T11:44:45.381] [INFO] default - name1=> NenkanRiyouNissuIcrn
[2022-07-28T11:44:45.381] [INFO] default - code=> 997
[2022-07-28T11:44:48.805] [INFO] default - name1=> NenkanRiyouNissuIcrn
[2022-07-28T11:44:48.805] [INFO] default - code=> 997
[2022-07-28T11:44:57.028] [INFO] default - name1=> NenkanRiyouNissuIcrn
[2022-07-28T11:44:57.029] [INFO] default - code=> 997
[2022-07-28T11:46:31.057] [INFO] default - name1=> NenkanRiyouNissuIcrn
[2022-07-28T11:46:31.058] [INFO] default - code=> 997
[2022-07-28T11:46:55.277] [INFO] default - name1=> NenkanRiyouNissuIcrn
[2022-07-28T11:46:55.278] [INFO] default - code=> 997
[2022-07-28T11:56:10.936] [INFO] default - name1=> NenkanRiyouNissuIcrn
[2022-07-28T11:56:10.937] [INFO] default - code=> 997
[2022-07-28T12:00:00.060] [INFO] default - name1=> NenkanRiyouNissuIcrn
[2022-07-28T12:00:00.061] [INFO] default - code=> 997
[2022-07-28T12:48:24.739] [INFO] default - name1=> NenkanRiyouNissuIcrn
[2022-07-28T12:48:24.740] [INFO] default - code=> 997
[2022-07-28T12:53:10.700] [INFO] default - name1=> NenkanRiyouNissuIcrn
[2022-07-28T12:53:10.702] [INFO] default - code=> 997
[2022-07-28T12:57:04.870] [INFO] default - name1=> NenkanRiyouNissuIcrn
[2022-07-28T12:57:04.870] [INFO] default - code=> 997
[2022-07-28T12:57:35.399] [INFO] default - name1=> NenkanRiyouNissuIcrn
[2022-07-28T12:57:35.400] [INFO] default - code=> 997
[2022-07-28T13:01:10.378] [INFO] default - name1=> NenkanRiyouNissuIcrn
[2022-07-28T13:01:10.379] [INFO] default - code=> 997
[2022-07-28T13:01:53.534] [INFO] default - name1=> NenkanRiyouNissuIcrn
[2022-07-28T13:01:53.536] [INFO] default - code=> 997
[2022-07-28T13:15:55.167] [INFO] default - name1=> NenkanRiyouNissuIcrn
[2022-07-28T13:15:55.168] [INFO] default - code=> 997
[2022-07-28T13:16:52.271] [INFO] default - name1=> NenkanRiyouNissuIcrn
[2022-07-28T13:16:52.272] [INFO] default - code=> 997
[2022-07-28T13:18:27.671] [INFO] default - name1=> NenkanRiyouNissuIcrn
[2022-07-28T13:18:27.672] [INFO] default - code=> 997
[2022-07-28T13:19:15.416] [INFO] default - name1=> NenkanRiyouNissuIcrn
[2022-07-28T13:19:15.417] [INFO] default - code=> 997
[2022-07-28T13:26:30.432] [INFO] default - name1=> NenkanRiyouNissuIcrn
[2022-07-28T13:26:30.433] [INFO] default - code=> 997
[2022-07-28T13:27:43.642] [INFO] default - name1=> NenkanRiyouNissuIcrn
[2022-07-28T13:27:43.643] [INFO] default - code=> 997
[2022-07-28T13:28:42.035] [INFO] default - name1=> NenkanRiyouNissuIcrn
[2022-07-28T13:28:42.036] [INFO] default - code=> 997
[2022-07-28T13:28:59.406] [INFO] default - name1=> NenkanRiyouNissuIcrn
[2022-07-28T13:28:59.407] [INFO] default - code=> 997
[2022-07-28T13:29:49.131] [INFO] default - name1=> NenkanRiyouNissuIcrn
[2022-07-28T13:29:49.132] [INFO] default - code=> 997
[2022-07-28T13:30:45.776] [INFO] default - name1=> NenkanRiyouNissuIcrn
[2022-07-28T13:30:45.776] [INFO] default - code=> 997
[2022-07-28T13:31:13.975] [INFO] default - name1=> NenkanRiyouNissuIcrn
[2022-07-28T13:31:13.976] [INFO] default - code=> 997
[2022-07-28T13:32:36.334] [INFO] default - name1=> NenkanRiyouNissuIcrn
[2022-07-28T13:32:36.335] [INFO] default - code=> 997
[2022-07-28T13:33:27.927] [INFO] default - name1=> NenkanRiyouNissuIcrn
[2022-07-28T13:33:27.928] [INFO] default - code=> 997
[2022-07-28T13:33:37.895] [INFO] default - name1=> NenkanRiyouNissuIcrn
[2022-07-28T13:33:37.896] [INFO] default - code=> 997
[2022-07-28T13:34:01.947] [INFO] default - name1=> NenkanRiyouNissuIcrn
[2022-07-28T13:34:01.948] [INFO] default - code=> 997
[2022-07-28T13:34:39.819] [INFO] default - name1=> NenkanRiyouNissuIcrn
[2022-07-28T13:34:39.819] [INFO] default - code=> 997
[2022-07-28T13:35:38.678] [INFO] default - name1=> NenkanRiyouNissuIcrn
[2022-07-28T13:35:38.679] [INFO] default - code=> 997
[2022-07-28T13:36:10.003] [INFO] default - name1=> NenkanRiyouNissuIcrn
[2022-07-28T13:36:10.004] [INFO] default - code=> 997
[2022-07-28T13:36:55.274] [INFO] default - name1=> NenkanRiyouNissuIcrn
[2022-07-28T13:36:55.275] [INFO] default - code=> 997
[2022-07-28T13:38:02.553] [INFO] default - name1=> NenkanRiyouNissuIcrn
[2022-07-28T13:38:02.553] [INFO] default - code=> 997
[2022-07-28T13:42:12.153] [INFO] default - name1=> NenkanRiyouNissuIcrn
[2022-07-28T13:42:12.153] [INFO] default - code=> 997
[2022-07-28T13:42:35.709] [INFO] default - name1=> NenkanRiyouNissuIcrn
[2022-07-28T13:42:35.710] [INFO] default - code=> 997
[2022-07-28T13:43:25.110] [INFO] default - name1=> NenkanRiyouNissuIcrn
[2022-07-28T13:43:25.111] [INFO] default - code=> 997
[2022-07-28T13:44:13.152] [INFO] default - name1=> NenkanRiyouNissuIcrn
[2022-07-28T13:44:13.153] [INFO] default - code=> 997
[2022-07-28T13:44:57.786] [INFO] default - name1=> NenkanRiyouNissuIcrn
[2022-07-28T13:44:57.787] [INFO] default - code=> 997
[2022-07-28T13:46:13.229] [INFO] default - name1=> NenkanRiyouNissuIcrn
[2022-07-28T13:46:13.230] [INFO] default - code=> 997
[2022-07-28T13:47:28.457] [INFO] default - name1=> NenkanRiyouNissuIcrn
[2022-07-28T13:47:28.458] [INFO] default - code=> 997
[2022-07-28T13:50:02.623] [INFO] default - name1=> NenkanRiyouNissuIcrn
[2022-07-28T13:50:02.624] [INFO] default - code=> 997
[2022-07-28T13:52:29.199] [INFO] default - name1=> NenkanRiyouNissuIcrn
[2022-07-28T13:52:29.199] [INFO] default - code=> 997
[2022-07-28T13:57:27.063] [INFO] default - name1=> NenkanRiyouNissuIcrn
[2022-07-28T13:57:27.064] [INFO] default - uniqid=> 997
[2022-07-28T13:57:27.064] [INFO] default - trace=> 123
[2022-07-28T14:00:02.255] [INFO] default - name1=> NenkanRiyouNissuIcrn
[2022-07-28T14:00:02.255] [INFO] default - uniqid=> 997
[2022-07-28T14:00:02.255] [INFO] default - trace=> 123
[2022-07-28T14:00:25.644] [INFO] default - name1=> NenkanRiyouNissuIcrn
[2022-07-28T14:00:25.645] [INFO] default - uniqid=> 997
[2022-07-28T14:00:25.645] [INFO] default - trace=> 123
[2022-07-28T14:04:40.473] [INFO] default - name1=> NenkanRiyouNissuIcrn
[2022-07-28T14:04:40.474] [INFO] default - uniqid=> 997
[2022-07-28T14:04:40.474] [INFO] default - trace=> 123
[2022-07-28T14:05:10.872] [INFO] default - name1=> NenkanRiyouNissuIcrn
[2022-07-28T14:05:10.873] [INFO] default - uniqid=> 997
[2022-07-28T14:05:10.873] [INFO] default - trace=> 123
[2022-07-28T14:10:01.021] [INFO] default - name1=> NenkanRiyouNissuIcrn
[2022-07-28T14:10:01.021] [INFO] default - uniqid=> 997
[2022-07-28T14:10:01.021] [INFO] default - trace=> 123
[2022-07-28T14:12:28.035] [INFO] default - name1=> NenkanRiyouNissuIcrn
[2022-07-28T14:12:28.036] [INFO] default - uniqid=> 997
[2022-07-28T14:12:28.036] [INFO] default - trace=> 123
[2022-07-28T14:12:59.186] [INFO] default - name1=> NenkanRiyouNissuIcrn
[2022-07-28T14:12:59.187] [INFO] default - uniqid=> 997
[2022-07-28T14:12:59.187] [INFO] default - trace=> 123
[2022-07-28T14:13:32.544] [INFO] default - name1=> NenkanRiyouNissuIcrn
[2022-07-28T14:13:32.545] [INFO] default - uniqid=> 997
[2022-07-28T14:13:32.545] [INFO] default - trace=> 123
[2022-07-28T14:14:20.497] [INFO] default - name1=> NenkanRiyouNissuIcrn
[2022-07-28T14:14:20.497] [INFO] default - uniqid=> 997
[2022-07-28T14:14:20.497] [INFO] default - trace=> 123
[2022-07-28T14:14:51.859] [INFO] default - name1=> NenkanRiyouNissuIcrn
[2022-07-28T14:14:51.860] [INFO] default - uniqid=> 997
[2022-07-28T14:14:51.860] [INFO] default - trace=> 123
[2022-07-28T14:15:50.736] [INFO] default - name1=> NenkanRiyouNissuIcrn
[2022-07-28T14:15:50.737] [INFO] default - uniqid=> 997
[2022-07-28T14:15:50.737] [INFO] default - trace=> 123
[2022-07-28T14:16:16.935] [INFO] default - name1=> NenkanRiyouNissuIcrn
[2022-07-28T14:16:16.936] [INFO] default - uniqid=> 997
[2022-07-28T14:16:16.936] [INFO] default - trace=> 123
[2022-07-28T14:19:12.862] [INFO] default - name1=> NenkanRiyouNissuIcrn
[2022-07-28T14:19:12.863] [INFO] default - uniqid=> 997
[2022-07-28T14:19:12.863] [INFO] default - trace=> 123
[2022-07-28T14:19:19.099] [INFO] default - name1=> NenkanRiyouNissuIcrn
[2022-07-28T14:19:19.100] [INFO] default - uniqid=> 997
[2022-07-28T14:19:19.100] [INFO] default - trace=> 123
[2022-07-28T14:19:56.924] [INFO] default - name1=> NenkanRiyouNissuIcrn
[2022-07-28T14:19:56.925] [INFO] default - uniqid=> 997
[2022-07-28T14:19:56.925] [INFO] default - trace=> 123
[2022-07-28T14:22:54.110] [INFO] default - name1=> NenkanRiyouNissuIcrn
[2022-07-28T14:22:54.111] [INFO] default - uniqid=> 997
[2022-07-28T14:22:54.111] [INFO] default - trace=> 123
[2022-07-28T14:23:12.816] [INFO] default - name1=> NenkanRiyouNissuIcrn
[2022-07-28T14:23:12.817] [INFO] default - uniqid=> 997
[2022-07-28T14:23:12.817] [INFO] default - trace=> 123
[2022-07-28T14:23:46.085] [INFO] default - name1=> NenkanRiyouNissuIcrn
[2022-07-28T14:23:46.086] [INFO] default - uniqid=> 997
[2022-07-28T14:23:46.086] [INFO] default - trace=> 123
[2022-07-28T14:25:32.573] [INFO] default - name1=> NenkanRiyouNissuIcrn
[2022-07-28T14:25:32.574] [INFO] default - uniqid=> 997
[2022-07-28T14:25:32.574] [INFO] default - trace=> 123
[2022-07-28T14:29:56.996] [INFO] default - name1=> NenkanRiyouNissuIcrn
[2022-07-28T14:29:56.997] [INFO] default - uniqid=> 997
[2022-07-28T14:29:56.997] [INFO] default - trace=> 123
[2022-07-28T14:30:04.028] [INFO] default - name1=> NenkanRiyouNissuIcrn
[2022-07-28T14:30:04.029] [INFO] default - uniqid=> 997
[2022-07-28T14:30:04.029] [INFO] default - trace=> 123
[2022-07-28T14:31:33.610] [INFO] default - name1=> NenkanRiyouNissuIcrn
[2022-07-28T14:31:33.612] [INFO] default - uniqid=> 997
[2022-07-28T14:31:33.612] [INFO] default - trace=> 123
[2022-07-28T14:32:25.175] [INFO] default - name1=> NenkanRiyouNissuIcrn
[2022-07-28T14:32:25.176] [INFO] default - uniqid=> 997
[2022-07-28T14:32:25.176] [INFO] default - trace=> 123
[2022-07-28T14:33:41.965] [INFO] default - name1=> NenkanRiyouNissuIcrn
[2022-07-28T14:33:41.966] [INFO] default - uniqid=> 997
[2022-07-28T14:33:41.966] [INFO] default - trace=> 123
[2022-07-28T14:35:17.626] [INFO] default - name1=> NenkanRiyouNissuIcrn
[2022-07-28T14:35:17.626] [INFO] default - uniqid=> 997
[2022-07-28T14:35:17.626] [INFO] default - trace=> 123
[2022-07-28T14:38:48.695] [INFO] default - name1=> NenkanRiyouNissuIcrn
[2022-07-28T14:38:48.696] [INFO] default - uniqid=> 997
[2022-07-28T14:38:48.696] [INFO] default - trace=> 123
[2022-07-28T14:39:43.321] [INFO] default - name1=> NenkanRiyouNissuIcrn
[2022-07-28T14:39:43.322] [INFO] default - uniqid=> 997
[2022-07-28T14:39:43.323] [INFO] default - trace=> 123
[2022-07-28T14:40:24.691] [INFO] default - name1=> NenkanRiyouNissuIcrn
[2022-07-28T14:40:24.692] [INFO] default - uniqid=> 997
[2022-07-28T14:40:24.692] [INFO] default - trace=> 123
[2022-07-28T14:41:34.696] [INFO] default - name1=> NenkanRiyouNissuIcrn
[2022-07-28T14:41:34.698] [INFO] default - uniqid=> 997
[2022-07-28T14:41:34.698] [INFO] default - trace=> 123
[2022-07-28T14:44:07.638] [INFO] default - name1=> NenkanRiyouNissuIcrn
[2022-07-28T14:44:07.639] [INFO] default - uniqid=> 997
[2022-07-28T14:44:07.639] [INFO] default - trace=> 123
[2022-07-28T14:47:16.952] [INFO] default - name1=> NenkanRiyouNissuIcrn
[2022-07-28T14:47:16.954] [INFO] default - uniqid=> 997
[2022-07-28T14:47:16.954] [INFO] default - trace=> 123
[2022-07-28T14:50:13.758] [INFO] default - name1=> NenkanRiyouNissuIcrn
[2022-07-28T14:50:13.759] [INFO] default - uniqid=> 997
[2022-07-28T14:50:13.759] [INFO] default - trace=> 123
[2022-07-28T15:35:08.882] [INFO] default - name1=> NenkanRiyouNissuIcrn
[2022-07-28T15:35:08.883] [INFO] default - uniqid=> 997
[2022-07-28T15:35:08.883] [INFO] default - trace=> 123
[2022-07-28T15:35:36.258] [INFO] default - name1=> NenkanRiyouNissuIcrn
[2022-07-28T15:35:36.259] [INFO] default - uniqid=> 997
[2022-07-28T15:35:36.259] [INFO] default - trace=> 123
[2022-07-28T15:36:29.314] [INFO] default - name1=> NenkanRiyouNissuIcrn
[2022-07-28T15:36:29.315] [INFO] default - uniqid=> 997
[2022-07-28T15:36:29.315] [INFO] default - trace=> 123
[2022-07-28T15:36:55.305] [INFO] default - name1=> NenkanRiyouNissuIcrn
[2022-07-28T15:36:55.305] [INFO] default - uniqid=> 997
[2022-07-28T15:36:55.305] [INFO] default - trace=> 123
[2022-07-28T15:37:49.349] [INFO] default - name1=> NenkanRiyouNissuIcrn
[2022-07-28T15:37:49.350] [INFO] default - uniqid=> 997
[2022-07-28T15:37:49.350] [INFO] default - trace=> 123
[2022-07-28T15:38:21.578] [INFO] default - name1=> NenkanRiyouNissuIcrn
[2022-07-28T15:38:21.579] [INFO] default - uniqid=> 997
[2022-07-28T15:38:21.579] [INFO] default - trace=> 123
[2022-07-28T15:38:43.808] [INFO] default - name1=> NenkanRiyouNissuIcrn
[2022-07-28T15:38:43.809] [INFO] default - uniqid=> 997
[2022-07-28T15:38:43.809] [INFO] default - trace=> 123
[2022-07-28T15:39:07.325] [INFO] default - name1=> NenkanRiyouNissuIcrn
[2022-07-28T15:39:07.325] [INFO] default - uniqid=> 997
[2022-07-28T15:39:07.326] [INFO] default - trace=> 123
[2022-07-28T15:39:50.502] [INFO] default - name1=> NenkanRiyouNissuIcrn
[2022-07-28T15:39:50.503] [INFO] default - uniqid=> 997
[2022-07-28T15:39:50.503] [INFO] default - trace=> 123
[2022-07-28T15:40:17.089] [INFO] default - name1=> NenkanRiyouNissuIcrn
[2022-07-28T15:40:17.090] [INFO] default - uniqid=> 997
[2022-07-28T15:40:17.090] [INFO] default - trace=> 123
[2022-07-28T15:40:35.055] [INFO] default - name1=> NenkanRiyouNissuIcrn
[2022-07-28T15:40:35.056] [INFO] default - uniqid=> 997
[2022-07-28T15:40:35.056] [INFO] default - trace=> 123
[2022-07-28T15:40:57.082] [INFO] default - name1=> NenkanRiyouNissuIcrn
[2022-07-28T15:40:57.083] [INFO] default - uniqid=> 997
[2022-07-28T15:40:57.083] [INFO] default - trace=> 123
[2022-07-28T15:41:28.378] [INFO] default - name1=> NenkanRiyouNissuIcrn
[2022-07-28T15:41:28.380] [INFO] default - uniqid=> 997
[2022-07-28T15:41:28.380] [INFO] default - trace=> 123
[2022-07-28T15:42:02.531] [INFO] default - name1=> NenkanRiyouNissuIcrn
[2022-07-28T15:42:02.532] [INFO] default - uniqid=> 997
[2022-07-28T15:42:02.532] [INFO] default - trace=> 123
[2022-07-28T15:42:28.712] [INFO] default - name1=> NenkanRiyouNissuIcrn
[2022-07-28T15:42:28.713] [INFO] default - uniqid=> 997
[2022-07-28T15:42:28.713] [INFO] default - trace=> 123
[2022-07-28T15:43:02.565] [INFO] default - name1=> NenkanRiyouNissuIcrn
[2022-07-28T15:43:02.566] [INFO] default - uniqid=> 997
[2022-07-28T15:43:02.566] [INFO] default - trace=> 123
[2022-07-28T15:44:24.277] [INFO] default - name1=> NenkanRiyouNissuIcrn
[2022-07-28T15:44:24.279] [INFO] default - uniqid=> 997
[2022-07-28T15:44:24.279] [INFO] default - trace=> 123
[2022-07-28T15:45:00.709] [INFO] default - name1=> NenkanRiyouNissuIcrn
[2022-07-28T15:45:00.710] [INFO] default - uniqid=> 997
[2022-07-28T15:45:00.710] [INFO] default - trace=> 123
[2022-07-28T15:45:20.595] [INFO] default - name1=> NenkanRiyouNissuIcrn
[2022-07-28T15:45:20.595] [INFO] default - uniqid=> 997
[2022-07-28T15:45:20.596] [INFO] default - trace=> 123
[2022-07-28T15:46:15.829] [INFO] default - name1=> NenkanRiyouNissuIcrn
[2022-07-28T15:46:15.830] [INFO] default - uniqid=> 997
[2022-07-28T15:46:15.830] [INFO] default - trace=> 123
[2022-07-28T15:46:41.090] [INFO] default - name1=> NenkanRiyouNissuIcrn
[2022-07-28T15:46:41.091] [INFO] default - uniqid=> 997
[2022-07-28T15:46:41.091] [INFO] default - trace=> 123
[2022-07-28T15:46:57.031] [INFO] default - name1=> NenkanRiyouNissuIcrn
[2022-07-28T15:46:57.032] [INFO] default - uniqid=> 997
[2022-07-28T15:46:57.032] [INFO] default - trace=> 123
[2022-07-28T15:47:28.348] [INFO] default - name1=> NenkanRiyouNissuIcrn
[2022-07-28T15:47:28.349] [INFO] default - uniqid=> 997
[2022-07-28T15:47:28.349] [INFO] default - trace=> 123
[2022-07-28T15:47:47.425] [INFO] default - name1=> NenkanRiyouNissuIcrn
[2022-07-28T15:47:47.426] [INFO] default - uniqid=> 997
[2022-07-28T15:47:47.426] [INFO] default - trace=> 123
[2022-07-28T15:48:17.116] [INFO] default - name1=> NenkanRiyouNissuIcrn
[2022-07-28T15:48:17.117] [INFO] default - uniqid=> 997
[2022-07-28T15:48:17.117] [INFO] default - trace=> 123
[2022-07-28T15:48:37.807] [INFO] default - name1=> NenkanRiyouNissuIcrn
[2022-07-28T15:48:37.808] [INFO] default - uniqid=> 997
[2022-07-28T15:48:37.808] [INFO] default - trace=> 123
[2022-07-28T15:49:13.937] [INFO] default - name1=> NenkanRiyouNissuIcrn
[2022-07-28T15:49:13.938] [INFO] default - uniqid=> 997
[2022-07-28T15:49:13.938] [INFO] default - trace=> 123
[2022-07-28T15:49:23.447] [INFO] default - name1=> NenkanRiyouNissuIcrn
[2022-07-28T15:49:23.448] [INFO] default - uniqid=> 997
[2022-07-28T15:49:23.448] [INFO] default - trace=> 123
[2022-07-28T15:49:33.005] [INFO] default - name1=> NenkanRiyouNissuIcrn
[2022-07-28T15:49:33.006] [INFO] default - uniqid=> 997
[2022-07-28T15:49:33.006] [INFO] default - trace=> 123
[2022-07-28T15:49:56.954] [INFO] default - name1=> NenkanRiyouNissuIcrn
[2022-07-28T15:49:56.955] [INFO] default - uniqid=> 997
[2022-07-28T15:49:56.955] [INFO] default - trace=> 123
[2022-07-28T15:51:24.176] [INFO] default - name1=> NenkanRiyouNissuIcrn
[2022-07-28T15:51:24.177] [INFO] default - uniqid=> 997
[2022-07-28T15:51:24.177] [INFO] default - trace=> 123
[2022-07-28T15:51:36.111] [INFO] default - name1=> NenkanRiyouNissuIcrn
[2022-07-28T15:51:36.112] [INFO] default - uniqid=> 997
[2022-07-28T15:51:36.112] [INFO] default - trace=> 123
[2022-07-28T15:52:29.916] [INFO] default - name1=> NenkanRiyouNissuIcrn
[2022-07-28T15:52:29.917] [INFO] default - uniqid=> 1
[2022-07-28T15:52:29.917] [INFO] default - trace=> 123
[2022-07-28T15:52:46.312] [INFO] default - name1=> NenkanRiyouNissuIcrn
[2022-07-28T15:52:46.312] [INFO] default - uniqid=> 1
[2022-07-28T15:52:46.313] [INFO] default - trace=> 123
[2022-07-28T15:53:21.573] [INFO] default - name1=> NenkanRiyouNissuIcrn
[2022-07-28T15:53:21.573] [INFO] default - uniqid=> 1
[2022-07-28T15:53:21.573] [INFO] default - trace=> 123
[2022-07-28T15:53:44.794] [INFO] default - name1=> NenkanRiyouNissuIcrn
[2022-07-28T15:53:44.795] [INFO] default - uniqid=> 1
[2022-07-28T15:53:44.795] [INFO] default - trace=> 123
[2022-07-28T15:53:47.700] [INFO] default - name1=> NenkanRiyouNissuIcrn
[2022-07-28T15:53:47.700] [INFO] default - uniqid=> 1
[2022-07-28T15:53:47.700] [INFO] default - trace=> 123
[2022-07-28T15:53:51.559] [INFO] default - name1=> NenkanRiyouNissuIcrn
[2022-07-28T15:53:51.559] [INFO] default - uniqid=> 1
[2022-07-28T15:53:51.559] [INFO] default - trace=> 123
[2022-07-28T15:54:10.094] [INFO] default - name1=> NenkanRiyouNissuIcrn
[2022-07-28T15:54:10.094] [INFO] default - uniqid=> 1
[2022-07-28T15:54:10.094] [INFO] default - trace=> 123
[2022-07-28T15:54:12.386] [INFO] default - name1=> NenkanRiyouNissuIcrn
[2022-07-28T15:54:12.386] [INFO] default - uniqid=> 1
[2022-07-28T15:54:12.386] [INFO] default - trace=> 123
[2022-07-28T15:54:35.122] [INFO] default - name1=> NenkanRiyouNissuIcrn
[2022-07-28T15:54:35.122] [INFO] default - uniqid=> 1
[2022-07-28T15:54:35.122] [INFO] default - trace=> 123
[2022-07-28T15:54:36.557] [INFO] default - name1=> NenkanRiyouNissuIcrn
[2022-07-28T15:54:36.557] [INFO] default - uniqid=> 1
[2022-07-28T15:54:36.557] [INFO] default - trace=> 123
[2022-07-28T15:54:55.206] [INFO] default - name1=> NenkanRiyouNissuIcrn
[2022-07-28T15:54:55.206] [INFO] default - uniqid=> 1
[2022-07-28T15:54:55.206] [INFO] default - trace=> 123
[2022-07-28T15:54:58.670] [INFO] default - name1=> NenkanRiyouNissuIcrn
[2022-07-28T15:54:58.670] [INFO] default - uniqid=> 1
[2022-07-28T15:54:58.670] [INFO] default - trace=> 123
[2022-07-28T15:55:20.291] [INFO] default - name1=> NenkanRiyouNissuIcrn
[2022-07-28T15:55:20.292] [INFO] default - uniqid=> 1
[2022-07-28T15:55:20.292] [INFO] default - trace=> 123
[2022-07-28T15:55:24.781] [INFO] default - name1=> NenkanRiyouNissuIcrn
[2022-07-28T15:55:24.781] [INFO] default - uniqid=> 1
[2022-07-28T15:55:24.781] [INFO] default - trace=> 123
[2022-07-28T15:57:28.446] [INFO] default - name1=> NenkanRiyouNissuIcrn
[2022-07-28T15:57:28.446] [INFO] default - uniqid=> 1
[2022-07-28T15:57:28.446] [INFO] default - trace=> 123
[2022-07-28T15:58:05.489] [INFO] default - name1=> NenkanRiyouNissuIcrn
[2022-07-28T15:58:05.490] [INFO] default - uniqid=> 1
[2022-07-28T15:58:05.490] [INFO] default - trace=> 123
[2022-07-28T15:58:37.492] [INFO] default - name1=> NenkanRiyouNissuIcrn
[2022-07-28T15:58:37.493] [INFO] default - uniqid=> 1
[2022-07-28T15:58:37.493] [INFO] default - trace=> 123
[2022-07-28T15:59:05.271] [INFO] default - name1=> NenkanRiyouNissuIcrn
[2022-07-28T15:59:05.272] [INFO] default - uniqid=> 1
[2022-07-28T15:59:05.272] [INFO] default - trace=> 123
[2022-07-28T15:59:49.455] [INFO] default - name1=> NenkanRiyouNissuIcrn
[2022-07-28T15:59:49.455] [INFO] default - uniqid=> 1
[2022-07-28T15:59:49.455] [INFO] default - trace=> 123
[2022-07-28T16:01:16.374] [INFO] default - name1=> NenkanRiyouNissuIcrn
[2022-07-28T16:01:16.375] [INFO] default - uniqid=> 1
[2022-07-28T16:01:16.375] [INFO] default - trace=> 123
[2022-07-28T16:01:19.111] [INFO] default - name1=> NenkanRiyouNissuIcrn
[2022-07-28T16:01:19.111] [INFO] default - uniqid=> 1
[2022-07-28T16:01:19.111] [INFO] default - trace=> 123
[2022-07-28T16:01:54.548] [INFO] default - name1=> NenkanRiyouNissuIcrn
[2022-07-28T16:01:54.548] [INFO] default - uniqid=> 1
[2022-07-28T16:01:54.548] [INFO] default - trace=> 123
[2022-07-28T16:02:00.966] [INFO] default - name1=> NenkanRiyouNissuIcrn
[2022-07-28T16:02:00.967] [INFO] default - uniqid=> 1
[2022-07-28T16:02:00.967] [INFO] default - trace=> 123
[2022-07-28T16:02:14.865] [INFO] default - name1=> NenkanRiyouNissuIcrn
[2022-07-28T16:02:14.865] [INFO] default - uniqid=> 1
[2022-07-28T16:02:14.865] [INFO] default - trace=> 123
[2022-07-28T16:02:19.924] [INFO] default - name1=> NenkanRiyouNissuIcrn
[2022-07-28T16:02:19.924] [INFO] default - uniqid=> 1
[2022-07-28T16:02:19.924] [INFO] default - trace=> 123
[2022-07-28T16:02:29.433] [INFO] default - name1=> NenkanRiyouNissuIcrn
[2022-07-28T16:02:29.435] [INFO] default - uniqid=> 1
[2022-07-28T16:02:29.435] [INFO] default - trace=> 123
[2022-07-28T16:03:20.576] [INFO] default - name1=> NenkanRiyouNissuIcrn
[2022-07-28T16:03:20.576] [INFO] default - uniqid=> 1
[2022-07-28T16:03:20.576] [INFO] default - trace=> 123
[2022-07-28T16:03:30.342] [INFO] default - name1=> NenkanRiyouNissuIcrn
[2022-07-28T16:03:30.343] [INFO] default - uniqid=> 1
[2022-07-28T16:03:30.343] [INFO] default - trace=> 123
[2022-07-28T16:03:53.912] [INFO] default - name1=> NenkanRiyouNissuIcrn
[2022-07-28T16:03:53.912] [INFO] default - uniqid=> 1
[2022-07-28T16:03:53.912] [INFO] default - trace=> 123
[2022-07-28T16:03:56.593] [INFO] default - name1=> NenkanRiyouNissuIcrn
[2022-07-28T16:03:56.593] [INFO] default - uniqid=> 1
[2022-07-28T16:03:56.593] [INFO] default - trace=> 123
[2022-07-28T16:04:05.522] [INFO] default - name1=> NenkanRiyouNissuIcrn
[2022-07-28T16:04:05.522] [INFO] default - uniqid=> 1
[2022-07-28T16:04:05.522] [INFO] default - trace=> 123
[2022-07-28T16:05:31.881] [INFO] default - name1=> NenkanRiyouNissuIcrn
[2022-07-28T16:05:31.882] [INFO] default - uniqid=> 1
[2022-07-28T16:05:31.882] [INFO] default - trace=> 123
[2022-07-28T16:06:49.983] [INFO] default - name1=> NenkanRiyouNissuIcrn
[2022-07-28T16:06:49.983] [INFO] default - uniqid=> 1
[2022-07-28T16:06:49.983] [INFO] default - trace=> 123
[2022-07-28T16:06:56.281] [INFO] default - name1=> NenkanRiyouNissuIcrn
[2022-07-28T16:06:56.282] [INFO] default - uniqid=> 1
[2022-07-28T16:06:56.282] [INFO] default - trace=> 123
[2022-07-28T16:07:14.279] [INFO] default - name1=> NenkanRiyouNissuIcrn
[2022-07-28T16:07:14.280] [INFO] default - uniqid=> 1
[2022-07-28T16:07:14.280] [INFO] default - trace=> 123
[2022-07-28T16:07:40.500] [INFO] default - name1=> NenkanRiyouNissuIcrn
[2022-07-28T16:07:40.501] [INFO] default - uniqid=> 1
[2022-07-28T16:07:40.501] [INFO] default - trace=> 123
[2022-07-28T16:09:17.671] [INFO] default - name1=> NenkanRiyouNissuIcrn
[2022-07-28T16:09:17.672] [INFO] default - uniqid=> 1
[2022-07-28T16:09:17.672] [INFO] default - trace=> 123
[2022-07-28T16:09:37.568] [INFO] default - name1=> NenkanRiyouNissuIcrn
[2022-07-28T16:09:37.568] [INFO] default - uniqid=> 1
[2022-07-28T16:09:37.568] [INFO] default - trace=> 123
[2022-07-28T16:09:47.157] [INFO] default - name1=> NenkanRiyouNissuIcrn
[2022-07-28T16:09:47.158] [INFO] default - uniqid=> 1
[2022-07-28T16:09:47.158] [INFO] default - trace=> 123
[2022-07-28T16:11:03.044] [INFO] default - name1=> NenkanRiyouNissuIcrn
[2022-07-28T16:11:03.045] [INFO] default - uniqid=> 1
[2022-07-28T16:11:03.045] [INFO] default - trace=> 123
[2022-07-28T16:13:05.509] [INFO] default - name1=> NenkanRiyouNissuIcrn
[2022-07-28T16:13:05.510] [INFO] default - uniqid=> 1
[2022-07-28T16:13:05.511] [INFO] default - trace=> 123
[2022-07-28T16:13:47.146] [INFO] default - name1=> NenkanRiyouNissuIcrn
[2022-07-28T16:13:47.148] [INFO] default - uniqid=> 1
[2022-07-28T16:13:47.148] [INFO] default - trace=> 123
[2022-07-28T16:14:32.216] [INFO] default - name1=> NenkanRiyouNissuIcrn
[2022-07-28T16:14:32.217] [INFO] default - uniqid=> 1
[2022-07-28T16:14:32.217] [INFO] default - trace=> 123
[2022-07-28T16:14:49.353] [INFO] default - name1=> NenkanRiyouNissuIcrn
[2022-07-28T16:14:49.353] [INFO] default - uniqid=> 1
[2022-07-28T16:14:49.353] [INFO] default - trace=> 123
[2022-07-28T16:16:11.055] [INFO] default - name1=> NenkanRiyouNissuIcrn
[2022-07-28T16:16:11.056] [INFO] default - uniqid=> 1
[2022-07-28T16:16:11.056] [INFO] default - trace=> 123
[2022-07-28T16:16:17.443] [INFO] default - name1=> NenkanRiyouNissuIcrn
[2022-07-28T16:16:17.443] [INFO] default - uniqid=> 1
[2022-07-28T16:16:17.443] [INFO] default - trace=> 123
[2022-07-28T16:16:46.831] [INFO] default - name1=> NenkanRiyouNissuIcrn
[2022-07-28T16:16:46.832] [INFO] default - uniqid=> 1
[2022-07-28T16:16:46.832] [INFO] default - trace=> 123
[2022-07-28T16:18:40.503] [INFO] default - name1=> NenkanRiyouNissuIcrn
[2022-07-28T16:18:40.504] [INFO] default - uniqid=> 1
[2022-07-28T16:18:40.504] [INFO] default - trace=> 123
[2022-07-28T16:19:20.387] [INFO] default - name1=> NenkanRiyouNissuIcrn
[2022-07-28T16:19:20.388] [INFO] default - uniqid=> 1
[2022-07-28T16:19:20.388] [INFO] default - trace=> 123
[2022-07-28T16:20:43.039] [INFO] default - name1=> NenkanRiyouNissuIcrn
[2022-07-28T16:20:43.040] [INFO] default - uniqid=> 1
[2022-07-28T16:20:43.040] [INFO] default - trace=> 123
[2022-07-28T16:21:09.727] [INFO] default - name1=> NenkanRiyouNissuIcrn
[2022-07-28T16:21:09.729] [INFO] default - uniqid=> 1
[2022-07-28T16:21:09.729] [INFO] default - trace=> 123
[2022-07-28T16:21:28.180] [INFO] default - name1=> NenkanRiyouNissuIcrn
[2022-07-28T16:21:28.182] [INFO] default - uniqid=> 1
[2022-07-28T16:21:28.182] [INFO] default - trace=> 123
[2022-07-28T16:23:40.674] [INFO] default - name1=> NenkanRiyouNissuIcrn
[2022-07-28T16:23:40.675] [INFO] default - uniqid=> 1
[2022-07-28T16:23:40.675] [INFO] default - trace=> 123
[2022-07-28T16:24:03.715] [INFO] default - name1=> NenkanRiyouNissuIcrn
[2022-07-28T16:24:03.715] [INFO] default - uniqid=> 1
[2022-07-28T16:24:03.715] [INFO] default - trace=> 123
[2022-07-28T16:24:28.525] [INFO] default - name1=> NenkanRiyouNissuIcrn
[2022-07-28T16:24:28.525] [INFO] default - uniqid=> 1
[2022-07-28T16:24:28.525] [INFO] default - trace=> 123
[2022-07-28T16:24:38.543] [INFO] default - name1=> NenkanRiyouNissuIcrn
[2022-07-28T16:24:38.543] [INFO] default - uniqid=> 1
[2022-07-28T16:24:38.543] [INFO] default - trace=> 123
[2022-07-28T16:26:03.462] [INFO] default - name1=> NenkanRiyouNissuIcrn
[2022-07-28T16:26:03.463] [INFO] default - uniqid=> 1
[2022-07-28T16:26:03.463] [INFO] default - trace=> 123
[2022-07-28T16:28:10.028] [INFO] default - name1=> NenkanRiyouNissuIcrn
[2022-07-28T16:28:10.029] [INFO] default - uniqid=> 1
[2022-07-28T16:28:10.029] [INFO] default - trace=> 123
[2022-07-28T16:28:54.520] [INFO] default - name1=> NenkanRiyouNissuIcrn
[2022-07-28T16:28:54.521] [INFO] default - uniqid=> 1
[2022-07-28T16:28:54.521] [INFO] default - trace=> 123
[2022-07-28T16:30:21.883] [INFO] default - name1=> NenkanRiyouNissuIcrn
[2022-07-28T16:30:21.885] [INFO] default - uniqid=> 1
[2022-07-28T16:30:21.885] [INFO] default - trace=> 123
[2022-07-28T16:30:25.921] [INFO] default - name1=> NenkanRiyouNissuIcrn
[2022-07-28T16:30:25.921] [INFO] default - uniqid=> 1
[2022-07-28T16:30:25.921] [INFO] default - trace=> 123
[2022-07-28T16:30:59.051] [INFO] default - name1=> NenkanRiyouNissuIcrn
[2022-07-28T16:30:59.051] [INFO] default - uniqid=> 1
[2022-07-28T16:30:59.051] [INFO] default - trace=> 123
[2022-07-28T16:31:04.896] [INFO] default - name1=> NenkanRiyouNissuIcrn
[2022-07-28T16:31:04.897] [INFO] default - uniqid=> 1
[2022-07-28T16:31:04.897] [INFO] default - trace=> 123
[2022-07-28T16:32:25.882] [INFO] default - name1=> NenkanRiyouNissuIcrn
[2022-07-28T16:32:25.883] [INFO] default - uniqid=> 1
[2022-07-28T16:32:25.883] [INFO] default - trace=> 123
[2022-07-28T16:41:57.510] [INFO] default - name1=> NenkanRiyouNissuIcrn
[2022-07-28T16:41:57.511] [INFO] default - uniqid=> 1
[2022-07-28T16:41:57.511] [INFO] default - trace=> 123
[2022-07-28T16:43:39.757] [INFO] default - name1=> NenkanRiyouNissuIcrn
[2022-07-28T16:43:39.757] [INFO] default - uniqid=> 1
[2022-07-28T16:43:39.757] [INFO] default - trace=> 123
[2022-07-28T16:44:37.377] [INFO] default - name1=> NenkanRiyouNissuIcrn
[2022-07-28T16:44:37.377] [INFO] default - uniqid=> 1
[2022-07-28T16:44:37.377] [INFO] default - trace=> 123
[2022-07-28T16:44:55.449] [INFO] default - name1=> NenkanRiyouNissuIcrn
[2022-07-28T16:44:55.449] [INFO] default - uniqid=> 1
[2022-07-28T16:44:55.449] [INFO] default - trace=> 123
[2022-07-28T16:45:13.137] [INFO] default - name1=> NenkanRiyouNissuIcrn
[2022-07-28T16:45:13.137] [INFO] default - uniqid=> 1
[2022-07-28T16:45:13.137] [INFO] default - trace=> 123
[2022-07-28T16:45:33.750] [INFO] default - name1=> NenkanRiyouNissuIcrn
[2022-07-28T16:45:33.750] [INFO] default - uniqid=> 1
[2022-07-28T16:45:33.750] [INFO] default - trace=> 123
[2022-07-28T16:45:37.300] [INFO] default - name1=> NenkanRiyouNissuIcrn
[2022-07-28T16:45:37.300] [INFO] default - uniqid=> 1
[2022-07-28T16:45:37.300] [INFO] default - trace=> 123
[2022-07-28T16:45:50.314] [INFO] default - name1=> NenkanRiyouNissuIcrn
[2022-07-28T16:45:50.314] [INFO] default - uniqid=> 1
[2022-07-28T16:45:50.314] [INFO] default - trace=> 123
[2022-07-28T16:45:53.317] [INFO] default - name1=> NenkanRiyouNissuIcrn
[2022-07-28T16:45:53.317] [INFO] default - uniqid=> 1
[2022-07-28T16:45:53.317] [INFO] default - trace=> 123
[2022-07-28T16:46:05.477] [INFO] default - name1=> NenkanRiyouNissuIcrn
[2022-07-28T16:46:05.477] [INFO] default - uniqid=> 1
[2022-07-28T16:46:05.477] [INFO] default - trace=> 123
[2022-07-28T16:46:10.196] [INFO] default - name1=> NenkanRiyouNissuIcrn
[2022-07-28T16:46:10.196] [INFO] default - uniqid=> 1
[2022-07-28T16:46:10.196] [INFO] default - trace=> 123
[2022-07-28T16:46:44.291] [INFO] default - name1=> NenkanRiyouNissuIcrn
[2022-07-28T16:46:44.291] [INFO] default - uniqid=> 1
[2022-07-28T16:46:44.291] [INFO] default - trace=> 123
[2022-07-28T16:46:45.757] [INFO] default - name1=> NenkanRiyouNissuIcrn
[2022-07-28T16:46:45.757] [INFO] default - uniqid=> 1
[2022-07-28T16:46:45.757] [INFO] default - trace=> 123
[2022-07-28T16:46:58.592] [INFO] default - name1=> NenkanRiyouNissuIcrn
[2022-07-28T16:46:58.592] [INFO] default - uniqid=> 1
[2022-07-28T16:46:58.592] [INFO] default - trace=> 123
[2022-07-28T16:47:10.982] [INFO] default - name1=> NenkanRiyouNissuIcrn
[2022-07-28T16:47:10.982] [INFO] default - uniqid=> 1
[2022-07-28T16:47:10.982] [INFO] default - trace=> 123
[2022-07-28T16:47:14.834] [INFO] default - name1=> NenkanRiyouNissuIcrn
[2022-07-28T16:47:14.834] [INFO] default - uniqid=> 1
[2022-07-28T16:47:14.834] [INFO] default - trace=> 123
[2022-07-28T16:47:25.425] [INFO] default - name1=> NenkanRiyouNissuIcrn
[2022-07-28T16:47:25.426] [INFO] default - uniqid=> 1
[2022-07-28T16:47:25.426] [INFO] default - trace=> 123
[2022-07-28T16:47:29.612] [INFO] default - name1=> NenkanRiyouNissuIcrn
[2022-07-28T16:47:29.612] [INFO] default - uniqid=> 1
[2022-07-28T16:47:29.612] [INFO] default - trace=> 123
[2022-07-28T16:47:32.589] [INFO] default - name1=> NenkanRiyouNissuIcrn
[2022-07-28T16:47:32.589] [INFO] default - uniqid=> 1
[2022-07-28T16:47:32.589] [INFO] default - trace=> 123
[2022-07-28T16:47:36.133] [INFO] default - name1=> NenkanRiyouNissuIcrn
[2022-07-28T16:47:36.133] [INFO] default - uniqid=> 1
[2022-07-28T16:47:36.133] [INFO] default - trace=> 123
[2022-07-28T16:49:16.780] [INFO] default - name1=> NenkanRiyouNissuIcrn
[2022-07-28T16:49:16.781] [INFO] default - uniqid=> 1
[2022-07-28T16:49:16.781] [INFO] default - trace=> 123
[2022-07-28T16:49:36.110] [INFO] default - name1=> NenkanRiyouNissuIcrn
[2022-07-28T16:49:36.111] [INFO] default - uniqid=> 1
[2022-07-28T16:49:36.111] [INFO] default - trace=> 123
[2022-07-28T16:50:10.915] [INFO] default - name1=> NenkanRiyouNissuIcrn
[2022-07-28T16:50:10.916] [INFO] default - uniqid=> 1
[2022-07-28T16:50:10.917] [INFO] default - trace=> 123
[2022-07-28T16:50:34.164] [INFO] default - name1=> NenkanRiyouNissuIcrn
[2022-07-28T16:50:34.165] [INFO] default - uniqid=> 1
[2022-07-28T16:50:34.165] [INFO] default - trace=> 123
[2022-07-28T16:51:05.115] [INFO] default - name1=> NenkanRiyouNissuIcrn
[2022-07-28T16:51:05.116] [INFO] default - uniqid=> 1
[2022-07-28T16:51:05.116] [INFO] default - trace=> 123
[2022-07-28T16:51:59.847] [INFO] default - name1=> NenkanRiyouNissuIcrn
[2022-07-28T16:51:59.848] [INFO] default - uniqid=> 1
[2022-07-28T16:51:59.848] [INFO] default - trace=> 123
[2022-07-28T16:52:31.522] [INFO] default - name1=> NenkanRiyouNissuIcrn
[2022-07-28T16:52:31.523] [INFO] default - uniqid=> 1
[2022-07-28T16:52:31.523] [INFO] default - trace=> 123
[2022-07-28T16:54:16.596] [INFO] default - name1=> NenkanRiyouNissuIcrn
[2022-07-28T16:54:16.596] [INFO] default - uniqid=> 1
[2022-07-28T16:54:16.596] [INFO] default - trace=> 123
[2022-07-28T16:54:31.931] [INFO] default - name1=> NenkanRiyouNissuIcrn
[2022-07-28T16:54:31.931] [INFO] default - uniqid=> 1
[2022-07-28T16:54:31.931] [INFO] default - trace=> 123
[2022-07-28T16:54:49.821] [INFO] default - name1=> NenkanRiyouNissuIcrn
[2022-07-28T16:54:49.822] [INFO] default - uniqid=> 1
[2022-07-28T16:54:49.822] [INFO] default - trace=> 123
[2022-07-28T16:55:13.362] [INFO] default - name1=> NenkanRiyouNissuIcrn
[2022-07-28T16:55:13.363] [INFO] default - uniqid=> 1
[2022-07-28T16:55:13.363] [INFO] default - trace=> 123
[2022-07-28T16:55:48.369] [INFO] default - name1=> NenkanRiyouNissuIcrn
[2022-07-28T16:55:48.369] [INFO] default - uniqid=> 1
[2022-07-28T16:55:48.369] [INFO] default - trace=> 123
[2022-07-28T16:55:57.956] [INFO] default - name1=> NenkanRiyouNissuIcrn
[2022-07-28T16:55:57.956] [INFO] default - uniqid=> 1
[2022-07-28T16:55:57.956] [INFO] default - trace=> 123
[2022-07-28T16:56:07.478] [INFO] default - name1=> NenkanRiyouNissuIcrn
[2022-07-28T16:56:07.478] [INFO] default - uniqid=> 1
[2022-07-28T16:56:07.478] [INFO] default - trace=> 123
[2022-07-28T16:56:11.167] [INFO] default - name1=> NenkanRiyouNissuIcrn
[2022-07-28T16:56:11.167] [INFO] default - uniqid=> 1
[2022-07-28T16:56:11.167] [INFO] default - trace=> 123
[2022-07-28T16:56:55.117] [INFO] default - name1=> NenkanRiyouNissuIcrn
[2022-07-28T16:56:55.117] [INFO] default - uniqid=> 1
[2022-07-28T16:56:55.117] [INFO] default - trace=> 123
[2022-07-28T16:57:45.299] [INFO] default - name1=> NenkanRiyouNissuIcrn
[2022-07-28T16:57:45.305] [INFO] default - uniqid=> 1
[2022-07-28T16:57:45.306] [INFO] default - trace=> 123
[2022-07-28T16:58:48.854] [INFO] default - name1=> NenkanRiyouNissuIcrn
[2022-07-28T16:58:48.855] [INFO] default - uniqid=> 1
[2022-07-28T16:58:48.855] [INFO] default - trace=> 123
[2022-07-28T16:59:27.680] [INFO] default - name1=> NenkanRiyouNissuIcrn
[2022-07-28T16:59:27.681] [INFO] default - uniqid=> 1
[2022-07-28T16:59:27.681] [INFO] default - trace=> 123
[2022-07-28T17:00:37.104] [INFO] default - name1=> NenkanRiyouNissuIcrn
[2022-07-28T17:00:37.104] [INFO] default - uniqid=> 1
[2022-07-28T17:00:37.104] [INFO] default - trace=> 123
[2022-07-28T17:00:58.144] [INFO] default - name1=> NenkanRiyouNissuIcrn
[2022-07-28T17:00:58.145] [INFO] default - uniqid=> 1
[2022-07-28T17:00:58.145] [INFO] default - trace=> 123
[2022-07-28T17:02:11.300] [INFO] default - name1=> NenkanRiyouNissuIcrn
[2022-07-28T17:02:11.301] [INFO] default - uniqid=> 1
[2022-07-28T17:02:11.301] [INFO] default - trace=> 123
[2022-07-28T17:07:27.203] [INFO] default - name1=> NenkanRiyouNissuIcrn
[2022-07-28T17:07:27.205] [INFO] default - uniqid=> 1
[2022-07-28T17:07:27.205] [INFO] default - trace=> 123
[2022-07-28T17:07:55.514] [INFO] default - name1=> NenkanRiyouNissuIcrn
[2022-07-28T17:07:55.515] [INFO] default - uniqid=> 1
[2022-07-28T17:07:55.515] [INFO] default - trace=> 123
[2022-07-28T17:08:27.847] [INFO] default - name1=> NenkanRiyouNissuIcrn
[2022-07-28T17:08:27.848] [INFO] default - uniqid=> 1
[2022-07-28T17:08:27.848] [INFO] default - trace=> 123
[2022-07-28T17:09:39.462] [INFO] default - name1=> NenkanRiyouNissuIcrn
[2022-07-28T17:09:39.462] [INFO] default - uniqid=> 1
[2022-07-28T17:09:39.462] [INFO] default - trace=> 123
[2022-07-28T17:12:28.808] [INFO] default - name1=> NenkanRiyouNissuIcrn
[2022-07-28T17:12:28.809] [INFO] default - uniqid=> 1
[2022-07-28T17:12:28.809] [INFO] default - trace=> 123
[2022-07-28T17:13:20.008] [INFO] default - name1=> NenkanRiyouNissuIcrn
[2022-07-28T17:13:20.009] [INFO] default - uniqid=> 1
[2022-07-28T17:13:20.009] [INFO] default - trace=> 123
[2022-07-28T17:14:07.128] [INFO] default - name1=> NenkanRiyouNissuIcrn
[2022-07-28T17:14:07.128] [INFO] default - uniqid=> 1
[2022-07-28T17:14:07.128] [INFO] default - trace=> 123
[2022-07-28T17:14:12.571] [INFO] default - name1=> NenkanRiyouNissuIcrn
[2022-07-28T17:14:12.573] [INFO] default - uniqid=> 1
[2022-07-28T17:14:12.573] [INFO] default - trace=> 123
[2022-07-28T17:15:00.941] [INFO] default - name1=> NenkanRiyouNissuIcrn
[2022-07-28T17:15:00.942] [INFO] default - uniqid=> 1
[2022-07-28T17:15:00.942] [INFO] default - trace=> 123
[2022-07-28T17:15:15.083] [INFO] default - name1=> NenkanRiyouNissuIcrn
[2022-07-28T17:15:15.084] [INFO] default - uniqid=> 1
[2022-07-28T17:15:15.084] [INFO] default - trace=> 123
[2022-07-28T17:16:02.267] [INFO] default - name1=> NenkanRiyouNissuIcrn
[2022-07-28T17:16:02.267] [INFO] default - uniqid=> 1
[2022-07-28T17:16:02.267] [INFO] default - trace=> 123
[2022-07-28T17:16:09.142] [INFO] default - name1=> NenkanRiyouNissuIcrn
[2022-07-28T17:16:09.142] [INFO] default - uniqid=> 1
[2022-07-28T17:16:09.142] [INFO] default - trace=> 123
[2022-07-28T17:17:38.689] [INFO] default - name1=> NenkanRiyouNissuIcrn
[2022-07-28T17:17:38.690] [INFO] default - uniqid=> 1
[2022-07-28T17:17:38.690] [INFO] default - trace=> 123
[2022-07-28T17:18:03.316] [INFO] default - name1=> NenkanRiyouNissuIcrn
[2022-07-28T17:18:03.317] [INFO] default - uniqid=> 1
[2022-07-28T17:18:03.317] [INFO] default - trace=> 123
[2022-07-28T17:18:06.409] [INFO] default - name1=> NenkanRiyouNissuIcrn
[2022-07-28T17:18:06.409] [INFO] default - uniqid=> 1
[2022-07-28T17:18:06.409] [INFO] default - trace=> 123
[2022-07-28T17:19:10.524] [INFO] default - name1=> NenkanRiyouNissuIcrn
[2022-07-28T17:19:10.524] [INFO] default - uniqid=> 1
[2022-07-28T17:19:10.525] [INFO] default - trace=> 123
[2022-07-28T17:21:08.795] [INFO] default - name1=> NenkanRiyouNissuIcrn
[2022-07-28T17:21:08.795] [INFO] default - uniqid=> 1
[2022-07-28T17:21:08.795] [INFO] default - trace=> 123
[2022-07-28T17:21:21.090] [INFO] default - name1=> NenkanRiyouNissuIcrn
[2022-07-28T17:21:21.092] [INFO] default - uniqid=> 1
[2022-07-28T17:21:21.092] [INFO] default - trace=> 123
[2022-07-28T17:26:29.462] [INFO] default - name1=> NenkanRiyouNissuIcrn
[2022-07-28T17:26:29.464] [INFO] default - uniqid=> 1
[2022-07-28T17:26:29.464] [INFO] default - trace=> 123
[2022-07-28T17:42:09.069] [INFO] default - name1=> NenkanRiyouNissuIcrn
[2022-07-28T17:42:09.070] [INFO] default - uniqid=> 1
[2022-07-28T17:42:09.070] [INFO] default - trace=> 123
[2022-07-28T17:42:52.215] [INFO] default - name1=> NenkanRiyouNissuIcrn
[2022-07-28T17:42:52.215] [INFO] default - uniqid=> 1
[2022-07-28T17:42:52.215] [INFO] default - trace=> 123
[2022-07-28T17:42:56.567] [INFO] default - name1=> NenkanRiyouNissuIcrn
[2022-07-28T17:42:56.567] [INFO] default - uniqid=> 1
[2022-07-28T17:42:56.567] [INFO] default - trace=> 123
[2022-07-28T17:43:12.136] [INFO] default - name1=> NenkanRiyouNissuIcrn
[2022-07-28T17:43:12.136] [INFO] default - uniqid=> 1
[2022-07-28T17:43:12.136] [INFO] default - trace=> 123
[2022-07-28T17:43:15.746] [INFO] default - name1=> NenkanRiyouNissuIcrn
[2022-07-28T17:43:15.746] [INFO] default - uniqid=> 1
[2022-07-28T17:43:15.746] [INFO] default - trace=> 123
