[2022-07-21T16:12:49.307] [INFO] default - hello uniqid=>1
[2022-07-21T16:13:46.818] [INFO] default - hello 1
[2022-07-21T16:15:29.256] [INFO] default - hello 1
[2022-07-21T16:17:26.551] [INFO] default - hello 1
[2022-07-21T16:19:13.781] [INFO] default - hello 1
[2022-07-21T16:19:13.782] [INFO] default - IncomingMessage {
  _readableState: ReadableState {
    objectMode: false,
    highWaterMark: 16384,
    buffer: BufferList { head: null, tail: null, length: 0 },
    length: 0,
    pipes: null,
    pipesCount: 0,
    flowing: null,
    ended: false,
    endEmitted: false,
    reading: false,
    sync: true,
    needReadable: false,
    emittedReadable: false,
    readableListening: false,
    resumeScheduled: false,
    emitClose: true,
    autoDestroy: false,
    destroyed: false,
    defaultEncoding: 'utf8',
    awaitDrainWriters: null,
    multiAwaitDrain: false,
    readingMore: true,
    decoder: null,
    encoding: null,
    [Symbol(kPaused)]: null
  },
  readable: true,
  _events: [Object: null prototype] {},
  _eventsCount: 0,
  _maxListeners: undefined,
  socket: Socket {
    connecting: false,
    _hadError: false,
    _parent: null,
    _host: null,
    _readableState: ReadableState {
      objectMode: false,
      highWaterMark: 16384,
      buffer: BufferList { head: null, tail: null, length: 0 },
      length: 0,
      pipes: null,
      pipesCount: 0,
      flowing: true,
      ended: false,
      endEmitted: false,
      reading: true,
      sync: false,
      needReadable: true,
      emittedReadable: false,
      readableListening: false,
      resumeScheduled: false,
      emitClose: false,
      autoDestroy: false,
      destroyed: false,
      defaultEncoding: 'utf8',
      awaitDrainWriters: null,
      multiAwaitDrain: false,
      readingMore: false,
      decoder: null,
      encoding: null,
      [Symbol(kPaused)]: false
    },
    readable: true,
    _events: [Object: null prototype] {
      end: [Array],
      timeout: [Function: socketOnTimeout],
      data: [Function: bound socketOnData],
      error: [Function: socketOnError],
      close: [Array],
      drain: [Function: bound socketOnDrain],
      resume: [Function: onSocketResume],
      pause: [Function: onSocketPause]
    },
    _eventsCount: 8,
    _maxListeners: undefined,
    _writableState: WritableState {
      objectMode: false,
      highWaterMark: 16384,
      finalCalled: false,
      needDrain: false,
      ending: false,
      ended: false,
      finished: false,
      destroyed: false,
      decodeStrings: false,
      defaultEncoding: 'utf8',
      length: 0,
      writing: false,
      corked: 0,
      sync: false,
      bufferProcessing: false,
      onwrite: [Function: bound onwrite],
      writecb: null,
      writelen: 0,
      afterWriteTickInfo: [Object],
      bufferedRequest: null,
      lastBufferedRequest: null,
      pendingcb: 4,
      prefinished: false,
      errorEmitted: false,
      emitClose: false,
      autoDestroy: false,
      bufferedRequestCount: 0,
      corkedRequestsFree: [Object]
    },
    writable: true,
    allowHalfOpen: true,
    _sockname: null,
    _pendingData: null,
    _pendingEncoding: '',
    server: Server {
      insecureHTTPParser: undefined,
      _events: [Object: null prototype],
      _eventsCount: 2,
      _maxListeners: undefined,
      _connections: 1,
      _handle: [TCP],
      _usingWorkers: false,
      _workers: [],
      _unref: false,
      allowHalfOpen: true,
      pauseOnConnect: false,
      httpAllowHalfOpen: false,
      timeout: 120000,
      keepAliveTimeout: 5000,
      maxHeadersCount: null,
      headersTimeout: 60000,
      _connectionKey: '6::::3000',
      [Symbol(IncomingMessage)]: [Function: IncomingMessage],
      [Symbol(ServerResponse)]: [Function: ServerResponse],
      [Symbol(kCapture)]: false,
      [Symbol(asyncId)]: 6
    },
    _server: Server {
      insecureHTTPParser: undefined,
      _events: [Object: null prototype],
      _eventsCount: 2,
      _maxListeners: undefined,
      _connections: 1,
      _handle: [TCP],
      _usingWorkers: false,
      _workers: [],
      _unref: false,
      allowHalfOpen: true,
      pauseOnConnect: false,
      httpAllowHalfOpen: false,
      timeout: 120000,
      keepAliveTimeout: 5000,
      maxHeadersCount: null,
      headersTimeout: 60000,
      _connectionKey: '6::::3000',
      [Symbol(IncomingMessage)]: [Function: IncomingMessage],
      [Symbol(ServerResponse)]: [Function: ServerResponse],
      [Symbol(kCapture)]: false,
      [Symbol(asyncId)]: 6
    },
    timeout: 120000,
    parser: HTTPParser {
      '0': [Function: parserOnHeaders],
      '1': [Function: parserOnHeadersComplete],
      '2': [Function: parserOnBody],
      '3': [Function: parserOnMessageComplete],
      '4': [Function: bound onParserExecute],
      '5': [Function: bound onParserTimeout],
      _headers: [],
      _url: '',
      socket: [Circular],
      incoming: [Circular],
      outgoing: null,
      maxHeaderPairs: 2000,
      _consumed: true,
      onIncoming: [Function: bound parserOnIncoming],
      [Symbol(resource_symbol)]: [HTTPServerAsyncResource]
    },
    on: [Function: socketListenerWrap],
    addListener: [Function: socketListenerWrap],
    prependListener: [Function: socketListenerWrap],
    _paused: false,
    _httpMessage: ServerResponse {
      _events: [Object: null prototype],
      _eventsCount: 1,
      _maxListeners: undefined,
      outputData: [],
      outputSize: 0,
      writable: true,
      _last: false,
      chunkedEncoding: false,
      shouldKeepAlive: true,
      _defaultKeepAlive: true,
      useChunkedEncodingByDefault: true,
      sendDate: true,
      _removedConnection: false,
      _removedContLen: false,
      _removedTE: false,
      _contentLength: 21,
      _hasBody: true,
      _trailer: '',
      finished: true,
      _headerSent: true,
      socket: [Circular],
      connection: [Circular],
      _header: 'HTTP/1.1 200 OK\r\n' +
        'X-Powered-By: Express\r\n' +
        'Content-Type: application/json; charset=utf-8\r\n' +
        'Access-Control-Allow-Origin: http://localhost:8080\r\n' +
        'Access-Control-Allow-Headers: X-Requested-With, X-HTTP-Method-Override, Content-Type, Accept\r\n' +
        'Access-Control-Allow-Credentials: true\r\n' +
        'Content-Length: 21\r\n' +
        'ETag: W/"15-s8EhP43LcUrlDXEFSDEisKC2iNA"\r\n' +
        'Date: Thu, 21 Jul 2022 07:19:13 GMT\r\n' +
        'Connection: keep-alive\r\n' +
        'Keep-Alive: timeout=5\r\n' +
        '\r\n',
      _keepAliveTimeout: 5000,
      _onPendingData: [Function: bound updateOutgoingData],
      _sent100: false,
      _expect_continue: false,
      req: [Circular],
      locals: [Object: null prototype] {},
      statusMessage: 'OK',
      statusCode: 200,
      [Symbol(kCapture)]: false,
      [Symbol(kNeedDrain)]: false,
      [Symbol(corked)]: 0,
      [Symbol(kOutHeaders)]: [Object: null prototype]
    },
    [Symbol(asyncId)]: 10,
    [Symbol(kHandle)]: TCP {
      reading: true,
      onconnection: null,
      _consumed: true,
      [Symbol(owner_symbol)]: [Circular]
    },
    [Symbol(kSetNoDelay)]: false,
    [Symbol(lastWriteQueueSize)]: 0,
    [Symbol(timeout)]: Timeout {
      _idleTimeout: 120000,
      _idlePrev: [TimersList],
      _idleNext: [TimersList],
      _idleStart: 4862,
      _onTimeout: [Function: bound ],
      _timerArgs: undefined,
      _repeat: null,
      _destroyed: false,
      [Symbol(refed)]: false,
      [Symbol(kHasPrimitive)]: false,
      [Symbol(asyncId)]: 11,
      [Symbol(triggerId)]: 10
    },
    [Symbol(kBuffer)]: null,
    [Symbol(kBufferCb)]: null,
    [Symbol(kBufferGen)]: null,
    [Symbol(kCapture)]: false,
    [Symbol(kBytesRead)]: 0,
    [Symbol(kBytesWritten)]: 0
  },
  connection: Socket {
    connecting: false,
    _hadError: false,
    _parent: null,
    _host: null,
    _readableState: ReadableState {
      objectMode: false,
      highWaterMark: 16384,
      buffer: BufferList { head: null, tail: null, length: 0 },
      length: 0,
      pipes: null,
      pipesCount: 0,
      flowing: true,
      ended: false,
      endEmitted: false,
      reading: true,
      sync: false,
      needReadable: true,
      emittedReadable: false,
      readableListening: false,
      resumeScheduled: false,
      emitClose: false,
      autoDestroy: false,
      destroyed: false,
      defaultEncoding: 'utf8',
      awaitDrainWriters: null,
      multiAwaitDrain: false,
      readingMore: false,
      decoder: null,
      encoding: null,
      [Symbol(kPaused)]: false
    },
    readable: true,
    _events: [Object: null prototype] {
      end: [Array],
      timeout: [Function: socketOnTimeout],
      data: [Function: bound socketOnData],
      error: [Function: socketOnError],
      close: [Array],
      drain: [Function: bound socketOnDrain],
      resume: [Function: onSocketResume],
      pause: [Function: onSocketPause]
    },
    _eventsCount: 8,
    _maxListeners: undefined,
    _writableState: WritableState {
      objectMode: false,
      highWaterMark: 16384,
      finalCalled: false,
      needDrain: false,
      ending: false,
      ended: false,
      finished: false,
      destroyed: false,
      decodeStrings: false,
      defaultEncoding: 'utf8',
      length: 0,
      writing: false,
      corked: 0,
      sync: false,
      bufferProcessing: false,
      onwrite: [Function: bound onwrite],
      writecb: null,
      writelen: 0,
      afterWriteTickInfo: [Object],
      bufferedRequest: null,
      lastBufferedRequest: null,
      pendingcb: 4,
      prefinished: false,
      errorEmitted: false,
      emitClose: false,
      autoDestroy: false,
      bufferedRequestCount: 0,
      corkedRequestsFree: [Object]
    },
    writable: true,
    allowHalfOpen: true,
    _sockname: null,
    _pendingData: null,
    _pendingEncoding: '',
    server: Server {
      insecureHTTPParser: undefined,
      _events: [Object: null prototype],
      _eventsCount: 2,
      _maxListeners: undefined,
      _connections: 1,
      _handle: [TCP],
      _usingWorkers: false,
      _workers: [],
      _unref: false,
      allowHalfOpen: true,
      pauseOnConnect: false,
      httpAllowHalfOpen: false,
      timeout: 120000,
      keepAliveTimeout: 5000,
      maxHeadersCount: null,
      headersTimeout: 60000,
      _connectionKey: '6::::3000',
      [Symbol(IncomingMessage)]: [Function: IncomingMessage],
      [Symbol(ServerResponse)]: [Function: ServerResponse],
      [Symbol(kCapture)]: false,
      [Symbol(asyncId)]: 6
    },
    _server: Server {
      insecureHTTPParser: undefined,
      _events: [Object: null prototype],
      _eventsCount: 2,
      _maxListeners: undefined,
      _connections: 1,
      _handle: [TCP],
      _usingWorkers: false,
      _workers: [],
      _unref: false,
      allowHalfOpen: true,
      pauseOnConnect: false,
      httpAllowHalfOpen: false,
      timeout: 120000,
      keepAliveTimeout: 5000,
      maxHeadersCount: null,
      headersTimeout: 60000,
      _connectionKey: '6::::3000',
      [Symbol(IncomingMessage)]: [Function: IncomingMessage],
      [Symbol(ServerResponse)]: [Function: ServerResponse],
      [Symbol(kCapture)]: false,
      [Symbol(asyncId)]: 6
    },
    timeout: 120000,
    parser: HTTPParser {
      '0': [Function: parserOnHeaders],
      '1': [Function: parserOnHeadersComplete],
      '2': [Function: parserOnBody],
      '3': [Function: parserOnMessageComplete],
      '4': [Function: bound onParserExecute],
      '5': [Function: bound onParserTimeout],
      _headers: [],
      _url: '',
      socket: [Circular],
      incoming: [Circular],
      outgoing: null,
      maxHeaderPairs: 2000,
      _consumed: true,
      onIncoming: [Function: bound parserOnIncoming],
      [Symbol(resource_symbol)]: [HTTPServerAsyncResource]
    },
    on: [Function: socketListenerWrap],
    addListener: [Function: socketListenerWrap],
    prependListener: [Function: socketListenerWrap],
    _paused: false,
    _httpMessage: ServerResponse {
      _events: [Object: null prototype],
      _eventsCount: 1,
      _maxListeners: undefined,
      outputData: [],
      outputSize: 0,
      writable: true,
      _last: false,
      chunkedEncoding: false,
      shouldKeepAlive: true,
      _defaultKeepAlive: true,
      useChunkedEncodingByDefault: true,
      sendDate: true,
      _removedConnection: false,
      _removedContLen: false,
      _removedTE: false,
      _contentLength: 21,
      _hasBody: true,
      _trailer: '',
      finished: true,
      _headerSent: true,
      socket: [Circular],
      connection: [Circular],
      _header: 'HTTP/1.1 200 OK\r\n' +
        'X-Powered-By: Express\r\n' +
        'Content-Type: application/json; charset=utf-8\r\n' +
        'Access-Control-Allow-Origin: http://localhost:8080\r\n' +
        'Access-Control-Allow-Headers: X-Requested-With, X-HTTP-Method-Override, Content-Type, Accept\r\n' +
        'Access-Control-Allow-Credentials: true\r\n' +
        'Content-Length: 21\r\n' +
        'ETag: W/"15-s8EhP43LcUrlDXEFSDEisKC2iNA"\r\n' +
        'Date: Thu, 21 Jul 2022 07:19:13 GMT\r\n' +
        'Connection: keep-alive\r\n' +
        'Keep-Alive: timeout=5\r\n' +
        '\r\n',
      _keepAliveTimeout: 5000,
      _onPendingData: [Function: bound updateOutgoingData],
      _sent100: false,
      _expect_continue: false,
      req: [Circular],
      locals: [Object: null prototype] {},
      statusMessage: 'OK',
      statusCode: 200,
      [Symbol(kCapture)]: false,
      [Symbol(kNeedDrain)]: false,
      [Symbol(corked)]: 0,
      [Symbol(kOutHeaders)]: [Object: null prototype]
    },
    [Symbol(asyncId)]: 10,
    [Symbol(kHandle)]: TCP {
      reading: true,
      onconnection: null,
      _consumed: true,
      [Symbol(owner_symbol)]: [Circular]
    },
    [Symbol(kSetNoDelay)]: false,
    [Symbol(lastWriteQueueSize)]: 0,
    [Symbol(timeout)]: Timeout {
      _idleTimeout: 120000,
      _idlePrev: [TimersList],
      _idleNext: [TimersList],
      _idleStart: 4862,
      _onTimeout: [Function: bound ],
      _timerArgs: undefined,
      _repeat: null,
      _destroyed: false,
      [Symbol(refed)]: false,
      [Symbol(kHasPrimitive)]: false,
      [Symbol(asyncId)]: 11,
      [Symbol(triggerId)]: 10
    },
    [Symbol(kBuffer)]: null,
    [Symbol(kBufferCb)]: null,
    [Symbol(kBufferGen)]: null,
    [Symbol(kCapture)]: false,
    [Symbol(kBytesRead)]: 0,
    [Symbol(kBytesWritten)]: 0
  },
  httpVersionMajor: 1,
  httpVersionMinor: 1,
  httpVersion: '1.1',
  complete: false,
  headers: {
    host: 'localhost:3000',
    connection: 'keep-alive',
    'content-length': '24',
    'sec-ch-ua': '".Not/A)Brand";v="99", "Google Chrome";v="103", "Chromium";v="103"',
    accept: 'application/json, text/plain, */*',
    'content-type': 'application/x-www-form-urlencoded;charset=UTF-8',
    'sec-ch-ua-mobile': '?0',
    'user-agent': 'Mozilla/5.0 (Windows NT 10.0; Win64; x64) AppleWebKit/537.36 (KHTML, like Gecko) Chrome/103.0.0.0 Safari/537.36',
    'sec-ch-ua-platform': '"Windows"',
    origin: 'http://localhost:8080',
    'sec-fetch-site': 'same-site',
    'sec-fetch-mode': 'cors',
    'sec-fetch-dest': 'empty',
    referer: 'http://localhost:8080/',
    'accept-encoding': 'gzip, deflate, br',
    'accept-language': 'ja,en-US;q=0.9,en;q=0.8'
  },
  rawHeaders: [
    'Host',
    'localhost:3000',
    'Connection',
    'keep-alive',
    'Content-Length',
    '24',
    'sec-ch-ua',
    '".Not/A)Brand";v="99", "Google Chrome";v="103", "Chromium";v="103"',
    'Accept',
    'application/json, text/plain, */*',
    'Content-Type',
    'application/x-www-form-urlencoded;charset=UTF-8',
    'sec-ch-ua-mobile',
    '?0',
    'User-Agent',
    'Mozilla/5.0 (Windows NT 10.0; Win64; x64) AppleWebKit/537.36 (KHTML, like Gecko) Chrome/103.0.0.0 Safari/537.36',
    'sec-ch-ua-platform',
    '"Windows"',
    'Origin',
    'http://localhost:8080',
    'Sec-Fetch-Site',
    'same-site',
    'Sec-Fetch-Mode',
    'cors',
    'Sec-Fetch-Dest',
    'empty',
    'Referer',
    'http://localhost:8080/',
    'Accept-Encoding',
    'gzip, deflate, br',
    'Accept-Language',
    'ja,en-US;q=0.9,en;q=0.8'
  ],
  trailers: {},
  rawTrailers: [],
  aborted: false,
  upgrade: false,
  url: '/1',
  method: 'POST',
  statusCode: null,
  statusMessage: null,
  client: Socket {
    connecting: false,
    _hadError: false,
    _parent: null,
    _host: null,
    _readableState: ReadableState {
      objectMode: false,
      highWaterMark: 16384,
      buffer: BufferList { head: null, tail: null, length: 0 },
      length: 0,
      pipes: null,
      pipesCount: 0,
      flowing: true,
      ended: false,
      endEmitted: false,
      reading: true,
      sync: false,
      needReadable: true,
      emittedReadable: false,
      readableListening: false,
      resumeScheduled: false,
      emitClose: false,
      autoDestroy: false,
      destroyed: false,
      defaultEncoding: 'utf8',
      awaitDrainWriters: null,
      multiAwaitDrain: false,
      readingMore: false,
      decoder: null,
      encoding: null,
      [Symbol(kPaused)]: false
    },
    readable: true,
    _events: [Object: null prototype] {
      end: [Array],
      timeout: [Function: socketOnTimeout],
      data: [Function: bound socketOnData],
      error: [Function: socketOnError],
      close: [Array],
      drain: [Function: bound socketOnDrain],
      resume: [Function: onSocketResume],
      pause: [Function: onSocketPause]
    },
    _eventsCount: 8,
    _maxListeners: undefined,
    _writableState: WritableState {
      objectMode: false,
      highWaterMark: 16384,
      finalCalled: false,
      needDrain: false,
      ending: false,
      ended: false,
      finished: false,
      destroyed: false,
      decodeStrings: false,
      defaultEncoding: 'utf8',
      length: 0,
      writing: false,
      corked: 0,
      sync: false,
      bufferProcessing: false,
      onwrite: [Function: bound onwrite],
      writecb: null,
      writelen: 0,
      afterWriteTickInfo: [Object],
      bufferedRequest: null,
      lastBufferedRequest: null,
      pendingcb: 4,
      prefinished: false,
      errorEmitted: false,
      emitClose: false,
      autoDestroy: false,
      bufferedRequestCount: 0,
      corkedRequestsFree: [Object]
    },
    writable: true,
    allowHalfOpen: true,
    _sockname: null,
    _pendingData: null,
    _pendingEncoding: '',
    server: Server {
      insecureHTTPParser: undefined,
      _events: [Object: null prototype],
      _eventsCount: 2,
      _maxListeners: undefined,
      _connections: 1,
      _handle: [TCP],
      _usingWorkers: false,
      _workers: [],
      _unref: false,
      allowHalfOpen: true,
      pauseOnConnect: false,
      httpAllowHalfOpen: false,
      timeout: 120000,
      keepAliveTimeout: 5000,
      maxHeadersCount: null,
      headersTimeout: 60000,
      _connectionKey: '6::::3000',
      [Symbol(IncomingMessage)]: [Function: IncomingMessage],
      [Symbol(ServerResponse)]: [Function: ServerResponse],
      [Symbol(kCapture)]: false,
      [Symbol(asyncId)]: 6
    },
    _server: Server {
      insecureHTTPParser: undefined,
      _events: [Object: null prototype],
      _eventsCount: 2,
      _maxListeners: undefined,
      _connections: 1,
      _handle: [TCP],
      _usingWorkers: false,
      _workers: [],
      _unref: false,
      allowHalfOpen: true,
      pauseOnConnect: false,
      httpAllowHalfOpen: false,
      timeout: 120000,
      keepAliveTimeout: 5000,
      maxHeadersCount: null,
      headersTimeout: 60000,
      _connectionKey: '6::::3000',
      [Symbol(IncomingMessage)]: [Function: IncomingMessage],
      [Symbol(ServerResponse)]: [Function: ServerResponse],
      [Symbol(kCapture)]: false,
      [Symbol(asyncId)]: 6
    },
    timeout: 120000,
    parser: HTTPParser {
      '0': [Function: parserOnHeaders],
      '1': [Function: parserOnHeadersComplete],
      '2': [Function: parserOnBody],
      '3': [Function: parserOnMessageComplete],
      '4': [Function: bound onParserExecute],
      '5': [Function: bound onParserTimeout],
      _headers: [],
      _url: '',
      socket: [Circular],
      incoming: [Circular],
      outgoing: null,
      maxHeaderPairs: 2000,
      _consumed: true,
      onIncoming: [Function: bound parserOnIncoming],
      [Symbol(resource_symbol)]: [HTTPServerAsyncResource]
    },
    on: [Function: socketListenerWrap],
    addListener: [Function: socketListenerWrap],
    prependListener: [Function: socketListenerWrap],
    _paused: false,
    _httpMessage: ServerResponse {
      _events: [Object: null prototype],
      _eventsCount: 1,
      _maxListeners: undefined,
      outputData: [],
      outputSize: 0,
      writable: true,
      _last: false,
      chunkedEncoding: false,
      shouldKeepAlive: true,
      _defaultKeepAlive: true,
      useChunkedEncodingByDefault: true,
      sendDate: true,
      _removedConnection: false,
      _removedContLen: false,
      _removedTE: false,
      _contentLength: 21,
      _hasBody: true,
      _trailer: '',
      finished: true,
      _headerSent: true,
      socket: [Circular],
      connection: [Circular],
      _header: 'HTTP/1.1 200 OK\r\n' +
        'X-Powered-By: Express\r\n' +
        'Content-Type: application/json; charset=utf-8\r\n' +
        'Access-Control-Allow-Origin: http://localhost:8080\r\n' +
        'Access-Control-Allow-Headers: X-Requested-With, X-HTTP-Method-Override, Content-Type, Accept\r\n' +
        'Access-Control-Allow-Credentials: true\r\n' +
        'Content-Length: 21\r\n' +
        'ETag: W/"15-s8EhP43LcUrlDXEFSDEisKC2iNA"\r\n' +
        'Date: Thu, 21 Jul 2022 07:19:13 GMT\r\n' +
        'Connection: keep-alive\r\n' +
        'Keep-Alive: timeout=5\r\n' +
        '\r\n',
      _keepAliveTimeout: 5000,
      _onPendingData: [Function: bound updateOutgoingData],
      _sent100: false,
      _expect_continue: false,
      req: [Circular],
      locals: [Object: null prototype] {},
      statusMessage: 'OK',
      statusCode: 200,
      [Symbol(kCapture)]: false,
      [Symbol(kNeedDrain)]: false,
      [Symbol(corked)]: 0,
      [Symbol(kOutHeaders)]: [Object: null prototype]
    },
    [Symbol(asyncId)]: 10,
    [Symbol(kHandle)]: TCP {
      reading: true,
      onconnection: null,
      _consumed: true,
      [Symbol(owner_symbol)]: [Circular]
    },
    [Symbol(kSetNoDelay)]: false,
    [Symbol(lastWriteQueueSize)]: 0,
    [Symbol(timeout)]: Timeout {
      _idleTimeout: 120000,
      _idlePrev: [TimersList],
      _idleNext: [TimersList],
      _idleStart: 4862,
      _onTimeout: [Function: bound ],
      _timerArgs: undefined,
      _repeat: null,
      _destroyed: false,
      [Symbol(refed)]: false,
      [Symbol(kHasPrimitive)]: false,
      [Symbol(asyncId)]: 11,
      [Symbol(triggerId)]: 10
    },
    [Symbol(kBuffer)]: null,
    [Symbol(kBufferCb)]: null,
    [Symbol(kBufferGen)]: null,
    [Symbol(kCapture)]: false,
    [Symbol(kBytesRead)]: 0,
    [Symbol(kBytesWritten)]: 0
  },
  _consuming: false,
  _dumped: false,
  next: [Function: next],
  baseUrl: '',
  originalUrl: '/1',
  _parsedUrl: Url {
    protocol: null,
    slashes: null,
    auth: null,
    host: null,
    port: null,
    hostname: null,
    hash: null,
    search: null,
    query: null,
    pathname: '/1',
    path: '/1',
    href: '/1',
    _raw: '/1'
  },
  params: { name: '1' },
  query: {},
  res: ServerResponse {
    _events: [Object: null prototype] { finish: [Function: bound resOnFinish] },
    _eventsCount: 1,
    _maxListeners: undefined,
    outputData: [],
    outputSize: 0,
    writable: true,
    _last: false,
    chunkedEncoding: false,
    shouldKeepAlive: true,
    _defaultKeepAlive: true,
    useChunkedEncodingByDefault: true,
    sendDate: true,
    _removedConnection: false,
    _removedContLen: false,
    _removedTE: false,
    _contentLength: 21,
    _hasBody: true,
    _trailer: '',
    finished: true,
    _headerSent: true,
    socket: Socket {
      connecting: false,
      _hadError: false,
      _parent: null,
      _host: null,
      _readableState: [ReadableState],
      readable: true,
      _events: [Object: null prototype],
      _eventsCount: 8,
      _maxListeners: undefined,
      _writableState: [WritableState],
      writable: true,
      allowHalfOpen: true,
      _sockname: null,
      _pendingData: null,
      _pendingEncoding: '',
      server: [Server],
      _server: [Server],
      timeout: 120000,
      parser: [HTTPParser],
      on: [Function: socketListenerWrap],
      addListener: [Function: socketListenerWrap],
      prependListener: [Function: socketListenerWrap],
      _paused: false,
      _httpMessage: [Circular],
      [Symbol(asyncId)]: 10,
      [Symbol(kHandle)]: [TCP],
      [Symbol(kSetNoDelay)]: false,
      [Symbol(lastWriteQueueSize)]: 0,
      [Symbol(timeout)]: Timeout {
        _idleTimeout: 120000,
        _idlePrev: [TimersList],
        _idleNext: [TimersList],
        _idleStart: 4862,
        _onTimeout: [Function: bound ],
        _timerArgs: undefined,
        _repeat: null,
        _destroyed: false,
        [Symbol(refed)]: false,
        [Symbol(kHasPrimitive)]: false,
        [Symbol(asyncId)]: 11,
        [Symbol(triggerId)]: 10
      },
      [Symbol(kBuffer)]: null,
      [Symbol(kBufferCb)]: null,
      [Symbol(kBufferGen)]: null,
      [Symbol(kCapture)]: false,
      [Symbol(kBytesRead)]: 0,
      [Symbol(kBytesWritten)]: 0
    },
    connection: Socket {
      connecting: false,
      _hadError: false,
      _parent: null,
      _host: null,
      _readableState: [ReadableState],
      readable: true,
      _events: [Object: null prototype],
      _eventsCount: 8,
      _maxListeners: undefined,
      _writableState: [WritableState],
      writable: true,
      allowHalfOpen: true,
      _sockname: null,
      _pendingData: null,
      _pendingEncoding: '',
      server: [Server],
      _server: [Server],
      timeout: 120000,
      parser: [HTTPParser],
      on: [Function: socketListenerWrap],
      addListener: [Function: socketListenerWrap],
      prependListener: [Function: socketListenerWrap],
      _paused: false,
      _httpMessage: [Circular],
      [Symbol(asyncId)]: 10,
      [Symbol(kHandle)]: [TCP],
      [Symbol(kSetNoDelay)]: false,
      [Symbol(lastWriteQueueSize)]: 0,
      [Symbol(timeout)]: Timeout {
        _idleTimeout: 120000,
        _idlePrev: [TimersList],
        _idleNext: [TimersList],
        _idleStart: 4862,
        _onTimeout: [Function: bound ],
        _timerArgs: undefined,
        _repeat: null,
        _destroyed: false,
        [Symbol(refed)]: false,
        [Symbol(kHasPrimitive)]: false,
        [Symbol(asyncId)]: 11,
        [Symbol(triggerId)]: 10
      },
      [Symbol(kBuffer)]: null,
      [Symbol(kBufferCb)]: null,
      [Symbol(kBufferGen)]: null,
      [Symbol(kCapture)]: false,
      [Symbol(kBytesRead)]: 0,
      [Symbol(kBytesWritten)]: 0
    },
    _header: 'HTTP/1.1 200 OK\r\n' +
      'X-Powered-By: Express\r\n' +
      'Content-Type: application/json; charset=utf-8\r\n' +
      'Access-Control-Allow-Origin: http://localhost:8080\r\n' +
      'Access-Control-Allow-Headers: X-Requested-With, X-HTTP-Method-Override, Content-Type, Accept\r\n' +
      'Access-Control-Allow-Credentials: true\r\n' +
      'Content-Length: 21\r\n' +
      'ETag: W/"15-s8EhP43LcUrlDXEFSDEisKC2iNA"\r\n' +
      'Date: Thu, 21 Jul 2022 07:19:13 GMT\r\n' +
      'Connection: keep-alive\r\n' +
      'Keep-Alive: timeout=5\r\n' +
      '\r\n',
    _keepAliveTimeout: 5000,
    _onPendingData: [Function: bound updateOutgoingData],
    _sent100: false,
    _expect_continue: false,
    req: [Circular],
    locals: [Object: null prototype] {},
    statusMessage: 'OK',
    statusCode: 200,
    [Symbol(kCapture)]: false,
    [Symbol(kNeedDrain)]: false,
    [Symbol(corked)]: 0,
    [Symbol(kOutHeaders)]: [Object: null prototype] {
      'x-powered-by': [Array],
      'content-type': [Array],
      'access-control-allow-origin': [Array],
      'access-control-allow-headers': [Array],
      'access-control-allow-credentials': [Array],
      'content-length': [Array],
      etag: [Array]
    }
  },
  route: Route { path: '/:name', stack: [ [Layer] ], methods: { post: true } },
  [Symbol(kCapture)]: false
}
[2022-07-21T16:20:53.380] [INFO] default - hello aaaaa
[2022-07-21T16:20:59.631] [INFO] default - hello aaaaa
[2022-07-21T16:21:40.373] [INFO] default - name=> aaaaa
[2022-07-21T16:21:40.374] [INFO] default - code=> 1
[2022-07-21T16:22:26.209] [INFO] default - name=> aaaaa
[2022-07-21T16:22:26.209] [INFO] default - code=> 1
[2022-07-21T16:24:03.043] [INFO] default - name=> aaaaa
[2022-07-21T16:24:03.044] [INFO] default - code=> 1
[2022-07-21T16:24:19.068] [INFO] default - name=> aaaaa
[2022-07-21T16:24:19.069] [INFO] default - code=> 1
[2022-07-21T16:24:42.643] [INFO] default - name=> aaaaa
[2022-07-21T16:24:42.645] [INFO] default - code=> 1
[2022-07-21T16:35:41.889] [INFO] default - name=> aaaaa
[2022-07-21T16:35:41.890] [INFO] default - code=> 1
[2022-07-21T16:37:10.991] [INFO] default - name=> aaaaa
[2022-07-21T16:37:10.992] [INFO] default - code=> 1
[2022-07-21T16:39:09.882] [INFO] default - name=> aaaaa
[2022-07-21T16:39:09.882] [INFO] default - code=> 1
[2022-07-21T16:51:06.450] [INFO] default - name=> aaaaa
[2022-07-21T16:51:06.450] [INFO] default - code=> 1
[2022-07-21T17:00:29.868] [INFO] default - name=> aaaaa
[2022-07-21T17:00:29.868] [INFO] default - code=> 1
[2022-07-21T17:00:38.252] [INFO] default - name=> aaaaa
[2022-07-21T17:00:38.252] [INFO] default - code=> 1
[2022-07-21T17:00:55.366] [INFO] default - name=> aaaaa
[2022-07-21T17:00:55.366] [INFO] default - code=> 1
[2022-07-21T17:01:01.537] [INFO] default - name=> aaaaa
[2022-07-21T17:01:01.537] [INFO] default - code=> 1
[2022-07-21T17:01:10.836] [INFO] default - name=> aaaaa
[2022-07-21T17:01:10.836] [INFO] default - code=> 1
[2022-07-21T17:01:11.995] [INFO] default - name=> aaaaa
[2022-07-21T17:01:11.995] [INFO] default - code=> 1
[2022-07-21T17:01:13.983] [INFO] default - name=> aaaaa
[2022-07-21T17:01:13.983] [INFO] default - code=> 1
[2022-07-21T17:02:36.846] [INFO] default - name=> aaaaa
[2022-07-21T17:02:36.846] [INFO] default - code=> 1
[2022-07-21T17:06:11.151] [INFO] default - name=> aaaaa
[2022-07-21T17:06:11.151] [INFO] default - code=> 1
[2022-07-21T17:06:39.393] [INFO] default - name=> aaaaa
[2022-07-21T17:06:39.393] [INFO] default - code=> 1
[2022-07-21T17:06:42.000] [INFO] default - name=> aaaaa
[2022-07-21T17:06:42.000] [INFO] default - code=> 1
[2022-07-21T17:06:42.929] [INFO] default - name=> aaaaa
[2022-07-21T17:06:42.929] [INFO] default - code=> 1
[2022-07-21T17:06:43.854] [INFO] default - name=> aaaaa
[2022-07-21T17:06:43.854] [INFO] default - code=> 1
[2022-07-21T17:06:44.588] [INFO] default - name=> aaaaa
[2022-07-21T17:06:44.588] [INFO] default - code=> 1
[2022-07-21T17:09:32.593] [INFO] default - name=> aaaaa
[2022-07-21T17:09:32.593] [INFO] default - code=> 1
[2022-07-21T17:09:51.072] [INFO] default - name=> aaaaa
[2022-07-21T17:09:51.072] [INFO] default - code=> 1
[2022-07-21T17:09:57.408] [INFO] default - name=> aaaaa
[2022-07-21T17:09:57.408] [INFO] default - code=> 1
[2022-07-21T17:13:27.077] [INFO] default - name=> aaaaa
[2022-07-21T17:13:27.077] [INFO] default - code=> 1
[2022-07-21T17:13:28.313] [INFO] default - name=> aaaaa
[2022-07-21T17:13:28.313] [INFO] default - code=> 1
[2022-07-21T17:14:06.003] [INFO] default - name=> aaaaa
[2022-07-21T17:14:06.003] [INFO] default - code=> 1
[2022-07-21T17:14:06.921] [INFO] default - name=> aaaaa
[2022-07-21T17:14:06.921] [INFO] default - code=> 1
[2022-07-21T17:14:17.456] [INFO] default - name=> aaaaa
[2022-07-21T17:14:17.456] [INFO] default - code=> 1
[2022-07-21T17:14:20.525] [INFO] default - name=> aaaaa
[2022-07-21T17:14:20.525] [INFO] default - code=> 1
[2022-07-21T17:17:24.837] [INFO] default - name=> aaaaa
[2022-07-21T17:17:24.837] [INFO] default - code=> 1
[2022-07-21T17:17:27.861] [INFO] default - name=> aaaaa
[2022-07-21T17:17:27.861] [INFO] default - code=> 1
[2022-07-21T17:17:32.116] [INFO] default - name=> aaaaa
[2022-07-21T17:17:32.116] [INFO] default - code=> 1
[2022-07-21T17:17:37.854] [INFO] default - name=> aaaaa
[2022-07-21T17:17:37.854] [INFO] default - code=> 1
[2022-07-21T17:18:04.757] [INFO] default - name=> aaaaa
[2022-07-21T17:18:04.757] [INFO] default - code=> 1
[2022-07-21T17:18:17.118] [INFO] default - name=> aaaaa
[2022-07-21T17:18:17.118] [INFO] default - code=> 1
[2022-07-21T17:18:46.259] [INFO] default - name=> aaaaa
[2022-07-21T17:18:46.259] [INFO] default - code=> 1
[2022-07-21T17:26:53.424] [INFO] default - name=> aaaaa
[2022-07-21T17:26:53.424] [INFO] default - code=> 1
[2022-07-21T17:27:04.485] [INFO] default - name=> aaaaa
[2022-07-21T17:27:04.485] [INFO] default - code=> 1
[2022-07-21T17:32:17.652] [INFO] default - name=> aaaaa
[2022-07-21T17:32:17.652] [INFO] default - code=> 1
[2022-07-21T17:32:19.208] [INFO] default - name=> aaaaa
[2022-07-21T17:32:19.208] [INFO] default - code=> 1
[2022-07-21T17:32:20.912] [INFO] default - name=> aaaaa
[2022-07-21T17:32:20.912] [INFO] default - code=> 1
[2022-07-21T17:32:23.882] [INFO] default - name=> aaaaa
[2022-07-21T17:32:23.882] [INFO] default - code=> 1
