[2022-08-09T09:02:50.237] [INFO] default - name=> KeiyakuHokoku
[2022-08-09T09:02:50.238] [INFO] default - params=>{"uniqid":1,"traceid":123}
[2022-08-09T09:02:50.238] [INFO] default - folder=> SIHMAIN
[2022-08-09T09:02:50.238] [INFO] default - request=> GET
[2022-08-09T09:03:55.658] [INFO] default - name=> KeiyakuHokoku
[2022-08-09T09:03:55.658] [INFO] default - params=>{"uniqid":1,"traceid":123}
[2022-08-09T09:03:55.658] [INFO] default - folder=> SIHMAIN
[2022-08-09T09:03:55.658] [INFO] default - request=> GET
[2022-08-09T10:25:03.031] [INFO] default - name=> KeiyakuHokoku
[2022-08-09T10:25:03.032] [INFO] default - params=>{"uniqid":1,"traceid":123}
[2022-08-09T10:25:03.032] [INFO] default - folder=> SIHMAIN
[2022-08-09T10:25:03.032] [INFO] default - request=> GET
[2022-08-09T10:25:04.727] [INFO] default - name=> KeiyakuHokoku
[2022-08-09T10:25:04.727] [INFO] default - params=>{"uniqid":1,"traceid":123,"riyocode":10000001,"svcsyocode":"10001"}
[2022-08-09T10:25:04.727] [INFO] default - folder=> SIHMAIN
[2022-08-09T10:25:04.727] [INFO] default - request=> GET
[2022-08-09T11:37:28.646] [INFO] default - name=> JyukyuTourokuSikyuryoLayout
[2022-08-09T11:37:28.647] [INFO] default - params=>{"uniqid":1,"traceid":123}
[2022-08-09T11:37:28.647] [INFO] default - folder=> SIHMAIN
[2022-08-09T11:37:28.647] [INFO] default - request=> GET
[2022-08-09T11:37:42.733] [INFO] default - name=> JyukyuTourokuKihon
[2022-08-09T11:37:42.733] [INFO] default - params=>{"uniqid":1,"traceid":123,"rid":589}
[2022-08-09T11:37:42.734] [INFO] default - folder=> SIHMAIN
[2022-08-09T11:37:42.734] [INFO] default - request=> GET
[2022-08-09T11:37:43.721] [INFO] default - name=> JyukyuTourokuKihon
[2022-08-09T11:37:43.721] [INFO] default - params=>{"uniqid":1,"traceid":123,"rid":591}
[2022-08-09T11:37:43.721] [INFO] default - folder=> SIHMAIN
[2022-08-09T11:37:43.721] [INFO] default - request=> GET
[2022-08-09T11:37:44.552] [INFO] default - name=> JyukyuTourokuKihon
[2022-08-09T11:37:44.552] [INFO] default - params=>{"uniqid":1,"traceid":123,"rid":589}
[2022-08-09T11:37:44.552] [INFO] default - folder=> SIHMAIN
[2022-08-09T11:37:44.552] [INFO] default - request=> GET
[2022-08-09T11:40:17.372] [INFO] default - name=> JyukyuTourokuSikyuryoLayout
[2022-08-09T11:40:17.373] [INFO] default - params=>{"uniqid":1,"traceid":123}
[2022-08-09T11:40:17.373] [INFO] default - folder=> SIHMAIN
[2022-08-09T11:40:17.373] [INFO] default - request=> GET
[2022-08-09T11:40:21.886] [INFO] default - name=> JyukyuTourokuSikyuryoLayout
[2022-08-09T11:40:21.886] [INFO] default - params=>{"uniqid":1,"traceid":123}
[2022-08-09T11:40:21.886] [INFO] default - folder=> SIHMAIN
[2022-08-09T11:40:21.886] [INFO] default - request=> GET
[2022-08-09T11:43:12.670] [INFO] default - name=> JyukyuTourokuSikyuryoLayout
[2022-08-09T11:43:12.671] [INFO] default - params=>{"uniqid":1,"traceid":123}
[2022-08-09T11:43:12.671] [INFO] default - folder=> SIHMAIN
[2022-08-09T11:43:12.671] [INFO] default - request=> GET
[2022-08-09T11:43:24.035] [INFO] default - name=> JyukyuTourokuKihon
[2022-08-09T11:43:24.035] [INFO] default - params=>{"uniqid":1,"traceid":123,"rid":589}
[2022-08-09T11:43:24.035] [INFO] default - folder=> SIHMAIN
[2022-08-09T11:43:24.035] [INFO] default - request=> GET
[2022-08-09T11:45:48.267] [INFO] default - name=> JyukyuTourokuSikyuryoLayout
[2022-08-09T11:45:48.268] [INFO] default - params=>{"uniqid":1,"traceid":123}
[2022-08-09T11:45:48.268] [INFO] default - folder=> SIHMAIN
[2022-08-09T11:45:48.268] [INFO] default - request=> GET
[2022-08-09T11:45:50.354] [INFO] default - name=> JyukyuTourokuKihon
[2022-08-09T11:45:50.354] [INFO] default - params=>{"uniqid":1,"traceid":123,"rid":589}
[2022-08-09T11:45:50.354] [INFO] default - folder=> SIHMAIN
[2022-08-09T11:45:50.354] [INFO] default - request=> GET
[2022-08-09T11:46:47.302] [INFO] default - name=> JyukyuTourokuSikyuryoLayout
[2022-08-09T11:46:47.303] [INFO] default - params=>{"uniqid":1,"traceid":123}
[2022-08-09T11:46:47.303] [INFO] default - folder=> SIHMAIN
[2022-08-09T11:46:47.303] [INFO] default - request=> GET
[2022-08-09T11:46:49.298] [INFO] default - name=> JyukyuTourokuKihon
[2022-08-09T11:46:49.298] [INFO] default - params=>{"uniqid":1,"traceid":123,"rid":589}
[2022-08-09T11:46:49.298] [INFO] default - folder=> SIHMAIN
[2022-08-09T11:46:49.298] [INFO] default - request=> GET
[2022-08-09T11:47:45.042] [INFO] default - name=> JyukyuTourokuSikyuryoLayout
[2022-08-09T11:47:45.043] [INFO] default - params=>{"uniqid":1,"traceid":123}
[2022-08-09T11:47:45.043] [INFO] default - folder=> SIHMAIN
[2022-08-09T11:47:45.043] [INFO] default - request=> GET
[2022-08-09T11:47:47.034] [INFO] default - name=> JyukyuTourokuKihon
[2022-08-09T11:47:47.034] [INFO] default - params=>{"uniqid":1,"traceid":123,"rid":589}
[2022-08-09T11:47:47.034] [INFO] default - folder=> SIHMAIN
[2022-08-09T11:47:47.034] [INFO] default - request=> GET
[2022-08-09T11:48:20.328] [INFO] default - name=> JyukyuTourokuSikyuryoLayout
[2022-08-09T11:48:20.329] [INFO] default - params=>{"uniqid":1,"traceid":123}
[2022-08-09T11:48:20.329] [INFO] default - folder=> SIHMAIN
[2022-08-09T11:48:20.329] [INFO] default - request=> GET
[2022-08-09T11:48:22.810] [INFO] default - name=> JyukyuTourokuKihon
[2022-08-09T11:48:22.810] [INFO] default - params=>{"uniqid":1,"traceid":123,"rid":589}
[2022-08-09T11:48:22.810] [INFO] default - folder=> SIHMAIN
[2022-08-09T11:48:22.810] [INFO] default - request=> GET
[2022-08-09T11:49:03.487] [INFO] default - name=> JyukyuTourokuSikyuryoLayout
[2022-08-09T11:49:03.487] [INFO] default - params=>{"uniqid":1,"traceid":123}
[2022-08-09T11:49:03.487] [INFO] default - folder=> SIHMAIN
[2022-08-09T11:49:03.487] [INFO] default - request=> GET
[2022-08-09T11:49:08.301] [INFO] default - name=> JyukyuTourokuSikyuryoLayout
[2022-08-09T11:49:08.301] [INFO] default - params=>{"uniqid":1,"traceid":123}
[2022-08-09T11:49:08.301] [INFO] default - folder=> SIHMAIN
[2022-08-09T11:49:08.301] [INFO] default - request=> GET
[2022-08-09T11:50:00.856] [INFO] default - name=> JyukyuTourokuSikyuryoLayout
[2022-08-09T11:50:00.856] [INFO] default - params=>{"uniqid":1,"traceid":123}
[2022-08-09T11:50:00.856] [INFO] default - folder=> SIHMAIN
[2022-08-09T11:50:00.856] [INFO] default - request=> GET
[2022-08-09T11:53:00.999] [INFO] default - name=> JyukyuTourokuSikyuryoLayout
[2022-08-09T11:53:00.999] [INFO] default - params=>{"uniqid":1,"traceid":123}
[2022-08-09T11:53:00.999] [INFO] default - folder=> SIHMAIN
[2022-08-09T11:53:00.999] [INFO] default - request=> GET
[2022-08-09T11:53:04.173] [INFO] default - name=> JyukyuTourokuKihon
[2022-08-09T11:53:04.173] [INFO] default - params=>{"uniqid":1,"traceid":123,"rid":589}
[2022-08-09T11:53:04.173] [INFO] default - folder=> SIHMAIN
[2022-08-09T11:53:04.173] [INFO] default - request=> GET
[2022-08-09T11:56:21.540] [INFO] default - name=> JyukyuTourokuSikyuryoLayout
[2022-08-09T11:56:21.540] [INFO] default - params=>{"uniqid":1,"traceid":123}
[2022-08-09T11:56:21.540] [INFO] default - folder=> SIHMAIN
[2022-08-09T11:56:21.540] [INFO] default - request=> GET
[2022-08-09T11:57:01.264] [INFO] default - name=> JyukyuTourokuSikyuryoLayout
[2022-08-09T11:57:01.264] [INFO] default - params=>{"uniqid":1,"traceid":123}
[2022-08-09T11:57:01.264] [INFO] default - folder=> SIHMAIN
[2022-08-09T11:57:01.264] [INFO] default - request=> GET
[2022-08-09T11:57:12.810] [INFO] default - name=> JyukyuTourokuSikyuryoLayout
[2022-08-09T11:57:12.810] [INFO] default - params=>{"uniqid":1,"traceid":123}
[2022-08-09T11:57:12.811] [INFO] default - folder=> SIHMAIN
[2022-08-09T11:57:12.811] [INFO] default - request=> GET
[2022-08-09T11:57:39.738] [INFO] default - name=> JyukyuTourokuSikyuryoLayout
[2022-08-09T11:57:39.738] [INFO] default - params=>{"uniqid":1,"traceid":123}
[2022-08-09T11:57:39.738] [INFO] default - folder=> SIHMAIN
[2022-08-09T11:57:39.738] [INFO] default - request=> GET
[2022-08-09T11:57:41.067] [INFO] default - name=> JyukyuTourokuSikyuryoLayout
[2022-08-09T11:57:41.067] [INFO] default - params=>{"uniqid":1,"traceid":123}
[2022-08-09T11:57:41.067] [INFO] default - folder=> SIHMAIN
[2022-08-09T11:57:41.067] [INFO] default - request=> GET
[2022-08-09T11:57:56.006] [INFO] default - name=> JyukyuTourokuKihon
[2022-08-09T11:57:56.006] [INFO] default - params=>{"uniqid":1,"traceid":123,"rid":"550021"}
[2022-08-09T11:57:56.006] [INFO] default - folder=> SIHMAIN
[2022-08-09T11:57:56.006] [INFO] default - request=> GET
[2022-08-09T11:58:30.142] [INFO] default - name=> JyukyuTourokuSikyuryoLayout
[2022-08-09T11:58:30.143] [INFO] default - params=>{"uniqid":1,"traceid":123}
[2022-08-09T11:58:30.143] [INFO] default - folder=> SIHMAIN
[2022-08-09T11:58:30.143] [INFO] default - request=> GET
[2022-08-09T11:58:33.960] [INFO] default - name=> JyukyuTourokuKihon
[2022-08-09T11:58:33.960] [INFO] default - params=>{"uniqid":1,"traceid":123,"rid":591}
[2022-08-09T11:58:33.960] [INFO] default - folder=> SIHMAIN
[2022-08-09T11:58:33.960] [INFO] default - request=> GET
[2022-08-09T11:59:03.851] [INFO] default - name=> JyukyuTourokuSikyuryoLayout
[2022-08-09T11:59:03.851] [INFO] default - params=>{"uniqid":1,"traceid":123}
[2022-08-09T11:59:03.851] [INFO] default - folder=> SIHMAIN
[2022-08-09T11:59:03.852] [INFO] default - request=> GET
[2022-08-09T11:59:05.840] [INFO] default - name=> JyukyuTourokuKihon
[2022-08-09T11:59:05.840] [INFO] default - params=>{"uniqid":1,"traceid":123,"rid":589}
[2022-08-09T11:59:05.840] [INFO] default - folder=> SIHMAIN
[2022-08-09T11:59:05.840] [INFO] default - request=> GET
[2022-08-09T11:59:42.796] [INFO] default - name=> JyukyuTourokuSikyuryoLayout
[2022-08-09T11:59:42.796] [INFO] default - params=>{"uniqid":1,"traceid":123}
[2022-08-09T11:59:42.796] [INFO] default - folder=> SIHMAIN
[2022-08-09T11:59:42.796] [INFO] default - request=> GET
[2022-08-09T11:59:46.710] [INFO] default - name=> JyukyuTourokuKihon
[2022-08-09T11:59:46.710] [INFO] default - params=>{"uniqid":1,"traceid":123,"rid":589}
[2022-08-09T11:59:46.710] [INFO] default - folder=> SIHMAIN
[2022-08-09T11:59:46.710] [INFO] default - request=> GET
[2022-08-09T12:00:02.573] [INFO] default - name=> JyukyuTourokuSikyuryoLayout
[2022-08-09T12:00:02.574] [INFO] default - params=>{"uniqid":1,"traceid":123}
[2022-08-09T12:00:02.574] [INFO] default - folder=> SIHMAIN
[2022-08-09T12:00:02.574] [INFO] default - request=> GET
[2022-08-09T12:00:07.814] [INFO] default - name=> JyukyuTourokuKihon
[2022-08-09T12:00:07.814] [INFO] default - params=>{"uniqid":1,"traceid":123,"rid":589}
[2022-08-09T12:00:07.814] [INFO] default - folder=> SIHMAIN
[2022-08-09T12:00:07.814] [INFO] default - request=> GET
[2022-08-09T12:00:58.414] [INFO] default - name=> JyukyuTourokuSikyuryoLayout
[2022-08-09T12:00:58.415] [INFO] default - params=>{"uniqid":1,"traceid":123}
[2022-08-09T12:00:58.415] [INFO] default - folder=> SIHMAIN
[2022-08-09T12:00:58.415] [INFO] default - request=> GET
[2022-08-09T12:01:00.376] [INFO] default - name=> JyukyuTourokuKihon
[2022-08-09T12:01:00.376] [INFO] default - params=>{"uniqid":1,"traceid":123,"rid":589}
[2022-08-09T12:01:00.376] [INFO] default - folder=> SIHMAIN
[2022-08-09T12:01:00.376] [INFO] default - request=> GET
[2022-08-09T12:01:52.835] [INFO] default - name=> JyukyuTourokuKihon
[2022-08-09T12:01:52.835] [INFO] default - params=>{"uniqid":1,"traceid":123,"rid":589}
[2022-08-09T12:01:52.836] [INFO] default - folder=> SIHMAIN
[2022-08-09T12:01:52.836] [INFO] default - request=> GET
[2022-08-09T12:02:34.497] [INFO] default - name=> JyukyuTourokuSikyuryoLayout
[2022-08-09T12:02:34.497] [INFO] default - params=>{"uniqid":1,"traceid":123}
[2022-08-09T12:02:34.497] [INFO] default - folder=> SIHMAIN
[2022-08-09T12:02:34.498] [INFO] default - request=> GET
[2022-08-09T12:02:36.437] [INFO] default - name=> JyukyuTourokuKihon
[2022-08-09T12:02:36.437] [INFO] default - params=>{"uniqid":1,"traceid":123,"rid":589}
[2022-08-09T12:02:36.437] [INFO] default - folder=> SIHMAIN
[2022-08-09T12:02:36.437] [INFO] default - request=> GET
[2022-08-09T12:17:27.875] [INFO] default - name=> JyukyuTourokuSikyuryoLayout
[2022-08-09T12:17:27.876] [INFO] default - params=>{"uniqid":1,"traceid":123}
[2022-08-09T12:17:27.876] [INFO] default - folder=> SIHMAIN
[2022-08-09T12:17:27.876] [INFO] default - request=> GET
[2022-08-09T12:17:38.076] [INFO] default - name=> JyukyuTourokuKihon
[2022-08-09T12:17:38.076] [INFO] default - params=>{"uniqid":1,"traceid":123,"rid":589}
[2022-08-09T12:17:38.076] [INFO] default - folder=> SIHMAIN
[2022-08-09T12:17:38.076] [INFO] default - request=> GET
[2022-08-09T12:18:38.711] [INFO] default - name=> JyukyuTourokuSikyuryoLayout
[2022-08-09T12:18:38.712] [INFO] default - params=>{"uniqid":1,"traceid":123}
[2022-08-09T12:18:38.712] [INFO] default - folder=> SIHMAIN
[2022-08-09T12:18:38.712] [INFO] default - request=> GET
[2022-08-09T12:18:40.669] [INFO] default - name=> JyukyuTourokuKihon
[2022-08-09T12:18:40.669] [INFO] default - params=>{"uniqid":1,"traceid":123,"rid":589}
[2022-08-09T12:18:40.669] [INFO] default - folder=> SIHMAIN
[2022-08-09T12:18:40.669] [INFO] default - request=> GET
[2022-08-09T12:20:05.695] [INFO] default - name=> JyukyuTourokuSikyuryoLayout
[2022-08-09T12:20:05.696] [INFO] default - params=>{"uniqid":1,"traceid":123}
[2022-08-09T12:20:05.696] [INFO] default - folder=> SIHMAIN
[2022-08-09T12:20:05.696] [INFO] default - request=> GET
[2022-08-09T12:20:09.876] [INFO] default - name=> JyukyuTourokuKihon
[2022-08-09T12:20:09.877] [INFO] default - params=>{"uniqid":1,"traceid":123,"rid":589}
[2022-08-09T12:20:09.877] [INFO] default - folder=> SIHMAIN
[2022-08-09T12:20:09.877] [INFO] default - request=> GET
[2022-08-09T12:20:50.208] [INFO] default - name=> JyukyuTourokuSikyuryoLayout
[2022-08-09T12:20:50.208] [INFO] default - params=>{"uniqid":1,"traceid":123}
[2022-08-09T12:20:50.208] [INFO] default - folder=> SIHMAIN
[2022-08-09T12:20:50.208] [INFO] default - request=> GET
[2022-08-09T12:20:52.548] [INFO] default - name=> JyukyuTourokuKihon
[2022-08-09T12:20:52.548] [INFO] default - params=>{"uniqid":1,"traceid":123,"rid":589}
[2022-08-09T12:20:52.548] [INFO] default - folder=> SIHMAIN
[2022-08-09T12:20:52.548] [INFO] default - request=> GET
[2022-08-09T12:21:48.148] [INFO] default - name=> JyukyuTourokuSikyuryoLayout
[2022-08-09T12:21:48.149] [INFO] default - params=>{"uniqid":1,"traceid":123}
[2022-08-09T12:21:48.149] [INFO] default - folder=> SIHMAIN
[2022-08-09T12:21:48.149] [INFO] default - request=> GET
[2022-08-09T12:21:49.956] [INFO] default - name=> JyukyuTourokuKihon
[2022-08-09T12:21:49.956] [INFO] default - params=>{"uniqid":1,"traceid":123,"rid":589}
[2022-08-09T12:21:49.956] [INFO] default - folder=> SIHMAIN
[2022-08-09T12:21:49.956] [INFO] default - request=> GET
[2022-08-09T12:23:24.940] [INFO] default - name=> JyukyuTourokuSikyuryoLayout
[2022-08-09T12:23:24.941] [INFO] default - params=>{"uniqid":1,"traceid":123}
[2022-08-09T12:23:24.941] [INFO] default - folder=> SIHMAIN
[2022-08-09T12:23:24.941] [INFO] default - request=> GET
[2022-08-09T12:23:30.610] [INFO] default - name=> JyukyuTourokuKihon
[2022-08-09T12:23:30.610] [INFO] default - params=>{"uniqid":1,"traceid":123,"rid":589}
[2022-08-09T12:23:30.610] [INFO] default - folder=> SIHMAIN
[2022-08-09T12:23:30.610] [INFO] default - request=> GET
[2022-08-09T12:24:44.974] [INFO] default - name=> JyukyuTourokuSikyuryoLayout
[2022-08-09T12:24:44.975] [INFO] default - params=>{"uniqid":1,"traceid":123}
[2022-08-09T12:24:44.975] [INFO] default - folder=> SIHMAIN
[2022-08-09T12:24:44.975] [INFO] default - request=> GET
[2022-08-09T12:24:47.276] [INFO] default - name=> JyukyuTourokuKihon
[2022-08-09T12:24:47.276] [INFO] default - params=>{"uniqid":1,"traceid":123,"rid":589}
[2022-08-09T12:24:47.276] [INFO] default - folder=> SIHMAIN
[2022-08-09T12:24:47.276] [INFO] default - request=> GET
[2022-08-09T12:25:40.743] [INFO] default - name=> JyukyuTourokuSikyuryoLayout
[2022-08-09T12:25:40.744] [INFO] default - params=>{"uniqid":1,"traceid":123}
[2022-08-09T12:25:40.744] [INFO] default - folder=> SIHMAIN
[2022-08-09T12:25:40.744] [INFO] default - request=> GET
[2022-08-09T12:25:42.892] [INFO] default - name=> JyukyuTourokuKihon
[2022-08-09T12:25:42.893] [INFO] default - params=>{"uniqid":1,"traceid":123,"rid":589}
[2022-08-09T12:25:42.893] [INFO] default - folder=> SIHMAIN
[2022-08-09T12:25:42.893] [INFO] default - request=> GET
[2022-08-09T12:26:25.536] [INFO] default - name=> JyukyuTourokuSikyuryoLayout
[2022-08-09T12:26:25.537] [INFO] default - params=>{"uniqid":1,"traceid":123}
[2022-08-09T12:26:25.537] [INFO] default - folder=> SIHMAIN
[2022-08-09T12:26:25.537] [INFO] default - request=> GET
[2022-08-09T12:26:27.324] [INFO] default - name=> JyukyuTourokuKihon
[2022-08-09T12:26:27.324] [INFO] default - params=>{"uniqid":1,"traceid":123,"rid":589}
[2022-08-09T12:26:27.324] [INFO] default - folder=> SIHMAIN
[2022-08-09T12:26:27.324] [INFO] default - request=> GET
[2022-08-09T12:26:31.181] [INFO] default - name=> JyukyuTourokuKihon
[2022-08-09T12:26:31.181] [INFO] default - params=>{"uniqid":1,"traceid":123,"rid":583}
[2022-08-09T12:26:31.181] [INFO] default - folder=> SIHMAIN
[2022-08-09T12:26:31.181] [INFO] default - request=> GET
[2022-08-09T12:26:52.095] [INFO] default - name=> JyukyuTourokuSikyuryoLayout
[2022-08-09T12:26:52.096] [INFO] default - params=>{"uniqid":1,"traceid":123}
[2022-08-09T12:26:52.096] [INFO] default - folder=> SIHMAIN
[2022-08-09T12:26:52.096] [INFO] default - request=> GET
[2022-08-09T12:26:54.587] [INFO] default - name=> JyukyuTourokuKihon
[2022-08-09T12:26:54.587] [INFO] default - params=>{"uniqid":1,"traceid":123,"rid":589}
[2022-08-09T12:26:54.587] [INFO] default - folder=> SIHMAIN
[2022-08-09T12:26:54.587] [INFO] default - request=> GET
[2022-08-09T12:27:19.742] [INFO] default - name=> JyukyuTourokuSikyuryoLayout
[2022-08-09T12:27:19.743] [INFO] default - params=>{"uniqid":1,"traceid":123}
[2022-08-09T12:27:19.743] [INFO] default - folder=> SIHMAIN
[2022-08-09T12:27:19.743] [INFO] default - request=> GET
[2022-08-09T12:27:21.371] [INFO] default - name=> JyukyuTourokuKihon
[2022-08-09T12:27:21.371] [INFO] default - params=>{"uniqid":1,"traceid":123,"rid":589}
[2022-08-09T12:27:21.371] [INFO] default - folder=> SIHMAIN
[2022-08-09T12:27:21.371] [INFO] default - request=> GET
[2022-08-09T12:27:39.798] [INFO] default - name=> JyukyuTourokuSikyuryoLayout
[2022-08-09T12:27:39.798] [INFO] default - params=>{"uniqid":1,"traceid":123}
[2022-08-09T12:27:39.798] [INFO] default - folder=> SIHMAIN
[2022-08-09T12:27:39.798] [INFO] default - request=> GET
[2022-08-09T12:27:41.642] [INFO] default - name=> JyukyuTourokuKihon
[2022-08-09T12:27:41.642] [INFO] default - params=>{"uniqid":1,"traceid":123,"rid":589}
[2022-08-09T12:27:41.642] [INFO] default - folder=> SIHMAIN
[2022-08-09T12:27:41.642] [INFO] default - request=> GET
[2022-08-09T12:27:50.742] [INFO] default - name=> JyukyuTourokuSikyuryoLayout
[2022-08-09T12:27:50.743] [INFO] default - params=>{"uniqid":1,"traceid":123}
[2022-08-09T12:27:50.743] [INFO] default - folder=> SIHMAIN
[2022-08-09T12:27:50.743] [INFO] default - request=> GET
[2022-08-09T12:27:52.531] [INFO] default - name=> JyukyuTourokuKihon
[2022-08-09T12:27:52.531] [INFO] default - params=>{"uniqid":1,"traceid":123,"rid":589}
[2022-08-09T12:27:52.531] [INFO] default - folder=> SIHMAIN
[2022-08-09T12:27:52.531] [INFO] default - request=> GET
[2022-08-09T12:28:26.138] [INFO] default - name=> JyukyuTourokuSikyuryoLayout
[2022-08-09T12:28:26.138] [INFO] default - params=>{"uniqid":1,"traceid":123}
[2022-08-09T12:28:26.138] [INFO] default - folder=> SIHMAIN
[2022-08-09T12:28:26.138] [INFO] default - request=> GET
[2022-08-09T12:28:28.266] [INFO] default - name=> JyukyuTourokuKihon
[2022-08-09T12:28:28.267] [INFO] default - params=>{"uniqid":1,"traceid":123,"rid":589}
[2022-08-09T12:28:28.267] [INFO] default - folder=> SIHMAIN
[2022-08-09T12:28:28.267] [INFO] default - request=> GET
[2022-08-09T12:31:55.869] [INFO] default - name=> JyukyuTourokuSikyuryoLayout
[2022-08-09T12:31:55.870] [INFO] default - params=>{"uniqid":1,"traceid":123}
[2022-08-09T12:31:55.870] [INFO] default - folder=> SIHMAIN
[2022-08-09T12:31:55.870] [INFO] default - request=> GET
[2022-08-09T12:31:58.683] [INFO] default - name=> JyukyuTourokuKihon
[2022-08-09T12:31:58.683] [INFO] default - params=>{"uniqid":1,"traceid":123,"rid":589}
[2022-08-09T12:31:58.683] [INFO] default - folder=> SIHMAIN
[2022-08-09T12:31:58.683] [INFO] default - request=> GET
[2022-08-09T12:31:59.078] [INFO] default - name=> JyukyuTourokuKihon
[2022-08-09T12:31:59.078] [INFO] default - params=>{"uniqid":1,"traceid":123,"rid":589}
[2022-08-09T12:31:59.078] [INFO] default - folder=> SIHMAIN
[2022-08-09T12:31:59.078] [INFO] default - request=> GET
[2022-08-09T12:32:19.257] [INFO] default - name=> JyukyuTourokuSikyuryoLayout
[2022-08-09T12:32:19.257] [INFO] default - params=>{"uniqid":1,"traceid":123}
[2022-08-09T12:32:19.258] [INFO] default - folder=> SIHMAIN
[2022-08-09T12:32:19.258] [INFO] default - request=> GET
[2022-08-09T12:32:24.927] [INFO] default - name=> JyukyuTourokuKihon
[2022-08-09T12:32:24.928] [INFO] default - params=>{"uniqid":1,"traceid":123,"rid":589}
[2022-08-09T12:32:24.928] [INFO] default - folder=> SIHMAIN
[2022-08-09T12:32:24.928] [INFO] default - request=> GET
[2022-08-09T12:35:15.247] [INFO] default - name=> JyukyuTourokuSikyuryoLayout
[2022-08-09T12:35:15.247] [INFO] default - params=>{"uniqid":1,"traceid":123}
[2022-08-09T12:35:15.247] [INFO] default - folder=> SIHMAIN
[2022-08-09T12:35:15.247] [INFO] default - request=> GET
[2022-08-09T12:35:45.863] [INFO] default - name=> JyukyuTourokuSikyuryoLayout
[2022-08-09T12:35:45.863] [INFO] default - params=>{"uniqid":1,"traceid":123}
[2022-08-09T12:35:45.863] [INFO] default - folder=> SIHMAIN
[2022-08-09T12:35:45.863] [INFO] default - request=> GET
[2022-08-09T15:17:44.358] [INFO] default - name=> KobetsuRiyouTouroku
[2022-08-09T15:17:44.359] [INFO] default - params=>{"uniqid":1,"traceid":123}
[2022-08-09T15:17:44.359] [INFO] default - folder=> SIHS
[2022-08-09T15:17:44.359] [INFO] default - request=> GET
[2022-08-09T15:18:39.416] [INFO] default - name=> KobetsuRiyouTouroku
[2022-08-09T15:18:39.417] [INFO] default - params=>{"getkbn":0,"srcymd":"20220810","jkbn":0,"keiyakuid":1,"uniqid":1,"traceid":123}
[2022-08-09T15:18:39.417] [INFO] default - folder=> SIHS
[2022-08-09T15:18:39.417] [INFO] default - request=> GET
[2022-08-09T15:19:45.634] [INFO] default - name=> KobetsuRiyouTouroku
[2022-08-09T15:19:45.635] [INFO] default - params=>{"getkbn":0,"srcymd":"20220810","jkbn":0,"keiyakuid":1,"uniqid":1,"traceid":123}
[2022-08-09T15:19:45.635] [INFO] default - folder=> SIHS
[2022-08-09T15:19:45.635] [INFO] default - request=> GET
[2022-08-09T15:39:09.555] [INFO] default - name=> KobetsuRiyouTourokuNyutai
[2022-08-09T15:39:09.555] [INFO] default - params=>{"uniqid":1,"traceid":123}
[2022-08-09T15:39:09.555] [INFO] default - folder=> SIHS
[2022-08-09T15:39:09.555] [INFO] default - request=> GET
[2022-08-09T15:39:12.825] [INFO] default - name=> KobetsuRiyouTourokuNyutai
[2022-08-09T15:39:12.825] [INFO] default - params=>{"getkbn":0,"srcymd":"20220810","jkbn":0,"keiyakuid":1,"uniqid":1,"traceid":123}
[2022-08-09T15:39:12.825] [INFO] default - folder=> SIHS
[2022-08-09T15:39:12.825] [INFO] default - request=> GET
[2022-08-09T15:39:50.860] [INFO] default - name=> KobetsuRiyouTourokuNyutai
[2022-08-09T15:39:50.860] [INFO] default - params=>{"uniqid":1,"traceid":123}
[2022-08-09T15:39:50.860] [INFO] default - folder=> SIHS
[2022-08-09T15:39:50.860] [INFO] default - request=> GET
[2022-08-09T15:41:01.189] [INFO] default - name=> KobetsuRiyouTourokuNyutai
[2022-08-09T15:41:01.189] [INFO] default - params=>{"getkbn":0,"srcymd":"20220810","jkbn":0,"keiyakuid":1,"uniqid":1,"traceid":123}
[2022-08-09T15:41:01.191] [INFO] default - folder=> SIHS
[2022-08-09T15:41:01.191] [INFO] default - request=> GET
[2022-08-09T15:42:00.042] [INFO] default - name=> KobetsuRiyouTourokuNyutai
[2022-08-09T15:42:00.042] [INFO] default - params=>{"getkbn":0,"srcymd":"20220810","jkbn":0,"keiyakuid":1,"uniqid":1,"traceid":123}
[2022-08-09T15:42:00.042] [INFO] default - folder=> SIHS
[2022-08-09T15:42:00.042] [INFO] default - request=> GET
[2022-08-09T15:42:08.117] [INFO] default - name=> KobetsuRiyouTourokuNyutai
[2022-08-09T15:42:08.117] [INFO] default - params=>{"uniqid":1,"traceid":123}
[2022-08-09T15:42:08.117] [INFO] default - folder=> SIHS
[2022-08-09T15:42:08.117] [INFO] default - request=> GET
[2022-08-09T15:47:55.326] [INFO] default - name=> KobetsuRiyouTourokuNyutai
[2022-08-09T15:47:55.327] [INFO] default - params=>{"getkbn":0,"riid":100000,"kbn":1,"ngsymd":"20220806","uniqid":1,"traceid":123}
[2022-08-09T15:47:55.327] [INFO] default - folder=> SIHS
[2022-08-09T15:47:55.327] [INFO] default - request=> GET
[2022-08-09T15:49:04.329] [INFO] default - name=> KobetsuRiyouTourokuNyutai
[2022-08-09T15:49:04.330] [INFO] default - params=>{"getkbn":0,"riid":100000,"kbn":1,"ngsymd":"20220806","uniqid":1,"traceid":123}
[2022-08-09T15:49:04.330] [INFO] default - folder=> SIHS
[2022-08-09T15:49:04.330] [INFO] default - request=> GET
[2022-08-09T15:49:37.770] [INFO] default - name=> KobetsuRiyouTourokuNyutai
[2022-08-09T15:49:37.770] [INFO] default - params=>{"getkbn":0,"riid":100000,"kbn":1,"ngsymd":"20220806","uniqid":1,"traceid":123}
[2022-08-09T15:49:37.770] [INFO] default - folder=> SIHS
[2022-08-09T15:49:37.771] [INFO] default - request=> GET
[2022-08-09T15:49:59.501] [INFO] default - name=> KobetsuRiyouTourokuNyutai
[2022-08-09T15:49:59.502] [INFO] default - params=>{"getkbn":0,"riid":100000,"kbn":1,"ngsymd":"20220806","uniqid":1,"traceid":123}
[2022-08-09T15:49:59.502] [INFO] default - folder=> SIHS
[2022-08-09T15:49:59.502] [INFO] default - request=> GET
[2022-08-09T15:50:23.335] [INFO] default - name=> KobetsuRiyouTourokuNyutai
[2022-08-09T15:50:23.335] [INFO] default - params=>{"getkbn":0,"riid":100000,"kbn":1,"ngsymd":"20220806","uniqid":1,"traceid":123}
[2022-08-09T15:50:23.335] [INFO] default - folder=> SIHS
[2022-08-09T15:50:23.335] [INFO] default - request=> GET
[2022-08-09T15:50:57.610] [INFO] default - name=> KobetsuRiyouTourokuNyutai
[2022-08-09T15:50:57.611] [INFO] default - params=>{"getkbn":0,"riid":100000,"kbn":1,"ngsymd":"20220806","uniqid":1,"traceid":123}
[2022-08-09T15:50:57.611] [INFO] default - folder=> SIHS
[2022-08-09T15:50:57.611] [INFO] default - request=> GET
[2022-08-09T15:51:33.256] [INFO] default - name=> KobetsuRiyouTourokuNyutai
[2022-08-09T15:51:33.257] [INFO] default - params=>{"getkbn":0,"riid":100000,"kbn":1,"ngsymd":"20220806","uniqid":1,"traceid":123}
[2022-08-09T15:51:33.257] [INFO] default - folder=> SIHS
[2022-08-09T15:51:33.257] [INFO] default - request=> GET
[2022-08-09T15:53:56.984] [INFO] default - name=> KobetsuRiyouTourokuNyutai
[2022-08-09T15:53:56.985] [INFO] default - params=>{"getkbn":0,"riid":100000,"kbn":1,"ngsymd":"20220806","uniqid":1,"traceid":123}
[2022-08-09T15:53:56.985] [INFO] default - folder=> SIHS
[2022-08-09T15:53:56.985] [INFO] default - request=> GET
[2022-08-09T15:54:30.678] [INFO] default - name=> KobetsuRiyouTourokuNyutai
[2022-08-09T15:54:30.678] [INFO] default - params=>{"getkbn":0,"riid":100000,"kbn":1,"ngsymd":"20220806","uniqid":1,"traceid":123}
[2022-08-09T15:54:30.678] [INFO] default - folder=> SIHS
[2022-08-09T15:54:30.678] [INFO] default - request=> GET
[2022-08-09T15:54:44.623] [INFO] default - name=> KobetsuRiyouTourokuNyutai
[2022-08-09T15:54:44.624] [INFO] default - params=>{"getkbn":0,"riid":100000,"kbn":1,"ngsymd":"20220806","uniqid":1,"traceid":123}
[2022-08-09T15:54:44.625] [INFO] default - folder=> SIHS
[2022-08-09T15:54:44.625] [INFO] default - request=> GET
[2022-08-09T15:54:58.211] [INFO] default - name=> KobetsuRiyouTourokuNyutai
[2022-08-09T15:54:58.212] [INFO] default - params=>{"getkbn":0,"riid":100000,"kbn":1,"ngsymd":"20220806","uniqid":1,"traceid":123}
[2022-08-09T15:54:58.212] [INFO] default - folder=> SIHS
[2022-08-09T15:54:58.212] [INFO] default - request=> GET
[2022-08-09T15:55:42.752] [INFO] default - name=> KobetsuRiyouTourokuNyutai
[2022-08-09T15:55:42.753] [INFO] default - params=>{"getkbn":0,"riid":100000,"kbn":1,"ngsymd":"20220806","uniqid":1,"traceid":123}
[2022-08-09T15:55:42.753] [INFO] default - folder=> SIHS
[2022-08-09T15:55:42.753] [INFO] default - request=> GET
[2022-08-09T15:57:17.781] [INFO] default - name=> KobetsuRiyouTourokuNyutai
[2022-08-09T15:57:17.782] [INFO] default - params=>{"getkbn":0,"riid":100000,"kbn":1,"ngsymd":"20220806","uniqid":1,"traceid":123}
[2022-08-09T15:57:17.782] [INFO] default - folder=> SIHS
[2022-08-09T15:57:17.782] [INFO] default - request=> GET
[2022-08-09T15:58:05.795] [INFO] default - name=> KobetsuRiyouTourokuNyutai
[2022-08-09T15:58:05.796] [INFO] default - params=>{"getkbn":0,"riid":100000,"kbn":1,"ngsymd":"20220806","uniqid":1,"traceid":123}
[2022-08-09T15:58:05.796] [INFO] default - folder=> SIHS
[2022-08-09T15:58:05.796] [INFO] default - request=> GET
[2022-08-09T15:58:14.792] [INFO] default - name=> KobetsuRiyouTourokuNyutai
[2022-08-09T15:58:14.793] [INFO] default - params=>{"getkbn":0,"riid":100000,"kbn":1,"ngsymd":"20220806","uniqid":1,"traceid":123}
[2022-08-09T15:58:14.793] [INFO] default - folder=> SIHS
[2022-08-09T15:58:14.793] [INFO] default - request=> GET
[2022-08-09T15:58:31.815] [INFO] default - name=> KobetsuRiyouTourokuNyutai
[2022-08-09T15:58:31.815] [INFO] default - params=>{"getkbn":0,"riid":100000,"kbn":1,"ngsymd":"20220806","uniqid":1,"traceid":123}
[2022-08-09T15:58:31.815] [INFO] default - folder=> SIHS
[2022-08-09T15:58:31.815] [INFO] default - request=> GET
[2022-08-09T15:59:39.591] [INFO] default - name=> KobetsuRiyouTourokuNyutai
[2022-08-09T15:59:39.592] [INFO] default - params=>{"getkbn":0,"riid":100000,"kbn":1,"ngsymd":"20220806","uniqid":1,"traceid":123}
[2022-08-09T15:59:39.592] [INFO] default - folder=> SIHS
[2022-08-09T15:59:39.592] [INFO] default - request=> GET
[2022-08-09T16:00:16.144] [INFO] default - name=> KobetsuRiyouTourokuNyutai
[2022-08-09T16:00:16.145] [INFO] default - params=>{"getkbn":0,"riid":100000,"kbn":1,"ngsymd":"20220806","uniqid":1,"traceid":123}
[2022-08-09T16:00:16.145] [INFO] default - folder=> SIHS
[2022-08-09T16:00:16.145] [INFO] default - request=> GET
[2022-08-09T16:02:25.180] [INFO] default - name=> KobetsuRiyouTourokuNyutai
[2022-08-09T16:02:25.180] [INFO] default - params=>{"uniqid":1,"traceid":123}
[2022-08-09T16:02:25.181] [INFO] default - folder=> SIHS
[2022-08-09T16:02:25.181] [INFO] default - request=> GET
[2022-08-09T16:03:23.714] [INFO] default - name=> KobetsuRiyouTourokuNyutai
[2022-08-09T16:03:23.715] [INFO] default - params=>{"getkbn":0,"riid":100000,"kbn":1,"ngsymd":"20220806","uniqid":1,"traceid":123}
[2022-08-09T16:03:23.715] [INFO] default - folder=> SIHS
[2022-08-09T16:03:23.715] [INFO] default - request=> GET
[2022-08-09T16:06:35.954] [INFO] default - name=> KobetsuRiyouTourokuNyutai
[2022-08-09T16:06:35.955] [INFO] default - params=>{"getkbn":0,"riid":100000,"kbn":1,"ngsymd":"20220806","uniqid":1,"traceid":123}
[2022-08-09T16:06:35.955] [INFO] default - folder=> SIHS
[2022-08-09T16:06:35.955] [INFO] default - request=> GET
[2022-08-09T16:07:35.013] [INFO] default - name=> KobetsuRiyouTourokuNyutai
[2022-08-09T16:07:35.014] [INFO] default - params=>{"getkbn":0,"riid":100000,"kbn":1,"ngsymd":"20220806","uniqid":1,"traceid":123}
[2022-08-09T16:07:35.014] [INFO] default - folder=> SIHS
[2022-08-09T16:07:35.014] [INFO] default - request=> GET
[2022-08-09T16:09:36.719] [INFO] default - name=> KobetsuRiyouTourokuNyutai
[2022-08-09T16:09:36.719] [INFO] default - params=>{"getkbn":0,"riid":100000,"kbn":1,"ngsymd":"20220806","uniqid":1,"traceid":123}
[2022-08-09T16:09:36.720] [INFO] default - folder=> SIHS
[2022-08-09T16:09:36.720] [INFO] default - request=> GET
[2022-08-09T16:09:42.315] [INFO] default - name=> KobetsuRiyouTourokuNyutai
[2022-08-09T16:09:42.316] [INFO] default - params=>{"getkbn":0,"riid":100000,"kbn":1,"ngsymd":"20220806","uniqid":1,"traceid":123}
[2022-08-09T16:09:42.316] [INFO] default - folder=> SIHS
[2022-08-09T16:09:42.316] [INFO] default - request=> GET
[2022-08-09T16:10:24.976] [INFO] default - name=> KobetsuRiyouTourokuNyutai
[2022-08-09T16:10:24.976] [INFO] default - params=>{"getkbn":0,"riid":100000,"kbn":1,"ngsymd":"20220806","uniqid":1,"traceid":123}
[2022-08-09T16:10:24.976] [INFO] default - folder=> SIHS
[2022-08-09T16:10:24.977] [INFO] default - request=> GET
[2022-08-09T16:10:57.884] [INFO] default - name=> KobetsuRiyouTourokuNyutai
[2022-08-09T16:10:57.885] [INFO] default - params=>{"getkbn":0,"riid":100000,"kbn":1,"ngsymd":"20220806","uniqid":1,"traceid":123}
[2022-08-09T16:10:57.885] [INFO] default - folder=> SIHS
[2022-08-09T16:10:57.885] [INFO] default - request=> GET
[2022-08-09T16:11:34.801] [INFO] default - name=> KobetsuRiyouTourokuNyutai
[2022-08-09T16:11:34.802] [INFO] default - params=>{"getkbn":0,"riid":100000,"kbn":1,"ngsymd":"20220806","uniqid":1,"traceid":123}
[2022-08-09T16:11:34.802] [INFO] default - folder=> SIHS
[2022-08-09T16:11:34.802] [INFO] default - request=> GET
[2022-08-09T16:11:46.482] [INFO] default - name=> KobetsuRiyouTourokuNyutai
[2022-08-09T16:11:46.483] [INFO] default - params=>{"getkbn":0,"riid":100000,"kbn":1,"ngsymd":"20220806","uniqid":1,"traceid":123}
[2022-08-09T16:11:46.483] [INFO] default - folder=> SIHS
[2022-08-09T16:11:46.483] [INFO] default - request=> GET
[2022-08-09T16:12:30.298] [INFO] default - name=> KobetsuRiyouTourokuNyutai
[2022-08-09T16:12:30.299] [INFO] default - params=>{"getkbn":0,"riid":100000,"kbn":1,"ngsymd":"20220806","uniqid":1,"traceid":123}
[2022-08-09T16:12:30.299] [INFO] default - folder=> SIHS
[2022-08-09T16:12:30.299] [INFO] default - request=> GET
[2022-08-09T16:31:45.454] [INFO] default - name=> KobetsuRiyouTourokuNyutai
[2022-08-09T16:31:45.455] [INFO] default - params=>{"getkbn":0,"riid":100000,"kbn":1,"ngsymd":"20220806","uniqid":1,"traceid":123}
[2022-08-09T16:31:45.455] [INFO] default - folder=> SIHS
[2022-08-09T16:31:45.455] [INFO] default - request=> GET
[2022-08-09T16:31:55.499] [INFO] default - name=> KobetsuRiyouTourokuNyutai
[2022-08-09T16:31:55.499] [INFO] default - params=>{"getkbn":0,"riid":100000,"kbn":1,"ngsymd":"20220806","uniqid":1,"traceid":123}
[2022-08-09T16:31:55.499] [INFO] default - folder=> SIHS
[2022-08-09T16:31:55.499] [INFO] default - request=> GET
[2022-08-09T16:31:57.710] [INFO] default - name=> KobetsuRiyouTourokuNyutai
[2022-08-09T16:31:57.710] [INFO] default - params=>{"uniqid":1,"traceid":123}
[2022-08-09T16:31:57.710] [INFO] default - folder=> SIHS
[2022-08-09T16:31:57.710] [INFO] default - request=> GET
[2022-08-09T16:37:35.508] [INFO] default - name=> KobetsuRiyouTourokuNyutai
[2022-08-09T16:37:35.509] [INFO] default - params=>{"getkbn":0,"riid":100000,"kbn":1,"ngsymd":"20220806","uniqid":1,"traceid":123}
[2022-08-09T16:37:35.509] [INFO] default - folder=> SIHS
[2022-08-09T16:37:35.509] [INFO] default - request=> GET
[2022-08-09T16:37:59.044] [INFO] default - name=> KobetsuRiyouTourokuNyutai
[2022-08-09T16:37:59.044] [INFO] default - params=>{"getkbn":0,"riid":100000,"kbn":1,"ngsymd":"20220806","uniqid":1,"traceid":123}
[2022-08-09T16:37:59.044] [INFO] default - folder=> SIHS
[2022-08-09T16:37:59.044] [INFO] default - request=> GET
[2022-08-09T16:48:39.448] [INFO] default - name=> KobetsuRiyouTourokuNyutai
[2022-08-09T16:48:39.448] [INFO] default - params=>{"getkbn":0,"riid":100000,"kbn":1,"ngsymd":"20220806","uniqid":1,"traceid":123}
[2022-08-09T16:48:39.448] [INFO] default - folder=> SIHS
[2022-08-09T16:48:39.448] [INFO] default - request=> GET
[2022-08-09T16:48:47.689] [INFO] default - name=> KobetsuRiyouTourokuNyutai
[2022-08-09T16:48:47.689] [INFO] default - params=>{"uniqid":1,"traceid":123}
[2022-08-09T16:48:47.689] [INFO] default - folder=> SIHS
[2022-08-09T16:48:47.689] [INFO] default - request=> GET
[2022-08-09T16:48:49.770] [INFO] default - name=> KobetsuRiyouTourokuNyutai
[2022-08-09T16:48:49.772] [INFO] default - params=>{"getkbn":0,"riid":100000,"kbn":1,"ngsymd":"20220806","uniqid":1,"traceid":123}
[2022-08-09T16:48:49.772] [INFO] default - folder=> SIHS
[2022-08-09T16:48:49.772] [INFO] default - request=> GET
[2022-08-09T16:50:21.945] [INFO] default - name=> KobetsuRiyouTourokuNyutai
[2022-08-09T16:50:21.945] [INFO] default - params=>{"getkbn":0,"riid":100000,"kbn":1,"ngsymd":"20220806","uniqid":1,"traceid":123}
[2022-08-09T16:50:21.946] [INFO] default - folder=> SIHS
[2022-08-09T16:50:21.946] [INFO] default - request=> GET
[2022-08-09T16:50:26.738] [INFO] default - name=> KobetsuRiyouTourokuNyutai
[2022-08-09T16:50:26.739] [INFO] default - params=>{"getkbn":0,"riid":100000,"kbn":1,"ngsymd":"20220806","uniqid":1,"traceid":123}
[2022-08-09T16:50:26.739] [INFO] default - folder=> SIHS
[2022-08-09T16:50:26.739] [INFO] default - request=> GET
[2022-08-09T16:50:30.050] [INFO] default - name=> KobetsuRiyouTourokuNyutai
[2022-08-09T16:50:30.050] [INFO] default - params=>{"uniqid":1,"traceid":123}
[2022-08-09T16:50:30.050] [INFO] default - folder=> SIHS
[2022-08-09T16:50:30.050] [INFO] default - request=> GET
[2022-08-09T16:50:53.241] [INFO] default - name=> KobetsuRiyouTourokuNyutai
[2022-08-09T16:50:53.241] [INFO] default - params=>{"getkbn":0,"riid":100000,"kbn":1,"ngsymd":"20220806","uniqid":1,"traceid":123}
[2022-08-09T16:50:53.241] [INFO] default - folder=> SIHS
[2022-08-09T16:50:53.241] [INFO] default - request=> GET
[2022-08-09T16:51:44.552] [INFO] default - name=> KobetsuRiyouTourokuNyutai
[2022-08-09T16:51:44.552] [INFO] default - params=>{"getkbn":0,"riid":100000,"kbn":1,"ngsymd":"20220806","uniqid":1,"traceid":123}
[2022-08-09T16:51:44.552] [INFO] default - folder=> SIHS
[2022-08-09T16:51:44.552] [INFO] default - request=> GET
[2022-08-09T16:58:47.087] [INFO] default - name=> KobetsuRiyouTourokuNyutai
[2022-08-09T16:58:47.088] [INFO] default - params=>{"getkbn":0,"riid":100000,"kbn":1,"ngsymd":"20220806","uniqid":1,"traceid":123}
[2022-08-09T16:58:47.088] [INFO] default - folder=> SIHS
[2022-08-09T16:58:47.088] [INFO] default - request=> GET
[2022-08-09T17:07:17.326] [INFO] default - name=> KobetsuRiyouTourokuNyutai
[2022-08-09T17:07:17.326] [INFO] default - params=>{"getkbn":0,"riid":100000,"kbn":1,"ngsymd":"20220806","uniqid":1,"traceid":123}
[2022-08-09T17:07:17.326] [INFO] default - folder=> SIHS
[2022-08-09T17:07:17.327] [INFO] default - request=> GET
[2022-08-09T17:08:24.238] [INFO] default - name=> KobetsuRiyouTourokuNyutai
[2022-08-09T17:08:24.238] [INFO] default - params=>{"getkbn":0,"riid":100000,"kbn":1,"ngsymd":"20220806","uniqid":1,"traceid":123}
[2022-08-09T17:08:24.238] [INFO] default - folder=> SIHS
[2022-08-09T17:08:24.238] [INFO] default - request=> GET
[2022-08-09T17:12:06.589] [INFO] default - name=> KobetsuRiyouTourokuNyutai
[2022-08-09T17:12:06.589] [INFO] default - params=>{"getkbn":0,"riid":100000,"kbn":1,"ngsymd":"20220806","uniqid":1,"traceid":123}
[2022-08-09T17:12:06.589] [INFO] default - folder=> SIHS
[2022-08-09T17:12:06.589] [INFO] default - request=> GET
[2022-08-09T17:12:37.590] [INFO] default - name=> KobetsuRiyouTourokuNyutai
[2022-08-09T17:12:37.590] [INFO] default - params=>{"getkbn":0,"riid":100000,"kbn":1,"ngsymd":"20220806","uniqid":1,"traceid":123}
[2022-08-09T17:12:37.590] [INFO] default - folder=> SIHS
[2022-08-09T17:12:37.590] [INFO] default - request=> GET
[2022-08-09T17:31:49.791] [INFO] default - name=> KobetsuRiyouTourokuNyutai
[2022-08-09T17:31:49.791] [INFO] default - params=>{"getkbn":0,"riid":100000,"kbn":1,"ngsymd":"20220806","uniqid":1,"traceid":123}
[2022-08-09T17:31:49.791] [INFO] default - folder=> SIHS
[2022-08-09T17:31:49.791] [INFO] default - request=> GET
[2022-08-09T17:32:47.274] [INFO] default - name=> KobetsuRiyouTourokuNyutai
[2022-08-09T17:32:47.274] [INFO] default - params=>{"getkbn":0,"riid":100000,"kbn":1,"ngsymd":"20220806","uniqid":1,"traceid":123}
[2022-08-09T17:32:47.275] [INFO] default - folder=> SIHS
[2022-08-09T17:32:47.275] [INFO] default - request=> GET
[2022-08-09T17:33:47.052] [INFO] default - name=> KobetsuRiyouTourokuNyutai
[2022-08-09T17:33:47.052] [INFO] default - params=>{"getkbn":0,"riid":100000,"kbn":1,"ngsymd":"20220806","uniqid":1,"traceid":123}
[2022-08-09T17:33:47.052] [INFO] default - folder=> SIHS
[2022-08-09T17:33:47.052] [INFO] default - request=> GET
[2022-08-09T17:34:24.174] [INFO] default - name=> KobetsuRiyouTourokuNyutai
[2022-08-09T17:34:24.174] [INFO] default - params=>{"getkbn":0,"riid":100000,"kbn":1,"ngsymd":"20220806","uniqid":1,"traceid":123}
[2022-08-09T17:34:24.174] [INFO] default - folder=> SIHS
[2022-08-09T17:34:24.174] [INFO] default - request=> GET
[2022-08-09T17:34:53.766] [INFO] default - name=> KobetsuRiyouTourokuNyutai
[2022-08-09T17:34:53.766] [INFO] default - params=>{"getkbn":0,"riid":100000,"kbn":1,"ngsymd":"20220806","uniqid":1,"traceid":123}
[2022-08-09T17:34:53.766] [INFO] default - folder=> SIHS
[2022-08-09T17:34:53.766] [INFO] default - request=> GET
[2022-08-09T17:37:57.409] [INFO] default - name=> KobetsuRiyouTourokuNyutai
[2022-08-09T17:37:57.409] [INFO] default - params=>{"getkbn":0,"riid":100000,"kbn":1,"ngsymd":"20220806","uniqid":1,"traceid":123}
[2022-08-09T17:37:57.409] [INFO] default - folder=> SIHS
[2022-08-09T17:37:57.409] [INFO] default - request=> GET
[2022-08-09T17:47:14.024] [INFO] default - name=> KobetsuRiyouTourokuNyutai
[2022-08-09T17:47:14.024] [INFO] default - params=>{"getkbn":0,"riid":100000,"kbn":1,"ngsymd":"20220806","uniqid":1,"traceid":123}
[2022-08-09T17:47:14.024] [INFO] default - folder=> SIHS
[2022-08-09T17:47:14.024] [INFO] default - request=> GET
[2022-08-09T17:48:46.272] [INFO] default - name=> KobetsuRiyouTourokuNyutai
[2022-08-09T17:48:46.272] [INFO] default - params=>{"getkbn":0,"riid":100000,"kbn":1,"ngsymd":"20220806","uniqid":1,"traceid":123}
[2022-08-09T17:48:46.272] [INFO] default - folder=> SIHS
[2022-08-09T17:48:46.272] [INFO] default - request=> GET
[2022-08-09T17:48:50.064] [INFO] default - name=> KobetsuRiyouTourokuNyutai
[2022-08-09T17:48:50.064] [INFO] default - params=>{"getkbn":0,"riid":100000,"kbn":1,"ngsymd":"20220806","uniqid":1,"traceid":123}
[2022-08-09T17:48:50.064] [INFO] default - folder=> SIHS
[2022-08-09T17:48:50.064] [INFO] default - request=> GET
[2022-08-09T17:51:28.894] [INFO] default - name=> KobetsuRiyouTourokuNyutai
[2022-08-09T17:51:28.894] [INFO] default - params=>{"getkbn":0,"riid":100000,"kbn":1,"ngsymd":"20220806","uniqid":1,"traceid":123}
[2022-08-09T17:51:28.894] [INFO] default - folder=> SIHS
[2022-08-09T17:51:28.894] [INFO] default - request=> GET
[2022-08-09T17:59:55.318] [INFO] default - name=> KobetsuRiyouTourokuNyutai
[2022-08-09T17:59:55.318] [INFO] default - params=>{"getkbn":0,"riid":100000,"kbn":1,"ngsymd":"20220806","uniqid":1,"traceid":123}
[2022-08-09T17:59:55.318] [INFO] default - folder=> SIHS
[2022-08-09T17:59:55.318] [INFO] default - request=> GET
[2022-08-09T18:01:29.060] [INFO] default - name=> KobetsuRiyouTourokuNyutai
[2022-08-09T18:01:29.060] [INFO] default - params=>{"getkbn":0,"riid":100000,"kbn":1,"ngsymd":"20220806","uniqid":1,"traceid":123}
[2022-08-09T18:01:29.060] [INFO] default - folder=> SIHS
[2022-08-09T18:01:29.060] [INFO] default - request=> GET
[2022-08-09T18:02:15.636] [INFO] default - name=> KobetsuRiyouTourokuNyutai
[2022-08-09T18:02:15.636] [INFO] default - params=>{"getkbn":0,"riid":100000,"kbn":1,"ngsymd":"20220806","uniqid":1,"traceid":123}
[2022-08-09T18:02:15.636] [INFO] default - folder=> SIHS
[2022-08-09T18:02:15.636] [INFO] default - request=> GET
[2022-08-09T18:02:25.716] [INFO] default - name=> KobetsuRiyouTourokuNyutai
[2022-08-09T18:02:25.716] [INFO] default - params=>{"getkbn":0,"riid":100000,"kbn":1,"ngsymd":"20220806","uniqid":1,"traceid":123}
[2022-08-09T18:02:25.716] [INFO] default - folder=> SIHS
[2022-08-09T18:02:25.716] [INFO] default - request=> GET
[2022-08-09T18:02:25.954] [INFO] default - name=> KobetsuRiyouTourokuNyutai
[2022-08-09T18:02:25.954] [INFO] default - params=>{"getkbn":0,"riid":100000,"kbn":1,"ngsymd":"20220806","uniqid":1,"traceid":123}
[2022-08-09T18:02:25.954] [INFO] default - folder=> SIHS
[2022-08-09T18:02:25.954] [INFO] default - request=> GET
[2022-08-09T18:03:02.251] [INFO] default - name=> KobetsuRiyouTourokuNyutai
[2022-08-09T18:03:02.252] [INFO] default - params=>{"getkbn":0,"riid":100000,"kbn":1,"ngsymd":"20220806","uniqid":1,"traceid":123}
[2022-08-09T18:03:02.252] [INFO] default - folder=> SIHS
[2022-08-09T18:03:02.252] [INFO] default - request=> GET
[2022-08-09T18:03:51.406] [INFO] default - name=> KobetsuRiyouTourokuNyutai
[2022-08-09T18:03:51.407] [INFO] default - params=>{"getkbn":0,"riid":100000,"kbn":1,"ngsymd":"20220806","uniqid":1,"traceid":123}
[2022-08-09T18:03:51.407] [INFO] default - folder=> SIHS
[2022-08-09T18:03:51.407] [INFO] default - request=> GET
[2022-08-09T18:05:50.835] [INFO] default - name=> KobetsuRiyouTourokuNyutai
[2022-08-09T18:05:50.835] [INFO] default - params=>{"getkbn":0,"riid":100000,"kbn":1,"ngsymd":"20220806","uniqid":1,"traceid":123}
[2022-08-09T18:05:50.835] [INFO] default - folder=> SIHS
[2022-08-09T18:05:50.835] [INFO] default - request=> GET
[2022-08-09T18:05:58.243] [INFO] default - name=> KobetsuRiyouTourokuNyutai
[2022-08-09T18:05:58.243] [INFO] default - params=>{"getkbn":0,"riid":100000,"kbn":1,"ngsymd":"20220806","uniqid":1,"traceid":123}
[2022-08-09T18:05:58.243] [INFO] default - folder=> SIHS
[2022-08-09T18:05:58.243] [INFO] default - request=> GET
[2022-08-09T18:07:12.122] [INFO] default - name=> KobetsuRiyouTourokuNyutai
[2022-08-09T18:07:12.123] [INFO] default - params=>{"getkbn":0,"riid":100000,"kbn":1,"ngsymd":"20220806","uniqid":1,"traceid":123}
[2022-08-09T18:07:12.123] [INFO] default - folder=> SIHS
[2022-08-09T18:07:12.123] [INFO] default - request=> GET
[2022-08-09T18:08:22.363] [INFO] default - name=> KobetsuRiyouTourokuNyutai
[2022-08-09T18:08:22.363] [INFO] default - params=>{"getkbn":0,"riid":100000,"kbn":1,"ngsymd":"20220806","uniqid":1,"traceid":123}
[2022-08-09T18:08:22.363] [INFO] default - folder=> SIHS
[2022-08-09T18:08:22.363] [INFO] default - request=> GET
[2022-08-09T18:08:36.466] [INFO] default - name=> KobetsuRiyouTourokuNyutai
[2022-08-09T18:08:36.467] [INFO] default - params=>{"getkbn":0,"riid":100000,"kbn":1,"ngsymd":"20220806","uniqid":1,"traceid":123}
[2022-08-09T18:08:36.467] [INFO] default - folder=> SIHS
[2022-08-09T18:08:36.467] [INFO] default - request=> GET
[2022-08-09T18:09:32.331] [INFO] default - name=> KobetsuRiyouTourokuNyutai
[2022-08-09T18:09:32.331] [INFO] default - params=>{"getkbn":0,"riid":100000,"kbn":1,"ngsymd":"20220806","uniqid":1,"traceid":123}
[2022-08-09T18:09:32.331] [INFO] default - folder=> SIHS
[2022-08-09T18:09:32.331] [INFO] default - request=> GET
[2022-08-09T18:09:54.282] [INFO] default - name=> KobetsuRiyouTourokuNyutai
[2022-08-09T18:09:54.283] [INFO] default - params=>{"getkbn":0,"riid":100000,"kbn":1,"ngsymd":"20220806","uniqid":1,"traceid":123}
[2022-08-09T18:09:54.283] [INFO] default - folder=> SIHS
[2022-08-09T18:09:54.283] [INFO] default - request=> GET
[2022-08-09T18:10:08.554] [INFO] default - name=> KobetsuRiyouTourokuNyutai
[2022-08-09T18:10:08.554] [INFO] default - params=>{"getkbn":0,"riid":100000,"kbn":1,"ngsymd":"20220806","uniqid":1,"traceid":123}
[2022-08-09T18:10:08.554] [INFO] default - folder=> SIHS
[2022-08-09T18:10:08.554] [INFO] default - request=> GET
[2022-08-09T18:10:45.617] [INFO] default - name=> KobetsuRiyouTourokuNyutai
[2022-08-09T18:10:45.617] [INFO] default - params=>{"getkbn":0,"riid":100000,"kbn":1,"ngsymd":"20220806","uniqid":1,"traceid":123}
[2022-08-09T18:10:45.617] [INFO] default - folder=> SIHS
[2022-08-09T18:10:45.617] [INFO] default - request=> GET
[2022-08-09T18:10:58.713] [INFO] default - name=> KobetsuRiyouTourokuNyutai
[2022-08-09T18:10:58.713] [INFO] default - params=>{"getkbn":0,"riid":100000,"kbn":1,"ngsymd":"20220806","uniqid":1,"traceid":123}
[2022-08-09T18:10:58.713] [INFO] default - folder=> SIHS
[2022-08-09T18:10:58.713] [INFO] default - request=> GET
[2022-08-09T18:11:21.636] [INFO] default - name=> KobetsuRiyouTourokuNyutai
[2022-08-09T18:11:21.636] [INFO] default - params=>{"getkbn":0,"riid":100000,"kbn":1,"ngsymd":"20220806","uniqid":1,"traceid":123}
[2022-08-09T18:11:21.636] [INFO] default - folder=> SIHS
[2022-08-09T18:11:21.636] [INFO] default - request=> GET
[2022-08-09T18:12:01.834] [INFO] default - name=> KobetsuRiyouTourokuNyutai
[2022-08-09T18:12:01.834] [INFO] default - params=>{"getkbn":0,"riid":100000,"kbn":1,"ngsymd":"20220806","uniqid":1,"traceid":123}
[2022-08-09T18:12:01.834] [INFO] default - folder=> SIHS
[2022-08-09T18:12:01.834] [INFO] default - request=> GET
[2022-08-09T18:12:24.906] [INFO] default - name=> KobetsuRiyouTourokuNyutai
[2022-08-09T18:12:24.906] [INFO] default - params=>{"getkbn":0,"riid":100000,"kbn":1,"ngsymd":"20220806","uniqid":1,"traceid":123}
[2022-08-09T18:12:24.906] [INFO] default - folder=> SIHS
[2022-08-09T18:12:24.906] [INFO] default - request=> GET
[2022-08-09T18:12:57.089] [INFO] default - name=> KobetsuRiyouTourokuNyutai
[2022-08-09T18:12:57.089] [INFO] default - params=>{"getkbn":0,"riid":100000,"kbn":1,"ngsymd":"20220806","uniqid":1,"traceid":123}
[2022-08-09T18:12:57.089] [INFO] default - folder=> SIHS
[2022-08-09T18:12:57.090] [INFO] default - request=> GET
[2022-08-09T18:13:17.353] [INFO] default - name=> KobetsuRiyouTourokuNyutai
[2022-08-09T18:13:17.353] [INFO] default - params=>{"getkbn":0,"riid":100000,"kbn":1,"ngsymd":"20220806","uniqid":1,"traceid":123}
[2022-08-09T18:13:17.353] [INFO] default - folder=> SIHS
[2022-08-09T18:13:17.354] [INFO] default - request=> GET
[2022-08-09T18:13:35.803] [INFO] default - name=> KobetsuRiyouTourokuNyutai
[2022-08-09T18:13:35.803] [INFO] default - params=>{"getkbn":0,"riid":100000,"kbn":1,"ngsymd":"20220806","uniqid":1,"traceid":123}
[2022-08-09T18:13:35.803] [INFO] default - folder=> SIHS
[2022-08-09T18:13:35.803] [INFO] default - request=> GET
[2022-08-09T18:13:52.449] [INFO] default - name=> KobetsuRiyouTourokuNyutai
[2022-08-09T18:13:52.449] [INFO] default - params=>{"getkbn":0,"riid":100000,"kbn":1,"ngsymd":"20220806","uniqid":1,"traceid":123}
[2022-08-09T18:13:52.449] [INFO] default - folder=> SIHS
[2022-08-09T18:13:52.449] [INFO] default - request=> GET
[2022-08-09T18:14:11.553] [INFO] default - name=> KobetsuRiyouTourokuNyutai
[2022-08-09T18:14:11.553] [INFO] default - params=>{"getkbn":0,"riid":100000,"kbn":1,"ngsymd":"20220806","uniqid":1,"traceid":123}
[2022-08-09T18:14:11.553] [INFO] default - folder=> SIHS
[2022-08-09T18:14:11.554] [INFO] default - request=> GET
[2022-08-09T18:14:39.503] [INFO] default - name=> KobetsuRiyouTourokuNyutai
[2022-08-09T18:14:39.503] [INFO] default - params=>{"getkbn":0,"riid":100000,"kbn":1,"ngsymd":"20220806","uniqid":1,"traceid":123}
[2022-08-09T18:14:39.503] [INFO] default - folder=> SIHS
[2022-08-09T18:14:39.503] [INFO] default - request=> GET
[2022-08-09T18:15:33.977] [INFO] default - name=> KobetsuRiyouTourokuNyutai
[2022-08-09T18:15:33.977] [INFO] default - params=>{"getkbn":0,"riid":100000,"kbn":1,"ngsymd":"20220806","uniqid":1,"traceid":123}
[2022-08-09T18:15:33.978] [INFO] default - folder=> SIHS
[2022-08-09T18:15:33.978] [INFO] default - request=> GET
[2022-08-09T18:15:49.433] [INFO] default - name=> KobetsuRiyouTourokuNyutai
[2022-08-09T18:15:49.433] [INFO] default - params=>{"getkbn":0,"riid":100000,"kbn":1,"ngsymd":"20220806","uniqid":1,"traceid":123}
[2022-08-09T18:15:49.433] [INFO] default - folder=> SIHS
[2022-08-09T18:15:49.433] [INFO] default - request=> GET
[2022-08-09T18:16:01.281] [INFO] default - name=> KobetsuRiyouTourokuNyutai
[2022-08-09T18:16:01.281] [INFO] default - params=>{"getkbn":0,"riid":100000,"kbn":1,"ngsymd":"20220806","uniqid":1,"traceid":123}
[2022-08-09T18:16:01.281] [INFO] default - folder=> SIHS
[2022-08-09T18:16:01.281] [INFO] default - request=> GET
[2022-08-09T18:16:21.321] [INFO] default - name=> KobetsuRiyouTourokuNyutai
[2022-08-09T18:16:21.321] [INFO] default - params=>{"getkbn":0,"riid":100000,"kbn":1,"ngsymd":"20220806","uniqid":1,"traceid":123}
[2022-08-09T18:16:21.322] [INFO] default - folder=> SIHS
[2022-08-09T18:16:21.322] [INFO] default - request=> GET
[2022-08-09T18:17:08.417] [INFO] default - name=> KobetsuRiyouTourokuNyutai
[2022-08-09T18:17:08.418] [INFO] default - params=>{"getkbn":0,"riid":100000,"kbn":1,"ngsymd":"20220806","uniqid":1,"traceid":123}
[2022-08-09T18:17:08.418] [INFO] default - folder=> SIHS
[2022-08-09T18:17:08.418] [INFO] default - request=> GET
[2022-08-09T18:19:04.384] [INFO] default - name=> KobetsuRiyouTourokuNyutai
[2022-08-09T18:19:04.384] [INFO] default - params=>{"getkbn":0,"riid":100000,"kbn":1,"ngsymd":"20220806","uniqid":1,"traceid":123}
[2022-08-09T18:19:04.384] [INFO] default - folder=> SIHS
[2022-08-09T18:19:04.384] [INFO] default - request=> GET
[2022-08-09T18:19:31.888] [INFO] default - name=> KobetsuRiyouTourokuNyutai
[2022-08-09T18:19:31.889] [INFO] default - params=>{"getkbn":0,"riid":100000,"kbn":1,"ngsymd":"20220806","uniqid":1,"traceid":123}
[2022-08-09T18:19:31.889] [INFO] default - folder=> SIHS
[2022-08-09T18:19:31.889] [INFO] default - request=> GET
[2022-08-09T18:21:51.545] [INFO] default - name=> KobetsuRiyouTourokuNyutai
[2022-08-09T18:21:51.545] [INFO] default - params=>{"getkbn":0,"riid":100000,"kbn":1,"ngsymd":"20220806","uniqid":1,"traceid":123}
[2022-08-09T18:21:51.545] [INFO] default - folder=> SIHS
[2022-08-09T18:21:51.545] [INFO] default - request=> GET
