[2022-08-17T09:04:03.902] [INFO] default - name=> NenkanRiyouNissuIcrn
[2022-08-17T09:04:03.902] [INFO] default - params=>{"uniqid":1,"traceid":123,"getkbn":0,"entpriid":0,"hokbn":1,"svcsyucode":1,"symd":"20220101","eymd":"20220101","syukeikbn":1}
[2022-08-17T09:04:03.902] [INFO] default - folder=> SIHS
[2022-08-17T09:04:03.902] [INFO] default - request=> GET
[2022-08-17T09:04:26.942] [INFO] default - name=> NenkanRiyouNissuIcrn
[2022-08-17T09:04:26.942] [INFO] default - params=>{"uniqid":1,"traceid":123,"getkbn":0,"entpriid":0,"hokbn":1,"svcsyucode":1,"symd":"20220101","eymd":"20220101","syukeikbn":1}
[2022-08-17T09:04:26.942] [INFO] default - folder=> SIHS
[2022-08-17T09:04:26.942] [INFO] default - request=> GET
[2022-08-17T09:04:37.293] [INFO] default - name=> userListPrint
[2022-08-17T09:04:37.293] [INFO] default - params=>{"uniqid":1,"traceid":123,"getkbn":0,"jkbn":0,"sdnflg":0,"symd":"20220801","eymd":"20220901"}
[2022-08-17T09:04:37.293] [INFO] default - folder=> COMMON
[2022-08-17T09:04:37.293] [INFO] default - request=> GET
[2022-08-17T09:15:23.349] [INFO] default - name=> userListPrint
[2022-08-17T09:15:23.349] [INFO] default - params=>{"uniqid":1,"traceid":123,"getkbn":0,"jkbn":0,"sdnflg":0,"symd":"20220801","eymd":"20220901"}
[2022-08-17T09:15:23.349] [INFO] default - folder=> COMMON
[2022-08-17T09:15:23.349] [INFO] default - request=> GET
[2022-08-17T09:15:29.122] [INFO] default - name=> userListPrint
[2022-08-17T09:15:29.122] [INFO] default - params=>{"uniqid":1,"traceid":123,"getkbn":0,"jkbn":0,"sdnflg":0,"symd":"20220801","eymd":"20220901"}
[2022-08-17T09:15:29.122] [INFO] default - folder=> COMMON
[2022-08-17T09:15:29.122] [INFO] default - request=> GET
[2022-08-17T09:15:44.788] [INFO] default - name=> userListPrint
[2022-08-17T09:15:44.788] [INFO] default - params=>{"uniqid":1,"traceid":123,"getkbn":0,"jkbn":0,"sdnflg":0,"symd":"20220801","eymd":"20220901"}
[2022-08-17T09:15:44.788] [INFO] default - folder=> COMMON
[2022-08-17T09:15:44.788] [INFO] default - request=> GET
[2022-08-17T09:16:01.747] [INFO] default - name=> userListPrint
[2022-08-17T09:16:01.747] [INFO] default - params=>{"uniqid":1,"traceid":123,"getkbn":0,"jkbn":0,"sdnflg":0,"symd":"20220801","eymd":"20220901"}
[2022-08-17T09:16:01.747] [INFO] default - folder=> COMMON
[2022-08-17T09:16:01.747] [INFO] default - request=> GET
[2022-08-17T09:18:40.086] [INFO] default - name=> userListPrint
[2022-08-17T09:18:40.086] [INFO] default - params=>{"uniqid":1,"traceid":123,"getkbn":0,"jkbn":0,"sdnflg":0,"symd":"20220801","eymd":"20220901"}
[2022-08-17T09:18:40.086] [INFO] default - folder=> COMMON
[2022-08-17T09:18:40.086] [INFO] default - request=> GET
[2022-08-17T09:20:29.857] [INFO] default - name=> userListPrint
[2022-08-17T09:20:29.857] [INFO] default - params=>{"uniqid":1,"traceid":123,"getkbn":0,"jkbn":0,"sdnflg":0,"symd":"20220801","eymd":"20220901"}
[2022-08-17T09:20:29.857] [INFO] default - folder=> COMMON
[2022-08-17T09:20:29.857] [INFO] default - request=> GET
[2022-08-17T09:21:17.355] [INFO] default - name=> userListPrint
[2022-08-17T09:21:17.355] [INFO] default - params=>{"uniqid":1,"traceid":123,"getkbn":0,"jkbn":0,"sdnflg":0,"symd":"20220801","eymd":"20220901"}
[2022-08-17T09:21:17.355] [INFO] default - folder=> COMMON
[2022-08-17T09:21:17.355] [INFO] default - request=> GET
[2022-08-17T09:22:25.874] [INFO] default - name=> userListPrint
[2022-08-17T09:22:25.874] [INFO] default - params=>{"uniqid":1,"traceid":123,"getkbn":0,"jkbn":0,"sdnflg":0,"symd":"20220801","eymd":"20220901"}
[2022-08-17T09:22:25.874] [INFO] default - folder=> COMMON
[2022-08-17T09:22:25.874] [INFO] default - request=> GET
[2022-08-17T09:22:59.952] [INFO] default - name=> userListPrint
[2022-08-17T09:22:59.952] [INFO] default - params=>{"uniqid":1,"traceid":123,"getkbn":0,"jkbn":0,"sdnflg":0,"symd":"20220801","eymd":"20220901"}
[2022-08-17T09:22:59.952] [INFO] default - folder=> COMMON
[2022-08-17T09:22:59.952] [INFO] default - request=> GET
[2022-08-17T09:23:04.626] [INFO] default - name=> userListPrint
[2022-08-17T09:23:04.626] [INFO] default - params=>{"uniqid":1,"traceid":123,"getkbn":0,"jkbn":0,"sdnflg":0,"symd":"20220801","eymd":"20220901"}
[2022-08-17T09:23:04.626] [INFO] default - folder=> COMMON
[2022-08-17T09:23:04.626] [INFO] default - request=> GET
[2022-08-17T09:23:24.181] [INFO] default - name=> userListPrint
[2022-08-17T09:23:24.181] [INFO] default - params=>{"uniqid":1,"traceid":123,"getkbn":0,"jkbn":0,"sdnflg":0,"symd":"20220801","eymd":"20220901"}
[2022-08-17T09:23:24.181] [INFO] default - folder=> COMMON
[2022-08-17T09:23:24.181] [INFO] default - request=> GET
[2022-08-17T09:23:31.744] [INFO] default - name=> userListPrint
[2022-08-17T09:23:31.744] [INFO] default - params=>{"uniqid":1,"traceid":123,"getkbn":0,"jkbn":0,"sdnflg":0,"symd":"20220801","eymd":"20220901"}
[2022-08-17T09:23:31.744] [INFO] default - folder=> COMMON
[2022-08-17T09:23:31.744] [INFO] default - request=> GET
[2022-08-17T09:23:35.652] [INFO] default - name=> userListPrint
[2022-08-17T09:23:35.653] [INFO] default - params=>{"uniqid":1,"traceid":123,"getkbn":0,"jkbn":0,"sdnflg":0,"symd":"20220801","eymd":"20220901"}
[2022-08-17T09:23:35.653] [INFO] default - folder=> COMMON
[2022-08-17T09:23:35.653] [INFO] default - request=> GET
[2022-08-17T09:24:01.377] [INFO] default - name=> userListPrint
[2022-08-17T09:24:01.377] [INFO] default - params=>{"uniqid":1,"traceid":123,"getkbn":0,"jkbn":0,"sdnflg":0,"symd":"20220801","eymd":"20220901"}
[2022-08-17T09:24:01.377] [INFO] default - folder=> COMMON
[2022-08-17T09:24:01.377] [INFO] default - request=> GET
[2022-08-17T09:24:06.351] [INFO] default - name=> userListPrint
[2022-08-17T09:24:06.351] [INFO] default - params=>{"uniqid":1,"traceid":123,"getkbn":0,"jkbn":0,"sdnflg":0,"symd":"20220801","eymd":"20220901"}
[2022-08-17T09:24:06.351] [INFO] default - folder=> COMMON
[2022-08-17T09:24:06.351] [INFO] default - request=> GET
[2022-08-17T09:24:57.783] [INFO] default - name=> userListPrint
[2022-08-17T09:24:57.783] [INFO] default - params=>{"uniqid":1,"traceid":123,"getkbn":0,"jkbn":0,"sdnflg":0,"symd":"20220801","eymd":"20220901"}
[2022-08-17T09:24:57.783] [INFO] default - folder=> COMMON
[2022-08-17T09:24:57.783] [INFO] default - request=> GET
[2022-08-17T09:25:05.077] [INFO] default - name=> userListPrint
[2022-08-17T09:25:05.077] [INFO] default - params=>{"uniqid":1,"traceid":123,"getkbn":0,"jkbn":0,"sdnflg":0,"symd":"20220801","eymd":"20220901"}
[2022-08-17T09:25:05.077] [INFO] default - folder=> COMMON
[2022-08-17T09:25:05.077] [INFO] default - request=> GET
[2022-08-17T09:25:22.130] [INFO] default - name=> userListPrint
[2022-08-17T09:25:22.130] [INFO] default - params=>{"uniqid":1,"traceid":123,"getkbn":0,"jkbn":0,"sdnflg":0,"symd":"20220801","eymd":"20220901"}
[2022-08-17T09:25:22.131] [INFO] default - folder=> COMMON
[2022-08-17T09:25:22.131] [INFO] default - request=> GET
[2022-08-17T09:26:00.202] [INFO] default - name=> userListPrint
[2022-08-17T09:26:00.202] [INFO] default - params=>{"uniqid":1,"traceid":123,"getkbn":0,"jkbn":0,"sdnflg":0,"symd":"20220801","eymd":"20220901"}
[2022-08-17T09:26:00.202] [INFO] default - folder=> COMMON
[2022-08-17T09:26:00.202] [INFO] default - request=> GET
[2022-08-17T09:26:16.545] [INFO] default - name=> userListPrint
[2022-08-17T09:26:16.545] [INFO] default - params=>{"uniqid":1,"traceid":123,"getkbn":0,"jkbn":0,"sdnflg":0,"symd":"20220801","eymd":"20220901"}
[2022-08-17T09:26:16.545] [INFO] default - folder=> COMMON
[2022-08-17T09:26:16.545] [INFO] default - request=> GET
[2022-08-17T09:26:29.784] [INFO] default - name=> userListPrint
[2022-08-17T09:26:29.784] [INFO] default - params=>{"uniqid":1,"traceid":123,"getkbn":0,"jkbn":0,"sdnflg":0,"symd":"20220801","eymd":"20220901"}
[2022-08-17T09:26:29.784] [INFO] default - folder=> COMMON
[2022-08-17T09:26:29.784] [INFO] default - request=> GET
[2022-08-17T09:26:40.961] [INFO] default - name=> userListPrint
[2022-08-17T09:26:40.961] [INFO] default - params=>{"uniqid":1,"traceid":123,"getkbn":0,"jkbn":0,"sdnflg":0,"symd":"20220801","eymd":"20220901"}
[2022-08-17T09:26:40.961] [INFO] default - folder=> COMMON
[2022-08-17T09:26:40.962] [INFO] default - request=> GET
[2022-08-17T09:28:21.712] [INFO] default - name=> userListPrint
[2022-08-17T09:28:21.712] [INFO] default - params=>{"uniqid":1,"traceid":123,"getkbn":0,"jkbn":0,"sdnflg":0,"symd":"20220801","eymd":"20220901"}
[2022-08-17T09:28:21.712] [INFO] default - folder=> COMMON
[2022-08-17T09:28:21.712] [INFO] default - request=> GET
[2022-08-17T09:29:09.548] [INFO] default - name=> userListPrint
[2022-08-17T09:29:09.549] [INFO] default - params=>{"uniqid":1,"traceid":123,"getkbn":0,"jkbn":0,"sdnflg":0,"symd":"20220801","eymd":"20220901"}
[2022-08-17T09:29:09.549] [INFO] default - folder=> COMMON
[2022-08-17T09:29:09.549] [INFO] default - request=> GET
[2022-08-17T09:29:21.846] [INFO] default - name=> userListPrint
[2022-08-17T09:29:21.846] [INFO] default - params=>{"uniqid":1,"traceid":123,"getkbn":0,"jkbn":0,"sdnflg":0,"symd":"20220801","eymd":"20220901"}
[2022-08-17T09:29:21.846] [INFO] default - folder=> COMMON
[2022-08-17T09:29:21.846] [INFO] default - request=> GET
[2022-08-17T09:30:24.339] [INFO] default - name=> userListPrint
[2022-08-17T09:30:24.339] [INFO] default - params=>{"uniqid":1,"traceid":123,"getkbn":0,"jkbn":0,"sdnflg":0,"symd":"20220801","eymd":"20220901"}
[2022-08-17T09:30:24.339] [INFO] default - folder=> COMMON
[2022-08-17T09:30:24.339] [INFO] default - request=> GET
[2022-08-17T09:30:56.606] [INFO] default - name=> userListPrint
[2022-08-17T09:30:56.606] [INFO] default - params=>{"uniqid":1,"traceid":123,"getkbn":0,"jkbn":0,"sdnflg":0,"symd":"20220801","eymd":"20220901"}
[2022-08-17T09:30:56.606] [INFO] default - folder=> COMMON
[2022-08-17T09:30:56.606] [INFO] default - request=> GET
[2022-08-17T09:30:58.597] [INFO] default - name=> userListPrint
[2022-08-17T09:30:58.597] [INFO] default - params=>{"uniqid":1,"traceid":123,"getkbn":0,"jkbn":0,"sdnflg":0,"symd":"20220801","eymd":"20220901"}
[2022-08-17T09:30:58.597] [INFO] default - folder=> COMMON
[2022-08-17T09:30:58.597] [INFO] default - request=> GET
[2022-08-17T09:31:37.600] [INFO] default - name=> userListPrint
[2022-08-17T09:31:37.600] [INFO] default - params=>{"uniqid":1,"traceid":123,"getkbn":0,"jkbn":0,"sdnflg":0,"symd":"20220801","eymd":"20220901"}
[2022-08-17T09:31:37.600] [INFO] default - folder=> COMMON
[2022-08-17T09:31:37.600] [INFO] default - request=> GET
[2022-08-17T09:32:12.932] [INFO] default - name=> userListPrint
[2022-08-17T09:32:12.933] [INFO] default - params=>{"uniqid":1,"traceid":123,"getkbn":0,"jkbn":0,"sdnflg":0,"symd":"20220801","eymd":"20220901"}
[2022-08-17T09:32:12.933] [INFO] default - folder=> COMMON
[2022-08-17T09:32:12.933] [INFO] default - request=> GET
[2022-08-17T09:32:22.977] [INFO] default - name=> userListPrint
[2022-08-17T09:32:22.977] [INFO] default - params=>{"uniqid":1,"traceid":123,"getkbn":0,"jkbn":0,"sdnflg":0,"symd":"20220801","eymd":"20220901"}
[2022-08-17T09:32:22.977] [INFO] default - folder=> COMMON
[2022-08-17T09:32:22.977] [INFO] default - request=> GET
[2022-08-17T09:32:43.202] [INFO] default - name=> userListPrint
[2022-08-17T09:32:43.202] [INFO] default - params=>{"uniqid":1,"traceid":123,"getkbn":0,"jkbn":0,"sdnflg":0,"symd":"20220801","eymd":"20220901"}
[2022-08-17T09:32:43.202] [INFO] default - folder=> COMMON
[2022-08-17T09:32:43.202] [INFO] default - request=> GET
[2022-08-17T09:32:53.512] [INFO] default - name=> userListPrint
[2022-08-17T09:32:53.512] [INFO] default - params=>{"uniqid":1,"traceid":123,"getkbn":0,"jkbn":0,"sdnflg":0,"symd":"20220801","eymd":"20220901"}
[2022-08-17T09:32:53.512] [INFO] default - folder=> COMMON
[2022-08-17T09:32:53.512] [INFO] default - request=> GET
[2022-08-17T09:33:27.041] [INFO] default - name=> userListPrint
[2022-08-17T09:33:27.041] [INFO] default - params=>{"uniqid":1,"traceid":123,"getkbn":0,"jkbn":0,"sdnflg":0,"symd":"20220801","eymd":"20220901"}
[2022-08-17T09:33:27.041] [INFO] default - folder=> COMMON
[2022-08-17T09:33:27.041] [INFO] default - request=> GET
[2022-08-17T09:33:40.631] [INFO] default - name=> userListPrint
[2022-08-17T09:33:40.631] [INFO] default - params=>{"uniqid":1,"traceid":123,"getkbn":0,"jkbn":0,"sdnflg":0,"symd":"20220801","eymd":"20220901"}
[2022-08-17T09:33:40.631] [INFO] default - folder=> COMMON
[2022-08-17T09:33:40.631] [INFO] default - request=> GET
[2022-08-17T09:33:46.860] [INFO] default - name=> userListPrint
[2022-08-17T09:33:46.860] [INFO] default - params=>{"uniqid":1,"traceid":123,"getkbn":0,"jkbn":0,"sdnflg":0,"symd":"20220801","eymd":"20220901"}
[2022-08-17T09:33:46.860] [INFO] default - folder=> COMMON
[2022-08-17T09:33:46.860] [INFO] default - request=> GET
[2022-08-17T09:34:40.951] [INFO] default - name=> userListPrint
[2022-08-17T09:34:40.951] [INFO] default - params=>{"uniqid":1,"traceid":123,"getkbn":0,"jkbn":0,"sdnflg":0,"symd":"20220801","eymd":"20220901"}
[2022-08-17T09:34:40.951] [INFO] default - folder=> COMMON
[2022-08-17T09:34:40.951] [INFO] default - request=> GET
[2022-08-17T09:35:01.747] [INFO] default - name=> userListPrint
[2022-08-17T09:35:01.747] [INFO] default - params=>{"uniqid":1,"traceid":123,"getkbn":0,"jkbn":0,"sdnflg":0,"symd":"20220801","eymd":"20220901"}
[2022-08-17T09:35:01.748] [INFO] default - folder=> COMMON
[2022-08-17T09:35:01.748] [INFO] default - request=> GET
[2022-08-17T09:35:11.113] [INFO] default - name=> userListPrint
[2022-08-17T09:35:11.113] [INFO] default - params=>{"uniqid":1,"traceid":123,"getkbn":0,"jkbn":0,"sdnflg":0,"symd":"20220801","eymd":"20220901"}
[2022-08-17T09:35:11.113] [INFO] default - folder=> COMMON
[2022-08-17T09:35:11.113] [INFO] default - request=> GET
[2022-08-17T09:35:25.962] [INFO] default - name=> userListPrint
[2022-08-17T09:35:25.962] [INFO] default - params=>{"uniqid":1,"traceid":123,"getkbn":0,"jkbn":0,"sdnflg":0,"symd":"20220801","eymd":"20220901"}
[2022-08-17T09:35:25.962] [INFO] default - folder=> COMMON
[2022-08-17T09:35:25.962] [INFO] default - request=> GET
[2022-08-17T09:35:29.753] [INFO] default - name=> userListPrint
[2022-08-17T09:35:29.753] [INFO] default - params=>{"uniqid":1,"traceid":123,"getkbn":0,"jkbn":0,"sdnflg":0,"symd":"20220801","eymd":"20220901"}
[2022-08-17T09:35:29.753] [INFO] default - folder=> COMMON
[2022-08-17T09:35:29.753] [INFO] default - request=> GET
[2022-08-17T09:35:37.074] [INFO] default - name=> userListPrint
[2022-08-17T09:35:37.074] [INFO] default - params=>{"uniqid":1,"traceid":123,"getkbn":0,"jkbn":0,"sdnflg":0,"symd":"20220801","eymd":"20220901"}
[2022-08-17T09:35:37.074] [INFO] default - folder=> COMMON
[2022-08-17T09:35:37.074] [INFO] default - request=> GET
[2022-08-17T09:35:42.855] [INFO] default - name=> userListPrint
[2022-08-17T09:35:42.855] [INFO] default - params=>{"uniqid":1,"traceid":123,"getkbn":0,"jkbn":0,"sdnflg":0,"symd":"20220801","eymd":"20220901"}
[2022-08-17T09:35:42.856] [INFO] default - folder=> COMMON
[2022-08-17T09:35:42.856] [INFO] default - request=> GET
[2022-08-17T09:35:55.297] [INFO] default - name=> userListPrint
[2022-08-17T09:35:55.298] [INFO] default - params=>{"uniqid":1,"traceid":123,"getkbn":0,"jkbn":0,"sdnflg":0,"symd":"20220801","eymd":"20220901"}
[2022-08-17T09:35:55.298] [INFO] default - folder=> COMMON
[2022-08-17T09:35:55.298] [INFO] default - request=> GET
[2022-08-17T09:36:40.654] [INFO] default - name=> userListPrint
[2022-08-17T09:36:40.654] [INFO] default - params=>{"uniqid":1,"traceid":123,"getkbn":0,"jkbn":0,"sdnflg":0,"symd":"20220801","eymd":"20220901"}
[2022-08-17T09:36:40.654] [INFO] default - folder=> COMMON
[2022-08-17T09:36:40.654] [INFO] default - request=> GET
[2022-08-17T09:36:54.828] [INFO] default - name=> userListPrint
[2022-08-17T09:36:54.828] [INFO] default - params=>{"uniqid":1,"traceid":123,"getkbn":0,"jkbn":0,"sdnflg":0,"symd":"20220801","eymd":"20220901"}
[2022-08-17T09:36:54.828] [INFO] default - folder=> COMMON
[2022-08-17T09:36:54.828] [INFO] default - request=> GET
[2022-08-17T09:37:12.301] [INFO] default - name=> userListPrint
[2022-08-17T09:37:12.301] [INFO] default - params=>{"uniqid":1,"traceid":123,"getkbn":0,"jkbn":0,"sdnflg":0,"symd":"20220801","eymd":"20220901"}
[2022-08-17T09:37:12.302] [INFO] default - folder=> COMMON
[2022-08-17T09:37:12.302] [INFO] default - request=> GET
[2022-08-17T09:37:25.266] [INFO] default - name=> userListPrint
[2022-08-17T09:37:25.266] [INFO] default - params=>{"uniqid":1,"traceid":123,"getkbn":0,"jkbn":0,"sdnflg":0,"symd":"20220801","eymd":"20220901"}
[2022-08-17T09:37:25.266] [INFO] default - folder=> COMMON
[2022-08-17T09:37:25.266] [INFO] default - request=> GET
[2022-08-17T09:37:39.939] [INFO] default - name=> userListPrint
[2022-08-17T09:37:39.939] [INFO] default - params=>{"uniqid":1,"traceid":123,"getkbn":0,"jkbn":0,"sdnflg":0,"symd":"20220801","eymd":"20220901"}
[2022-08-17T09:37:39.939] [INFO] default - folder=> COMMON
[2022-08-17T09:37:39.939] [INFO] default - request=> GET
[2022-08-17T09:37:56.499] [INFO] default - name=> userListPrint
[2022-08-17T09:37:56.499] [INFO] default - params=>{"uniqid":1,"traceid":123,"getkbn":0,"jkbn":0,"sdnflg":0,"symd":"20220801","eymd":"20220901"}
[2022-08-17T09:37:56.499] [INFO] default - folder=> COMMON
[2022-08-17T09:37:56.499] [INFO] default - request=> GET
[2022-08-17T09:38:00.106] [INFO] default - name=> userListPrint
[2022-08-17T09:38:00.107] [INFO] default - params=>{"uniqid":1,"traceid":123,"getkbn":0,"jkbn":0,"sdnflg":0,"symd":"20220801","eymd":"20220901"}
[2022-08-17T09:38:00.107] [INFO] default - folder=> COMMON
[2022-08-17T09:38:00.107] [INFO] default - request=> GET
[2022-08-17T09:38:02.847] [INFO] default - name=> userListPrint
[2022-08-17T09:38:02.847] [INFO] default - params=>{"uniqid":1,"traceid":123,"getkbn":0,"jkbn":0,"sdnflg":0,"symd":"20220801","eymd":"20220901"}
[2022-08-17T09:38:02.847] [INFO] default - folder=> COMMON
[2022-08-17T09:38:02.847] [INFO] default - request=> GET
[2022-08-17T09:38:33.581] [INFO] default - name=> userListPrint
[2022-08-17T09:38:33.581] [INFO] default - params=>{"uniqid":1,"traceid":123,"getkbn":0,"jkbn":0,"sdnflg":0,"symd":"20220801","eymd":"20220901"}
[2022-08-17T09:38:33.581] [INFO] default - folder=> COMMON
[2022-08-17T09:38:33.581] [INFO] default - request=> GET
[2022-08-17T09:38:48.943] [INFO] default - name=> userListPrint
[2022-08-17T09:38:48.943] [INFO] default - params=>{"uniqid":1,"traceid":123,"getkbn":0,"jkbn":0,"sdnflg":0,"symd":"20220801","eymd":"20220901"}
[2022-08-17T09:38:48.943] [INFO] default - folder=> COMMON
[2022-08-17T09:38:48.943] [INFO] default - request=> GET
[2022-08-17T09:39:37.986] [INFO] default - name=> userListPrint
[2022-08-17T09:39:37.986] [INFO] default - params=>{"uniqid":1,"traceid":123,"getkbn":0,"jkbn":0,"sdnflg":0,"symd":"20220801","eymd":"20220901"}
[2022-08-17T09:39:37.986] [INFO] default - folder=> COMMON
[2022-08-17T09:39:37.987] [INFO] default - request=> GET
[2022-08-17T09:40:05.477] [INFO] default - name=> userListPrint
[2022-08-17T09:40:05.477] [INFO] default - params=>{"uniqid":1,"traceid":123,"getkbn":0,"jkbn":0,"sdnflg":0,"symd":"20220801","eymd":"20220901"}
[2022-08-17T09:40:05.477] [INFO] default - folder=> COMMON
[2022-08-17T09:40:05.478] [INFO] default - request=> GET
[2022-08-17T09:40:26.715] [INFO] default - name=> userListPrint
[2022-08-17T09:40:26.715] [INFO] default - params=>{"uniqid":1,"traceid":123,"getkbn":0,"jkbn":0,"sdnflg":0,"symd":"20220801","eymd":"20220901"}
[2022-08-17T09:40:26.715] [INFO] default - folder=> COMMON
[2022-08-17T09:40:26.715] [INFO] default - request=> GET
[2022-08-17T09:46:47.998] [INFO] default - name=> userListPrint
[2022-08-17T09:46:47.998] [INFO] default - params=>{"uniqid":1,"traceid":123,"getkbn":0,"jkbn":0,"sdnflg":0,"symd":"20220801","eymd":"20220901"}
[2022-08-17T09:46:47.998] [INFO] default - folder=> COMMON
[2022-08-17T09:46:47.998] [INFO] default - request=> GET
[2022-08-17T09:47:14.934] [INFO] default - name=> userListPrint
[2022-08-17T09:47:14.934] [INFO] default - params=>{"uniqid":1,"traceid":123,"getkbn":0,"jkbn":0,"sdnflg":0,"symd":"20220801","eymd":"20220901"}
[2022-08-17T09:47:14.934] [INFO] default - folder=> COMMON
[2022-08-17T09:47:14.934] [INFO] default - request=> GET
[2022-08-17T09:49:22.361] [INFO] default - name=> userListPrint
[2022-08-17T09:49:22.361] [INFO] default - params=>{"uniqid":1,"traceid":123,"getkbn":0,"jkbn":0,"sdnflg":0,"symd":"20220801","eymd":"20220901"}
[2022-08-17T09:49:22.361] [INFO] default - folder=> COMMON
[2022-08-17T09:49:22.361] [INFO] default - request=> GET
[2022-08-17T09:49:48.692] [INFO] default - name=> userListPrint
[2022-08-17T09:49:48.692] [INFO] default - params=>{"uniqid":1,"traceid":123,"getkbn":0,"jkbn":0,"sdnflg":0,"symd":"20220801","eymd":"20220901"}
[2022-08-17T09:49:48.692] [INFO] default - folder=> COMMON
[2022-08-17T09:49:48.692] [INFO] default - request=> GET
[2022-08-17T09:50:36.125] [INFO] default - name=> userListPrint
[2022-08-17T09:50:36.125] [INFO] default - params=>{"uniqid":1,"traceid":123,"getkbn":0,"jkbn":0,"sdnflg":0,"symd":"20220801","eymd":"20220901"}
[2022-08-17T09:50:36.125] [INFO] default - folder=> COMMON
[2022-08-17T09:50:36.125] [INFO] default - request=> GET
[2022-08-17T09:51:00.953] [INFO] default - name=> userListPrint
[2022-08-17T09:51:00.953] [INFO] default - params=>{"uniqid":1,"traceid":123,"getkbn":0,"jkbn":0,"sdnflg":0,"symd":"20220801","eymd":"20220901"}
[2022-08-17T09:51:00.953] [INFO] default - folder=> COMMON
[2022-08-17T09:51:00.953] [INFO] default - request=> GET
[2022-08-17T09:51:47.367] [INFO] default - name=> userListPrint
[2022-08-17T09:51:47.367] [INFO] default - params=>{"uniqid":1,"traceid":123,"getkbn":0,"jkbn":0,"sdnflg":0,"symd":"20220801","eymd":"20220901"}
[2022-08-17T09:51:47.367] [INFO] default - folder=> COMMON
[2022-08-17T09:51:47.367] [INFO] default - request=> GET
[2022-08-17T09:51:52.009] [INFO] default - name=> NenkanRiyouNissuIcrn
[2022-08-17T09:51:52.009] [INFO] default - params=>{"uniqid":1,"traceid":123,"getkbn":0,"entpriid":0,"hokbn":1,"svcsyucode":1,"symd":"20220101","eymd":"20220101","syukeikbn":1}
[2022-08-17T09:51:52.009] [INFO] default - folder=> SIHS
[2022-08-17T09:51:52.009] [INFO] default - request=> GET
[2022-08-17T09:51:53.445] [INFO] default - name=> userListPrint
[2022-08-17T09:51:53.446] [INFO] default - params=>{"uniqid":1,"traceid":123,"getkbn":0,"jkbn":0,"sdnflg":0,"symd":"20220801","eymd":"20220901"}
[2022-08-17T09:51:53.447] [INFO] default - folder=> COMMON
[2022-08-17T09:51:53.447] [INFO] default - request=> GET
[2022-08-17T09:53:03.974] [INFO] default - name=> userListPrint
[2022-08-17T09:53:03.974] [INFO] default - params=>{"uniqid":1,"traceid":123,"getkbn":0,"jkbn":0,"sdnflg":0,"symd":"20220801","eymd":"20220901"}
[2022-08-17T09:53:03.974] [INFO] default - folder=> COMMON
[2022-08-17T09:53:03.974] [INFO] default - request=> GET
[2022-08-17T09:53:32.942] [INFO] default - name=> userListPrint
[2022-08-17T09:53:32.942] [INFO] default - params=>{"uniqid":1,"traceid":123,"getkbn":0,"jkbn":0,"sdnflg":0,"symd":"20220801","eymd":"20220901"}
[2022-08-17T09:53:32.942] [INFO] default - folder=> COMMON
[2022-08-17T09:53:32.942] [INFO] default - request=> GET
[2022-08-17T09:53:33.170] [INFO] default - name=> userListPrint
[2022-08-17T09:53:33.170] [INFO] default - params=>{"uniqid":1,"traceid":123,"getkbn":0,"jkbn":0,"sdnflg":0,"symd":"20220801","eymd":"20220901"}
[2022-08-17T09:53:33.170] [INFO] default - folder=> COMMON
[2022-08-17T09:53:33.170] [INFO] default - request=> GET
[2022-08-17T09:54:41.632] [INFO] default - name=> userListPrint
[2022-08-17T09:54:41.633] [INFO] default - params=>{"uniqid":1,"traceid":123,"getkbn":0,"jkbn":0,"sdnflg":0,"symd":"20220801","eymd":"20220901"}
[2022-08-17T09:54:41.633] [INFO] default - folder=> COMMON
[2022-08-17T09:54:41.633] [INFO] default - request=> GET
[2022-08-17T09:54:51.157] [INFO] default - name=> userListPrint
[2022-08-17T09:54:51.157] [INFO] default - params=>{"uniqid":1,"traceid":123,"getkbn":0,"jkbn":0,"sdnflg":0,"symd":"20220801","eymd":"20220901"}
[2022-08-17T09:54:51.157] [INFO] default - folder=> COMMON
[2022-08-17T09:54:51.157] [INFO] default - request=> GET
[2022-08-17T09:54:56.045] [INFO] default - name=> userListPrint
[2022-08-17T09:54:56.045] [INFO] default - params=>{"uniqid":1,"traceid":123,"getkbn":0,"jkbn":0,"sdnflg":0,"symd":"20220801","eymd":"20220901"}
[2022-08-17T09:54:56.045] [INFO] default - folder=> COMMON
[2022-08-17T09:54:56.045] [INFO] default - request=> GET
[2022-08-17T09:55:02.039] [INFO] default - name=> userListPrint
[2022-08-17T09:55:02.039] [INFO] default - params=>{"uniqid":1,"traceid":123,"getkbn":0,"jkbn":0,"sdnflg":0,"symd":"20220801","eymd":"20220901"}
[2022-08-17T09:55:02.040] [INFO] default - folder=> COMMON
[2022-08-17T09:55:02.040] [INFO] default - request=> GET
[2022-08-17T09:55:07.463] [INFO] default - name=> userListPrint
[2022-08-17T09:55:07.463] [INFO] default - params=>{"uniqid":1,"traceid":123,"getkbn":0,"jkbn":0,"sdnflg":0,"symd":"20220801","eymd":"20220901"}
[2022-08-17T09:55:07.463] [INFO] default - folder=> COMMON
[2022-08-17T09:55:07.463] [INFO] default - request=> GET
[2022-08-17T09:56:31.152] [INFO] default - name=> userListPrint
[2022-08-17T09:56:31.152] [INFO] default - params=>{"uniqid":1,"traceid":123,"getkbn":0,"jkbn":0,"sdnflg":0,"symd":"20220801","eymd":"20220901"}
[2022-08-17T09:56:31.152] [INFO] default - folder=> COMMON
[2022-08-17T09:56:31.152] [INFO] default - request=> GET
[2022-08-17T09:57:14.827] [INFO] default - name=> userListPrint
[2022-08-17T09:57:14.827] [INFO] default - params=>{"uniqid":1,"traceid":123,"getkbn":0,"jkbn":0,"sdnflg":0,"symd":"20220801","eymd":"20220901"}
[2022-08-17T09:57:14.827] [INFO] default - folder=> COMMON
[2022-08-17T09:57:14.827] [INFO] default - request=> GET
[2022-08-17T09:57:50.403] [INFO] default - name=> userListPrint
[2022-08-17T09:57:50.403] [INFO] default - params=>{"uniqid":1,"traceid":123,"getkbn":0,"jkbn":0,"sdnflg":0,"symd":"20220801","eymd":"20220901"}
[2022-08-17T09:57:50.403] [INFO] default - folder=> COMMON
[2022-08-17T09:57:50.403] [INFO] default - request=> GET
[2022-08-17T09:57:59.523] [INFO] default - name=> userListPrint
[2022-08-17T09:57:59.523] [INFO] default - params=>{"uniqid":1,"traceid":123,"getkbn":0,"jkbn":0,"sdnflg":0,"symd":"20220801","eymd":"20220901"}
[2022-08-17T09:57:59.523] [INFO] default - folder=> COMMON
[2022-08-17T09:57:59.523] [INFO] default - request=> GET
[2022-08-17T09:58:40.354] [INFO] default - name=> userListPrint
[2022-08-17T09:58:40.354] [INFO] default - params=>{"uniqid":1,"traceid":123,"getkbn":0,"jkbn":0,"sdnflg":0,"symd":"20220801","eymd":"20220901"}
[2022-08-17T09:58:40.355] [INFO] default - folder=> COMMON
[2022-08-17T09:58:40.355] [INFO] default - request=> GET
[2022-08-17T09:58:59.052] [INFO] default - name=> userListPrint
[2022-08-17T09:58:59.052] [INFO] default - params=>{"uniqid":1,"traceid":123,"getkbn":0,"jkbn":0,"sdnflg":0,"symd":"20220801","eymd":"20220901"}
[2022-08-17T09:58:59.052] [INFO] default - folder=> COMMON
[2022-08-17T09:58:59.053] [INFO] default - request=> GET
[2022-08-17T10:01:04.455] [INFO] default - name=> userListPrint
[2022-08-17T10:01:04.455] [INFO] default - params=>{"uniqid":1,"traceid":123,"getkbn":0,"jkbn":0,"sdnflg":0,"symd":"20220801","eymd":"20220901"}
[2022-08-17T10:01:04.455] [INFO] default - folder=> COMMON
[2022-08-17T10:01:04.455] [INFO] default - request=> GET
[2022-08-17T10:02:33.480] [INFO] default - name=> userListPrint
[2022-08-17T10:02:33.480] [INFO] default - params=>{"uniqid":1,"traceid":123,"getkbn":0,"jkbn":0,"sdnflg":0,"symd":"20220801","eymd":"20220901"}
[2022-08-17T10:02:33.481] [INFO] default - folder=> COMMON
[2022-08-17T10:02:33.481] [INFO] default - request=> GET
[2022-08-17T10:03:34.216] [INFO] default - name=> userListPrint
[2022-08-17T10:03:34.216] [INFO] default - params=>{"uniqid":1,"traceid":123,"getkbn":0,"jkbn":0,"sdnflg":0,"symd":"20220801","eymd":"20220901"}
[2022-08-17T10:03:34.216] [INFO] default - folder=> COMMON
[2022-08-17T10:03:34.216] [INFO] default - request=> GET
[2022-08-17T10:03:46.423] [INFO] default - name=> userListPrint
[2022-08-17T10:03:46.423] [INFO] default - params=>{"uniqid":1,"traceid":123,"getkbn":0,"jkbn":0,"sdnflg":0,"symd":"20220801","eymd":"20220901"}
[2022-08-17T10:03:46.423] [INFO] default - folder=> COMMON
[2022-08-17T10:03:46.423] [INFO] default - request=> GET
[2022-08-17T10:03:50.623] [INFO] default - name=> userListPrint
[2022-08-17T10:03:50.623] [INFO] default - params=>{"uniqid":1,"traceid":123,"getkbn":0,"jkbn":0,"sdnflg":0,"symd":"20220801","eymd":"20220901"}
[2022-08-17T10:03:50.623] [INFO] default - folder=> COMMON
[2022-08-17T10:03:50.623] [INFO] default - request=> GET
[2022-08-17T10:05:34.603] [INFO] default - name=> userListPrint
[2022-08-17T10:05:34.603] [INFO] default - params=>{"uniqid":1,"traceid":123,"getkbn":0,"jkbn":0,"sdnflg":0,"symd":"20220801","eymd":"20220901"}
[2022-08-17T10:05:34.603] [INFO] default - folder=> COMMON
[2022-08-17T10:05:34.603] [INFO] default - request=> GET
[2022-08-17T10:05:39.203] [INFO] default - name=> userListPrint
[2022-08-17T10:05:39.203] [INFO] default - params=>{"uniqid":1,"traceid":123,"getkbn":0,"jkbn":0,"sdnflg":0,"symd":"20220801","eymd":"20220901"}
[2022-08-17T10:05:39.203] [INFO] default - folder=> COMMON
[2022-08-17T10:05:39.203] [INFO] default - request=> GET
[2022-08-17T10:05:54.247] [INFO] default - name=> userListPrint
[2022-08-17T10:05:54.247] [INFO] default - params=>{"uniqid":1,"traceid":123,"getkbn":0,"jkbn":0,"sdnflg":0,"symd":"20220801","eymd":"20220901"}
[2022-08-17T10:05:54.247] [INFO] default - folder=> COMMON
[2022-08-17T10:05:54.247] [INFO] default - request=> GET
[2022-08-17T10:06:05.638] [INFO] default - name=> userListPrint
[2022-08-17T10:06:05.638] [INFO] default - params=>{"uniqid":1,"traceid":123,"getkbn":0,"jkbn":0,"sdnflg":0,"symd":"20220801","eymd":"20220901"}
[2022-08-17T10:06:05.638] [INFO] default - folder=> COMMON
[2022-08-17T10:06:05.640] [INFO] default - request=> GET
[2022-08-17T10:11:14.576] [INFO] default - name=> userListPrint
[2022-08-17T10:11:14.576] [INFO] default - params=>{"uniqid":1,"traceid":123,"getkbn":0,"jkbn":0,"sdnflg":0,"symd":"20220801","eymd":"20220901"}
[2022-08-17T10:11:14.576] [INFO] default - folder=> COMMON
[2022-08-17T10:11:14.576] [INFO] default - request=> GET
[2022-08-17T10:12:12.763] [INFO] default - name=> userListPrint
[2022-08-17T10:12:12.764] [INFO] default - params=>{"uniqid":1,"traceid":123,"getkbn":0,"jkbn":0,"sdnflg":0,"symd":"20220801","eymd":"20220901"}
[2022-08-17T10:12:12.764] [INFO] default - folder=> COMMON
[2022-08-17T10:12:12.764] [INFO] default - request=> GET
[2022-08-17T10:12:24.415] [INFO] default - name=> userListPrint
[2022-08-17T10:12:24.415] [INFO] default - params=>{"uniqid":1,"traceid":123,"getkbn":0,"jkbn":0,"sdnflg":0,"symd":"20220801","eymd":"20220901"}
[2022-08-17T10:12:24.415] [INFO] default - folder=> COMMON
[2022-08-17T10:12:24.415] [INFO] default - request=> GET
[2022-08-17T10:15:53.643] [INFO] default - name=> userListPrint
[2022-08-17T10:15:53.643] [INFO] default - params=>{"uniqid":1,"traceid":123,"getkbn":0,"jkbn":0,"sdnflg":0,"symd":"20220801","eymd":"20220901"}
[2022-08-17T10:15:53.643] [INFO] default - folder=> COMMON
[2022-08-17T10:15:53.643] [INFO] default - request=> GET
[2022-08-17T10:17:02.300] [INFO] default - name=> userListPrint
[2022-08-17T10:17:02.300] [INFO] default - params=>{"uniqid":1,"traceid":123,"getkbn":0,"jkbn":0,"sdnflg":0,"symd":"20220801","eymd":"20220901"}
[2022-08-17T10:17:02.300] [INFO] default - folder=> COMMON
[2022-08-17T10:17:02.301] [INFO] default - request=> GET
[2022-08-17T10:17:48.143] [INFO] default - name=> userListPrint
[2022-08-17T10:17:48.143] [INFO] default - params=>{"uniqid":1,"traceid":123,"getkbn":0,"jkbn":0,"sdnflg":0,"symd":"20220801","eymd":"20220901"}
[2022-08-17T10:17:48.143] [INFO] default - folder=> COMMON
[2022-08-17T10:17:48.143] [INFO] default - request=> GET
[2022-08-17T10:18:00.319] [INFO] default - name=> userListPrint
[2022-08-17T10:18:00.319] [INFO] default - params=>{"uniqid":1,"traceid":123,"getkbn":0,"jkbn":0,"sdnflg":0,"symd":"20220801","eymd":"20220901"}
[2022-08-17T10:18:00.319] [INFO] default - folder=> COMMON
[2022-08-17T10:18:00.319] [INFO] default - request=> GET
[2022-08-17T10:18:23.390] [INFO] default - name=> userListPrint
[2022-08-17T10:18:23.390] [INFO] default - params=>{"uniqid":1,"traceid":123,"getkbn":0,"jkbn":0,"sdnflg":0,"symd":"20220801","eymd":"20220901"}
[2022-08-17T10:18:23.390] [INFO] default - folder=> COMMON
[2022-08-17T10:18:23.390] [INFO] default - request=> GET
[2022-08-17T10:18:31.311] [INFO] default - name=> userListPrint
[2022-08-17T10:18:31.311] [INFO] default - params=>{"uniqid":1,"traceid":123,"getkbn":0,"jkbn":0,"sdnflg":0,"symd":"20220801","eymd":"20220901"}
[2022-08-17T10:18:31.311] [INFO] default - folder=> COMMON
[2022-08-17T10:18:31.311] [INFO] default - request=> GET
[2022-08-17T10:18:34.380] [INFO] default - name=> userListPrint
[2022-08-17T10:18:34.380] [INFO] default - params=>{"uniqid":1,"traceid":123,"getkbn":0,"jkbn":0,"sdnflg":0,"symd":"20220801","eymd":"20220901"}
[2022-08-17T10:18:34.381] [INFO] default - folder=> COMMON
[2022-08-17T10:18:34.381] [INFO] default - request=> GET
[2022-08-17T10:19:28.004] [INFO] default - name=> userListPrint
[2022-08-17T10:19:28.005] [INFO] default - params=>{"uniqid":1,"traceid":123,"getkbn":0,"jkbn":0,"sdnflg":0,"symd":"20220801","eymd":"20220901"}
[2022-08-17T10:19:28.005] [INFO] default - folder=> COMMON
[2022-08-17T10:19:28.005] [INFO] default - request=> GET
[2022-08-17T10:19:43.191] [INFO] default - name=> userListPrint
[2022-08-17T10:19:43.191] [INFO] default - params=>{"uniqid":1,"traceid":123,"getkbn":0,"jkbn":0,"sdnflg":0,"symd":"20220801","eymd":"20220901"}
[2022-08-17T10:19:43.191] [INFO] default - folder=> COMMON
[2022-08-17T10:19:43.191] [INFO] default - request=> GET
[2022-08-17T10:20:23.833] [INFO] default - name=> userListPrint
[2022-08-17T10:20:23.833] [INFO] default - params=>{"uniqid":1,"traceid":123,"getkbn":0,"jkbn":0,"sdnflg":0,"symd":"20220801","eymd":"20220901"}
[2022-08-17T10:20:23.833] [INFO] default - folder=> COMMON
[2022-08-17T10:20:23.833] [INFO] default - request=> GET
[2022-08-17T10:20:27.603] [INFO] default - name=> userListPrint
[2022-08-17T10:20:27.603] [INFO] default - params=>{"uniqid":1,"traceid":123,"getkbn":0,"jkbn":0,"sdnflg":0,"symd":"20220801","eymd":"20220901"}
[2022-08-17T10:20:27.603] [INFO] default - folder=> COMMON
[2022-08-17T10:20:27.603] [INFO] default - request=> GET
[2022-08-17T10:21:15.420] [INFO] default - name=> userListPrint
[2022-08-17T10:21:15.420] [INFO] default - params=>{"uniqid":1,"traceid":123,"getkbn":0,"jkbn":0,"sdnflg":0,"symd":"20220801","eymd":"20220901"}
[2022-08-17T10:21:15.420] [INFO] default - folder=> COMMON
[2022-08-17T10:21:15.420] [INFO] default - request=> GET
[2022-08-17T10:23:13.528] [INFO] default - name=> userListPrint
[2022-08-17T10:23:13.528] [INFO] default - params=>{"uniqid":1,"traceid":123,"getkbn":0,"jkbn":0,"sdnflg":0,"symd":"20220801","eymd":"20220901"}
[2022-08-17T10:23:13.528] [INFO] default - folder=> COMMON
[2022-08-17T10:23:13.528] [INFO] default - request=> GET
[2022-08-17T10:24:04.537] [INFO] default - name=> userListPrint
[2022-08-17T10:24:04.537] [INFO] default - params=>{"uniqid":1,"traceid":123,"getkbn":0,"jkbn":0,"sdnflg":0,"symd":"20220801","eymd":"20220901"}
[2022-08-17T10:24:04.537] [INFO] default - folder=> COMMON
[2022-08-17T10:24:04.537] [INFO] default - request=> GET
[2022-08-17T10:24:32.969] [INFO] default - name=> userListPrint
[2022-08-17T10:24:32.969] [INFO] default - params=>{"uniqid":1,"traceid":123,"getkbn":0,"jkbn":0,"sdnflg":0,"symd":"20220801","eymd":"20220901"}
[2022-08-17T10:24:32.969] [INFO] default - folder=> COMMON
[2022-08-17T10:24:32.969] [INFO] default - request=> GET
[2022-08-17T10:25:09.454] [INFO] default - name=> userListPrint
[2022-08-17T10:25:09.454] [INFO] default - params=>{"uniqid":1,"traceid":123,"getkbn":0,"jkbn":0,"sdnflg":0,"symd":"20220801","eymd":"20220901"}
[2022-08-17T10:25:09.454] [INFO] default - folder=> COMMON
[2022-08-17T10:25:09.454] [INFO] default - request=> GET
[2022-08-17T10:25:24.820] [INFO] default - name=> userListPrint
[2022-08-17T10:25:24.820] [INFO] default - params=>{"uniqid":1,"traceid":123,"getkbn":0,"jkbn":0,"sdnflg":0,"symd":"20220801","eymd":"20220901"}
[2022-08-17T10:25:24.820] [INFO] default - folder=> COMMON
[2022-08-17T10:25:24.820] [INFO] default - request=> GET
[2022-08-17T10:26:57.462] [INFO] default - name=> userListPrint
[2022-08-17T10:26:57.462] [INFO] default - params=>{"uniqid":1,"traceid":123,"getkbn":0,"jkbn":0,"sdnflg":0,"symd":"20220801","eymd":"20220901"}
[2022-08-17T10:26:57.463] [INFO] default - folder=> COMMON
[2022-08-17T10:26:57.463] [INFO] default - request=> GET
[2022-08-17T10:27:07.244] [INFO] default - name=> userListPrint
[2022-08-17T10:27:07.245] [INFO] default - params=>{"uniqid":1,"traceid":123,"getkbn":0,"jkbn":0,"sdnflg":0,"symd":"20220801","eymd":"20220901"}
[2022-08-17T10:27:07.245] [INFO] default - folder=> COMMON
[2022-08-17T10:27:07.245] [INFO] default - request=> GET
[2022-08-17T10:27:16.228] [INFO] default - name=> userListPrint
[2022-08-17T10:27:16.229] [INFO] default - params=>{"uniqid":1,"traceid":123,"getkbn":0,"jkbn":0,"sdnflg":0,"symd":"20220801","eymd":"20220901"}
[2022-08-17T10:27:16.229] [INFO] default - folder=> COMMON
[2022-08-17T10:27:16.229] [INFO] default - request=> GET
[2022-08-17T10:27:24.206] [INFO] default - name=> userListPrint
[2022-08-17T10:27:24.206] [INFO] default - params=>{"uniqid":1,"traceid":123,"getkbn":0,"jkbn":0,"sdnflg":0,"symd":"20220801","eymd":"20220901"}
[2022-08-17T10:27:24.206] [INFO] default - folder=> COMMON
[2022-08-17T10:27:24.206] [INFO] default - request=> GET
[2022-08-17T10:33:03.572] [INFO] default - name=> userListPrint
[2022-08-17T10:33:03.572] [INFO] default - params=>{"uniqid":1,"traceid":123,"getkbn":0,"jkbn":0,"sdnflg":0,"symd":"20220801","eymd":"20220901"}
[2022-08-17T10:33:03.572] [INFO] default - folder=> COMMON
[2022-08-17T10:33:03.572] [INFO] default - request=> GET
[2022-08-17T10:33:07.814] [INFO] default - name=> userListPrint
[2022-08-17T10:33:07.814] [INFO] default - params=>{"uniqid":1,"traceid":123,"getkbn":0,"jkbn":0,"sdnflg":0,"symd":"20220801","eymd":"20220901"}
[2022-08-17T10:33:07.814] [INFO] default - folder=> COMMON
[2022-08-17T10:33:07.814] [INFO] default - request=> GET
[2022-08-17T10:33:15.961] [INFO] default - name=> KobetsuRiyouTourokuNyutai
[2022-08-17T10:33:15.961] [INFO] default - params=>{"getkbn":0,"riid":102,"kbn":1,"ngsymd":"20220806","uniqid":1,"traceid":123}
[2022-08-17T10:33:15.961] [INFO] default - folder=> SIHS
[2022-08-17T10:33:15.961] [INFO] default - request=> GET
[2022-08-17T10:33:25.391] [INFO] default - name=> userListPrint
[2022-08-17T10:33:25.391] [INFO] default - params=>{"uniqid":1,"traceid":123,"getkbn":0,"jkbn":0,"sdnflg":0,"symd":"20220801","eymd":"20220901"}
[2022-08-17T10:33:25.391] [INFO] default - folder=> COMMON
[2022-08-17T10:33:25.391] [INFO] default - request=> GET
[2022-08-17T10:34:00.222] [INFO] default - name=> userListPrint
[2022-08-17T10:34:00.222] [INFO] default - params=>{"uniqid":1,"traceid":123,"getkbn":0,"jkbn":0,"sdnflg":0,"symd":"20220801","eymd":"20220901"}
[2022-08-17T10:34:00.222] [INFO] default - folder=> COMMON
[2022-08-17T10:34:00.222] [INFO] default - request=> GET
[2022-08-17T10:35:09.765] [INFO] default - name=> userListPrint
[2022-08-17T10:35:09.765] [INFO] default - params=>{"uniqid":1,"traceid":123,"getkbn":0,"jkbn":0,"sdnflg":0,"symd":"20220801","eymd":"20220901"}
[2022-08-17T10:35:09.765] [INFO] default - folder=> COMMON
[2022-08-17T10:35:09.765] [INFO] default - request=> GET
[2022-08-17T10:36:11.605] [INFO] default - name=> KobetsuRiyouTourokuNyutai
[2022-08-17T10:36:11.605] [INFO] default - params=>{"getkbn":0,"riid":8,"kbn":1,"ngsymd":"20220806","uniqid":1,"traceid":123}
[2022-08-17T10:36:11.605] [INFO] default - folder=> SIHS
[2022-08-17T10:36:11.605] [INFO] default - request=> GET
[2022-08-17T10:36:56.218] [INFO] default - name=> userListPrint
[2022-08-17T10:36:56.218] [INFO] default - params=>{"uniqid":1,"traceid":123,"getkbn":0,"jkbn":0,"sdnflg":0,"symd":"20220801","eymd":"20220901"}
[2022-08-17T10:36:56.218] [INFO] default - folder=> COMMON
[2022-08-17T10:36:56.218] [INFO] default - request=> GET
[2022-08-17T10:37:17.027] [INFO] default - name=> userListPrint
[2022-08-17T10:37:17.027] [INFO] default - params=>{"uniqid":1,"traceid":123,"getkbn":0,"jkbn":0,"sdnflg":0,"symd":"20220801","eymd":"20220901"}
[2022-08-17T10:37:17.027] [INFO] default - folder=> COMMON
[2022-08-17T10:37:17.027] [INFO] default - request=> GET
[2022-08-17T10:37:42.906] [INFO] default - name=> userListPrint
[2022-08-17T10:37:42.906] [INFO] default - params=>{"uniqid":1,"traceid":123,"getkbn":0,"jkbn":0,"sdnflg":0,"symd":"20220801","eymd":"20220901"}
[2022-08-17T10:37:42.906] [INFO] default - folder=> COMMON
[2022-08-17T10:37:42.906] [INFO] default - request=> GET
[2022-08-17T10:39:06.138] [INFO] default - name=> userListPrint
[2022-08-17T10:39:06.138] [INFO] default - params=>{"uniqid":1,"traceid":123,"getkbn":0,"jkbn":0,"sdnflg":0,"symd":"20220801","eymd":"20220901"}
[2022-08-17T10:39:06.138] [INFO] default - folder=> COMMON
[2022-08-17T10:39:06.138] [INFO] default - request=> GET
[2022-08-17T10:39:37.754] [INFO] default - name=> userListPrint
[2022-08-17T10:39:37.754] [INFO] default - params=>{"uniqid":1,"traceid":123,"getkbn":0,"jkbn":0,"sdnflg":0,"symd":"20220801","eymd":"20220901"}
[2022-08-17T10:39:37.754] [INFO] default - folder=> COMMON
[2022-08-17T10:39:37.754] [INFO] default - request=> GET
[2022-08-17T10:39:57.919] [INFO] default - name=> userListPrint
[2022-08-17T10:39:57.920] [INFO] default - params=>{"uniqid":1,"traceid":123,"getkbn":0,"jkbn":0,"sdnflg":0,"symd":"20220801","eymd":"20220901"}
[2022-08-17T10:39:57.920] [INFO] default - folder=> COMMON
[2022-08-17T10:39:57.920] [INFO] default - request=> GET
[2022-08-17T10:40:26.410] [INFO] default - name=> userListPrint
[2022-08-17T10:40:26.410] [INFO] default - params=>{"uniqid":1,"traceid":123,"getkbn":0,"jkbn":0,"sdnflg":0,"symd":"20220801","eymd":"20220901"}
[2022-08-17T10:40:26.410] [INFO] default - folder=> COMMON
[2022-08-17T10:40:26.410] [INFO] default - request=> GET
[2022-08-17T10:42:04.406] [INFO] default - name=> userListPrint
[2022-08-17T10:42:04.406] [INFO] default - params=>{"uniqid":1,"traceid":123,"getkbn":0,"jkbn":0,"sdnflg":0,"symd":"20220801","eymd":"20220901"}
[2022-08-17T10:42:04.406] [INFO] default - folder=> COMMON
[2022-08-17T10:42:04.406] [INFO] default - request=> GET
[2022-08-17T10:43:30.181] [INFO] default - name=> userListPrint
[2022-08-17T10:43:30.181] [INFO] default - params=>{"uniqid":1,"traceid":123,"getkbn":0,"jkbn":0,"sdnflg":0,"symd":"20220801","eymd":"20220901"}
[2022-08-17T10:43:30.182] [INFO] default - folder=> COMMON
[2022-08-17T10:43:30.182] [INFO] default - request=> GET
[2022-08-17T10:43:37.311] [INFO] default - name=> userListPrint
[2022-08-17T10:43:37.311] [INFO] default - params=>{"uniqid":1,"traceid":123,"getkbn":0,"jkbn":0,"sdnflg":0,"symd":"20220801","eymd":"20220901"}
[2022-08-17T10:43:37.311] [INFO] default - folder=> COMMON
[2022-08-17T10:43:37.311] [INFO] default - request=> GET
[2022-08-17T10:43:47.705] [INFO] default - name=> userListPrint
[2022-08-17T10:43:47.705] [INFO] default - params=>{"uniqid":1,"traceid":123,"getkbn":0,"jkbn":0,"sdnflg":0,"symd":"20220801","eymd":"20220901"}
[2022-08-17T10:43:47.705] [INFO] default - folder=> COMMON
[2022-08-17T10:43:47.705] [INFO] default - request=> GET
[2022-08-17T10:44:05.964] [INFO] default - name=> userListPrint
[2022-08-17T10:44:05.964] [INFO] default - params=>{"uniqid":1,"traceid":123,"getkbn":0,"jkbn":0,"sdnflg":0,"symd":"20220801","eymd":"20220901"}
[2022-08-17T10:44:05.964] [INFO] default - folder=> COMMON
[2022-08-17T10:44:05.964] [INFO] default - request=> GET
[2022-08-17T10:45:26.001] [INFO] default - name=> userListPrint
[2022-08-17T10:45:26.001] [INFO] default - params=>{"uniqid":1,"traceid":123,"getkbn":0,"jkbn":0,"sdnflg":0,"symd":"20220801","eymd":"20220901"}
[2022-08-17T10:45:26.001] [INFO] default - folder=> COMMON
[2022-08-17T10:45:26.001] [INFO] default - request=> GET
[2022-08-17T10:45:42.537] [INFO] default - name=> userListPrint
[2022-08-17T10:45:42.537] [INFO] default - params=>{"uniqid":1,"traceid":123,"getkbn":0,"jkbn":0,"sdnflg":0,"symd":"20220801","eymd":"20220901"}
[2022-08-17T10:45:42.537] [INFO] default - folder=> COMMON
[2022-08-17T10:45:42.537] [INFO] default - request=> GET
[2022-08-17T10:45:45.231] [INFO] default - name=> userListPrint
[2022-08-17T10:45:45.231] [INFO] default - params=>{"uniqid":1,"traceid":123,"getkbn":0,"jkbn":0,"sdnflg":0,"symd":"20220801","eymd":"20220901"}
[2022-08-17T10:45:45.231] [INFO] default - folder=> COMMON
[2022-08-17T10:45:45.231] [INFO] default - request=> GET
[2022-08-17T10:45:54.378] [INFO] default - name=> userListPrint
[2022-08-17T10:45:54.378] [INFO] default - params=>{"uniqid":1,"traceid":123,"getkbn":0,"jkbn":0,"sdnflg":0,"symd":"20220801","eymd":"20220901"}
[2022-08-17T10:45:54.378] [INFO] default - folder=> COMMON
[2022-08-17T10:45:54.378] [INFO] default - request=> GET
[2022-08-17T10:46:37.057] [INFO] default - name=> userListPrint
[2022-08-17T10:46:37.057] [INFO] default - params=>{"uniqid":1,"traceid":123,"getkbn":0,"jkbn":0,"sdnflg":0,"symd":"20220801","eymd":"20220901"}
[2022-08-17T10:46:37.058] [INFO] default - folder=> COMMON
[2022-08-17T10:46:37.058] [INFO] default - request=> GET
[2022-08-17T10:47:07.304] [INFO] default - name=> userListPrint
[2022-08-17T10:47:07.304] [INFO] default - params=>{"uniqid":1,"traceid":123,"getkbn":0,"jkbn":0,"sdnflg":0,"symd":"20220801","eymd":"20220901"}
[2022-08-17T10:47:07.304] [INFO] default - folder=> COMMON
[2022-08-17T10:47:07.304] [INFO] default - request=> GET
[2022-08-17T10:47:20.862] [INFO] default - name=> userListPrint
[2022-08-17T10:47:20.862] [INFO] default - params=>{"uniqid":1,"traceid":123,"getkbn":0,"jkbn":0,"sdnflg":0,"symd":"20220801","eymd":"20220901"}
[2022-08-17T10:47:20.862] [INFO] default - folder=> COMMON
[2022-08-17T10:47:20.862] [INFO] default - request=> GET
[2022-08-17T10:47:27.382] [INFO] default - name=> userListPrint
[2022-08-17T10:47:27.383] [INFO] default - params=>{"uniqid":1,"traceid":123,"getkbn":0,"jkbn":0,"sdnflg":0,"symd":"20220801","eymd":"20220901"}
[2022-08-17T10:47:27.383] [INFO] default - folder=> COMMON
[2022-08-17T10:47:27.383] [INFO] default - request=> GET
[2022-08-17T10:47:55.928] [INFO] default - name=> userListPrint
[2022-08-17T10:47:55.928] [INFO] default - params=>{"uniqid":1,"traceid":123,"getkbn":0,"jkbn":0,"sdnflg":0,"symd":"20220801","eymd":"20220901"}
[2022-08-17T10:47:55.928] [INFO] default - folder=> COMMON
[2022-08-17T10:47:55.928] [INFO] default - request=> GET
[2022-08-17T10:47:58.906] [INFO] default - name=> userListPrint
[2022-08-17T10:47:58.907] [INFO] default - params=>{"uniqid":1,"traceid":123,"getkbn":0,"jkbn":0,"sdnflg":0,"symd":"20220801","eymd":"20220901"}
[2022-08-17T10:47:58.907] [INFO] default - folder=> COMMON
[2022-08-17T10:47:58.907] [INFO] default - request=> GET
[2022-08-17T10:48:25.091] [INFO] default - name=> JyukyuTourokuSikyuryoLayout
[2022-08-17T10:48:25.091] [INFO] default - params=>{"uniqid":1,"traceid":123}
[2022-08-17T10:48:25.091] [INFO] default - folder=> SIHMAIN
[2022-08-17T10:48:25.091] [INFO] default - request=> GET
[2022-08-17T10:48:25.147] [INFO] default - name=> userListPrint
[2022-08-17T10:48:25.147] [INFO] default - params=>{"uniqid":1,"traceid":123,"getkbn":0,"jkbn":0,"sdnflg":0,"symd":"20220801","eymd":"20220901"}
[2022-08-17T10:48:25.147] [INFO] default - folder=> COMMON
[2022-08-17T10:48:25.147] [INFO] default - request=> GET
[2022-08-17T11:07:46.718] [INFO] default - name=> JyukyuTourokuSikyuryoLayout
[2022-08-17T11:07:46.718] [INFO] default - params=>{"uniqid":1,"traceid":123}
[2022-08-17T11:07:46.718] [INFO] default - folder=> SIHMAIN
[2022-08-17T11:07:46.718] [INFO] default - request=> GET
[2022-08-17T11:07:46.851] [INFO] default - name=> userListPrint
[2022-08-17T11:07:46.851] [INFO] default - params=>{"uniqid":1,"traceid":123,"getkbn":0,"jkbn":0,"sdnflg":0,"symd":"20220801","eymd":"20220901"}
[2022-08-17T11:07:46.851] [INFO] default - folder=> COMMON
[2022-08-17T11:07:46.851] [INFO] default - request=> GET
[2022-08-17T11:08:23.704] [INFO] default - name=> userListPrint
[2022-08-17T11:08:23.704] [INFO] default - params=>{"uniqid":1,"traceid":123,"getkbn":0,"jkbn":0,"sdnflg":0,"symd":"20220801","eymd":"20220901"}
[2022-08-17T11:08:23.704] [INFO] default - folder=> COMMON
[2022-08-17T11:08:23.704] [INFO] default - request=> GET
[2022-08-17T11:08:43.112] [INFO] default - name=> userListPrint
[2022-08-17T11:08:43.112] [INFO] default - params=>{"uniqid":1,"traceid":123,"getkbn":0,"jkbn":0,"sdnflg":0,"symd":"20220801","eymd":"20220901"}
[2022-08-17T11:08:43.112] [INFO] default - folder=> COMMON
[2022-08-17T11:08:43.112] [INFO] default - request=> GET
[2022-08-17T11:09:27.416] [INFO] default - name=> userListPrint
[2022-08-17T11:09:27.416] [INFO] default - params=>{"uniqid":1,"traceid":123,"getkbn":0,"jkbn":0,"sdnflg":0,"symd":"20220801","eymd":"20220901"}
[2022-08-17T11:09:27.416] [INFO] default - folder=> COMMON
[2022-08-17T11:09:27.416] [INFO] default - request=> GET
[2022-08-17T11:09:33.663] [INFO] default - name=> userListPrint
[2022-08-17T11:09:33.663] [INFO] default - params=>{"uniqid":1,"traceid":123,"getkbn":0,"jkbn":0,"sdnflg":0,"symd":"20220801","eymd":"20220901"}
[2022-08-17T11:09:33.663] [INFO] default - folder=> COMMON
[2022-08-17T11:09:33.663] [INFO] default - request=> GET
[2022-08-17T11:09:45.365] [INFO] default - name=> userListPrint
[2022-08-17T11:09:45.366] [INFO] default - params=>{"uniqid":1,"traceid":123,"getkbn":0,"jkbn":0,"sdnflg":0,"symd":"20220801","eymd":"20220901"}
[2022-08-17T11:09:45.366] [INFO] default - folder=> COMMON
[2022-08-17T11:09:45.366] [INFO] default - request=> GET
[2022-08-17T11:09:59.122] [INFO] default - name=> userListPrint
[2022-08-17T11:09:59.122] [INFO] default - params=>{"uniqid":1,"traceid":123,"getkbn":0,"jkbn":0,"sdnflg":0,"symd":"20220801","eymd":"20220901"}
[2022-08-17T11:09:59.122] [INFO] default - folder=> COMMON
[2022-08-17T11:09:59.122] [INFO] default - request=> GET
[2022-08-17T11:10:46.396] [INFO] default - name=> userListPrint
[2022-08-17T11:10:46.396] [INFO] default - params=>{"uniqid":1,"traceid":123,"getkbn":0,"jkbn":0,"sdnflg":0,"symd":"20220801","eymd":"20220901"}
[2022-08-17T11:10:46.396] [INFO] default - folder=> COMMON
[2022-08-17T11:10:46.396] [INFO] default - request=> GET
[2022-08-17T11:11:03.163] [INFO] default - name=> userListPrint
[2022-08-17T11:11:03.163] [INFO] default - params=>{"uniqid":1,"traceid":123,"getkbn":0,"jkbn":0,"sdnflg":0,"symd":"20220801","eymd":"20220901"}
[2022-08-17T11:11:03.163] [INFO] default - folder=> COMMON
[2022-08-17T11:11:03.163] [INFO] default - request=> GET
[2022-08-17T11:11:21.668] [INFO] default - name=> userListPrint
[2022-08-17T11:11:21.669] [INFO] default - params=>{"uniqid":1,"traceid":123,"getkbn":0,"jkbn":0,"sdnflg":0,"symd":"20220801","eymd":"20220901"}
[2022-08-17T11:11:21.669] [INFO] default - folder=> COMMON
[2022-08-17T11:11:21.669] [INFO] default - request=> GET
[2022-08-17T11:14:18.779] [INFO] default - name=> ServiceHistory
[2022-08-17T11:14:18.779] [INFO] default - params=>{"uniqid":1,"traceid":123}
[2022-08-17T11:14:18.779] [INFO] default - folder=> SIHMAIN
[2022-08-17T11:14:18.779] [INFO] default - request=> GET
[2022-08-17T11:14:21.627] [INFO] default - name=> JyukyuTourokuSikyuryoLayout
[2022-08-17T11:14:21.627] [INFO] default - params=>{"uniqid":1,"traceid":123}
[2022-08-17T11:14:21.627] [INFO] default - folder=> SIHMAIN
[2022-08-17T11:14:21.627] [INFO] default - request=> GET
[2022-08-17T11:14:21.677] [INFO] default - name=> userListPrint
[2022-08-17T11:14:21.677] [INFO] default - params=>{"uniqid":1,"traceid":123,"getkbn":0,"jkbn":0,"sdnflg":0,"symd":"20220801","eymd":"20220901"}
[2022-08-17T11:14:21.677] [INFO] default - folder=> COMMON
[2022-08-17T11:14:21.677] [INFO] default - request=> GET
[2022-08-17T11:19:28.261] [INFO] default - name=> userListPrint
[2022-08-17T11:19:28.262] [INFO] default - params=>{"uniqid":1,"traceid":123,"getkbn":0,"jkbn":0,"sdnflg":0,"symd":"20220801","eymd":"20220901"}
[2022-08-17T11:19:28.262] [INFO] default - folder=> COMMON
[2022-08-17T11:19:28.262] [INFO] default - request=> GET
[2022-08-17T11:19:39.333] [INFO] default - name=> NenkanRiyouNissuIcrn
[2022-08-17T11:19:39.333] [INFO] default - params=>{"uniqid":1,"traceid":123,"getkbn":0,"entpriid":0,"hokbn":1,"svcsyucode":1,"symd":"20220101","eymd":"20220101","syukeikbn":1}
[2022-08-17T11:19:39.333] [INFO] default - folder=> SIHS
[2022-08-17T11:19:39.333] [INFO] default - request=> GET
[2022-08-17T11:20:14.690] [INFO] default - name=> userListPrint
[2022-08-17T11:20:14.690] [INFO] default - params=>{"uniqid":1,"traceid":123,"getkbn":0,"jkbn":0,"sdnflg":0,"symd":"20220801","eymd":"20220901"}
[2022-08-17T11:20:14.690] [INFO] default - folder=> COMMON
[2022-08-17T11:20:14.690] [INFO] default - request=> GET
[2022-08-17T11:46:23.372] [INFO] default - name=> userListPrint
[2022-08-17T11:46:23.372] [INFO] default - params=>{"uniqid":1,"traceid":123,"getkbn":0,"jkbn":0,"sdnflg":0,"symd":"20220801","eymd":"20220901"}
[2022-08-17T11:46:23.372] [INFO] default - folder=> COMMON
[2022-08-17T11:46:23.372] [INFO] default - request=> GET
[2022-08-17T13:05:39.415] [INFO] default - name=> userListPrint
[2022-08-17T13:05:39.416] [INFO] default - params=>{"uniqid":1,"traceid":123,"getkbn":0,"jkbn":0,"sdnflg":0,"symd":"20220801","eymd":"20220901"}
[2022-08-17T13:05:39.417] [INFO] default - folder=> COMMON
[2022-08-17T13:05:39.417] [INFO] default - request=> GET
[2022-08-17T13:05:49.236] [INFO] default - name=> KobetsuRiyouTourokuNyutai
[2022-08-17T13:05:49.236] [INFO] default - params=>{"getkbn":0,"riid":102,"kbn":1,"ngsymd":"20220806","uniqid":1,"traceid":123}
[2022-08-17T13:05:49.236] [INFO] default - folder=> SIHS
[2022-08-17T13:05:49.236] [INFO] default - request=> GET
[2022-08-17T13:06:27.705] [INFO] default - name=> ServiceHistory
[2022-08-17T13:06:27.705] [INFO] default - params=>{"uniqid":1,"traceid":123}
[2022-08-17T13:06:27.705] [INFO] default - folder=> SIHMAIN
[2022-08-17T13:06:27.705] [INFO] default - request=> GET
[2022-08-17T13:06:44.109] [INFO] default - name=> userListPrint
[2022-08-17T13:06:44.109] [INFO] default - params=>{"uniqid":1,"traceid":123,"getkbn":0,"jkbn":0,"sdnflg":0,"symd":"20220801","eymd":"20220901"}
[2022-08-17T13:06:44.109] [INFO] default - folder=> COMMON
[2022-08-17T13:06:44.109] [INFO] default - request=> GET
[2022-08-17T13:06:48.114] [INFO] default - name=> JyukyuTourokuSikyuryoLayout
[2022-08-17T13:06:48.115] [INFO] default - params=>{"uniqid":1,"traceid":123}
[2022-08-17T13:06:48.115] [INFO] default - folder=> SIHMAIN
[2022-08-17T13:06:48.115] [INFO] default - request=> GET
[2022-08-17T13:06:48.175] [INFO] default - name=> userListPrint
[2022-08-17T13:06:48.175] [INFO] default - params=>{"uniqid":1,"traceid":123,"getkbn":0,"jkbn":0,"sdnflg":0,"symd":"20220801","eymd":"20220901"}
[2022-08-17T13:06:48.175] [INFO] default - folder=> COMMON
[2022-08-17T13:06:48.176] [INFO] default - request=> GET
[2022-08-17T13:06:51.755] [INFO] default - name=> KeiyakuHokoku
[2022-08-17T13:06:51.755] [INFO] default - params=>{"uniqid":1,"traceid":123}
[2022-08-17T13:06:51.755] [INFO] default - folder=> SIHMAIN
[2022-08-17T13:06:51.755] [INFO] default - request=> GET
[2022-08-17T13:07:19.923] [INFO] default - name=> KeiyakuHokoku
[2022-08-17T13:07:19.923] [INFO] default - params=>{"uniqid":1,"traceid":123,"riyocode":10000003}
[2022-08-17T13:07:19.923] [INFO] default - folder=> SIHMAIN
[2022-08-17T13:07:19.924] [INFO] default - request=> GET
[2022-08-17T13:07:23.845] [INFO] default - name=> KeiyakuHokoku
[2022-08-17T13:07:23.845] [INFO] default - params=>{"uniqid":1,"traceid":123,"riyocode":10000002}
[2022-08-17T13:07:23.845] [INFO] default - folder=> SIHMAIN
[2022-08-17T13:07:23.845] [INFO] default - request=> GET
[2022-08-17T13:07:29.658] [INFO] default - name=> KeiyakuHokoku
[2022-08-17T13:07:29.659] [INFO] default - params=>{"uniqid":1,"traceid":123,"riyocode":10000003}
[2022-08-17T13:07:29.661] [INFO] default - folder=> SIHMAIN
[2022-08-17T13:07:29.661] [INFO] default - request=> GET
[2022-08-17T13:13:53.299] [INFO] default - name=> userListPrint
[2022-08-17T13:13:53.299] [INFO] default - params=>{"uniqid":1,"traceid":123,"getkbn":0,"jkbn":0,"sdnflg":0,"symd":"20220801","eymd":"20220901"}
[2022-08-17T13:13:53.299] [INFO] default - folder=> COMMON
[2022-08-17T13:13:53.299] [INFO] default - request=> GET
[2022-08-17T13:35:35.031] [INFO] default - name=> userListPrint
[2022-08-17T13:35:35.032] [INFO] default - params=>{"uniqid":1,"traceid":123,"getkbn":0,"jkbn":0,"sdnflg":0,"symd":"20220801","eymd":"20220901"}
[2022-08-17T13:35:35.032] [INFO] default - folder=> COMMON
[2022-08-17T13:35:35.032] [INFO] default - request=> GET
[2022-08-17T14:06:53.730] [INFO] default - name=> userListPrint
[2022-08-17T14:06:53.730] [INFO] default - params=>{"uniqid":1,"traceid":123,"getkbn":0,"jkbn":0,"sdnflg":0,"symd":"20220801","eymd":"20220901"}
[2022-08-17T14:06:53.731] [INFO] default - folder=> COMMON
[2022-08-17T14:06:53.731] [INFO] default - request=> GET
[2022-08-17T14:07:49.655] [INFO] default - name=> NenkanRiyouNissuIcrn
[2022-08-17T14:07:49.655] [INFO] default - params=>{"uniqid":1,"traceid":123,"getkbn":0,"entpriid":0,"hokbn":1,"svcsyucode":1,"symd":"20220101","eymd":"20220101","syukeikbn":1}
[2022-08-17T14:07:49.655] [INFO] default - folder=> SIHS
[2022-08-17T14:07:49.655] [INFO] default - request=> GET
[2022-08-17T14:07:53.365] [INFO] default - name=> userListPrint
[2022-08-17T14:07:53.365] [INFO] default - params=>{"uniqid":1,"traceid":123,"getkbn":0,"jkbn":0,"sdnflg":0,"symd":"20220801","eymd":"20220901"}
[2022-08-17T14:07:53.365] [INFO] default - folder=> COMMON
[2022-08-17T14:07:53.365] [INFO] default - request=> GET
[2022-08-17T14:08:23.129] [INFO] default - name=> KobetsuRiyouTourokuKasan
[2022-08-17T14:08:23.129] [INFO] default - params=>{"getkbn":0,"setym":"202201","entpriid":1234,"riid":2,"hokbn":1,"svcsyucode":1,"kcode":1,"ksnsymd":"20220806","uniqid":1,"traceid":123}
[2022-08-17T14:08:23.129] [INFO] default - folder=> SIHS
[2022-08-17T14:08:23.129] [INFO] default - request=> GET
[2022-08-17T14:14:24.761] [INFO] default - name=> KobetsuRiyouTourokuNyutai
[2022-08-17T14:14:24.761] [INFO] default - params=>{"getkbn":0,"riid":2,"kbn":1,"ngsymd":"20220806","uniqid":1,"traceid":123}
[2022-08-17T14:14:24.762] [INFO] default - folder=> SIHS
[2022-08-17T14:14:24.762] [INFO] default - request=> GET
[2022-08-17T14:14:32.399] [INFO] default - name=> ReceptSyukei
[2022-08-17T14:14:32.399] [INFO] default - params=>{"uniqid":1,"traceid":123,"receptType":"list"}
[2022-08-17T14:14:32.399] [INFO] default - folder=> SIHS
[2022-08-17T14:14:32.399] [INFO] default - request=> GET
[2022-08-17T14:14:42.017] [INFO] default - name=> ReceptSyukei
[2022-08-17T14:14:42.017] [INFO] default - params=>{"uniqid":1,"traceid":123,"receptType":"tajyogen"}
[2022-08-17T14:14:42.017] [INFO] default - folder=> SIHS
[2022-08-17T14:14:42.018] [INFO] default - request=> GET
[2022-08-17T14:14:43.148] [INFO] default - name=> ReceptSyukei
[2022-08-17T14:14:43.148] [INFO] default - params=>{"uniqid":1,"traceid":123,"receptType":"jijyogen"}
[2022-08-17T14:14:43.148] [INFO] default - folder=> SIHS
[2022-08-17T14:14:43.148] [INFO] default - request=> GET
[2022-08-17T14:14:46.912] [INFO] default - name=> ReceptSyukei
[2022-08-17T14:14:46.912] [INFO] default - params=>{"uniqid":1,"traceid":123,"receptType":"tajyogen"}
[2022-08-17T14:14:46.912] [INFO] default - folder=> SIHS
[2022-08-17T14:14:46.912] [INFO] default - request=> GET
[2022-08-17T14:15:31.758] [INFO] default - name=> ReceptSyukei
[2022-08-17T14:15:31.758] [INFO] default - params=>{"uniqid":1,"traceid":123,"receptType":"list"}
[2022-08-17T14:15:31.758] [INFO] default - folder=> SIHS
[2022-08-17T14:15:31.758] [INFO] default - request=> GET
[2022-08-17T14:45:56.143] [INFO] default - name=> ServiceTeikyo
[2022-08-17T14:45:56.145] [INFO] default - params=>{"uniqid":1,"traceid":123}
[2022-08-17T14:45:56.145] [INFO] default - folder=> SIHMAIN
[2022-08-17T14:45:56.145] [INFO] default - request=> GET
[2022-08-17T14:46:53.315] [INFO] default - name=> ServiceTeikyo
[2022-08-17T14:46:53.315] [INFO] default - params=>{"uniqid":1,"traceid":123}
[2022-08-17T14:46:53.316] [INFO] default - folder=> SIHMAIN
[2022-08-17T14:46:53.316] [INFO] default - request=> GET
[2022-08-17T14:47:04.863] [INFO] default - name=> ServiceTeikyo
[2022-08-17T14:47:04.864] [INFO] default - params=>{"uniqid":1,"traceid":123}
[2022-08-17T14:47:04.864] [INFO] default - folder=> SIHMAIN
[2022-08-17T14:47:04.864] [INFO] default - request=> GET
[2022-08-17T14:49:11.993] [INFO] default - name=> ServiceTeikyo
[2022-08-17T14:49:11.994] [INFO] default - params=>{"uniqid":1,"traceid":123}
[2022-08-17T14:49:11.994] [INFO] default - folder=> SIHMAIN
[2022-08-17T14:49:11.994] [INFO] default - request=> GET
[2022-08-17T14:52:18.981] [INFO] default - name=> ServiceTeikyo
[2022-08-17T14:52:18.982] [INFO] default - params=>{"uniqid":1,"traceid":123}
[2022-08-17T14:52:18.982] [INFO] default - folder=> SIHMAIN
[2022-08-17T14:52:18.982] [INFO] default - request=> GET
[2022-08-17T14:55:45.002] [INFO] default - name=> ServiceTeikyo
[2022-08-17T14:55:45.002] [INFO] default - params=>{"uniqid":1,"traceid":123}
[2022-08-17T14:55:45.002] [INFO] default - folder=> SIHMAIN
[2022-08-17T14:55:45.002] [INFO] default - request=> GET
[2022-08-17T14:56:41.166] [INFO] default - name=> ServiceTeikyo
[2022-08-17T14:56:41.166] [INFO] default - params=>{"uniqid":1,"traceid":123}
[2022-08-17T14:56:41.166] [INFO] default - folder=> SIHMAIN
[2022-08-17T14:56:41.166] [INFO] default - request=> GET
[2022-08-17T14:56:44.648] [INFO] default - name=> ServiceTeikyo
[2022-08-17T14:56:44.648] [INFO] default - params=>{"uniqid":1,"traceid":123}
[2022-08-17T14:56:44.648] [INFO] default - folder=> SIHMAIN
[2022-08-17T14:56:44.648] [INFO] default - request=> GET
[2022-08-17T14:56:56.814] [INFO] default - name=> ServiceTeikyo
[2022-08-17T14:56:56.814] [INFO] default - params=>{"uniqid":1,"traceid":123}
[2022-08-17T14:56:56.814] [INFO] default - folder=> SIHMAIN
[2022-08-17T14:56:56.814] [INFO] default - request=> GET
[2022-08-17T14:56:56.969] [INFO] default - name=> ServiceTeikyo
[2022-08-17T14:56:56.969] [INFO] default - params=>{"uniqid":1,"traceid":123}
[2022-08-17T14:56:56.969] [INFO] default - folder=> SIHMAIN
[2022-08-17T14:56:56.969] [INFO] default - request=> GET
[2022-08-17T14:57:09.931] [INFO] default - name=> ServiceTeikyo
[2022-08-17T14:57:09.931] [INFO] default - params=>{"uniqid":1,"traceid":123}
[2022-08-17T14:57:09.931] [INFO] default - folder=> SIHMAIN
[2022-08-17T14:57:09.931] [INFO] default - request=> GET
[2022-08-17T15:01:59.021] [INFO] default - name=> ServiceTeikyoTaisei
[2022-08-17T15:01:59.022] [INFO] default - params=>{"uniqid":1,"traceid":123}
[2022-08-17T15:01:59.022] [INFO] default - folder=> SIHMAIN
[2022-08-17T15:01:59.022] [INFO] default - request=> GET
[2022-08-17T15:01:59.033] [INFO] default - name=> ServiceTeikyo
[2022-08-17T15:01:59.033] [INFO] default - params=>{"uniqid":1,"traceid":123}
[2022-08-17T15:01:59.033] [INFO] default - folder=> SIHMAIN
[2022-08-17T15:01:59.033] [INFO] default - request=> GET
[2022-08-17T15:02:38.311] [INFO] default - name=> ServiceTeikyo
[2022-08-17T15:02:38.312] [INFO] default - params=>{"uniqid":1,"traceid":123}
[2022-08-17T15:02:38.312] [INFO] default - folder=> SIHMAIN
[2022-08-17T15:02:38.312] [INFO] default - request=> GET
[2022-08-17T15:02:38.322] [INFO] default - name=> ServiceTeikyoTaisei
[2022-08-17T15:02:38.322] [INFO] default - params=>{"uniqid":1,"traceid":123}
[2022-08-17T15:02:38.322] [INFO] default - folder=> SIHMAIN
[2022-08-17T15:02:38.322] [INFO] default - request=> GET
[2022-08-17T15:03:12.273] [INFO] default - name=> ServiceTeikyo
[2022-08-17T15:03:12.274] [INFO] default - params=>{"uniqid":1,"traceid":123}
[2022-08-17T15:03:12.274] [INFO] default - folder=> SIHMAIN
[2022-08-17T15:03:12.275] [INFO] default - request=> GET
[2022-08-17T15:03:12.285] [INFO] default - name=> ServiceTeikyoTaisei
[2022-08-17T15:03:12.285] [INFO] default - params=>{"uniqid":1,"traceid":123}
[2022-08-17T15:03:12.285] [INFO] default - folder=> SIHMAIN
[2022-08-17T15:03:12.285] [INFO] default - request=> GET
[2022-08-17T15:03:42.670] [INFO] default - name=> ServiceTeikyoTaisei
[2022-08-17T15:03:42.670] [INFO] default - params=>{"uniqid":1,"traceid":123}
[2022-08-17T15:03:42.670] [INFO] default - folder=> SIHMAIN
[2022-08-17T15:03:42.670] [INFO] default - request=> GET
[2022-08-17T15:03:42.671] [INFO] default - name=> ServiceTeikyo
[2022-08-17T15:03:42.671] [INFO] default - params=>{"uniqid":1,"traceid":123}
[2022-08-17T15:03:42.671] [INFO] default - folder=> SIHMAIN
[2022-08-17T15:03:42.671] [INFO] default - request=> GET
[2022-08-17T15:03:45.812] [INFO] default - name=> ServiceTeikyo
[2022-08-17T15:03:45.812] [INFO] default - params=>{"uniqid":1,"traceid":123}
[2022-08-17T15:03:45.812] [INFO] default - folder=> SIHMAIN
[2022-08-17T15:03:45.812] [INFO] default - request=> GET
[2022-08-17T15:03:45.813] [INFO] default - name=> ServiceTeikyoTaisei
[2022-08-17T15:03:45.814] [INFO] default - params=>{"uniqid":1,"traceid":123}
[2022-08-17T15:03:45.814] [INFO] default - folder=> SIHMAIN
[2022-08-17T15:03:45.814] [INFO] default - request=> GET
[2022-08-17T15:05:07.776] [INFO] default - name=> ServiceTeikyo
[2022-08-17T15:05:07.776] [INFO] default - params=>{"uniqid":1,"traceid":123}
[2022-08-17T15:05:07.776] [INFO] default - folder=> SIHMAIN
[2022-08-17T15:05:07.776] [INFO] default - request=> GET
[2022-08-17T15:05:07.777] [INFO] default - name=> ServiceTeikyoTaisei
[2022-08-17T15:05:07.777] [INFO] default - params=>{"uniqid":1,"traceid":123}
[2022-08-17T15:05:07.777] [INFO] default - folder=> SIHMAIN
[2022-08-17T15:05:07.777] [INFO] default - request=> GET
[2022-08-17T15:07:49.537] [INFO] default - name=> ServiceTeikyoTaisei
[2022-08-17T15:07:49.537] [INFO] default - params=>{"uniqid":1,"traceid":123}
[2022-08-17T15:07:49.537] [INFO] default - folder=> SIHMAIN
[2022-08-17T15:07:49.537] [INFO] default - request=> GET
[2022-08-17T15:07:49.538] [INFO] default - name=> ServiceTeikyo
[2022-08-17T15:07:49.538] [INFO] default - params=>{"uniqid":1,"traceid":123}
[2022-08-17T15:07:49.538] [INFO] default - folder=> SIHMAIN
[2022-08-17T15:07:49.538] [INFO] default - request=> GET
[2022-08-17T15:16:26.785] [INFO] default - name=> NenkanRiyouNissuIcrn
[2022-08-17T15:16:26.785] [INFO] default - params=>{"uniqid":1,"traceid":123,"getkbn":0,"entpriid":0,"hokbn":1,"svcsyucode":1,"symd":"20220101","eymd":"20220101","syukeikbn":1}
[2022-08-17T15:16:26.785] [INFO] default - folder=> SIHS
[2022-08-17T15:16:26.786] [INFO] default - request=> GET
[2022-08-17T15:17:28.970] [INFO] default - name=> KeiyakuHokoku
[2022-08-17T15:17:28.970] [INFO] default - params=>{"uniqid":1,"traceid":123}
[2022-08-17T15:17:28.970] [INFO] default - folder=> SIHMAIN
[2022-08-17T15:17:28.970] [INFO] default - request=> GET
[2022-08-17T15:17:33.096] [INFO] default - name=> KeiyakuHokoku
[2022-08-17T15:17:33.096] [INFO] default - params=>{"uniqid":1,"traceid":123,"riyocode":10000001,"svcsyocode":"10001"}
[2022-08-17T15:17:33.096] [INFO] default - folder=> SIHMAIN
[2022-08-17T15:17:33.096] [INFO] default - request=> GET
[2022-08-17T15:26:40.575] [INFO] default - name=> KeiyakuHokoku
[2022-08-17T15:26:40.575] [INFO] default - params=>{"uniqid":1,"traceid":123}
[2022-08-17T15:26:40.575] [INFO] default - folder=> SIHMAIN
[2022-08-17T15:26:40.575] [INFO] default - request=> GET
[2022-08-17T15:26:41.373] [INFO] default - name=> KeiyakuHokoku
[2022-08-17T15:26:41.373] [INFO] default - params=>{"uniqid":1,"traceid":123,"riyocode":10000001,"svcsyocode":"10001"}
[2022-08-17T15:26:41.373] [INFO] default - folder=> SIHMAIN
[2022-08-17T15:26:41.373] [INFO] default - request=> GET
[2022-08-17T15:27:34.882] [INFO] default - name=> KeiyakuHokoku
[2022-08-17T15:27:34.882] [INFO] default - params=>{"uniqid":1,"traceid":123}
[2022-08-17T15:27:34.882] [INFO] default - folder=> SIHMAIN
[2022-08-17T15:27:34.882] [INFO] default - request=> GET
[2022-08-17T15:27:37.348] [INFO] default - name=> KeiyakuHokoku
[2022-08-17T15:27:37.348] [INFO] default - params=>{"uniqid":1,"traceid":123}
[2022-08-17T15:27:37.348] [INFO] default - folder=> SIHMAIN
[2022-08-17T15:27:37.348] [INFO] default - request=> GET
[2022-08-17T15:27:40.797] [INFO] default - name=> KeiyakuHokoku
[2022-08-17T15:27:40.797] [INFO] default - params=>{"uniqid":1,"traceid":123,"riyocode":10000001}
[2022-08-17T15:27:40.797] [INFO] default - folder=> SIHMAIN
[2022-08-17T15:27:40.797] [INFO] default - request=> GET
[2022-08-17T15:28:38.646] [INFO] default - name=> KeiyakuHokoku
[2022-08-17T15:28:38.646] [INFO] default - params=>{"uniqid":1,"traceid":123}
[2022-08-17T15:28:38.646] [INFO] default - folder=> SIHMAIN
[2022-08-17T15:28:38.646] [INFO] default - request=> GET
[2022-08-17T15:28:55.782] [INFO] default - name=> KeiyakuHokoku
[2022-08-17T15:28:55.782] [INFO] default - params=>{"uniqid":1,"traceid":123}
[2022-08-17T15:28:55.782] [INFO] default - folder=> SIHMAIN
[2022-08-17T15:28:55.782] [INFO] default - request=> GET
[2022-08-17T15:29:01.538] [INFO] default - name=> KeiyakuHokoku
[2022-08-17T15:29:01.538] [INFO] default - params=>{"uniqid":1,"traceid":123}
[2022-08-17T15:29:01.538] [INFO] default - folder=> SIHMAIN
[2022-08-17T15:29:01.538] [INFO] default - request=> GET
[2022-08-17T15:32:22.784] [INFO] default - name=> KeiyakuHokoku
[2022-08-17T15:32:22.784] [INFO] default - params=>{"uniqid":1,"traceid":123}
[2022-08-17T15:32:22.784] [INFO] default - folder=> SIHMAIN
[2022-08-17T15:32:22.784] [INFO] default - request=> GET
[2022-08-17T15:32:23.451] [INFO] default - name=> KeiyakuHokoku
[2022-08-17T15:32:23.451] [INFO] default - params=>{"uniqid":1,"traceid":123,"riyocode":10000002}
[2022-08-17T15:32:23.451] [INFO] default - folder=> SIHMAIN
[2022-08-17T15:32:23.451] [INFO] default - request=> GET
[2022-08-17T16:11:56.901] [INFO] default - name=> KeiyakuHokoku
[2022-08-17T16:11:56.901] [INFO] default - params=>{"uniqid":1,"traceid":123}
[2022-08-17T16:11:56.901] [INFO] default - folder=> SIHMAIN
[2022-08-17T16:11:56.901] [INFO] default - request=> GET
