[2022-08-12T08:56:19.942] [INFO] default - name=> userListPrint
[2022-08-12T08:56:19.943] [INFO] default - params=>{"uniqid":1,"traceid":123,"getkbn":0,"jkbn":0,"sdnflg":0,"symd":"20220801","eymd":"20220901"}
[2022-08-12T08:56:19.943] [INFO] default - folder=> COMMON
[2022-08-12T08:56:19.943] [INFO] default - request=> GET
[2022-08-12T09:05:48.187] [INFO] default - name=> userListPrint
[2022-08-12T09:05:48.187] [INFO] default - params=>{"uniqid":1,"traceid":123,"getkbn":0,"jkbn":0,"sdnflg":0,"symd":"20220801","eymd":"20220901"}
[2022-08-12T09:05:48.187] [INFO] default - folder=> COMMON
[2022-08-12T09:05:48.187] [INFO] default - request=> GET
[2022-08-12T09:18:15.618] [INFO] default - name=> JyukyuTourokuSikyuryoLayout
[2022-08-12T09:18:15.619] [INFO] default - params=>{"uniqid":1,"traceid":123}
[2022-08-12T09:18:15.619] [INFO] default - folder=> SIHMAIN
[2022-08-12T09:18:15.619] [INFO] default - request=> GET
[2022-08-12T09:18:15.642] [INFO] default - name=> userListPrint
[2022-08-12T09:18:15.642] [INFO] default - params=>{"uniqid":1,"traceid":123,"getkbn":0,"jkbn":0,"sdnflg":0,"symd":"20220801","eymd":"20220901"}
[2022-08-12T09:18:15.642] [INFO] default - folder=> COMMON
[2022-08-12T09:18:15.642] [INFO] default - request=> GET
[2022-08-12T09:23:51.255] [INFO] default - name=> userListPrint
[2022-08-12T09:23:51.255] [INFO] default - params=>{"uniqid":1,"traceid":123,"getkbn":0,"jkbn":0,"sdnflg":0,"symd":"20220801","eymd":"20220901"}
[2022-08-12T09:23:51.255] [INFO] default - folder=> COMMON
[2022-08-12T09:23:51.255] [INFO] default - request=> GET
[2022-08-12T09:23:55.925] [INFO] default - name=> KobetsuRiyouTourokuNyutai
[2022-08-12T09:23:55.925] [INFO] default - params=>{"getkbn":0,"riid":102,"kbn":1,"ngsymd":"20220806","uniqid":1,"traceid":123}
[2022-08-12T09:23:55.925] [INFO] default - folder=> SIHS
[2022-08-12T09:23:55.925] [INFO] default - request=> GET
[2022-08-12T09:24:05.244] [INFO] default - name=> KobetsuRiyouTourokuNyutai
[2022-08-12T09:24:05.244] [INFO] default - params=>{"getkbn":0,"riid":153,"kbn":1,"ngsymd":"20220806","uniqid":1,"traceid":123}
[2022-08-12T09:24:05.244] [INFO] default - folder=> SIHS
[2022-08-12T09:24:05.244] [INFO] default - request=> GET
[2022-08-12T09:24:14.798] [INFO] default - name=> KobetsuRiyouTourokuNyutai
[2022-08-12T09:24:14.798] [INFO] default - params=>{"getkbn":0,"riid":153,"kbn":1,"ngsymd":"20220806","uniqid":1,"traceid":123}
[2022-08-12T09:24:14.798] [INFO] default - folder=> SIHS
[2022-08-12T09:24:14.798] [INFO] default - request=> GET
[2022-08-12T09:26:02.866] [INFO] default - name=> NenkanRiyouNissuIcrn
[2022-08-12T09:26:02.866] [INFO] default - params=>{"uniqid":1,"traceid":123}
[2022-08-12T09:26:02.866] [INFO] default - folder=> SIHS
[2022-08-12T09:26:02.866] [INFO] default - request=> GET
[2022-08-12T09:26:46.344] [INFO] default - name=> JyukyuTourokuSikyuryoLayout
[2022-08-12T09:26:46.344] [INFO] default - params=>{"uniqid":1,"traceid":123}
[2022-08-12T09:26:46.344] [INFO] default - folder=> SIHMAIN
[2022-08-12T09:26:46.344] [INFO] default - request=> GET
[2022-08-12T09:26:46.386] [INFO] default - name=> userListPrint
[2022-08-12T09:26:46.386] [INFO] default - params=>{"uniqid":1,"traceid":123,"getkbn":0,"jkbn":0,"sdnflg":0,"symd":"20220801","eymd":"20220901"}
[2022-08-12T09:26:46.386] [INFO] default - folder=> COMMON
[2022-08-12T09:26:46.386] [INFO] default - request=> GET
[2022-08-12T09:26:54.866] [INFO] default - name=> JyukyuTourokuSyogaiKubun
[2022-08-12T09:26:54.866] [INFO] default - params=>{"uniqid":1,"traceid":123,"rid":102}
[2022-08-12T09:26:54.866] [INFO] default - folder=> SIHMAIN
[2022-08-12T09:26:54.866] [INFO] default - request=> GET
[2022-08-12T09:26:54.870] [INFO] default - name=> JyukyuTourokuKihon
[2022-08-12T09:26:54.870] [INFO] default - params=>{"uniqid":1,"traceid":123,"rid":102}
[2022-08-12T09:26:54.870] [INFO] default - folder=> SIHMAIN
[2022-08-12T09:26:54.870] [INFO] default - request=> GET
[2022-08-12T09:26:54.874] [INFO] default - name=> JyukyuTourokuSikyuryo
[2022-08-12T09:26:54.874] [INFO] default - params=>{"uniqid":1,"traceid":123,"rid":102}
[2022-08-12T09:26:54.874] [INFO] default - folder=> SIHMAIN
[2022-08-12T09:26:54.874] [INFO] default - request=> GET
[2022-08-12T09:26:54.878] [INFO] default - name=> JyukyuTourokuKeikakuSoudan
[2022-08-12T09:26:54.878] [INFO] default - params=>{"uniqid":1,"traceid":123,"rid":102}
[2022-08-12T09:26:54.878] [INFO] default - folder=> SIHMAIN
[2022-08-12T09:26:54.878] [INFO] default - request=> GET
[2022-08-12T09:26:54.882] [INFO] default - name=> JyukyuTourokuRiyosyaFutan
[2022-08-12T09:26:54.882] [INFO] default - params=>{"uniqid":1,"traceid":123,"rid":102}
[2022-08-12T09:26:54.882] [INFO] default - folder=> SIHMAIN
[2022-08-12T09:26:54.882] [INFO] default - request=> GET
[2022-08-12T09:27:44.535] [INFO] default - name=> userListPrint
[2022-08-12T09:27:44.535] [INFO] default - params=>{"uniqid":1,"traceid":123,"getkbn":0,"jkbn":0,"sdnflg":0,"symd":"20220801","eymd":"20220901"}
[2022-08-12T09:27:44.535] [INFO] default - folder=> COMMON
[2022-08-12T09:27:44.535] [INFO] default - request=> GET
[2022-08-12T09:27:53.972] [INFO] default - name=> userListPrint
[2022-08-12T09:27:53.972] [INFO] default - params=>{"uniqid":1,"traceid":123,"getkbn":0,"jkbn":0,"sdnflg":0,"symd":"20220801","eymd":"20220901"}
[2022-08-12T09:27:53.972] [INFO] default - folder=> COMMON
[2022-08-12T09:27:53.972] [INFO] default - request=> GET
[2022-08-12T09:33:24.232] [INFO] default - name=> NenkanRiyouNissuIcrn
[2022-08-12T09:33:24.232] [INFO] default - params=>{"uniqid":1,"traceid":123}
[2022-08-12T09:33:24.232] [INFO] default - folder=> SIHS
[2022-08-12T09:33:24.232] [INFO] default - request=> GET
[2022-08-12T09:35:13.844] [INFO] default - name=> userListPrint
[2022-08-12T09:35:13.844] [INFO] default - params=>{"uniqid":1,"traceid":123,"getkbn":0,"jkbn":0,"sdnflg":0,"symd":"20220801","eymd":"20220901"}
[2022-08-12T09:35:13.844] [INFO] default - folder=> COMMON
[2022-08-12T09:35:13.844] [INFO] default - request=> GET
[2022-08-12T09:35:28.421] [INFO] default - name=> KobetsuRiyouTourokuNyutai
[2022-08-12T09:35:28.421] [INFO] default - params=>{"getkbn":0,"riid":102,"kbn":1,"ngsymd":"20220806","uniqid":1,"traceid":123}
[2022-08-12T09:35:28.421] [INFO] default - folder=> SIHS
[2022-08-12T09:35:28.421] [INFO] default - request=> GET
[2022-08-12T09:35:31.671] [INFO] default - name=> KobetsuRiyouTourokuNyutai
[2022-08-12T09:35:31.671] [INFO] default - params=>{"getkbn":0,"riid":102,"kbn":1,"ngsymd":"20220806","uniqid":1,"traceid":123}
[2022-08-12T09:35:31.671] [INFO] default - folder=> SIHS
[2022-08-12T09:35:31.671] [INFO] default - request=> GET
[2022-08-12T09:35:36.055] [INFO] default - name=> KobetsuRiyouTourokuNyutai
[2022-08-12T09:35:36.055] [INFO] default - params=>{"getkbn":0,"srcymd":"20220810","jkbn":0,"keiyakuid":1,"uniqid":1,"traceid":123}
[2022-08-12T09:35:36.056] [INFO] default - folder=> SIHS
[2022-08-12T09:35:36.056] [INFO] default - request=> GET
[2022-08-12T09:35:40.031] [INFO] default - name=> KobetsuRiyouTourokuNyutai
[2022-08-12T09:35:40.031] [INFO] default - params=>{"getkbn":0,"srcymd":"20220810","jkbn":0,"keiyakuid":1,"uniqid":1,"traceid":123}
[2022-08-12T09:35:40.032] [INFO] default - folder=> SIHS
[2022-08-12T09:35:40.032] [INFO] default - request=> GET
[2022-08-12T09:35:44.439] [INFO] default - name=> KobetsuRiyouTourokuNyutai
[2022-08-12T09:35:44.440] [INFO] default - params=>{"getkbn":0,"riid":102,"kbn":1,"ngsymd":"20220806","uniqid":1,"traceid":123}
[2022-08-12T09:35:44.440] [INFO] default - folder=> SIHS
[2022-08-12T09:35:44.440] [INFO] default - request=> GET
[2022-08-12T09:35:47.799] [INFO] default - name=> KobetsuRiyouTourokuNyutai
[2022-08-12T09:35:47.799] [INFO] default - params=>{"getkbn":0,"riid":102,"kbn":1,"ngsymd":"20220806","uniqid":1,"traceid":123}
[2022-08-12T09:35:47.799] [INFO] default - folder=> SIHS
[2022-08-12T09:35:47.799] [INFO] default - request=> GET
[2022-08-12T10:46:23.322] [INFO] default - name=> userListPrint
[2022-08-12T10:46:23.323] [INFO] default - params=>{"uniqid":1,"traceid":123,"getkbn":0,"jkbn":0,"sdnflg":0,"symd":"20220801","eymd":"20220901"}
[2022-08-12T10:46:23.323] [INFO] default - folder=> COMMON
[2022-08-12T10:46:23.323] [INFO] default - request=> GET
[2022-08-12T10:52:27.359] [INFO] default - name=> KobetsuRiyouTourokuNyutai
[2022-08-12T10:52:27.359] [INFO] default - params=>{"getkbn":0,"riid":102,"kbn":1,"ngsymd":"20220806","uniqid":1,"traceid":123}
[2022-08-12T10:52:27.359] [INFO] default - folder=> SIHS
[2022-08-12T10:52:27.359] [INFO] default - request=> GET
[2022-08-12T10:59:57.457] [INFO] default - name=> KobetsuRiyouTourokuNyutai
[2022-08-12T10:59:57.457] [INFO] default - params=>{"getkbn":0,"riid":102,"kbn":1,"ngsymd":"20220806","uniqid":1,"traceid":123}
[2022-08-12T10:59:57.457] [INFO] default - folder=> SIHS
[2022-08-12T10:59:57.457] [INFO] default - request=> GET
[2022-08-12T11:04:03.318] [INFO] default - name=> userListPrint
[2022-08-12T11:04:03.318] [INFO] default - params=>{"uniqid":1,"traceid":123,"getkbn":0,"jkbn":0,"sdnflg":0,"symd":"20220801","eymd":"20220901"}
[2022-08-12T11:04:03.318] [INFO] default - folder=> COMMON
[2022-08-12T11:04:03.318] [INFO] default - request=> GET
[2022-08-12T11:05:26.598] [INFO] default - name=> KobetsuRiyouTourokuNyutai
[2022-08-12T11:05:26.598] [INFO] default - params=>{"getkbn":0,"riid":10,"kbn":1,"ngsymd":"20220806","uniqid":1,"traceid":123}
[2022-08-12T11:05:26.598] [INFO] default - folder=> SIHS
[2022-08-12T11:05:26.598] [INFO] default - request=> GET
[2022-08-12T11:05:30.152] [INFO] default - name=> KobetsuRiyouTourokuNyutai
[2022-08-12T11:05:30.152] [INFO] default - params=>{"getkbn":0,"riid":10,"kbn":1,"ngsymd":"20220806","uniqid":1,"traceid":123}
[2022-08-12T11:05:30.152] [INFO] default - folder=> SIHS
[2022-08-12T11:05:30.152] [INFO] default - request=> GET
[2022-08-12T11:05:32.831] [INFO] default - name=> KobetsuRiyouTourokuNyutai
[2022-08-12T11:05:32.831] [INFO] default - params=>{"getkbn":0,"riid":10,"kbn":1,"ngsymd":"20220806","uniqid":1,"traceid":123}
[2022-08-12T11:05:32.831] [INFO] default - folder=> SIHS
[2022-08-12T11:05:32.831] [INFO] default - request=> GET
[2022-08-12T11:09:29.366] [INFO] default - name=> KobetsuRiyouTourokuNyutai
[2022-08-12T11:09:29.366] [INFO] default - params=>{"getkbn":0,"riid":10,"kbn":1,"ngsymd":"20220806","uniqid":1,"traceid":123}
[2022-08-12T11:09:29.366] [INFO] default - folder=> SIHS
[2022-08-12T11:09:29.366] [INFO] default - request=> GET
[2022-08-12T11:10:10.289] [INFO] default - name=> userListPrint
[2022-08-12T11:10:10.289] [INFO] default - params=>{"uniqid":1,"traceid":123,"getkbn":0,"jkbn":0,"sdnflg":0,"symd":"20220801","eymd":"20220901"}
[2022-08-12T11:10:10.289] [INFO] default - folder=> COMMON
[2022-08-12T11:10:10.289] [INFO] default - request=> GET
[2022-08-12T11:10:21.285] [INFO] default - name=> KobetsuRiyouTourokuNyutai
[2022-08-12T11:10:21.286] [INFO] default - params=>{"getkbn":0,"riid":102,"kbn":1,"ngsymd":"20220806","uniqid":1,"traceid":123}
[2022-08-12T11:10:21.286] [INFO] default - folder=> SIHS
[2022-08-12T11:10:21.286] [INFO] default - request=> GET
[2022-08-12T11:10:41.548] [INFO] default - name=> KobetsuRiyouTourokuNyutai
[2022-08-12T11:10:41.548] [INFO] default - params=>{"getkbn":0,"riid":102,"kbn":1,"ngsymd":"20220806","uniqid":1,"traceid":123}
[2022-08-12T11:10:41.549] [INFO] default - folder=> SIHS
[2022-08-12T11:10:41.549] [INFO] default - request=> GET
[2022-08-12T11:10:45.359] [INFO] default - name=> KobetsuRiyouTourokuNyutai
[2022-08-12T11:10:45.359] [INFO] default - params=>{"getkbn":0,"srcymd":"20220810","jkbn":0,"keiyakuid":1,"uniqid":1,"traceid":123}
[2022-08-12T11:10:45.359] [INFO] default - folder=> SIHS
[2022-08-12T11:10:45.359] [INFO] default - request=> GET
[2022-08-12T11:10:59.972] [INFO] default - name=> KobetsuRiyouTourokuNyutai
[2022-08-12T11:10:59.972] [INFO] default - params=>{"getkbn":0,"riid":102,"kbn":1,"ngsymd":"20220806","uniqid":1,"traceid":123}
[2022-08-12T11:10:59.972] [INFO] default - folder=> SIHS
[2022-08-12T11:10:59.972] [INFO] default - request=> GET
[2022-08-12T11:11:19.356] [INFO] default - name=> KobetsuRiyouTourokuNyutai
[2022-08-12T11:11:19.357] [INFO] default - params=>{"getkbn":0,"srcymd":"20220810","jkbn":0,"keiyakuid":1,"uniqid":1,"traceid":123}
[2022-08-12T11:11:19.357] [INFO] default - folder=> SIHS
[2022-08-12T11:11:19.357] [INFO] default - request=> GET
[2022-08-12T11:12:25.348] [INFO] default - name=> KobetsuRiyouTourokuNyutai
[2022-08-12T11:12:25.348] [INFO] default - params=>{"getkbn":0,"srcymd":"20220810","jkbn":0,"keiyakuid":1,"uniqid":1,"traceid":123}
[2022-08-12T11:12:25.348] [INFO] default - folder=> SIHS
[2022-08-12T11:12:25.348] [INFO] default - request=> GET
[2022-08-12T11:13:02.514] [INFO] default - name=> userListPrint
[2022-08-12T11:13:02.514] [INFO] default - params=>{"uniqid":1,"traceid":123,"getkbn":0,"jkbn":0,"sdnflg":0,"symd":"20220801","eymd":"20220901"}
[2022-08-12T11:13:02.514] [INFO] default - folder=> COMMON
[2022-08-12T11:13:02.514] [INFO] default - request=> GET
[2022-08-12T11:13:09.396] [INFO] default - name=> KobetsuRiyouTourokuNyutai
[2022-08-12T11:13:09.396] [INFO] default - params=>{"getkbn":0,"srcymd":"20220810","jkbn":0,"keiyakuid":1,"uniqid":1,"traceid":123}
[2022-08-12T11:13:09.396] [INFO] default - folder=> SIHS
[2022-08-12T11:13:09.396] [INFO] default - request=> GET
[2022-08-12T11:13:17.108] [INFO] default - name=> KobetsuRiyouTourokuNyutai
[2022-08-12T11:13:17.108] [INFO] default - params=>{"getkbn":0,"riid":102,"kbn":1,"ngsymd":"20220806","uniqid":1,"traceid":123}
[2022-08-12T11:13:17.108] [INFO] default - folder=> SIHS
[2022-08-12T11:13:17.108] [INFO] default - request=> GET
[2022-08-12T11:13:19.471] [INFO] default - name=> KobetsuRiyouTourokuNyutai
[2022-08-12T11:13:19.471] [INFO] default - params=>{"getkbn":0,"srcymd":"20220810","jkbn":0,"keiyakuid":1,"uniqid":1,"traceid":123}
[2022-08-12T11:13:19.472] [INFO] default - folder=> SIHS
[2022-08-12T11:13:19.472] [INFO] default - request=> GET
[2022-08-12T11:15:54.849] [INFO] default - name=> userListPrint
[2022-08-12T11:15:54.849] [INFO] default - params=>{"uniqid":1,"traceid":123,"getkbn":0,"jkbn":0,"sdnflg":0,"symd":"20220801","eymd":"20220901"}
[2022-08-12T11:15:54.849] [INFO] default - folder=> COMMON
[2022-08-12T11:15:54.849] [INFO] default - request=> GET
[2022-08-12T11:16:00.382] [INFO] default - name=> KobetsuRiyouTourokuNyutai
[2022-08-12T11:16:00.382] [INFO] default - params=>{"getkbn":0,"riid":102,"kbn":1,"ngsymd":"20220806","uniqid":1,"traceid":123}
[2022-08-12T11:16:00.382] [INFO] default - folder=> SIHS
[2022-08-12T11:16:00.382] [INFO] default - request=> GET
[2022-08-12T11:16:03.045] [INFO] default - name=> KobetsuRiyouTourokuNyutai
[2022-08-12T11:16:03.045] [INFO] default - params=>{"getkbn":0,"srcymd":"20220810","jkbn":0,"keiyakuid":1,"uniqid":1,"traceid":123}
[2022-08-12T11:16:03.046] [INFO] default - folder=> SIHS
[2022-08-12T11:16:03.046] [INFO] default - request=> GET
[2022-08-12T11:19:48.983] [INFO] default - name=> userListPrint
[2022-08-12T11:19:48.983] [INFO] default - params=>{"uniqid":1,"traceid":123,"getkbn":0,"jkbn":0,"sdnflg":0,"symd":"20220801","eymd":"20220901"}
[2022-08-12T11:19:48.983] [INFO] default - folder=> COMMON
[2022-08-12T11:19:48.983] [INFO] default - request=> GET
[2022-08-12T11:19:52.573] [INFO] default - name=> KobetsuRiyouTourokuNyutai
[2022-08-12T11:19:52.573] [INFO] default - params=>{"getkbn":0,"riid":102,"kbn":1,"ngsymd":"20220806","uniqid":1,"traceid":123}
[2022-08-12T11:19:52.573] [INFO] default - folder=> SIHS
[2022-08-12T11:19:52.573] [INFO] default - request=> GET
[2022-08-12T11:23:01.146] [INFO] default - name=> userListPrint
[2022-08-12T11:23:01.147] [INFO] default - params=>{"uniqid":1,"traceid":123,"getkbn":0,"jkbn":0,"sdnflg":0,"symd":"20220801","eymd":"20220901"}
[2022-08-12T11:23:01.147] [INFO] default - folder=> COMMON
[2022-08-12T11:23:01.147] [INFO] default - request=> GET
[2022-08-12T11:26:06.945] [INFO] default - name=> userListPrint
[2022-08-12T11:26:06.945] [INFO] default - params=>{"uniqid":1,"traceid":123,"getkbn":0,"jkbn":0,"sdnflg":0,"symd":"20220801","eymd":"20220901"}
[2022-08-12T11:26:06.946] [INFO] default - folder=> COMMON
[2022-08-12T11:26:06.946] [INFO] default - request=> GET
[2022-08-12T11:26:51.940] [INFO] default - name=> userListPrint
[2022-08-12T11:26:51.941] [INFO] default - params=>{"uniqid":1,"traceid":123,"getkbn":0,"jkbn":0,"sdnflg":0,"symd":"20220801","eymd":"20220901"}
[2022-08-12T11:26:51.941] [INFO] default - folder=> COMMON
[2022-08-12T11:26:51.941] [INFO] default - request=> GET
[2022-08-12T11:29:19.359] [INFO] default - name=> userListPrint
[2022-08-12T11:29:19.360] [INFO] default - params=>{"uniqid":1,"traceid":123,"getkbn":0,"jkbn":0,"sdnflg":0,"symd":"20220801","eymd":"20220901"}
[2022-08-12T11:29:19.360] [INFO] default - folder=> COMMON
[2022-08-12T11:29:19.360] [INFO] default - request=> GET
[2022-08-12T11:29:22.637] [INFO] default - name=> KobetsuRiyouTourokuNyutai
[2022-08-12T11:29:22.637] [INFO] default - params=>{"getkbn":0,"riid":102,"kbn":1,"ngsymd":"20220806","uniqid":1,"traceid":123}
[2022-08-12T11:29:22.637] [INFO] default - folder=> SIHS
[2022-08-12T11:29:22.637] [INFO] default - request=> GET
[2022-08-12T11:30:40.862] [INFO] default - name=> userListPrint
[2022-08-12T11:30:40.863] [INFO] default - params=>{"uniqid":1,"traceid":123,"getkbn":0,"jkbn":0,"sdnflg":0,"symd":"20220801","eymd":"20220901"}
[2022-08-12T11:30:40.863] [INFO] default - folder=> COMMON
[2022-08-12T11:30:40.863] [INFO] default - request=> GET
[2022-08-12T11:30:47.611] [INFO] default - name=> KobetsuRiyouTourokuNyutai
[2022-08-12T11:30:47.611] [INFO] default - params=>{"getkbn":0,"srcymd":"20220810","jkbn":0,"keiyakuid":1,"uniqid":1,"traceid":123}
[2022-08-12T11:30:47.611] [INFO] default - folder=> SIHS
[2022-08-12T11:30:47.611] [INFO] default - request=> GET
[2022-08-12T11:31:03.001] [INFO] default - name=> KobetsuRiyouTourokuNyutai
[2022-08-12T11:31:03.002] [INFO] default - params=>{"getkbn":0,"riid":102,"kbn":1,"ngsymd":"20220806","uniqid":1,"traceid":123}
[2022-08-12T11:31:03.002] [INFO] default - folder=> SIHS
[2022-08-12T11:31:03.002] [INFO] default - request=> GET
[2022-08-12T11:32:55.716] [INFO] default - name=> userListPrint
[2022-08-12T11:32:55.716] [INFO] default - params=>{"uniqid":1,"traceid":123,"getkbn":0,"jkbn":0,"sdnflg":0,"symd":"20220801","eymd":"20220901"}
[2022-08-12T11:32:55.716] [INFO] default - folder=> COMMON
[2022-08-12T11:32:55.716] [INFO] default - request=> GET
[2022-08-12T11:33:05.439] [INFO] default - name=> userListPrint
[2022-08-12T11:33:05.439] [INFO] default - params=>{"uniqid":1,"traceid":123,"getkbn":0,"jkbn":0,"sdnflg":0,"symd":"20220801","eymd":"20220901"}
[2022-08-12T11:33:05.439] [INFO] default - folder=> COMMON
[2022-08-12T11:33:05.439] [INFO] default - request=> GET
[2022-08-12T11:33:14.820] [INFO] default - name=> userListPrint
[2022-08-12T11:33:14.820] [INFO] default - params=>{"uniqid":1,"traceid":123,"getkbn":0,"jkbn":0,"sdnflg":0,"symd":"20220801","eymd":"20220901"}
[2022-08-12T11:33:14.820] [INFO] default - folder=> COMMON
[2022-08-12T11:33:14.820] [INFO] default - request=> GET
[2022-08-12T11:33:19.003] [INFO] default - name=> KobetsuRiyouTourokuNyutai
[2022-08-12T11:33:19.003] [INFO] default - params=>{"getkbn":0,"riid":102,"kbn":2,"ngsymd":"20220806","uniqid":1,"traceid":123}
[2022-08-12T11:33:19.003] [INFO] default - folder=> SIHS
[2022-08-12T11:33:19.003] [INFO] default - request=> GET
[2022-08-12T11:33:31.130] [INFO] default - name=> userListPrint
[2022-08-12T11:33:31.130] [INFO] default - params=>{"uniqid":1,"traceid":123,"getkbn":0,"jkbn":0,"sdnflg":0,"symd":"20220801","eymd":"20220901"}
[2022-08-12T11:33:31.130] [INFO] default - folder=> COMMON
[2022-08-12T11:33:31.130] [INFO] default - request=> GET
[2022-08-12T11:39:05.208] [INFO] default - name=> KobetsuRiyouTourokuNyutai
[2022-08-12T11:39:05.209] [INFO] default - params=>{"getkbn":0,"riid":102,"kbn":1,"ngsymd":"20220806","uniqid":1,"traceid":123}
[2022-08-12T11:39:05.209] [INFO] default - folder=> SIHS
[2022-08-12T11:39:05.209] [INFO] default - request=> GET
[2022-08-12T11:39:07.681] [INFO] default - name=> KobetsuRiyouTourokuNyutai
[2022-08-12T11:39:07.681] [INFO] default - params=>{"getkbn":0,"riid":102,"kbn":2,"ngsymd":"20220806","uniqid":1,"traceid":123}
[2022-08-12T11:39:07.681] [INFO] default - folder=> SIHS
[2022-08-12T11:39:07.681] [INFO] default - request=> GET
[2022-08-12T11:39:15.703] [INFO] default - name=> KobetsuRiyouTourokuNyutai
[2022-08-12T11:39:15.703] [INFO] default - params=>{"getkbn":0,"riid":2,"kbn":1,"ngsymd":"20220806","uniqid":1,"traceid":123}
[2022-08-12T11:39:15.703] [INFO] default - folder=> SIHS
[2022-08-12T11:39:15.703] [INFO] default - request=> GET
[2022-08-12T11:51:09.295] [INFO] default - name=> userListPrint
[2022-08-12T11:51:09.295] [INFO] default - params=>{"uniqid":1,"traceid":123,"getkbn":0,"jkbn":0,"sdnflg":0,"symd":"20220801","eymd":"20220901"}
[2022-08-12T11:51:09.295] [INFO] default - folder=> COMMON
[2022-08-12T11:51:09.295] [INFO] default - request=> GET
[2022-08-12T11:51:12.855] [INFO] default - name=> KobetsuRiyouTourokuNyutai
[2022-08-12T11:51:12.855] [INFO] default - params=>{"getkbn":0,"riid":102,"kbn":2,"ngsymd":"20220806","uniqid":1,"traceid":123}
[2022-08-12T11:51:12.855] [INFO] default - folder=> SIHS
[2022-08-12T11:51:12.855] [INFO] default - request=> GET
[2022-08-12T11:56:34.197] [INFO] default - name=> NenkanRiyouNissuIcrn
[2022-08-12T11:56:34.197] [INFO] default - params=>{"uniqid":1,"traceid":123}
[2022-08-12T11:56:34.197] [INFO] default - folder=> SIHS
[2022-08-12T11:56:34.197] [INFO] default - request=> GET
[2022-08-12T11:59:03.456] [INFO] default - name=> NenkanRiyouNissuIcrn
[2022-08-12T11:59:03.456] [INFO] default - params=>{"uniqid":1,"traceid":123}
[2022-08-12T11:59:03.457] [INFO] default - folder=> SIHS
[2022-08-12T11:59:03.457] [INFO] default - request=> GET
[2022-08-12T13:12:44.111] [INFO] default - name=> NenkanRiyouNissuIcrn
[2022-08-12T13:12:44.112] [INFO] default - params=>{"uniqid":1,"traceid":123}
[2022-08-12T13:12:44.112] [INFO] default - folder=> SIHS
[2022-08-12T13:12:44.112] [INFO] default - request=> GET
[2022-08-12T13:14:46.784] [INFO] default - name=> NenkanRiyouNissuIcrn
[2022-08-12T13:14:46.785] [INFO] default - params=>{"uniqid":1,"traceid":123,"getkbn":0,"entpriid":0,"hokbn":1,"svcsyucode":1,"symd":"20220101","eymd":"20220101","syukeikbn":1}
[2022-08-12T13:14:46.785] [INFO] default - folder=> SIHS
[2022-08-12T13:14:46.785] [INFO] default - request=> GET
[2022-08-12T13:15:03.611] [INFO] default - name=> NenkanRiyouNissuIcrn
[2022-08-12T13:15:03.612] [INFO] default - params=>{"uniqid":1,"traceid":123,"getkbn":0,"entpriid":0,"hokbn":1,"svcsyucode":1,"symd":"20220101","eymd":"20220101","syukeikbn":1}
[2022-08-12T13:15:03.612] [INFO] default - folder=> SIHS
[2022-08-12T13:15:03.612] [INFO] default - request=> GET
[2022-08-12T13:16:45.854] [INFO] default - name=> NenkanRiyouNissuIcrn
[2022-08-12T13:16:45.857] [INFO] default - params=>{"uniqid":1,"traceid":123,"getkbn":0,"entpriid":0,"hokbn":1,"svcsyucode":1,"symd":"20220101","eymd":"20220101","syukeikbn":1}
[2022-08-12T13:16:45.858] [INFO] default - folder=> SIHS
[2022-08-12T13:16:45.858] [INFO] default - request=> GET
[2022-08-12T13:22:41.870] [INFO] default - name=> NenkanRiyouNissuIcrn
[2022-08-12T13:22:41.870] [INFO] default - params=>{"uniqid":1,"traceid":123,"getkbn":0,"entpriid":0,"hokbn":1,"svcsyucode":1,"symd":"20220101","eymd":"20220101","syukeikbn":1}
[2022-08-12T13:22:41.870] [INFO] default - folder=> SIHS
[2022-08-12T13:22:41.870] [INFO] default - request=> GET
[2022-08-12T13:28:05.689] [INFO] default - name=> NenkanRiyouNissuIcrn
[2022-08-12T13:28:05.689] [INFO] default - params=>{"uniqid":1,"traceid":123,"getkbn":0,"entpriid":0,"hokbn":1,"svcsyucode":1,"symd":"20220101","eymd":"20220101","syukeikbn":1}
[2022-08-12T13:28:05.690] [INFO] default - folder=> SIHS
[2022-08-12T13:28:05.690] [INFO] default - request=> GET
[2022-08-12T13:40:27.711] [INFO] default - name=> NenkanRiyouNissuIcrn
[2022-08-12T13:40:27.711] [INFO] default - params=>{"uniqid":1,"traceid":123,"getkbn":0,"entpriid":0,"hokbn":1,"svcsyucode":1,"symd":"20220101","eymd":"20220101","syukeikbn":1}
[2022-08-12T13:40:27.711] [INFO] default - folder=> SIHS
[2022-08-12T13:40:27.711] [INFO] default - request=> GET
[2022-08-12T13:40:43.868] [INFO] default - name=> NenkanRiyouNissuIcrn
[2022-08-12T13:40:43.868] [INFO] default - params=>{"uniqid":1,"traceid":123,"getkbn":0,"entpriid":0,"hokbn":1,"svcsyucode":1,"symd":"20220101","eymd":"20220101","syukeikbn":1}
[2022-08-12T13:40:43.868] [INFO] default - folder=> SIHS
[2022-08-12T13:40:43.868] [INFO] default - request=> GET
[2022-08-12T13:41:18.508] [INFO] default - name=> NenkanRiyouNissuIcrn
[2022-08-12T13:41:18.508] [INFO] default - params=>{"uniqid":1,"traceid":123,"getkbn":0,"entpriid":0,"hokbn":1,"svcsyucode":1,"symd":"20220101","eymd":"20220101","syukeikbn":1}
[2022-08-12T13:41:18.508] [INFO] default - folder=> SIHS
[2022-08-12T13:41:18.508] [INFO] default - request=> GET
[2022-08-12T13:45:08.109] [INFO] default - name=> NenkanRiyouNissuIcrn
[2022-08-12T13:45:08.109] [INFO] default - params=>{"uniqid":1,"traceid":123,"getkbn":0,"entpriid":0,"hokbn":1,"svcsyucode":1,"symd":"20220101","eymd":"20220101","syukeikbn":1}
[2022-08-12T13:45:08.109] [INFO] default - folder=> SIHS
[2022-08-12T13:45:08.109] [INFO] default - request=> GET
[2022-08-12T13:45:17.965] [INFO] default - name=> NenkanRiyouNissuIcrn
[2022-08-12T13:45:17.965] [INFO] default - params=>{"uniqid":1,"traceid":123,"getkbn":0,"entpriid":0,"hokbn":1,"svcsyucode":1,"symd":"20220101","eymd":"20220101","syukeikbn":1}
[2022-08-12T13:45:17.965] [INFO] default - folder=> SIHS
[2022-08-12T13:45:17.965] [INFO] default - request=> GET
[2022-08-12T13:48:04.058] [INFO] default - name=> userListPrint
[2022-08-12T13:48:04.058] [INFO] default - params=>{"uniqid":1,"traceid":123,"getkbn":0,"jkbn":0,"sdnflg":0,"symd":"20220801","eymd":"20220901"}
[2022-08-12T13:48:04.058] [INFO] default - folder=> COMMON
[2022-08-12T13:48:04.058] [INFO] default - request=> GET
[2022-08-12T13:48:12.385] [INFO] default - name=> NenkanRiyouNissuIcrn
[2022-08-12T13:48:12.385] [INFO] default - params=>{"uniqid":1,"traceid":123,"getkbn":0,"entpriid":0,"hokbn":1,"svcsyucode":1,"symd":"20220101","eymd":"20220101","syukeikbn":1}
[2022-08-12T13:48:12.385] [INFO] default - folder=> SIHS
[2022-08-12T13:48:12.385] [INFO] default - request=> GET
[2022-08-12T13:52:09.353] [INFO] default - name=> NenkanRiyouNissuIcrn
[2022-08-12T13:52:09.353] [INFO] default - params=>{"uniqid":1,"traceid":123,"getkbn":0,"entpriid":0,"hokbn":1,"svcsyucode":1,"symd":"20220101","eymd":"20220101","syukeikbn":1}
[2022-08-12T13:52:09.353] [INFO] default - folder=> SIHS
[2022-08-12T13:52:09.354] [INFO] default - request=> GET
[2022-08-12T13:53:54.987] [INFO] default - name=> NenkanRiyouNissuIcrn
[2022-08-12T13:53:54.988] [INFO] default - params=>{"uniqid":1,"traceid":123,"getkbn":0,"entpriid":0,"hokbn":1,"svcsyucode":1,"symd":"20220101","eymd":"20220101","syukeikbn":1}
[2022-08-12T13:53:54.989] [INFO] default - folder=> SIHS
[2022-08-12T13:53:54.989] [INFO] default - request=> GET
[2022-08-12T13:55:03.595] [INFO] default - name=> NenkanRiyouNissuIcrn
[2022-08-12T13:55:03.596] [INFO] default - params=>{"uniqid":1,"traceid":123,"getkbn":0,"entpriid":0,"hokbn":1,"svcsyucode":1,"symd":"20220101","eymd":"20220101","syukeikbn":1}
[2022-08-12T13:55:03.596] [INFO] default - folder=> SIHS
[2022-08-12T13:55:03.596] [INFO] default - request=> GET
[2022-08-12T13:57:06.405] [INFO] default - name=> NenkanRiyouNissuIcrn
[2022-08-12T13:57:06.405] [INFO] default - params=>{"uniqid":1,"traceid":123,"getkbn":0,"entpriid":0,"hokbn":1,"svcsyucode":1,"symd":"20220101","eymd":"20220101","syukeikbn":1}
[2022-08-12T13:57:06.405] [INFO] default - folder=> SIHS
[2022-08-12T13:57:06.405] [INFO] default - request=> GET
[2022-08-12T13:58:44.765] [INFO] default - name=> NenkanRiyouNissuIcrn
[2022-08-12T13:58:44.765] [INFO] default - params=>{"uniqid":1,"traceid":123,"getkbn":0,"entpriid":0,"hokbn":1,"svcsyucode":1,"symd":"20220101","eymd":"20220101","syukeikbn":1}
[2022-08-12T13:58:44.766] [INFO] default - folder=> SIHS
[2022-08-12T13:58:44.766] [INFO] default - request=> GET
[2022-08-12T13:58:59.755] [INFO] default - name=> NenkanRiyouNissuIcrn
[2022-08-12T13:58:59.756] [INFO] default - params=>{"uniqid":1,"traceid":123,"getkbn":0,"entpriid":0,"hokbn":1,"svcsyucode":1,"symd":"20220101","eymd":"20220101","syukeikbn":1}
[2022-08-12T13:58:59.756] [INFO] default - folder=> SIHS
[2022-08-12T13:58:59.756] [INFO] default - request=> GET
[2022-08-12T14:01:56.296] [INFO] default - name=> NenkanRiyouNissuIcrn
[2022-08-12T14:01:56.296] [INFO] default - params=>{"uniqid":1,"traceid":123,"getkbn":0,"entpriid":0,"hokbn":1,"svcsyucode":1,"symd":"20220101","eymd":"20220101","syukeikbn":1}
[2022-08-12T14:01:56.296] [INFO] default - folder=> SIHS
[2022-08-12T14:01:56.296] [INFO] default - request=> GET
[2022-08-12T14:02:04.216] [INFO] default - name=> NenkanRiyouNissuIcrn
[2022-08-12T14:02:04.216] [INFO] default - params=>{"uniqid":1,"traceid":123,"getkbn":0,"entpriid":0,"hokbn":1,"svcsyucode":1,"symd":"20220101","eymd":"20220101","syukeikbn":1}
[2022-08-12T14:02:04.216] [INFO] default - folder=> SIHS
[2022-08-12T14:02:04.216] [INFO] default - request=> GET
[2022-08-12T14:02:07.208] [INFO] default - name=> NenkanRiyouNissuIcrn
[2022-08-12T14:02:07.208] [INFO] default - params=>{"uniqid":1,"traceid":123,"getkbn":0,"entpriid":0,"hokbn":1,"svcsyucode":1,"symd":"20220101","eymd":"20220101","syukeikbn":1}
[2022-08-12T14:02:07.208] [INFO] default - folder=> SIHS
[2022-08-12T14:02:07.208] [INFO] default - request=> GET
[2022-08-12T14:02:52.280] [INFO] default - name=> NenkanRiyouNissuIcrn
[2022-08-12T14:02:52.280] [INFO] default - params=>{"uniqid":1,"traceid":123,"getkbn":0,"entpriid":0,"hokbn":1,"svcsyucode":1,"symd":"20220101","eymd":"20220101","syukeikbn":1}
[2022-08-12T14:02:52.280] [INFO] default - folder=> SIHS
[2022-08-12T14:02:52.280] [INFO] default - request=> GET
[2022-08-12T14:02:55.354] [INFO] default - name=> NenkanRiyouNissuIcrn
[2022-08-12T14:02:55.354] [INFO] default - params=>{"uniqid":1,"traceid":123,"getkbn":0,"entpriid":0,"hokbn":1,"svcsyucode":1,"symd":"20220101","eymd":"20220101","syukeikbn":1}
[2022-08-12T14:02:55.354] [INFO] default - folder=> SIHS
[2022-08-12T14:02:55.354] [INFO] default - request=> GET
[2022-08-12T14:03:45.165] [INFO] default - name=> NenkanRiyouNissuIcrn
[2022-08-12T14:03:45.165] [INFO] default - params=>{"uniqid":1,"traceid":123,"getkbn":0,"entpriid":0,"hokbn":1,"svcsyucode":1,"symd":"20220101","eymd":"20220101","syukeikbn":1}
[2022-08-12T14:03:45.165] [INFO] default - folder=> SIHS
[2022-08-12T14:03:45.165] [INFO] default - request=> GET
[2022-08-12T14:03:50.784] [INFO] default - name=> NenkanRiyouNissuIcrn
[2022-08-12T14:03:50.784] [INFO] default - params=>{"uniqid":1,"traceid":123,"getkbn":0,"entpriid":0,"hokbn":1,"svcsyucode":1,"symd":"20220101","eymd":"20220101","syukeikbn":1}
[2022-08-12T14:03:50.784] [INFO] default - folder=> SIHS
[2022-08-12T14:03:50.784] [INFO] default - request=> GET
[2022-08-12T14:03:53.849] [INFO] default - name=> NenkanRiyouNissuIcrn
[2022-08-12T14:03:53.849] [INFO] default - params=>{"uniqid":1,"traceid":123,"getkbn":0,"entpriid":0,"hokbn":1,"svcsyucode":1,"symd":"20220101","eymd":"20220101","syukeikbn":1}
[2022-08-12T14:03:53.849] [INFO] default - folder=> SIHS
[2022-08-12T14:03:53.849] [INFO] default - request=> GET
[2022-08-12T14:09:15.778] [INFO] default - name=> NenkanRiyouNissuIcrn
[2022-08-12T14:09:15.778] [INFO] default - params=>{"uniqid":1,"traceid":123,"getkbn":0,"entpriid":0,"hokbn":1,"svcsyucode":1,"symd":"20220101","eymd":"20220101","syukeikbn":1}
[2022-08-12T14:09:15.778] [INFO] default - folder=> SIHS
[2022-08-12T14:09:15.778] [INFO] default - request=> GET
[2022-08-12T14:09:35.728] [INFO] default - name=> NenkanRiyouNissuIcrn
[2022-08-12T14:09:35.728] [INFO] default - params=>{"uniqid":1,"traceid":123,"getkbn":0,"entpriid":0,"hokbn":1,"svcsyucode":1,"symd":"20220101","eymd":"20220101","syukeikbn":1}
[2022-08-12T14:09:35.728] [INFO] default - folder=> SIHS
[2022-08-12T14:09:35.728] [INFO] default - request=> GET
[2022-08-12T14:09:38.247] [INFO] default - name=> NenkanRiyouNissuIcrn
[2022-08-12T14:09:38.247] [INFO] default - params=>{"uniqid":1,"traceid":123,"getkbn":0,"entpriid":0,"hokbn":1,"svcsyucode":1,"symd":"20220101","eymd":"20220101","syukeikbn":1}
[2022-08-12T14:09:38.247] [INFO] default - folder=> SIHS
[2022-08-12T14:09:38.247] [INFO] default - request=> GET
[2022-08-12T14:11:21.052] [INFO] default - name=> NenkanRiyouNissuIcrn
[2022-08-12T14:11:21.053] [INFO] default - params=>{"uniqid":1,"traceid":123,"getkbn":0,"entpriid":0,"hokbn":1,"svcsyucode":1,"symd":"20220101","eymd":"20220101","syukeikbn":1}
[2022-08-12T14:11:21.053] [INFO] default - folder=> SIHS
[2022-08-12T14:11:21.053] [INFO] default - request=> GET
[2022-08-12T14:12:36.613] [INFO] default - name=> NenkanRiyouNissuIcrn
[2022-08-12T14:12:36.614] [INFO] default - params=>{"uniqid":1,"traceid":123,"getkbn":0,"entpriid":0,"hokbn":1,"svcsyucode":1,"symd":"20220101","eymd":"20220101","syukeikbn":1}
[2022-08-12T14:12:36.614] [INFO] default - folder=> SIHS
[2022-08-12T14:12:36.614] [INFO] default - request=> GET
[2022-08-12T14:12:58.667] [INFO] default - name=> NenkanRiyouNissuIcrn
[2022-08-12T14:12:58.668] [INFO] default - params=>{"uniqid":1,"traceid":123,"getkbn":0,"entpriid":0,"hokbn":1,"svcsyucode":1,"symd":"20220101","eymd":"20220101","syukeikbn":1}
[2022-08-12T14:12:58.668] [INFO] default - folder=> SIHS
[2022-08-12T14:12:58.668] [INFO] default - request=> GET
[2022-08-12T14:15:08.180] [INFO] default - name=> NenkanRiyouNissuIcrn
[2022-08-12T14:15:08.181] [INFO] default - params=>{"uniqid":1,"traceid":123,"getkbn":0,"entpriid":0,"hokbn":1,"svcsyucode":1,"symd":"20220101","eymd":"20220101","syukeikbn":1}
[2022-08-12T14:15:08.181] [INFO] default - folder=> SIHS
[2022-08-12T14:15:08.181] [INFO] default - request=> GET
[2022-08-12T14:16:37.946] [INFO] default - name=> NenkanRiyouNissuIcrn
[2022-08-12T14:16:37.947] [INFO] default - params=>{"uniqid":1,"traceid":123,"getkbn":0,"entpriid":0,"hokbn":1,"svcsyucode":1,"symd":"20220101","eymd":"20220101","syukeikbn":1}
[2022-08-12T14:16:37.947] [INFO] default - folder=> SIHS
[2022-08-12T14:16:37.947] [INFO] default - request=> GET
[2022-08-12T14:16:56.343] [INFO] default - name=> NenkanRiyouNissuIcrn
[2022-08-12T14:16:56.344] [INFO] default - params=>{"uniqid":1,"traceid":123,"getkbn":0,"entpriid":0,"hokbn":1,"svcsyucode":1,"symd":"20220101","eymd":"20220101","syukeikbn":1}
[2022-08-12T14:16:56.344] [INFO] default - folder=> SIHS
[2022-08-12T14:16:56.344] [INFO] default - request=> GET
[2022-08-12T14:17:24.582] [INFO] default - name=> NenkanRiyouNissuIcrn
[2022-08-12T14:17:24.582] [INFO] default - params=>{"uniqid":1,"traceid":123,"getkbn":0,"entpriid":0,"hokbn":1,"svcsyucode":1,"symd":"20220101","eymd":"20220101","syukeikbn":1}
[2022-08-12T14:17:24.582] [INFO] default - folder=> SIHS
[2022-08-12T14:17:24.582] [INFO] default - request=> GET
[2022-08-12T14:18:09.149] [INFO] default - name=> NenkanRiyouNissuIcrn
[2022-08-12T14:18:09.150] [INFO] default - params=>{"uniqid":1,"traceid":123,"getkbn":0,"entpriid":0,"hokbn":1,"svcsyucode":1,"symd":"20220101","eymd":"20220101","syukeikbn":1}
[2022-08-12T14:18:09.150] [INFO] default - folder=> SIHS
[2022-08-12T14:18:09.150] [INFO] default - request=> GET
[2022-08-12T14:31:02.102] [INFO] default - name=> NenkanRiyouNissuIcrn
[2022-08-12T14:31:02.103] [INFO] default - params=>{"uniqid":1,"traceid":123,"getkbn":0,"entpriid":0,"hokbn":1,"svcsyucode":1,"symd":"20220101","eymd":"20220101","syukeikbn":1}
[2022-08-12T14:31:02.103] [INFO] default - folder=> SIHS
[2022-08-12T14:31:02.103] [INFO] default - request=> GET
[2022-08-12T14:31:22.705] [INFO] default - name=> NenkanRiyouNissuIcrn
[2022-08-12T14:31:22.706] [INFO] default - params=>{"uniqid":1,"traceid":123,"getkbn":0,"entpriid":0,"hokbn":1,"svcsyucode":1,"symd":"20220101","eymd":"20220101","syukeikbn":1}
[2022-08-12T14:31:22.706] [INFO] default - folder=> SIHS
[2022-08-12T14:31:22.706] [INFO] default - request=> GET
[2022-08-12T14:34:14.627] [INFO] default - name=> NenkanRiyouNissuIcrn
[2022-08-12T14:34:14.628] [INFO] default - params=>{"uniqid":1,"traceid":123,"getkbn":0,"entpriid":0,"hokbn":1,"svcsyucode":1,"symd":"20220101","eymd":"20220101","syukeikbn":1}
[2022-08-12T14:34:14.628] [INFO] default - folder=> SIHS
[2022-08-12T14:34:14.628] [INFO] default - request=> GET
[2022-08-12T14:41:08.379] [INFO] default - name=> NenkanRiyouNissuIcrn
[2022-08-12T14:41:08.379] [INFO] default - params=>{"uniqid":1,"traceid":123,"getkbn":0,"entpriid":0,"hokbn":1,"svcsyucode":1,"symd":"20220101","eymd":"20220101","syukeikbn":1}
[2022-08-12T14:41:08.379] [INFO] default - folder=> SIHS
[2022-08-12T14:41:08.379] [INFO] default - request=> GET
[2022-08-12T14:49:19.840] [INFO] default - name=> NenkanRiyouNissuIcrn
[2022-08-12T14:49:19.841] [INFO] default - params=>{"uniqid":1,"traceid":123,"getkbn":0,"entpriid":0,"hokbn":1,"svcsyucode":1,"symd":"20220101","eymd":"20220101","syukeikbn":1}
[2022-08-12T14:49:19.841] [INFO] default - folder=> SIHS
[2022-08-12T14:49:19.841] [INFO] default - request=> GET
[2022-08-12T14:51:04.619] [INFO] default - name=> NenkanRiyouNissuIcrn
[2022-08-12T14:51:04.620] [INFO] default - params=>{"uniqid":1,"traceid":123,"getkbn":0,"entpriid":0,"hokbn":1,"svcsyucode":1,"symd":"20220101","eymd":"20220101","syukeikbn":1}
[2022-08-12T14:51:04.620] [INFO] default - folder=> SIHS
[2022-08-12T14:51:04.620] [INFO] default - request=> GET
[2022-08-12T14:51:24.870] [INFO] default - name=> NenkanRiyouNissuIcrn
[2022-08-12T14:51:24.871] [INFO] default - params=>{"uniqid":1,"traceid":123,"getkbn":0,"entpriid":0,"hokbn":1,"svcsyucode":1,"symd":"20220101","eymd":"20220101","syukeikbn":1}
[2022-08-12T14:51:24.871] [INFO] default - folder=> SIHS
[2022-08-12T14:51:24.871] [INFO] default - request=> GET
[2022-08-12T14:57:51.024] [INFO] default - name=> NenkanRiyouNissuIcrn
[2022-08-12T14:57:51.025] [INFO] default - params=>{"uniqid":1,"traceid":123,"getkbn":0,"entpriid":0,"hokbn":1,"svcsyucode":1,"symd":"20220101","eymd":"20220101","syukeikbn":1}
[2022-08-12T14:57:51.025] [INFO] default - folder=> SIHS
[2022-08-12T14:57:51.025] [INFO] default - request=> GET
[2022-08-12T14:57:59.919] [INFO] default - name=> NenkanRiyouNissuIcrn
[2022-08-12T14:57:59.920] [INFO] default - params=>{"uniqid":1,"traceid":123,"getkbn":0,"entpriid":0,"hokbn":1,"svcsyucode":1,"symd":"20220101","eymd":"20220101","syukeikbn":1}
[2022-08-12T14:57:59.921] [INFO] default - folder=> SIHS
[2022-08-12T14:57:59.921] [INFO] default - request=> GET
[2022-08-12T14:59:01.832] [INFO] default - name=> NenkanRiyouNissuIcrn
[2022-08-12T14:59:01.832] [INFO] default - params=>{"uniqid":1,"traceid":123,"getkbn":0,"entpriid":0,"hokbn":1,"svcsyucode":1,"symd":"20220101","eymd":"20220101","syukeikbn":1}
[2022-08-12T14:59:01.833] [INFO] default - folder=> SIHS
[2022-08-12T14:59:01.833] [INFO] default - request=> GET
[2022-08-12T14:59:46.081] [INFO] default - name=> NenkanRiyouNissuIcrn
[2022-08-12T14:59:46.082] [INFO] default - params=>{"uniqid":1,"traceid":123,"getkbn":0,"entpriid":0,"hokbn":1,"svcsyucode":1,"symd":"20220101","eymd":"20220101","syukeikbn":1}
[2022-08-12T14:59:46.082] [INFO] default - folder=> SIHS
[2022-08-12T14:59:46.082] [INFO] default - request=> GET
[2022-08-12T15:00:35.285] [INFO] default - name=> NenkanRiyouNissuIcrn
[2022-08-12T15:00:35.285] [INFO] default - params=>{"uniqid":1,"traceid":123,"getkbn":0,"entpriid":0,"hokbn":1,"svcsyucode":1,"symd":"20220101","eymd":"20220101","syukeikbn":1}
[2022-08-12T15:00:35.285] [INFO] default - folder=> SIHS
[2022-08-12T15:00:35.286] [INFO] default - request=> GET
[2022-08-12T15:01:55.621] [INFO] default - name=> NenkanRiyouNissuIcrn
[2022-08-12T15:01:55.622] [INFO] default - params=>{"uniqid":1,"traceid":123,"getkbn":0,"entpriid":0,"hokbn":1,"svcsyucode":1,"symd":"20220101","eymd":"20220101","syukeikbn":1}
[2022-08-12T15:01:55.622] [INFO] default - folder=> SIHS
[2022-08-12T15:01:55.622] [INFO] default - request=> GET
[2022-08-12T15:03:36.254] [INFO] default - name=> NenkanRiyouNissuIcrn
[2022-08-12T15:03:36.255] [INFO] default - params=>{"uniqid":1,"traceid":123,"getkbn":0,"entpriid":0,"hokbn":1,"svcsyucode":1,"symd":"20220101","eymd":"20220101","syukeikbn":1}
[2022-08-12T15:03:36.255] [INFO] default - folder=> SIHS
[2022-08-12T15:03:36.255] [INFO] default - request=> GET
[2022-08-12T15:04:00.444] [INFO] default - name=> NenkanRiyouNissuIcrn
[2022-08-12T15:04:00.444] [INFO] default - params=>{"uniqid":1,"traceid":123,"getkbn":0,"entpriid":0,"hokbn":1,"svcsyucode":1,"symd":"20220101","eymd":"20220101","syukeikbn":1}
[2022-08-12T15:04:00.444] [INFO] default - folder=> SIHS
[2022-08-12T15:04:00.444] [INFO] default - request=> GET
[2022-08-12T15:10:49.077] [INFO] default - name=> NenkanRiyouNissuIcrn
[2022-08-12T15:10:49.078] [INFO] default - params=>{"uniqid":1,"traceid":123,"getkbn":0,"entpriid":0,"hokbn":1,"svcsyucode":1,"symd":"20220101","eymd":"20220101","syukeikbn":1}
[2022-08-12T15:10:49.078] [INFO] default - folder=> SIHS
[2022-08-12T15:10:49.078] [INFO] default - request=> GET
[2022-08-12T15:13:01.225] [INFO] default - name=> NenkanRiyouNissuIcrn
[2022-08-12T15:13:01.226] [INFO] default - params=>{"uniqid":1,"traceid":123,"getkbn":0,"entpriid":0,"hokbn":1,"svcsyucode":1,"symd":"20220101","eymd":"20220101","syukeikbn":1}
[2022-08-12T15:13:01.226] [INFO] default - folder=> SIHS
[2022-08-12T15:13:01.226] [INFO] default - request=> GET
[2022-08-12T15:13:48.081] [INFO] default - name=> NenkanRiyouNissuIcrn
[2022-08-12T15:13:48.081] [INFO] default - params=>{"uniqid":1,"traceid":123,"getkbn":0,"entpriid":0,"hokbn":1,"svcsyucode":1,"symd":"20220101","eymd":"20220101","syukeikbn":1}
[2022-08-12T15:13:48.081] [INFO] default - folder=> SIHS
[2022-08-12T15:13:48.081] [INFO] default - request=> GET
[2022-08-12T15:13:49.722] [INFO] default - name=> NenkanRiyouNissuIcrn
[2022-08-12T15:13:49.722] [INFO] default - params=>{"uniqid":1,"traceid":123,"getkbn":0,"entpriid":0,"hokbn":1,"svcsyucode":1,"symd":"20220101","eymd":"20220101","syukeikbn":1}
[2022-08-12T15:13:49.722] [INFO] default - folder=> SIHS
[2022-08-12T15:13:49.722] [INFO] default - request=> GET
[2022-08-12T15:14:10.402] [INFO] default - name=> NenkanRiyouNissuIcrn
[2022-08-12T15:14:10.402] [INFO] default - params=>{"uniqid":1,"traceid":123,"getkbn":0,"entpriid":0,"hokbn":1,"svcsyucode":1,"symd":"20220101","eymd":"20220101","syukeikbn":1}
[2022-08-12T15:14:10.402] [INFO] default - folder=> SIHS
[2022-08-12T15:14:10.402] [INFO] default - request=> GET
[2022-08-12T15:14:13.812] [INFO] default - name=> NenkanRiyouNissuIcrn
[2022-08-12T15:14:13.812] [INFO] default - params=>{"uniqid":1,"traceid":123,"getkbn":0,"entpriid":0,"hokbn":1,"svcsyucode":1,"symd":"20220101","eymd":"20220101","syukeikbn":1}
[2022-08-12T15:14:13.812] [INFO] default - folder=> SIHS
[2022-08-12T15:14:13.813] [INFO] default - request=> GET
[2022-08-12T15:15:24.018] [INFO] default - name=> NenkanRiyouNissuIcrn
[2022-08-12T15:15:24.018] [INFO] default - params=>{"uniqid":1,"traceid":123,"getkbn":0,"entpriid":0,"hokbn":1,"svcsyucode":1,"symd":"20220101","eymd":"20220101","syukeikbn":1}
[2022-08-12T15:15:24.018] [INFO] default - folder=> SIHS
[2022-08-12T15:15:24.018] [INFO] default - request=> GET
[2022-08-12T15:15:31.594] [INFO] default - name=> NenkanRiyouNissuIcrn
[2022-08-12T15:15:31.594] [INFO] default - params=>{"uniqid":1,"traceid":123,"getkbn":0,"entpriid":0,"hokbn":1,"svcsyucode":1,"symd":"20220101","eymd":"20220101","syukeikbn":1}
[2022-08-12T15:15:31.595] [INFO] default - folder=> SIHS
[2022-08-12T15:15:31.595] [INFO] default - request=> GET
[2022-08-12T15:15:36.478] [INFO] default - name=> NenkanRiyouNissuIcrn
[2022-08-12T15:15:36.478] [INFO] default - params=>{"uniqid":1,"traceid":123,"getkbn":0,"entpriid":0,"hokbn":1,"svcsyucode":1,"symd":"20220101","eymd":"20220101","syukeikbn":1}
[2022-08-12T15:15:36.478] [INFO] default - folder=> SIHS
[2022-08-12T15:15:36.478] [INFO] default - request=> GET
[2022-08-12T15:15:44.951] [INFO] default - name=> NenkanRiyouNissuIcrn
[2022-08-12T15:15:44.951] [INFO] default - params=>{"uniqid":1,"traceid":123,"getkbn":0,"entpriid":0,"hokbn":1,"svcsyucode":1,"symd":"20220101","eymd":"20220101","syukeikbn":1}
[2022-08-12T15:15:44.951] [INFO] default - folder=> SIHS
[2022-08-12T15:15:44.951] [INFO] default - request=> GET
[2022-08-12T15:16:03.740] [INFO] default - name=> NenkanRiyouNissuIcrn
[2022-08-12T15:16:03.740] [INFO] default - params=>{"uniqid":1,"traceid":123,"getkbn":0,"entpriid":0,"hokbn":1,"svcsyucode":1,"symd":"20220101","eymd":"20220101","syukeikbn":1}
[2022-08-12T15:16:03.740] [INFO] default - folder=> SIHS
[2022-08-12T15:16:03.740] [INFO] default - request=> GET
[2022-08-12T15:16:13.107] [INFO] default - name=> NenkanRiyouNissuIcrn
[2022-08-12T15:16:13.108] [INFO] default - params=>{"uniqid":1,"traceid":123,"getkbn":0,"entpriid":0,"hokbn":1,"svcsyucode":1,"symd":"20220101","eymd":"20220101","syukeikbn":1}
[2022-08-12T15:16:13.108] [INFO] default - folder=> SIHS
[2022-08-12T15:16:13.108] [INFO] default - request=> GET
[2022-08-12T15:16:18.463] [INFO] default - name=> NenkanRiyouNissuIcrn
[2022-08-12T15:16:18.464] [INFO] default - params=>{"uniqid":1,"traceid":123,"getkbn":0,"entpriid":0,"hokbn":1,"svcsyucode":1,"symd":"20220101","eymd":"20220101","syukeikbn":1}
[2022-08-12T15:16:18.464] [INFO] default - folder=> SIHS
[2022-08-12T15:16:18.464] [INFO] default - request=> GET
[2022-08-12T15:16:21.729] [INFO] default - name=> NenkanRiyouNissuIcrn
[2022-08-12T15:16:21.729] [INFO] default - params=>{"uniqid":1,"traceid":123,"getkbn":0,"entpriid":0,"hokbn":1,"svcsyucode":1,"symd":"20220101","eymd":"20220101","syukeikbn":1}
[2022-08-12T15:16:21.729] [INFO] default - folder=> SIHS
[2022-08-12T15:16:21.729] [INFO] default - request=> GET
[2022-08-12T15:16:25.764] [INFO] default - name=> NenkanRiyouNissuIcrn
[2022-08-12T15:16:25.764] [INFO] default - params=>{"uniqid":1,"traceid":123,"getkbn":0,"entpriid":0,"hokbn":1,"svcsyucode":1,"symd":"20220101","eymd":"20220101","syukeikbn":1}
[2022-08-12T15:16:25.764] [INFO] default - folder=> SIHS
[2022-08-12T15:16:25.765] [INFO] default - request=> GET
[2022-08-12T15:18:52.664] [INFO] default - name=> NenkanRiyouNissuIcrn
[2022-08-12T15:18:52.665] [INFO] default - params=>{"uniqid":1,"traceid":123,"getkbn":0,"entpriid":0,"hokbn":1,"svcsyucode":1,"symd":"20220101","eymd":"20220101","syukeikbn":1}
[2022-08-12T15:18:52.665] [INFO] default - folder=> SIHS
[2022-08-12T15:18:52.665] [INFO] default - request=> GET
[2022-08-12T15:19:37.277] [INFO] default - name=> NenkanRiyouNissuIcrn
[2022-08-12T15:19:37.277] [INFO] default - params=>{"uniqid":1,"traceid":123,"getkbn":0,"entpriid":0,"hokbn":1,"svcsyucode":1,"symd":"20220101","eymd":"20220101","syukeikbn":1}
[2022-08-12T15:19:37.278] [INFO] default - folder=> SIHS
[2022-08-12T15:19:37.278] [INFO] default - request=> GET
[2022-08-12T15:19:58.588] [INFO] default - name=> NenkanRiyouNissuIcrn
[2022-08-12T15:19:58.588] [INFO] default - params=>{"uniqid":1,"traceid":123,"getkbn":0,"entpriid":0,"hokbn":1,"svcsyucode":1,"symd":"20220101","eymd":"20220101","syukeikbn":1}
[2022-08-12T15:19:58.589] [INFO] default - folder=> SIHS
[2022-08-12T15:19:58.589] [INFO] default - request=> GET
[2022-08-12T15:20:08.602] [INFO] default - name=> NenkanRiyouNissuIcrn
[2022-08-12T15:20:08.602] [INFO] default - params=>{"uniqid":1,"traceid":123,"getkbn":0,"entpriid":0,"hokbn":1,"svcsyucode":1,"symd":"20220101","eymd":"20220101","syukeikbn":1}
[2022-08-12T15:20:08.602] [INFO] default - folder=> SIHS
[2022-08-12T15:20:08.602] [INFO] default - request=> GET
[2022-08-12T15:20:21.099] [INFO] default - name=> NenkanRiyouNissuIcrn
[2022-08-12T15:20:21.099] [INFO] default - params=>{"uniqid":1,"traceid":123,"getkbn":0,"entpriid":0,"hokbn":1,"svcsyucode":1,"symd":"20220101","eymd":"20220101","syukeikbn":1}
[2022-08-12T15:20:21.099] [INFO] default - folder=> SIHS
[2022-08-12T15:20:21.099] [INFO] default - request=> GET
[2022-08-12T15:21:43.931] [INFO] default - name=> NenkanRiyouNissuIcrn
[2022-08-12T15:21:43.931] [INFO] default - params=>{"uniqid":1,"traceid":123,"getkbn":0,"entpriid":0,"hokbn":1,"svcsyucode":1,"symd":"20220101","eymd":"20220101","syukeikbn":1}
[2022-08-12T15:21:43.931] [INFO] default - folder=> SIHS
[2022-08-12T15:21:43.931] [INFO] default - request=> GET
[2022-08-12T15:21:51.240] [INFO] default - name=> NenkanRiyouNissuIcrn
[2022-08-12T15:21:51.240] [INFO] default - params=>{"uniqid":1,"traceid":123,"getkbn":0,"entpriid":0,"hokbn":1,"svcsyucode":1,"symd":"20220101","eymd":"20220101","syukeikbn":1}
[2022-08-12T15:21:51.241] [INFO] default - folder=> SIHS
[2022-08-12T15:21:51.241] [INFO] default - request=> GET
[2022-08-12T15:22:06.231] [INFO] default - name=> NenkanRiyouNissuIcrn
[2022-08-12T15:22:06.231] [INFO] default - params=>{"uniqid":1,"traceid":123,"getkbn":0,"entpriid":0,"hokbn":1,"svcsyucode":1,"symd":"20220101","eymd":"20220101","syukeikbn":1}
[2022-08-12T15:22:06.231] [INFO] default - folder=> SIHS
[2022-08-12T15:22:06.231] [INFO] default - request=> GET
[2022-08-12T15:23:28.565] [INFO] default - name=> NenkanRiyouNissuIcrn
[2022-08-12T15:23:28.566] [INFO] default - params=>{"uniqid":1,"traceid":123,"getkbn":0,"entpriid":0,"hokbn":1,"svcsyucode":1,"symd":"20220101","eymd":"20220101","syukeikbn":1}
[2022-08-12T15:23:28.567] [INFO] default - folder=> SIHS
[2022-08-12T15:23:28.567] [INFO] default - request=> GET
[2022-08-12T15:24:32.941] [INFO] default - name=> NenkanRiyouNissuIcrn
[2022-08-12T15:24:32.942] [INFO] default - params=>{"uniqid":1,"traceid":123,"getkbn":0,"entpriid":0,"hokbn":1,"svcsyucode":1,"symd":"20220101","eymd":"20220101","syukeikbn":1}
[2022-08-12T15:24:32.942] [INFO] default - folder=> SIHS
[2022-08-12T15:24:32.942] [INFO] default - request=> GET
[2022-08-12T15:24:51.563] [INFO] default - name=> NenkanRiyouNissuIcrn
[2022-08-12T15:24:51.563] [INFO] default - params=>{"uniqid":1,"traceid":123,"getkbn":0,"entpriid":0,"hokbn":1,"svcsyucode":1,"symd":"20220101","eymd":"20220101","syukeikbn":1}
[2022-08-12T15:24:51.564] [INFO] default - folder=> SIHS
[2022-08-12T15:24:51.564] [INFO] default - request=> GET
[2022-08-12T15:25:19.730] [INFO] default - name=> NenkanRiyouNissuIcrn
[2022-08-12T15:25:19.731] [INFO] default - params=>{"uniqid":1,"traceid":123,"getkbn":0,"entpriid":0,"hokbn":1,"svcsyucode":1,"symd":"20220101","eymd":"20220101","syukeikbn":1}
[2022-08-12T15:25:19.731] [INFO] default - folder=> SIHS
[2022-08-12T15:25:19.731] [INFO] default - request=> GET
[2022-08-12T15:30:51.802] [INFO] default - name=> NenkanRiyouNissuIcrn
[2022-08-12T15:30:51.803] [INFO] default - params=>{"uniqid":1,"traceid":123,"getkbn":0,"entpriid":0,"hokbn":1,"svcsyucode":1,"symd":"20220101","eymd":"20220101","syukeikbn":1}
[2022-08-12T15:30:51.803] [INFO] default - folder=> SIHS
[2022-08-12T15:30:51.803] [INFO] default - request=> GET
[2022-08-12T15:31:42.216] [INFO] default - name=> NenkanRiyouNissuIcrn
[2022-08-12T15:31:42.217] [INFO] default - params=>{"uniqid":1,"traceid":123,"getkbn":0,"entpriid":0,"hokbn":1,"svcsyucode":1,"symd":"20220101","eymd":"20220101","syukeikbn":1}
[2022-08-12T15:31:42.217] [INFO] default - folder=> SIHS
[2022-08-12T15:31:42.217] [INFO] default - request=> GET
[2022-08-12T15:32:19.409] [INFO] default - name=> NenkanRiyouNissuIcrn
[2022-08-12T15:32:19.410] [INFO] default - params=>{"uniqid":1,"traceid":123,"getkbn":0,"entpriid":0,"hokbn":1,"svcsyucode":1,"symd":"20220101","eymd":"20220101","syukeikbn":1}
[2022-08-12T15:32:19.410] [INFO] default - folder=> SIHS
[2022-08-12T15:32:19.410] [INFO] default - request=> GET
[2022-08-12T15:33:02.952] [INFO] default - name=> NenkanRiyouNissuIcrn
[2022-08-12T15:33:02.953] [INFO] default - params=>{"uniqid":1,"traceid":123,"getkbn":0,"entpriid":0,"hokbn":1,"svcsyucode":1,"symd":"20220101","eymd":"20220101","syukeikbn":1}
[2022-08-12T15:33:02.953] [INFO] default - folder=> SIHS
[2022-08-12T15:33:02.953] [INFO] default - request=> GET
[2022-08-12T15:33:31.688] [INFO] default - name=> NenkanRiyouNissuIcrn
[2022-08-12T15:33:31.689] [INFO] default - params=>{"uniqid":1,"traceid":123,"getkbn":0,"entpriid":0,"hokbn":1,"svcsyucode":1,"symd":"20220101","eymd":"20220101","syukeikbn":1}
[2022-08-12T15:33:31.689] [INFO] default - folder=> SIHS
[2022-08-12T15:33:31.689] [INFO] default - request=> GET
