[2022-08-01T17:01:01.786] [INFO] default - name1=> NenkanRiyouNissuIcrn
[2022-08-01T17:01:01.787] [INFO] default - uniqid=> 1
[2022-08-01T17:01:01.787] [INFO] default - trace=> 123
[2022-08-01T17:11:33.475] [INFO] default - name1=> NenkanRiyouNissuIcrn
[2022-08-01T17:11:33.475] [INFO] default - uniqid=> 1
[2022-08-01T17:11:33.475] [INFO] default - trace=> 123
[2022-08-01T17:11:36.822] [INFO] default - name1=> NenkanRiyouNissuIcrn
[2022-08-01T17:11:36.822] [INFO] default - uniqid=> 1
[2022-08-01T17:11:36.822] [INFO] default - trace=> 123
[2022-08-01T17:11:46.990] [INFO] default - name1=> NenkanRiyouNissuIcrn
[2022-08-01T17:11:46.990] [INFO] default - uniqid=> 1
[2022-08-01T17:11:46.990] [INFO] default - trace=> 123
[2022-08-01T17:11:52.652] [INFO] default - name1=> NenkanRiyouNissuIcrn
[2022-08-01T17:11:52.652] [INFO] default - uniqid=> 1
[2022-08-01T17:11:52.652] [INFO] default - trace=> 123
[2022-08-01T17:24:36.696] [INFO] default - name1=> NenkanRiyouNissuIcrn
[2022-08-01T17:24:36.697] [INFO] default - uniqid=> 1
[2022-08-01T17:24:36.697] [INFO] default - trace=> 123
[2022-08-01T17:25:12.061] [INFO] default - name1=> NenkanRiyouNissuIcrn
[2022-08-01T17:25:12.061] [INFO] default - uniqid=> 1
[2022-08-01T17:25:12.061] [INFO] default - trace=> 123
[2022-08-01T17:31:30.242] [INFO] default - name1=> NenkanRiyouNissuIcrn
[2022-08-01T17:31:30.243] [INFO] default - uniqid=> 1
[2022-08-01T17:31:30.243] [INFO] default - trace=> 123
[2022-08-01T17:32:33.628] [INFO] default - name1=> KeiyakuHokoku
[2022-08-01T17:32:33.629] [INFO] default - uniqid=> 1
[2022-08-01T17:32:33.629] [INFO] default - trace=> 123
[2022-08-01T17:34:56.640] [INFO] default - name1=> NenkanRiyouNissuIcrn
[2022-08-01T17:34:56.641] [INFO] default - uniqid=> 1
[2022-08-01T17:34:56.641] [INFO] default - trace=> 123
[2022-08-01T17:34:56.641] [INFO] default - request=> GET
[2022-08-01T17:35:08.559] [INFO] default - name1=> KeiyakuHokoku
[2022-08-01T17:35:08.560] [INFO] default - uniqid=> 1
[2022-08-01T17:35:08.560] [INFO] default - trace=> 123
[2022-08-01T17:35:08.560] [INFO] default - request=> POST
[2022-08-01T17:41:17.227] [INFO] default - name1=> KeiyakuHokoku
[2022-08-01T17:41:17.228] [INFO] default - uniqid=> 1
[2022-08-01T17:41:17.228] [INFO] default - trace=> 123
[2022-08-01T17:41:17.228] [INFO] default - request=> POST
[2022-08-01T17:41:48.574] [INFO] default - name1=> KeiyakuHokoku
[2022-08-01T17:41:48.574] [INFO] default - uniqid=> 1
[2022-08-01T17:41:48.574] [INFO] default - trace=> 123
[2022-08-01T17:41:48.574] [INFO] default - request=> POST
[2022-08-01T17:41:58.510] [INFO] default - name1=> KeiyakuHokoku
[2022-08-01T17:41:58.510] [INFO] default - uniqid=> 1
[2022-08-01T17:41:58.510] [INFO] default - trace=> 123
[2022-08-01T17:41:58.510] [INFO] default - request=> POST
[2022-08-01T17:42:54.044] [INFO] default - name1=> KeiyakuHokoku
[2022-08-01T17:42:54.045] [INFO] default - uniqid=> 1
[2022-08-01T17:42:54.045] [INFO] default - trace=> 123
[2022-08-01T17:42:54.045] [INFO] default - request=> POST
[2022-08-01T17:43:20.127] [INFO] default - name1=> KeiyakuHokoku
[2022-08-01T17:43:20.128] [INFO] default - uniqid=> 1
[2022-08-01T17:43:20.128] [INFO] default - trace=> 123
[2022-08-01T17:43:20.128] [INFO] default - request=> POST
[2022-08-01T18:02:46.494] [INFO] default - name1=> KeiyakuHokoku
[2022-08-01T18:02:46.495] [INFO] default - uniqid=> 1
[2022-08-01T18:02:46.495] [INFO] default - trace=> 123
[2022-08-01T18:02:46.495] [INFO] default - request=> POST
