[2022-08-02T16:56:10.912] [INFO] default - name=> KeiyakuHokoku
[2022-08-02T16:56:10.912] [INFO] default - folder=> SIHMAIN
[2022-08-02T16:56:10.913] [INFO] default - params=>{"data":{"code":"POST","uniqid":1,"traceid":123,"firstName":"firstTest","lastName":"lastTest"}}
[2022-08-02T16:56:10.913] [INFO] default - code=>undefined
[2022-08-02T16:56:10.913] [INFO] default - request=> POST
[2022-08-02T16:56:34.363] [INFO] default - name=> KeiyakuHokoku
[2022-08-02T16:56:34.364] [INFO] default - folder=> SIHMAIN
[2022-08-02T16:56:34.364] [INFO] default - params=>{"data":{"code":"POST","uniqid":1,"traceid":123,"firstName":"firstTest","lastName":"lastTest"}}
[2022-08-02T16:56:34.364] [INFO] default - code=>undefined
[2022-08-02T16:56:34.364] [INFO] default - request=> POST
[2022-08-02T16:56:57.407] [INFO] default - name=> KeiyakuHokoku
[2022-08-02T16:56:57.408] [INFO] default - params=>{"uniqid":1,"traceid":123,"riyocode":10000001,"svcsyocode":"10001"}
[2022-08-02T16:56:57.408] [INFO] default - folder=> SIHMAIN
[2022-08-02T16:56:57.408] [INFO] default - request=> GET
[2022-08-02T16:56:58.533] [INFO] default - name=> KeiyakuHokoku
[2022-08-02T16:56:58.533] [INFO] default - folder=> SIHMAIN
[2022-08-02T16:56:58.533] [INFO] default - params=>{"data":{"code":"POST","uniqid":1,"traceid":123,"firstName":"firstTest","lastName":"lastTest"}}
[2022-08-02T16:56:58.533] [INFO] default - code=>undefined
[2022-08-02T16:56:58.533] [INFO] default - request=> POST
[2022-08-02T16:57:40.587] [INFO] default - name=> KeiyakuHokoku
[2022-08-02T16:57:40.588] [INFO] default - folder=> SIHMAIN
[2022-08-02T16:57:40.588] [INFO] default - params=>{"data":{"code":"POST","uniqid":1,"traceid":123,"firstName":"firstTest","lastName":"lastTest"}}
[2022-08-02T16:57:40.588] [INFO] default - code=>undefined
[2022-08-02T16:57:40.588] [INFO] default - request=> POST
[2022-08-02T16:57:57.440] [INFO] default - name=> KeiyakuHokoku
[2022-08-02T16:57:57.440] [INFO] default - folder=> SIHMAIN
[2022-08-02T16:57:57.440] [INFO] default - params=>{"data":{"code":"POST","uniqid":1,"traceid":123,"firstName":"firstTest","lastName":"lastTest"}}
[2022-08-02T16:57:57.440] [INFO] default - code=>undefined
[2022-08-02T16:57:57.440] [INFO] default - request=> POST
[2022-08-02T16:59:57.495] [INFO] default - name=> KeiyakuHokoku
[2022-08-02T16:59:57.495] [INFO] default - folder=> SIHMAIN
[2022-08-02T16:59:57.496] [INFO] default - params=>{"data":{"code":"POST","uniqid":1,"traceid":123,"firstName":"firstTest","lastName":"lastTest"}}
[2022-08-02T16:59:57.496] [INFO] default - code=>undefined
[2022-08-02T16:59:57.496] [INFO] default - request=> POST
[2022-08-02T17:03:43.310] [INFO] default - name=> KeiyakuHokoku
[2022-08-02T17:03:43.310] [INFO] default - params=>{"uniqid":1,"traceid":123,"riyocode":10000001,"svcsyocode":"10001"}
[2022-08-02T17:03:43.310] [INFO] default - folder=> SIHMAIN
[2022-08-02T17:03:43.310] [INFO] default - request=> GET
[2022-08-02T17:03:49.445] [INFO] default - name=> KeiyakuHokoku
[2022-08-02T17:03:49.445] [INFO] default - params=>{"uniqid":1,"traceid":123}
[2022-08-02T17:03:49.445] [INFO] default - folder=> SIHMAIN
[2022-08-02T17:03:49.445] [INFO] default - request=> GET
[2022-08-02T17:03:55.237] [INFO] default - name=> KeiyakuHokoku
[2022-08-02T17:03:55.238] [INFO] default - params=>{"uniqid":1,"traceid":123,"riyocode":10000001,"svcsyocode":"10001"}
[2022-08-02T17:03:55.238] [INFO] default - folder=> SIHMAIN
[2022-08-02T17:03:55.238] [INFO] default - request=> GET
[2022-08-02T17:03:59.110] [INFO] default - name=> KeiyakuHokoku
[2022-08-02T17:03:59.110] [INFO] default - folder=> SIHMAIN
[2022-08-02T17:03:59.110] [INFO] default - params=>{"data":{"code":"POST","uniqid":1,"traceid":123,"firstName":"firstTest","lastName":"lastTest"}}
[2022-08-02T17:03:59.110] [INFO] default - code=>POST
[2022-08-02T17:03:59.110] [INFO] default - request=> POST
[2022-08-02T17:04:21.278] [INFO] default - name=> KeiyakuHokoku
[2022-08-02T17:04:21.278] [INFO] default - params=>{"uniqid":1,"traceid":123}
[2022-08-02T17:04:21.278] [INFO] default - folder=> SIHMAIN
[2022-08-02T17:04:21.279] [INFO] default - request=> GET
[2022-08-02T17:04:23.528] [INFO] default - name=> KeiyakuHokoku
[2022-08-02T17:04:23.528] [INFO] default - params=>{"uniqid":1,"traceid":123,"riyocode":10000001,"svcsyocode":"10001"}
[2022-08-02T17:04:23.528] [INFO] default - folder=> SIHMAIN
[2022-08-02T17:04:23.528] [INFO] default - request=> GET
[2022-08-02T17:04:24.762] [INFO] default - name=> KeiyakuHokoku
[2022-08-02T17:04:24.763] [INFO] default - folder=> SIHMAIN
[2022-08-02T17:04:24.763] [INFO] default - params=>{"data":{"code":"POST","uniqid":1,"traceid":123,"firstName":"firstTest","lastName":"lastTest"}}
[2022-08-02T17:04:24.763] [INFO] default - code=>POST
[2022-08-02T17:04:24.763] [INFO] default - request=> POST
[2022-08-02T17:04:31.686] [INFO] default - name=> KeiyakuHokoku
[2022-08-02T17:04:31.687] [INFO] default - params=>{"uniqid":1,"traceid":123,"riyocode":10000001,"svcsyocode":"10001"}
[2022-08-02T17:04:31.687] [INFO] default - folder=> SIHMAIN
[2022-08-02T17:04:31.687] [INFO] default - request=> GET
[2022-08-02T17:04:37.586] [INFO] default - name=> KeiyakuHokoku
[2022-08-02T17:04:37.587] [INFO] default - folder=> SIHMAIN
[2022-08-02T17:04:37.587] [INFO] default - params=>{"data":{"code":"POST","uniqid":1,"traceid":123,"firstName":"firstTest","lastName":"lastTest"}}
[2022-08-02T17:04:37.587] [INFO] default - code=>POST
[2022-08-02T17:04:37.587] [INFO] default - request=> POST
[2022-08-02T17:05:34.644] [INFO] default - name=> KeiyakuHokoku
[2022-08-02T17:05:34.644] [INFO] default - params=>{"uniqid":1,"traceid":123}
[2022-08-02T17:05:34.644] [INFO] default - folder=> SIHMAIN
[2022-08-02T17:05:34.644] [INFO] default - request=> GET
[2022-08-02T17:05:36.344] [INFO] default - name=> KeiyakuHokoku
[2022-08-02T17:05:36.344] [INFO] default - params=>{"uniqid":1,"traceid":123,"riyocode":10000001,"svcsyocode":"10001"}
[2022-08-02T17:05:36.344] [INFO] default - folder=> SIHMAIN
[2022-08-02T17:05:36.345] [INFO] default - request=> GET
[2022-08-02T17:05:37.362] [INFO] default - name=> KeiyakuHokoku
[2022-08-02T17:05:37.362] [INFO] default - folder=> SIHMAIN
[2022-08-02T17:05:37.362] [INFO] default - params=>{"data":{"code":"POST","uniqid":1,"traceid":123,"firstName":"firstTest","lastName":"lastTest"}}
[2022-08-02T17:05:37.362] [INFO] default - code=>POST
[2022-08-02T17:05:37.362] [INFO] default - request=> POST
[2022-08-02T17:05:40.816] [INFO] default - name=> KeiyakuHokoku
[2022-08-02T17:05:40.816] [INFO] default - folder=> SIHMAIN
[2022-08-02T17:05:40.816] [INFO] default - params=>{"data":{"code":"POST","uniqid":1,"traceid":123,"firstName":"firstTest","lastName":"lastTest"}}
[2022-08-02T17:05:40.816] [INFO] default - code=>POST
[2022-08-02T17:05:40.816] [INFO] default - request=> POST
[2022-08-02T17:05:47.008] [INFO] default - name=> KeiyakuHokoku
[2022-08-02T17:05:47.009] [INFO] default - folder=> SIHMAIN
[2022-08-02T17:05:47.009] [INFO] default - params=>{"data":{"code":"POST","uniqid":1,"traceid":123,"firstName":"firstTest","lastName":"lastTest"}}
[2022-08-02T17:05:47.009] [INFO] default - code=>POST
[2022-08-02T17:05:47.009] [INFO] default - request=> POST
[2022-08-02T17:08:31.011] [INFO] default - name=> KeiyakuHokoku
[2022-08-02T17:08:31.011] [INFO] default - folder=> SIHMAIN
[2022-08-02T17:08:31.011] [INFO] default - params=>{"data":{"code":"POST","uniqid":1,"traceid":123,"firstName":"firstTest","lastName":"lastTest"}}
[2022-08-02T17:08:31.011] [INFO] default - code=>POST
[2022-08-02T17:08:31.012] [INFO] default - request=> POST
[2022-08-02T17:13:30.325] [INFO] default - name=> KeiyakuHokoku
[2022-08-02T17:13:30.325] [INFO] default - params=>{"uniqid":1,"traceid":123,"riyocode":10000001,"svcsyocode":"10002"}
[2022-08-02T17:13:30.325] [INFO] default - folder=> SIHMAIN
[2022-08-02T17:13:30.325] [INFO] default - request=> GET
[2022-08-02T17:13:31.230] [INFO] default - name=> KeiyakuHokoku
[2022-08-02T17:13:31.230] [INFO] default - params=>{"uniqid":1,"traceid":123,"riyocode":10000001,"svcsyocode":"10002"}
[2022-08-02T17:13:31.230] [INFO] default - folder=> SIHMAIN
[2022-08-02T17:13:31.230] [INFO] default - request=> GET
[2022-08-02T17:15:33.108] [INFO] default - name=> KeiyakuHokoku
[2022-08-02T17:15:33.108] [INFO] default - params=>{"uniqid":1,"traceid":123}
[2022-08-02T17:15:33.108] [INFO] default - folder=> SIHMAIN
[2022-08-02T17:15:33.108] [INFO] default - request=> GET
[2022-08-02T17:15:47.119] [INFO] default - name=> KeiyakuHokoku
[2022-08-02T17:15:47.119] [INFO] default - params=>{"uniqid":1,"traceid":123}
[2022-08-02T17:15:47.119] [INFO] default - folder=> SIHMAIN
[2022-08-02T17:15:47.119] [INFO] default - request=> GET
[2022-08-02T17:15:56.187] [INFO] default - name=> KeiyakuHokoku
[2022-08-02T17:15:56.187] [INFO] default - params=>{"uniqid":1,"traceid":123}
[2022-08-02T17:15:56.187] [INFO] default - folder=> SIHMAIN
[2022-08-02T17:15:56.187] [INFO] default - request=> GET
[2022-08-02T17:15:59.392] [INFO] default - name=> KeiyakuHokoku
[2022-08-02T17:15:59.392] [INFO] default - params=>{"uniqid":1,"traceid":123}
[2022-08-02T17:15:59.392] [INFO] default - folder=> SIHMAIN
[2022-08-02T17:15:59.393] [INFO] default - request=> GET
[2022-08-02T17:16:01.023] [INFO] default - name=> KeiyakuHokoku
[2022-08-02T17:16:01.023] [INFO] default - params=>{"uniqid":1,"traceid":123,"riyocode":10000001,"svcsyocode":"10001"}
[2022-08-02T17:16:01.023] [INFO] default - folder=> SIHMAIN
[2022-08-02T17:16:01.023] [INFO] default - request=> GET
[2022-08-02T17:16:02.776] [INFO] default - name=> KeiyakuHokoku
[2022-08-02T17:16:02.776] [INFO] default - folder=> SIHMAIN
[2022-08-02T17:16:02.776] [INFO] default - params=>{"params":{"code":"POST","uniqid":1,"traceid":123,"firstName":"firstTest","lastName":"lastTest"}}
[2022-08-02T17:16:13.050] [INFO] default - name=> KeiyakuHokoku
[2022-08-02T17:16:13.050] [INFO] default - params=>{"uniqid":1,"traceid":123}
[2022-08-02T17:16:13.050] [INFO] default - folder=> SIHMAIN
[2022-08-02T17:16:13.050] [INFO] default - request=> GET
[2022-08-02T17:16:26.933] [INFO] default - name=> KeiyakuHokoku
[2022-08-02T17:16:26.933] [INFO] default - params=>{"uniqid":1,"traceid":123}
[2022-08-02T17:16:26.933] [INFO] default - folder=> SIHMAIN
[2022-08-02T17:16:26.933] [INFO] default - request=> GET
[2022-08-02T17:16:38.231] [INFO] default - name=> KeiyakuHokoku
[2022-08-02T17:16:38.231] [INFO] default - params=>{"uniqid":1,"traceid":123}
[2022-08-02T17:16:38.231] [INFO] default - folder=> SIHMAIN
[2022-08-02T17:16:38.231] [INFO] default - request=> GET
[2022-08-02T17:16:41.018] [INFO] default - name=> KeiyakuHokoku
[2022-08-02T17:16:41.019] [INFO] default - params=>{"uniqid":1,"traceid":123}
[2022-08-02T17:16:41.019] [INFO] default - folder=> SIHMAIN
[2022-08-02T17:16:41.019] [INFO] default - request=> GET
[2022-08-02T17:16:45.638] [INFO] default - name=> KeiyakuHokoku
[2022-08-02T17:16:45.638] [INFO] default - params=>{"uniqid":1,"traceid":123,"riyocode":10000001,"svcsyocode":"10001"}
[2022-08-02T17:16:45.638] [INFO] default - folder=> SIHMAIN
[2022-08-02T17:16:45.638] [INFO] default - request=> GET
[2022-08-02T17:16:46.832] [INFO] default - name=> KeiyakuHokoku
[2022-08-02T17:16:46.833] [INFO] default - folder=> SIHMAIN
[2022-08-02T17:16:46.833] [INFO] default - params=>{"data":{"code":"POST","uniqid":1,"traceid":123,"firstName":"firstTest","lastName":"lastTest"}}
[2022-08-02T17:16:46.833] [INFO] default - code=>POST
[2022-08-02T17:16:46.833] [INFO] default - request=> POST
[2022-08-02T17:17:20.674] [INFO] default - name=> KeiyakuHokoku
[2022-08-02T17:17:20.674] [INFO] default - params=>{"uniqid":1,"traceid":123}
[2022-08-02T17:17:20.674] [INFO] default - folder=> SIHMAIN
[2022-08-02T17:17:20.674] [INFO] default - request=> GET
[2022-08-02T17:17:23.260] [INFO] default - name=> KeiyakuHokoku
[2022-08-02T17:17:23.260] [INFO] default - params=>{"uniqid":1,"traceid":123}
[2022-08-02T17:17:23.260] [INFO] default - folder=> SIHMAIN
[2022-08-02T17:17:23.260] [INFO] default - request=> GET
[2022-08-02T17:17:24.310] [INFO] default - name=> KeiyakuHokoku
[2022-08-02T17:17:24.310] [INFO] default - params=>{"uniqid":1,"traceid":123,"riyocode":10000001,"svcsyocode":"10001"}
[2022-08-02T17:17:24.310] [INFO] default - folder=> SIHMAIN
[2022-08-02T17:17:24.310] [INFO] default - request=> GET
[2022-08-02T17:17:25.400] [INFO] default - name=> KeiyakuHokoku
[2022-08-02T17:17:25.400] [INFO] default - folder=> SIHMAIN
[2022-08-02T17:17:25.400] [INFO] default - params=>{"data":{"code":"POST","uniqid":1,"traceid":123,"firstName":"firstTest","lastName":"lastTest"}}
[2022-08-02T17:17:25.400] [INFO] default - code=>POST
[2022-08-02T17:17:25.400] [INFO] default - request=> POST
[2022-08-02T17:17:45.517] [INFO] default - name=> KeiyakuHokoku
[2022-08-02T17:17:45.517] [INFO] default - params=>{"uniqid":1,"traceid":123}
[2022-08-02T17:17:45.517] [INFO] default - folder=> SIHMAIN
[2022-08-02T17:17:45.517] [INFO] default - request=> GET
[2022-08-02T17:17:47.972] [INFO] default - name=> KeiyakuHokoku
[2022-08-02T17:17:47.972] [INFO] default - params=>{"uniqid":1,"traceid":123}
[2022-08-02T17:17:47.972] [INFO] default - folder=> SIHMAIN
[2022-08-02T17:17:47.973] [INFO] default - request=> GET
[2022-08-02T17:17:50.102] [INFO] default - name=> KeiyakuHokoku
[2022-08-02T17:17:50.102] [INFO] default - params=>{"uniqid":1,"traceid":123,"riyocode":10000001,"svcsyocode":"10001"}
[2022-08-02T17:17:50.102] [INFO] default - folder=> SIHMAIN
[2022-08-02T17:17:50.102] [INFO] default - request=> GET
[2022-08-02T17:17:51.560] [INFO] default - name=> KeiyakuHokoku
[2022-08-02T17:17:51.560] [INFO] default - folder=> SIHMAIN
[2022-08-02T17:17:51.560] [INFO] default - params=>{"data":{"code":"POST","uniqid":1,"traceid":123,"firstName":"firstTest","lastName":"lastTest"}}
[2022-08-02T17:17:51.560] [INFO] default - code=>POST
[2022-08-02T17:17:51.560] [INFO] default - request=> POST
[2022-08-02T17:18:35.460] [INFO] default - name=> KeiyakuHokoku
[2022-08-02T17:18:35.461] [INFO] default - folder=> SIHMAIN
[2022-08-02T17:18:35.461] [INFO] default - params=>{"data":{"code":"POST","uniqid":1,"traceid":123,"firstName":"firstTest","lastName":"lastTest"}}
[2022-08-02T17:18:35.461] [INFO] default - code=>POST
[2022-08-02T17:18:35.461] [INFO] default - request=> POST
[2022-08-02T17:18:52.153] [INFO] default - name=> KeiyakuHokoku
[2022-08-02T17:18:52.153] [INFO] default - params=>{"uniqid":1,"traceid":123}
[2022-08-02T17:18:52.153] [INFO] default - folder=> SIHMAIN
[2022-08-02T17:18:52.153] [INFO] default - request=> GET
[2022-08-02T17:34:25.214] [INFO] default - name=> KeiyakuHokoku
[2022-08-02T17:34:25.215] [INFO] default - params=>{"uniqid":1,"traceid":123}
[2022-08-02T17:34:25.215] [INFO] default - folder=> SIHMAIN
[2022-08-02T17:34:25.215] [INFO] default - request=> GET
[2022-08-02T17:34:26.732] [INFO] default - name=> KeiyakuHokoku
[2022-08-02T17:34:26.732] [INFO] default - params=>{"uniqid":1,"traceid":123,"riyocode":10000001,"svcsyocode":"10001"}
[2022-08-02T17:34:26.732] [INFO] default - folder=> SIHMAIN
[2022-08-02T17:34:26.732] [INFO] default - request=> GET
[2022-08-02T17:34:28.025] [INFO] default - name=> KeiyakuHokoku
[2022-08-02T17:34:28.025] [INFO] default - folder=> SIHMAIN
[2022-08-02T17:34:28.025] [INFO] default - params=>{"data":{"code":"POST","uniqid":1,"traceid":123,"firstName":"firstTest","lastName":"lastTest"}}
[2022-08-02T17:34:28.025] [INFO] default - code=>POST
[2022-08-02T17:34:28.025] [INFO] default - request=> POST
[2022-08-02T17:35:40.771] [INFO] default - name=> KeiyakuHokoku
[2022-08-02T17:35:40.772] [INFO] default - folder=> SIHMAIN
[2022-08-02T17:35:40.772] [INFO] default - params=>{"data":{"code":"POST","uniqid":1,"traceid":123,"firstName":"firstTest","lastName":"lastTest"}}
[2022-08-02T17:35:40.772] [INFO] default - code=>POST
[2022-08-02T17:35:40.772] [INFO] default - request=> POST
[2022-08-02T17:40:38.207] [INFO] default - name=> KeiyakuHokoku
[2022-08-02T17:40:38.208] [INFO] default - params=>{"uniqid":1,"traceid":123}
[2022-08-02T17:40:38.208] [INFO] default - folder=> SIHMAIN
[2022-08-02T17:40:38.208] [INFO] default - request=> GET
[2022-08-02T17:40:53.785] [INFO] default - name=> KeiyakuHokoku
[2022-08-02T17:40:53.785] [INFO] default - params=>{"uniqid":1,"traceid":123}
[2022-08-02T17:40:53.785] [INFO] default - folder=> SIHMAIN
[2022-08-02T17:40:53.785] [INFO] default - request=> GET
[2022-08-02T17:41:28.602] [INFO] default - name=> KeiyakuHokoku
[2022-08-02T17:41:28.602] [INFO] default - params=>{"uniqid":1,"traceid":123}
[2022-08-02T17:41:28.602] [INFO] default - folder=> SIHMAIN
[2022-08-02T17:41:28.602] [INFO] default - request=> GET
[2022-08-02T17:41:39.947] [INFO] default - name=> KeiyakuHokoku
[2022-08-02T17:41:39.947] [INFO] default - params=>{"uniqid":1,"traceid":123}
[2022-08-02T17:41:39.947] [INFO] default - folder=> SIHMAIN
[2022-08-02T17:41:39.948] [INFO] default - request=> GET
[2022-08-02T17:41:47.896] [INFO] default - name=> KeiyakuHokoku
[2022-08-02T17:41:47.897] [INFO] default - params=>{"uniqid":1,"traceid":123}
[2022-08-02T17:41:47.897] [INFO] default - folder=> SIHMAIN
[2022-08-02T17:41:47.897] [INFO] default - request=> GET
[2022-08-02T17:42:26.379] [INFO] default - name=> KeiyakuHokoku
[2022-08-02T17:42:26.380] [INFO] default - params=>{"uniqid":1,"traceid":123}
[2022-08-02T17:42:26.380] [INFO] default - folder=> SIHMAIN
[2022-08-02T17:42:26.380] [INFO] default - request=> GET
[2022-08-02T17:42:32.017] [INFO] default - name=> KeiyakuHokoku
[2022-08-02T17:42:32.018] [INFO] default - params=>{"uniqid":1,"traceid":123,"riyocode":10000001,"svcsyocode":"10001"}
[2022-08-02T17:42:32.018] [INFO] default - folder=> SIHMAIN
[2022-08-02T17:42:32.018] [INFO] default - request=> GET
[2022-08-02T17:42:33.038] [INFO] default - name=> KeiyakuHokoku
[2022-08-02T17:42:33.038] [INFO] default - folder=> SIHMAIN
[2022-08-02T17:42:33.038] [INFO] default - params=>{"data":{"code":"POST","uniqid":1,"traceid":123,"firstName":"firstTest","lastName":"lastTest"}}
[2022-08-02T17:42:33.038] [INFO] default - code=>POST
[2022-08-02T17:42:33.038] [INFO] default - request=> POST
[2022-08-02T17:44:57.193] [INFO] default - name=> KeiyakuHokoku
[2022-08-02T17:44:57.193] [INFO] default - params=>{"uniqid":1,"traceid":123}
[2022-08-02T17:44:57.193] [INFO] default - folder=> SIHMAIN
[2022-08-02T17:44:57.193] [INFO] default - request=> GET
[2022-08-02T17:45:02.164] [INFO] default - name=> KeiyakuHokoku
[2022-08-02T17:45:02.164] [INFO] default - params=>{"uniqid":1,"traceid":123}
[2022-08-02T17:45:02.164] [INFO] default - folder=> SIHMAIN
[2022-08-02T17:45:02.164] [INFO] default - request=> GET
[2022-08-02T17:45:06.964] [INFO] default - name=> KeiyakuHokoku
[2022-08-02T17:45:06.965] [INFO] default - params=>{"uniqid":1,"traceid":123,"riyocode":10000001,"svcsyocode":"10001"}
[2022-08-02T17:45:06.965] [INFO] default - folder=> SIHMAIN
[2022-08-02T17:45:06.965] [INFO] default - request=> GET
[2022-08-02T17:45:08.017] [INFO] default - name=> KeiyakuHokoku
[2022-08-02T17:45:08.017] [INFO] default - folder=> SIHMAIN
[2022-08-02T17:45:08.017] [INFO] default - params=>{"data":{"code":"POST","uniqid":1,"traceid":123,"inskbn":0,"firstName":"firstTest","lastName":"lastTest"}}
[2022-08-02T17:45:08.017] [INFO] default - code=>POST
[2022-08-02T17:45:08.017] [INFO] default - request=> POST
[2022-08-02T17:47:49.355] [INFO] default - name=> KeiyakuHokoku
[2022-08-02T17:47:49.356] [INFO] default - params=>{"uniqid":1,"traceid":123,"riyocode":10000001,"svcsyocode":"10001"}
[2022-08-02T17:47:49.356] [INFO] default - folder=> SIHMAIN
[2022-08-02T17:47:49.357] [INFO] default - request=> GET
[2022-08-02T17:47:50.197] [INFO] default - name=> KeiyakuHokoku
[2022-08-02T17:47:50.197] [INFO] default - folder=> SIHMAIN
[2022-08-02T17:47:50.197] [INFO] default - params=>{"data":{"code":"POST","uniqid":1,"traceid":123,"inskbn":0,"firstName":"firstTest","lastName":"lastTest"}}
[2022-08-02T17:47:50.197] [INFO] default - code=>POST
[2022-08-02T17:47:50.197] [INFO] default - request=> POST
[2022-08-02T17:48:13.534] [INFO] default - name=> KeiyakuHokoku
[2022-08-02T17:48:13.535] [INFO] default - params=>{"uniqid":1,"traceid":123,"riyocode":10000001,"svcsyocode":"10001"}
[2022-08-02T17:48:13.535] [INFO] default - folder=> SIHMAIN
[2022-08-02T17:48:13.535] [INFO] default - request=> GET
[2022-08-02T17:48:14.404] [INFO] default - name=> KeiyakuHokoku
[2022-08-02T17:48:14.404] [INFO] default - folder=> SIHMAIN
[2022-08-02T17:48:14.404] [INFO] default - params=>{"data":{"code":"POST","uniqid":1,"traceid":123,"inskbn":0,"firstName":"firstTest","lastName":"lastTest"}}
[2022-08-02T17:48:14.404] [INFO] default - code=>POST
[2022-08-02T17:48:14.404] [INFO] default - request=> POST
[2022-08-02T17:49:40.481] [INFO] default - name=> KeiyakuHokoku
[2022-08-02T17:49:40.481] [INFO] default - folder=> SIHMAIN
[2022-08-02T17:49:40.481] [INFO] default - params=>{"data":{"code":"POST","uniqid":1,"traceid":123,"inskbn":0,"firstName":"firstTest","lastName":"lastTest"}}
[2022-08-02T17:49:40.481] [INFO] default - code=>POST
[2022-08-02T17:49:40.481] [INFO] default - request=> POST
[2022-08-02T17:49:46.806] [INFO] default - name=> KeiyakuHokoku
[2022-08-02T17:49:46.806] [INFO] default - folder=> SIHMAIN
[2022-08-02T17:49:46.806] [INFO] default - params=>{"data":{"code":"POST","uniqid":1,"traceid":123,"inskbn":0,"firstName":"firstTest","lastName":"lastTest"}}
[2022-08-02T17:49:46.806] [INFO] default - code=>POST
[2022-08-02T17:49:46.806] [INFO] default - request=> POST
[2022-08-02T17:50:09.598] [INFO] default - name=> KeiyakuHokoku
[2022-08-02T17:50:09.598] [INFO] default - params=>{"uniqid":1,"traceid":123,"riyocode":10000001,"svcsyocode":"10001"}
[2022-08-02T17:50:09.598] [INFO] default - folder=> SIHMAIN
[2022-08-02T17:50:09.598] [INFO] default - request=> GET
[2022-08-02T17:50:11.161] [INFO] default - name=> KeiyakuHokoku
[2022-08-02T17:50:11.161] [INFO] default - folder=> SIHMAIN
[2022-08-02T17:50:11.161] [INFO] default - params=>{"data":{"code":"POST","uniqid":1,"traceid":123,"inskbn":0,"firstName":"firstTest","lastName":"lastTest"}}
[2022-08-02T17:50:11.161] [INFO] default - code=>POST
[2022-08-02T17:50:11.161] [INFO] default - request=> POST
[2022-08-02T17:52:57.648] [INFO] default - name=> KeiyakuHokoku
[2022-08-02T17:52:57.648] [INFO] default - folder=> SIHMAIN
[2022-08-02T17:52:57.648] [INFO] default - params=>{"data":{"code":"POST","uniqid":1,"traceid":123,"inskbn":0,"firstName":"firstTest","lastName":"lastTest"}}
[2022-08-02T17:52:57.648] [INFO] default - code=>POST
[2022-08-02T17:52:57.648] [INFO] default - request=> POST
[2022-08-02T17:56:16.146] [INFO] default - name=> KeiyakuHokoku
[2022-08-02T17:56:16.146] [INFO] default - params=>{"uniqid":1,"traceid":123}
[2022-08-02T17:56:16.146] [INFO] default - folder=> SIHMAIN
[2022-08-02T17:56:16.146] [INFO] default - request=> GET
[2022-08-02T17:56:21.574] [INFO] default - name=> KeiyakuHokoku
[2022-08-02T17:56:21.575] [INFO] default - params=>{"uniqid":1,"traceid":123,"riyocode":10000001,"svcsyocode":"10001"}
[2022-08-02T17:56:21.575] [INFO] default - folder=> SIHMAIN
[2022-08-02T17:56:21.575] [INFO] default - request=> GET
[2022-08-02T17:56:22.395] [INFO] default - name=> KeiyakuHokoku
[2022-08-02T17:56:22.396] [INFO] default - folder=> SIHMAIN
[2022-08-02T17:56:22.396] [INFO] default - params=>{"data":{"code":"POST","uniqid":1,"traceid":123,"inskbn":0,"firstName":"firstTest","lastName":"lastTest"}}
[2022-08-02T17:56:22.396] [INFO] default - code=>POST
[2022-08-02T17:56:22.396] [INFO] default - request=> POST
[2022-08-02T17:57:04.686] [INFO] default - name=> KeiyakuHokoku
[2022-08-02T17:57:04.686] [INFO] default - params=>{"uniqid":1,"traceid":123}
[2022-08-02T17:57:04.686] [INFO] default - folder=> SIHMAIN
[2022-08-02T17:57:04.686] [INFO] default - request=> GET
[2022-08-02T17:57:06.304] [INFO] default - name=> KeiyakuHokoku
[2022-08-02T17:57:06.304] [INFO] default - params=>{"uniqid":1,"traceid":123,"riyocode":10000001,"svcsyocode":"10001"}
[2022-08-02T17:57:06.304] [INFO] default - folder=> SIHMAIN
[2022-08-02T17:57:06.304] [INFO] default - request=> GET
[2022-08-02T17:57:13.742] [INFO] default - name=> KeiyakuHokoku
[2022-08-02T17:57:13.743] [INFO] default - folder=> SIHMAIN
[2022-08-02T17:57:13.743] [INFO] default - params=>{"data":{"code":"POST","uniqid":1,"traceid":123,"inskbn":0,"firstName":"firstTest","lastName":"lastTest"}}
[2022-08-02T17:57:13.743] [INFO] default - code=>POST
[2022-08-02T17:57:13.743] [INFO] default - request=> POST
[2022-08-02T17:58:30.460] [INFO] default - name=> KeiyakuHokoku
[2022-08-02T17:58:30.461] [INFO] default - folder=> SIHMAIN
[2022-08-02T17:58:30.461] [INFO] default - params=>{"data":{"code":"POST","uniqid":1,"traceid":123,"inskbn":0,"firstName":"firstTest","lastName":"lastTest"}}
[2022-08-02T17:58:30.461] [INFO] default - code=>POST
[2022-08-02T17:58:30.461] [INFO] default - request=> POST
[2022-08-02T18:00:27.596] [INFO] default - name=> KeiyakuHokoku
[2022-08-02T18:00:27.597] [INFO] default - folder=> SIHMAIN
[2022-08-02T18:00:27.597] [INFO] default - params=>{"data":{"code":"POST","uniqid":1,"traceid":123,"inskbn":0,"firstName":"firstTest","lastName":"lastTest"}}
[2022-08-02T18:00:27.597] [INFO] default - code=>POST
[2022-08-02T18:00:27.597] [INFO] default - request=> POST
[2022-08-02T18:00:42.300] [INFO] default - name=> KeiyakuHokoku
[2022-08-02T18:00:42.301] [INFO] default - folder=> SIHMAIN
[2022-08-02T18:00:42.301] [INFO] default - params=>{"data":{"code":"POST","uniqid":1,"traceid":123,"inskbn":0,"firstName":"firstTest","lastName":"lastTest"}}
[2022-08-02T18:00:42.301] [INFO] default - code=>POST
[2022-08-02T18:00:42.301] [INFO] default - request=> POST
[2022-08-02T18:01:13.619] [INFO] default - name=> KeiyakuHokoku
[2022-08-02T18:01:13.620] [INFO] default - folder=> SIHMAIN
[2022-08-02T18:01:13.620] [INFO] default - params=>{"data":{"code":"POST","uniqid":1,"traceid":123,"inskbn":0,"firstName":"firstTest","lastName":"lastTest"}}
[2022-08-02T18:01:13.620] [INFO] default - code=>POST
[2022-08-02T18:01:13.620] [INFO] default - request=> POST
[2022-08-02T18:01:49.910] [INFO] default - name=> KeiyakuHokoku
[2022-08-02T18:01:49.910] [INFO] default - params=>{"uniqid":1,"traceid":123}
[2022-08-02T18:01:49.910] [INFO] default - folder=> SIHMAIN
[2022-08-02T18:01:49.910] [INFO] default - request=> GET
[2022-08-02T18:01:54.561] [INFO] default - name=> KeiyakuHokoku
[2022-08-02T18:01:54.562] [INFO] default - params=>{"uniqid":1,"traceid":123,"riyocode":10000001,"svcsyocode":"10001"}
[2022-08-02T18:01:54.562] [INFO] default - folder=> SIHMAIN
[2022-08-02T18:01:54.562] [INFO] default - request=> GET
[2022-08-02T18:01:55.665] [INFO] default - name=> KeiyakuHokoku
[2022-08-02T18:01:55.665] [INFO] default - folder=> SIHMAIN
[2022-08-02T18:01:55.665] [INFO] default - params=>{"data":{"code":"POST","uniqid":1,"traceid":123,"inskbn":0,"firstName":"firstTest","lastName":"lastTest"}}
[2022-08-02T18:01:55.666] [INFO] default - code=>POST
[2022-08-02T18:01:55.666] [INFO] default - request=> POST
[2022-08-02T18:02:17.179] [INFO] default - name=> KeiyakuHokoku
[2022-08-02T18:02:17.180] [INFO] default - folder=> SIHMAIN
[2022-08-02T18:02:17.180] [INFO] default - params=>{"data":{"code":"POST","uniqid":1,"traceid":123,"inskbn":0,"firstName":"firstTest","lastName":"lastTest"}}
[2022-08-02T18:02:17.180] [INFO] default - code=>POST
[2022-08-02T18:02:17.180] [INFO] default - request=> POST
[2022-08-02T18:02:24.532] [INFO] default - name=> KeiyakuHokoku
[2022-08-02T18:02:24.532] [INFO] default - folder=> SIHMAIN
[2022-08-02T18:02:24.532] [INFO] default - params=>{"data":{"code":"POST","uniqid":1,"traceid":123,"inskbn":0,"firstName":"firstTest","lastName":"lastTest"}}
[2022-08-02T18:02:24.532] [INFO] default - code=>POST
[2022-08-02T18:02:24.532] [INFO] default - request=> POST
[2022-08-02T18:02:29.077] [INFO] default - name=> KeiyakuHokoku
[2022-08-02T18:02:29.078] [INFO] default - folder=> SIHMAIN
[2022-08-02T18:02:29.078] [INFO] default - params=>{"data":{"code":"POST","uniqid":1,"traceid":123,"inskbn":0,"firstName":"firstTest","lastName":"lastTest"}}
[2022-08-02T18:02:29.078] [INFO] default - code=>POST
[2022-08-02T18:02:29.078] [INFO] default - request=> POST
[2022-08-02T18:02:42.495] [INFO] default - name=> KeiyakuHokoku
[2022-08-02T18:02:42.495] [INFO] default - params=>{"uniqid":1,"traceid":123}
[2022-08-02T18:02:42.495] [INFO] default - folder=> SIHMAIN
[2022-08-02T18:02:42.495] [INFO] default - request=> GET
[2022-08-02T18:02:46.696] [INFO] default - name=> KeiyakuHokoku
[2022-08-02T18:02:46.696] [INFO] default - params=>{"uniqid":1,"traceid":123,"riyocode":10000001,"svcsyocode":"10001"}
[2022-08-02T18:02:46.696] [INFO] default - folder=> SIHMAIN
[2022-08-02T18:02:46.696] [INFO] default - request=> GET
[2022-08-02T18:02:47.737] [INFO] default - name=> KeiyakuHokoku
[2022-08-02T18:02:47.737] [INFO] default - folder=> SIHMAIN
[2022-08-02T18:02:47.737] [INFO] default - params=>{"data":{"code":"POST","uniqid":1,"traceid":123,"inskbn":0,"firstName":"firstTest","lastName":"lastTest"}}
[2022-08-02T18:02:47.738] [INFO] default - code=>POST
[2022-08-02T18:02:47.738] [INFO] default - request=> POST
[2022-08-02T18:02:56.446] [INFO] default - name=> KeiyakuHokoku
[2022-08-02T18:02:56.447] [INFO] default - folder=> SIHMAIN
[2022-08-02T18:02:56.447] [INFO] default - params=>{"data":{"code":"POST","uniqid":1,"traceid":123,"inskbn":0,"firstName":"firstTest","lastName":"lastTest"}}
[2022-08-02T18:02:56.447] [INFO] default - code=>POST
[2022-08-02T18:02:56.447] [INFO] default - request=> POST
[2022-08-02T18:03:31.436] [INFO] default - name=> KeiyakuHokoku
[2022-08-02T18:03:31.436] [INFO] default - folder=> SIHMAIN
[2022-08-02T18:03:31.437] [INFO] default - params=>{"data":{"code":"POST","uniqid":1,"traceid":123,"inskbn":0,"firstName":"firstTest","lastName":"lastTest"}}
[2022-08-02T18:03:31.437] [INFO] default - code=>POST
[2022-08-02T18:03:31.437] [INFO] default - request=> POST
[2022-08-02T18:03:46.109] [INFO] default - name=> KeiyakuHokoku
[2022-08-02T18:03:46.110] [INFO] default - params=>{"uniqid":1,"traceid":123,"riyocode":10000001,"svcsyocode":"10001"}
[2022-08-02T18:03:46.110] [INFO] default - folder=> SIHMAIN
[2022-08-02T18:03:46.110] [INFO] default - request=> GET
[2022-08-02T18:03:47.146] [INFO] default - name=> KeiyakuHokoku
[2022-08-02T18:03:47.146] [INFO] default - folder=> SIHMAIN
[2022-08-02T18:03:47.146] [INFO] default - params=>{"data":{"code":"POST","uniqid":1,"traceid":123,"inskbn":0,"firstName":"firstTest","lastName":"lastTest"}}
[2022-08-02T18:03:47.146] [INFO] default - code=>POST
[2022-08-02T18:03:47.146] [INFO] default - request=> POST
[2022-08-02T18:04:27.550] [INFO] default - name=> KeiyakuHokoku
[2022-08-02T18:04:27.550] [INFO] default - params=>{"uniqid":1,"traceid":123}
[2022-08-02T18:04:27.550] [INFO] default - folder=> SIHMAIN
[2022-08-02T18:04:27.550] [INFO] default - request=> GET
[2022-08-02T18:04:28.767] [INFO] default - name=> KeiyakuHokoku
[2022-08-02T18:04:28.767] [INFO] default - params=>{"uniqid":1,"traceid":123,"riyocode":10000001,"svcsyocode":"10001"}
[2022-08-02T18:04:28.767] [INFO] default - folder=> SIHMAIN
[2022-08-02T18:04:28.767] [INFO] default - request=> GET
[2022-08-02T18:04:31.289] [INFO] default - name=> KeiyakuHokoku
[2022-08-02T18:04:31.289] [INFO] default - folder=> SIHMAIN
[2022-08-02T18:04:31.289] [INFO] default - params=>{"data":{"code":"POST","uniqid":1,"traceid":123,"inskbn":0,"firstName":"firstTest","lastName":"lastTest"}}
[2022-08-02T18:04:31.289] [INFO] default - code=>POST
[2022-08-02T18:04:31.289] [INFO] default - request=> POST
[2022-08-02T18:04:48.941] [INFO] default - name=> KeiyakuHokoku
[2022-08-02T18:04:48.942] [INFO] default - folder=> SIHMAIN
[2022-08-02T18:04:48.942] [INFO] default - params=>{"data":{"code":"POST","uniqid":1,"traceid":123,"inskbn":0,"firstName":"firstTest","lastName":"lastTest"}}
[2022-08-02T18:04:48.942] [INFO] default - code=>POST
[2022-08-02T18:04:48.942] [INFO] default - request=> POST
[2022-08-02T18:05:07.540] [INFO] default - name=> KeiyakuHokoku
[2022-08-02T18:05:07.540] [INFO] default - params=>{"uniqid":1,"traceid":123}
[2022-08-02T18:05:07.540] [INFO] default - folder=> SIHMAIN
[2022-08-02T18:05:07.540] [INFO] default - request=> GET
[2022-08-02T18:05:09.934] [INFO] default - name=> KeiyakuHokoku
[2022-08-02T18:05:09.934] [INFO] default - params=>{"uniqid":1,"traceid":123,"riyocode":10000001,"svcsyocode":"10001"}
[2022-08-02T18:05:09.934] [INFO] default - folder=> SIHMAIN
[2022-08-02T18:05:09.934] [INFO] default - request=> GET
[2022-08-02T18:05:11.185] [INFO] default - name=> KeiyakuHokoku
[2022-08-02T18:05:11.185] [INFO] default - folder=> SIHMAIN
[2022-08-02T18:05:11.185] [INFO] default - params=>{"data":{"code":"POST","uniqid":1,"traceid":123,"inskbn":0,"firstName":"firstTest","lastName":"lastTest"}}
[2022-08-02T18:05:11.185] [INFO] default - code=>POST
[2022-08-02T18:05:11.185] [INFO] default - request=> POST
[2022-08-02T18:05:16.875] [INFO] default - name=> KeiyakuHokoku
[2022-08-02T18:05:16.876] [INFO] default - folder=> SIHMAIN
[2022-08-02T18:05:16.876] [INFO] default - params=>{"data":{"code":"POST","uniqid":1,"traceid":123,"inskbn":0,"firstName":"firstTest","lastName":"lastTest"}}
[2022-08-02T18:05:16.876] [INFO] default - code=>POST
[2022-08-02T18:05:16.876] [INFO] default - request=> POST
[2022-08-02T18:05:33.190] [INFO] default - name=> KeiyakuHokoku
[2022-08-02T18:05:33.191] [INFO] default - folder=> SIHMAIN
[2022-08-02T18:05:33.191] [INFO] default - params=>{"data":{"code":"POST","uniqid":1,"traceid":123,"inskbn":0,"firstName":"firstTest","lastName":"lastTest"}}
[2022-08-02T18:05:33.191] [INFO] default - code=>POST
[2022-08-02T18:05:33.191] [INFO] default - request=> POST
[2022-08-02T18:06:36.822] [INFO] default - name=> KeiyakuHokoku
[2022-08-02T18:06:36.822] [INFO] default - folder=> SIHMAIN
[2022-08-02T18:06:36.822] [INFO] default - params=>{"data":{"code":"POST","uniqid":1,"traceid":123,"inskbn":0,"firstName":"firstTest","lastName":"lastTest"}}
[2022-08-02T18:06:36.822] [INFO] default - code=>POST
[2022-08-02T18:06:36.822] [INFO] default - request=> POST
[2022-08-02T18:09:04.589] [INFO] default - name=> KeiyakuHokoku
[2022-08-02T18:09:04.589] [INFO] default - params=>{"uniqid":1,"traceid":123}
[2022-08-02T18:09:04.589] [INFO] default - folder=> SIHMAIN
[2022-08-02T18:09:04.589] [INFO] default - request=> GET
[2022-08-02T18:09:10.838] [INFO] default - name=> KeiyakuHokoku
[2022-08-02T18:09:10.838] [INFO] default - params=>{"uniqid":1,"traceid":123,"riyocode":10000001,"svcsyocode":"10001"}
[2022-08-02T18:09:10.838] [INFO] default - folder=> SIHMAIN
[2022-08-02T18:09:10.838] [INFO] default - request=> GET
[2022-08-02T18:09:11.874] [INFO] default - name=> KeiyakuHokoku
[2022-08-02T18:09:11.874] [INFO] default - folder=> SIHMAIN
[2022-08-02T18:09:11.874] [INFO] default - params=>{"data":{"code":"POST","uniqid":1,"traceid":123,"inskbn":0,"firstName":"firstTest","lastName":"lastTest"}}
[2022-08-02T18:09:11.874] [INFO] default - code=>POST
[2022-08-02T18:09:11.874] [INFO] default - request=> POST
[2022-08-02T18:09:29.342] [INFO] default - name=> KeiyakuHokoku
[2022-08-02T18:09:29.343] [INFO] default - folder=> SIHMAIN
[2022-08-02T18:09:29.343] [INFO] default - params=>{"data":{"code":"POST","uniqid":1,"traceid":123,"inskbn":0,"firstName":"firstTest","lastName":"lastTest"}}
[2022-08-02T18:09:29.343] [INFO] default - code=>POST
[2022-08-02T18:09:29.343] [INFO] default - request=> POST
[2022-08-02T18:10:02.983] [INFO] default - name=> KeiyakuHokoku
[2022-08-02T18:10:02.983] [INFO] default - folder=> SIHMAIN
[2022-08-02T18:10:02.984] [INFO] default - params=>{"data":{"code":"POST","uniqid":1,"traceid":123,"inskbn":0,"firstName":"firstTest","lastName":"lastTest"}}
[2022-08-02T18:10:02.984] [INFO] default - code=>POST
[2022-08-02T18:10:02.984] [INFO] default - request=> POST
[2022-08-02T18:10:22.784] [INFO] default - name=> KeiyakuHokoku
[2022-08-02T18:10:22.784] [INFO] default - folder=> SIHMAIN
[2022-08-02T18:10:22.784] [INFO] default - params=>{"data":{"code":"POST","uniqid":1,"traceid":123,"inskbn":0,"firstName":"firstTest","lastName":"lastTest"}}
[2022-08-02T18:10:22.784] [INFO] default - code=>POST
[2022-08-02T18:10:22.785] [INFO] default - request=> POST
[2022-08-02T18:11:11.588] [INFO] default - name=> KeiyakuHokoku
[2022-08-02T18:11:11.588] [INFO] default - folder=> SIHMAIN
[2022-08-02T18:11:11.589] [INFO] default - params=>{"data":{"code":"POST","uniqid":1,"traceid":123,"inskbn":0,"firstName":"firstTest","lastName":"lastTest"}}
[2022-08-02T18:11:11.589] [INFO] default - code=>POST
[2022-08-02T18:11:11.589] [INFO] default - request=> POST
[2022-08-02T18:11:29.683] [INFO] default - name=> KeiyakuHokoku
[2022-08-02T18:11:29.683] [INFO] default - params=>{"uniqid":1,"traceid":123}
[2022-08-02T18:11:29.683] [INFO] default - folder=> SIHMAIN
[2022-08-02T18:11:29.683] [INFO] default - request=> GET
[2022-08-02T18:11:35.790] [INFO] default - name=> KeiyakuHokoku
[2022-08-02T18:11:35.791] [INFO] default - params=>{"uniqid":1,"traceid":123,"riyocode":10000001,"svcsyocode":"10001"}
[2022-08-02T18:11:35.791] [INFO] default - folder=> SIHMAIN
[2022-08-02T18:11:35.791] [INFO] default - request=> GET
[2022-08-02T18:11:36.969] [INFO] default - name=> KeiyakuHokoku
[2022-08-02T18:11:36.969] [INFO] default - folder=> SIHMAIN
[2022-08-02T18:11:36.969] [INFO] default - params=>{"data":{"code":"POST","uniqid":1,"traceid":123,"inskbn":0,"firstName":"firstTest","lastName":"lastTest"}}
[2022-08-02T18:11:36.969] [INFO] default - code=>POST
[2022-08-02T18:11:36.970] [INFO] default - request=> POST
[2022-08-02T18:12:05.041] [INFO] default - name=> KeiyakuHokoku
[2022-08-02T18:12:05.041] [INFO] default - params=>{"uniqid":1,"traceid":123}
[2022-08-02T18:12:05.041] [INFO] default - folder=> SIHMAIN
[2022-08-02T18:12:05.041] [INFO] default - request=> GET
[2022-08-02T18:12:10.260] [INFO] default - name=> KeiyakuHokoku
[2022-08-02T18:12:10.260] [INFO] default - params=>{"uniqid":1,"traceid":123,"riyocode":10000001,"svcsyocode":"10001"}
[2022-08-02T18:12:10.260] [INFO] default - folder=> SIHMAIN
[2022-08-02T18:12:10.260] [INFO] default - request=> GET
[2022-08-02T18:12:11.376] [INFO] default - name=> KeiyakuHokoku
[2022-08-02T18:12:11.376] [INFO] default - folder=> SIHMAIN
[2022-08-02T18:12:11.376] [INFO] default - params=>{"data":{"code":"POST","uniqid":1,"traceid":123,"inskbn":0,"firstName":"firstTest","lastName":"lastTest"}}
[2022-08-02T18:12:11.376] [INFO] default - code=>POST
[2022-08-02T18:12:11.377] [INFO] default - request=> POST
[2022-08-02T18:12:35.385] [INFO] default - name=> KeiyakuHokoku
[2022-08-02T18:12:35.385] [INFO] default - params=>{"uniqid":1,"traceid":123}
[2022-08-02T18:12:35.385] [INFO] default - folder=> SIHMAIN
[2022-08-02T18:12:35.385] [INFO] default - request=> GET
[2022-08-02T18:12:36.886] [INFO] default - name=> KeiyakuHokoku
[2022-08-02T18:12:36.886] [INFO] default - params=>{"uniqid":1,"traceid":123,"riyocode":10000001,"svcsyocode":"10001"}
[2022-08-02T18:12:36.886] [INFO] default - folder=> SIHMAIN
[2022-08-02T18:12:36.886] [INFO] default - request=> GET
[2022-08-02T18:12:38.095] [INFO] default - name=> KeiyakuHokoku
[2022-08-02T18:12:38.095] [INFO] default - folder=> SIHMAIN
[2022-08-02T18:12:38.095] [INFO] default - params=>{"data":{"code":"POST","uniqid":1,"traceid":123,"inskbn":0,"firstName":"firstTest","lastName":"lastTest"}}
[2022-08-02T18:12:38.095] [INFO] default - code=>POST
[2022-08-02T18:12:38.095] [INFO] default - request=> POST
[2022-08-02T18:12:46.426] [INFO] default - name=> KeiyakuHokoku
[2022-08-02T18:12:46.427] [INFO] default - folder=> SIHMAIN
[2022-08-02T18:12:46.427] [INFO] default - params=>{"data":{"code":"POST","uniqid":1,"traceid":123,"inskbn":0,"firstName":"firstTest","lastName":"lastTest"}}
[2022-08-02T18:12:46.427] [INFO] default - code=>POST
[2022-08-02T18:12:46.427] [INFO] default - request=> POST
[2022-08-02T18:13:20.812] [INFO] default - name=> KeiyakuHokoku
[2022-08-02T18:13:20.812] [INFO] default - params=>{"uniqid":1,"traceid":123}
[2022-08-02T18:13:20.812] [INFO] default - folder=> SIHMAIN
[2022-08-02T18:13:20.812] [INFO] default - request=> GET
[2022-08-02T18:13:32.216] [INFO] default - name=> KeiyakuHokoku
[2022-08-02T18:13:32.216] [INFO] default - params=>{"uniqid":1,"traceid":123}
[2022-08-02T18:13:32.216] [INFO] default - folder=> SIHMAIN
[2022-08-02T18:13:32.216] [INFO] default - request=> GET
[2022-08-02T18:13:41.347] [INFO] default - name=> KeiyakuHokoku
[2022-08-02T18:13:41.348] [INFO] default - params=>{"uniqid":1,"traceid":123,"riyocode":10000001,"svcsyocode":"10001"}
[2022-08-02T18:13:41.348] [INFO] default - folder=> SIHMAIN
[2022-08-02T18:13:41.348] [INFO] default - request=> GET
[2022-08-02T18:13:42.489] [INFO] default - name=> KeiyakuHokoku
[2022-08-02T18:13:42.489] [INFO] default - folder=> SIHMAIN
[2022-08-02T18:13:42.489] [INFO] default - params=>{"data":{"code":"POST","uniqid":1,"traceid":123,"inskbn":0}}
[2022-08-02T18:13:42.489] [INFO] default - code=>POST
[2022-08-02T18:13:42.489] [INFO] default - request=> POST
[2022-08-02T18:13:50.522] [INFO] default - name=> KeiyakuHokoku
[2022-08-02T18:13:50.523] [INFO] default - params=>{"uniqid":1,"traceid":123,"riyocode":10000002}
[2022-08-02T18:13:50.523] [INFO] default - folder=> SIHMAIN
[2022-08-02T18:13:50.523] [INFO] default - request=> GET
[2022-08-02T18:13:51.339] [INFO] default - name=> KeiyakuHokoku
[2022-08-02T18:13:51.339] [INFO] default - folder=> SIHMAIN
[2022-08-02T18:13:51.339] [INFO] default - params=>{"data":{"code":"POST","uniqid":1,"traceid":123,"inskbn":0}}
[2022-08-02T18:13:51.339] [INFO] default - code=>POST
[2022-08-02T18:13:51.339] [INFO] default - request=> POST
[2022-08-02T18:14:36.758] [INFO] default - name=> KeiyakuHokoku
[2022-08-02T18:14:36.758] [INFO] default - params=>{"uniqid":1,"traceid":123}
[2022-08-02T18:14:36.758] [INFO] default - folder=> SIHMAIN
[2022-08-02T18:14:36.758] [INFO] default - request=> GET
[2022-08-02T18:14:37.949] [INFO] default - name=> KeiyakuHokoku
[2022-08-02T18:14:37.949] [INFO] default - params=>{"uniqid":1,"traceid":123,"riyocode":10000001,"svcsyocode":"10001"}
[2022-08-02T18:14:37.950] [INFO] default - folder=> SIHMAIN
[2022-08-02T18:14:37.950] [INFO] default - request=> GET
[2022-08-02T18:14:39.406] [INFO] default - name=> KeiyakuHokoku
[2022-08-02T18:14:39.407] [INFO] default - folder=> SIHMAIN
[2022-08-02T18:14:39.407] [INFO] default - params=>{"data":{"code":"POST","uniqid":1,"traceid":123,"inskbn":0}}
[2022-08-02T18:14:39.407] [INFO] default - code=>POST
[2022-08-02T18:14:39.407] [INFO] default - request=> POST
[2022-08-02T18:14:47.155] [INFO] default - name=> KeiyakuHokoku
[2022-08-02T18:14:47.155] [INFO] default - folder=> SIHMAIN
[2022-08-02T18:14:47.155] [INFO] default - params=>{"data":{"code":"POST","uniqid":1,"traceid":123,"inskbn":0}}
[2022-08-02T18:14:47.155] [INFO] default - code=>POST
[2022-08-02T18:14:47.156] [INFO] default - request=> POST
[2022-08-02T18:31:07.474] [INFO] default - name=> KeiyakuHokoku
[2022-08-02T18:31:07.474] [INFO] default - params=>{"uniqid":1,"traceid":123}
[2022-08-02T18:31:07.474] [INFO] default - folder=> SIHMAIN
[2022-08-02T18:31:07.474] [INFO] default - request=> GET
[2022-08-02T18:31:12.099] [INFO] default - name=> KeiyakuHokoku
[2022-08-02T18:31:12.099] [INFO] default - params=>{"uniqid":1,"traceid":123,"riyocode":10000001,"svcsyocode":"10001"}
[2022-08-02T18:31:12.099] [INFO] default - folder=> SIHMAIN
[2022-08-02T18:31:12.099] [INFO] default - request=> GET
[2022-08-02T18:31:20.587] [INFO] default - name=> KeiyakuHokoku
[2022-08-02T18:31:20.587] [INFO] default - params=>{"uniqid":1,"traceid":123}
[2022-08-02T18:31:20.587] [INFO] default - folder=> SIHMAIN
[2022-08-02T18:31:20.587] [INFO] default - request=> GET
[2022-08-02T18:31:22.801] [INFO] default - name=> KeiyakuHokoku
[2022-08-02T18:31:22.802] [INFO] default - params=>{"uniqid":1,"traceid":123,"riyocode":10000001,"svcsyocode":"10001"}
[2022-08-02T18:31:22.802] [INFO] default - folder=> SIHMAIN
[2022-08-02T18:31:22.802] [INFO] default - request=> GET
[2022-08-02T18:31:23.995] [INFO] default - name=> KeiyakuHokoku
[2022-08-02T18:31:23.995] [INFO] default - folder=> SIHMAIN
[2022-08-02T18:31:23.995] [INFO] default - params=>{"data":{"code":"POST","uniqid":1,"traceid":123,"inskbn":0}}
[2022-08-02T18:31:23.995] [INFO] default - code=>POST
[2022-08-02T18:31:23.995] [INFO] default - request=> POST
[2022-08-02T18:31:32.343] [INFO] default - name=> KeiyakuHokoku
[2022-08-02T18:31:32.343] [INFO] default - folder=> SIHMAIN
[2022-08-02T18:31:32.343] [INFO] default - params=>{"data":{"code":"POST","uniqid":1,"traceid":123,"inskbn":0}}
[2022-08-02T18:31:32.343] [INFO] default - code=>POST
[2022-08-02T18:31:32.343] [INFO] default - request=> POST
[2022-08-02T18:34:51.474] [INFO] default - name=> KeiyakuHokoku
[2022-08-02T18:34:51.474] [INFO] default - params=>{"uniqid":1,"traceid":123,"riyocode":10000001,"svcsyocode":"10001"}
[2022-08-02T18:34:51.474] [INFO] default - folder=> SIHMAIN
[2022-08-02T18:34:51.474] [INFO] default - request=> GET
