[2022-08-18T09:17:21.135] [INFO] default - name=> KeiyakuHokoku
[2022-08-18T09:17:21.136] [INFO] default - params=>{"uniqid":1,"traceid":123}
[2022-08-18T09:17:21.136] [INFO] default - folder=> SIHMAIN
[2022-08-18T09:17:21.136] [INFO] default - request=> GET
[2022-08-18T09:17:33.889] [INFO] default - name=> userListPrint
[2022-08-18T09:17:33.890] [INFO] default - params=>{"uniqid":1,"traceid":123,"getkbn":0,"jkbn":0,"sdnflg":0,"symd":"20220801","eymd":"20220901"}
[2022-08-18T09:17:33.890] [INFO] default - folder=> COMMON
[2022-08-18T09:17:33.890] [INFO] default - request=> GET
[2022-08-18T09:17:51.532] [INFO] default - name=> userListPrint
[2022-08-18T09:17:51.532] [INFO] default - params=>{"uniqid":1,"traceid":123,"getkbn":0,"jkbn":0,"sdnflg":0,"symd":"20220801","eymd":"20220901"}
[2022-08-18T09:17:51.532] [INFO] default - folder=> COMMON
[2022-08-18T09:17:51.532] [INFO] default - request=> GET
[2022-08-18T09:18:14.109] [INFO] default - name=> userListPrint
[2022-08-18T09:18:14.109] [INFO] default - params=>{"uniqid":1,"traceid":123,"getkbn":0,"jkbn":0,"sdnflg":0,"symd":"20220801","eymd":"20220901"}
[2022-08-18T09:18:14.109] [INFO] default - folder=> COMMON
[2022-08-18T09:18:14.109] [INFO] default - request=> GET
[2022-08-18T09:18:26.660] [INFO] default - name=> userListPrint
[2022-08-18T09:18:26.660] [INFO] default - params=>{"uniqid":1,"traceid":123,"getkbn":0,"jkbn":0,"sdnflg":0,"symd":"20220801","eymd":"20220901"}
[2022-08-18T09:18:26.660] [INFO] default - folder=> COMMON
[2022-08-18T09:18:26.660] [INFO] default - request=> GET
[2022-08-18T09:20:27.834] [INFO] default - name=> userListPrint
[2022-08-18T09:20:27.834] [INFO] default - params=>{"uniqid":1,"traceid":123,"getkbn":0,"jkbn":0,"sdnflg":0,"symd":"20220801","eymd":"20220901"}
[2022-08-18T09:20:27.834] [INFO] default - folder=> COMMON
[2022-08-18T09:20:27.834] [INFO] default - request=> GET
[2022-08-18T09:25:40.615] [INFO] default - name=> userListPrint
[2022-08-18T09:25:40.615] [INFO] default - params=>{"uniqid":1,"traceid":123,"getkbn":0,"jkbn":0,"sdnflg":0,"symd":"20220801","eymd":"20220901"}
[2022-08-18T09:25:40.615] [INFO] default - folder=> COMMON
[2022-08-18T09:25:40.615] [INFO] default - request=> GET
[2022-08-18T09:27:42.136] [INFO] default - name=> userListPrint
[2022-08-18T09:27:42.136] [INFO] default - params=>{"uniqid":1,"traceid":123,"getkbn":0,"jkbn":0,"sdnflg":0,"symd":"20220801","eymd":"20220901"}
[2022-08-18T09:27:42.136] [INFO] default - folder=> COMMON
[2022-08-18T09:27:42.136] [INFO] default - request=> GET
[2022-08-18T09:27:53.465] [INFO] default - name=> userListPrint
[2022-08-18T09:27:53.465] [INFO] default - params=>{"uniqid":1,"traceid":123,"getkbn":0,"jkbn":0,"sdnflg":0,"symd":"20220801","eymd":"20220901"}
[2022-08-18T09:27:53.465] [INFO] default - folder=> COMMON
[2022-08-18T09:27:53.465] [INFO] default - request=> GET
[2022-08-18T09:34:40.936] [INFO] default - name=> userListPrint
[2022-08-18T09:34:40.936] [INFO] default - params=>{"uniqid":1,"traceid":123,"getkbn":0,"jkbn":0,"sdnflg":0,"symd":"20220801","eymd":"20220901"}
[2022-08-18T09:34:40.936] [INFO] default - folder=> COMMON
[2022-08-18T09:34:40.936] [INFO] default - request=> GET
[2022-08-18T09:34:45.132] [INFO] default - name=> userListPrint
[2022-08-18T09:34:45.132] [INFO] default - params=>{"uniqid":1,"traceid":123,"getkbn":0,"jkbn":0,"sdnflg":0,"symd":"20220801","eymd":"20220901"}
[2022-08-18T09:34:45.132] [INFO] default - folder=> COMMON
[2022-08-18T09:34:45.132] [INFO] default - request=> GET
[2022-08-18T09:35:35.397] [INFO] default - name=> userListPrint
[2022-08-18T09:35:35.397] [INFO] default - params=>{"uniqid":1,"traceid":123,"getkbn":0,"jkbn":0,"sdnflg":0,"symd":"20220801","eymd":"20220901"}
[2022-08-18T09:35:35.397] [INFO] default - folder=> COMMON
[2022-08-18T09:35:35.397] [INFO] default - request=> GET
[2022-08-18T09:35:41.655] [INFO] default - name=> KobetsuRiyouTourokuNyutai
[2022-08-18T09:35:41.655] [INFO] default - params=>{"getkbn":0,"riid":102,"kbn":1,"ngsymd":"20220806","uniqid":1,"traceid":123}
[2022-08-18T09:35:41.656] [INFO] default - folder=> SIHS
[2022-08-18T09:35:41.656] [INFO] default - request=> GET
[2022-08-18T09:35:55.413] [INFO] default - name=> JyukyuTourokuSikyuryoLayout
[2022-08-18T09:35:55.413] [INFO] default - params=>{"uniqid":1,"traceid":123}
[2022-08-18T09:35:55.413] [INFO] default - folder=> SIHMAIN
[2022-08-18T09:35:55.413] [INFO] default - request=> GET
[2022-08-18T09:35:55.451] [INFO] default - name=> userListPrint
[2022-08-18T09:35:55.452] [INFO] default - params=>{"uniqid":1,"traceid":123,"getkbn":0,"jkbn":0,"sdnflg":0,"symd":"20220801","eymd":"20220901"}
[2022-08-18T09:35:55.452] [INFO] default - folder=> COMMON
[2022-08-18T09:35:55.452] [INFO] default - request=> GET
[2022-08-18T09:35:59.542] [INFO] default - name=> userListPrint
[2022-08-18T09:35:59.542] [INFO] default - params=>{"uniqid":1,"traceid":123,"getkbn":0,"jkbn":0,"sdnflg":0,"symd":"20220801","eymd":"20220901"}
[2022-08-18T09:35:59.542] [INFO] default - folder=> COMMON
[2022-08-18T09:35:59.542] [INFO] default - request=> GET
[2022-08-18T09:39:02.109] [INFO] default - name=> userListPrint
[2022-08-18T09:39:02.109] [INFO] default - params=>{"uniqid":1,"traceid":123,"getkbn":0,"jkbn":0,"sdnflg":0,"symd":"20220801","eymd":"20220901"}
[2022-08-18T09:39:02.109] [INFO] default - folder=> COMMON
[2022-08-18T09:39:02.109] [INFO] default - request=> GET
[2022-08-18T11:39:41.865] [INFO] default - name=> userListPrint
[2022-08-18T11:39:41.867] [INFO] default - params=>{"uniqid":1,"traceid":123,"getkbn":0,"jkbn":0,"sdnflg":0,"symd":"20220801","eymd":"20220901"}
[2022-08-18T11:39:41.867] [INFO] default - folder=> COMMON
[2022-08-18T11:39:41.867] [INFO] default - request=> GET
[2022-08-18T11:39:46.199] [INFO] default - name=> JyukyuTourokuSikyuryoLayout
[2022-08-18T11:39:46.199] [INFO] default - params=>{"uniqid":1,"traceid":123}
[2022-08-18T11:39:46.199] [INFO] default - folder=> SIHMAIN
[2022-08-18T11:39:46.199] [INFO] default - request=> GET
[2022-08-18T11:39:46.262] [INFO] default - name=> userListPrint
[2022-08-18T11:39:46.262] [INFO] default - params=>{"uniqid":1,"traceid":123,"getkbn":0,"jkbn":0,"sdnflg":0,"symd":"20220801","eymd":"20220901"}
[2022-08-18T11:39:46.262] [INFO] default - folder=> COMMON
[2022-08-18T11:39:46.262] [INFO] default - request=> GET
[2022-08-18T11:40:02.201] [INFO] default - name=> JyukyuTourokuKihon
[2022-08-18T11:40:02.201] [INFO] default - params=>{"uniqid":1,"traceid":123,"rid":102}
[2022-08-18T11:40:02.201] [INFO] default - folder=> SIHMAIN
[2022-08-18T11:40:02.201] [INFO] default - request=> GET
[2022-08-18T11:40:02.208] [INFO] default - name=> JyukyuTourokuSyogaiKubun
[2022-08-18T11:40:02.208] [INFO] default - params=>{"uniqid":1,"traceid":123,"rid":102}
[2022-08-18T11:40:02.208] [INFO] default - folder=> SIHMAIN
[2022-08-18T11:40:02.209] [INFO] default - request=> GET
[2022-08-18T11:40:02.216] [INFO] default - name=> JyukyuTourokuKeikakuSoudan
[2022-08-18T11:40:02.216] [INFO] default - params=>{"uniqid":1,"traceid":123,"rid":102}
[2022-08-18T11:40:02.216] [INFO] default - folder=> SIHMAIN
[2022-08-18T11:40:02.216] [INFO] default - request=> GET
[2022-08-18T11:40:02.221] [INFO] default - name=> JyukyuTourokuSikyuryo
[2022-08-18T11:40:02.221] [INFO] default - params=>{"uniqid":1,"traceid":123,"rid":102}
[2022-08-18T11:40:02.222] [INFO] default - folder=> SIHMAIN
[2022-08-18T11:40:02.222] [INFO] default - request=> GET
[2022-08-18T11:40:02.227] [INFO] default - name=> JyukyuTourokuRiyosyaFutan
[2022-08-18T11:40:02.227] [INFO] default - params=>{"uniqid":1,"traceid":123,"rid":102}
[2022-08-18T11:40:02.227] [INFO] default - folder=> SIHMAIN
[2022-08-18T11:40:02.227] [INFO] default - request=> GET
[2022-08-18T11:40:17.216] [INFO] default - name=> JyukyuTourokuSyogaiKubun
[2022-08-18T11:40:17.216] [INFO] default - params=>{"uniqid":1,"traceid":123,"rid":102}
[2022-08-18T11:40:17.216] [INFO] default - folder=> SIHMAIN
[2022-08-18T11:40:17.216] [INFO] default - request=> GET
[2022-08-18T11:40:17.217] [INFO] default - name=> JyukyuTourokuKihon
[2022-08-18T11:40:17.217] [INFO] default - params=>{"uniqid":1,"traceid":123,"rid":102}
[2022-08-18T11:40:17.217] [INFO] default - folder=> SIHMAIN
[2022-08-18T11:40:17.217] [INFO] default - request=> GET
[2022-08-18T11:40:17.220] [INFO] default - name=> JyukyuTourokuSikyuryo
[2022-08-18T11:40:17.220] [INFO] default - params=>{"uniqid":1,"traceid":123,"rid":102}
[2022-08-18T11:40:17.220] [INFO] default - folder=> SIHMAIN
[2022-08-18T11:40:17.220] [INFO] default - request=> GET
[2022-08-18T11:40:17.221] [INFO] default - name=> JyukyuTourokuRiyosyaFutan
[2022-08-18T11:40:17.221] [INFO] default - params=>{"uniqid":1,"traceid":123,"rid":102}
[2022-08-18T11:40:17.221] [INFO] default - folder=> SIHMAIN
[2022-08-18T11:40:17.221] [INFO] default - request=> GET
[2022-08-18T11:40:17.222] [INFO] default - name=> JyukyuTourokuKeikakuSoudan
[2022-08-18T11:40:17.222] [INFO] default - params=>{"uniqid":1,"traceid":123,"rid":102}
[2022-08-18T11:40:17.222] [INFO] default - folder=> SIHMAIN
[2022-08-18T11:40:17.222] [INFO] default - request=> GET
[2022-08-18T11:41:20.972] [INFO] default - name=> JyukyuTourokuSikyuryoLayout
[2022-08-18T11:41:20.972] [INFO] default - params=>{"uniqid":1,"traceid":123}
[2022-08-18T11:41:20.972] [INFO] default - folder=> SIHMAIN
[2022-08-18T11:41:20.972] [INFO] default - request=> GET
[2022-08-18T11:41:21.030] [INFO] default - name=> userListPrint
[2022-08-18T11:41:21.030] [INFO] default - params=>{"uniqid":1,"traceid":123,"getkbn":0,"jkbn":0,"sdnflg":0,"symd":"20220801","eymd":"20220901"}
[2022-08-18T11:41:21.030] [INFO] default - folder=> COMMON
[2022-08-18T11:41:21.030] [INFO] default - request=> GET
[2022-08-18T11:41:51.106] [INFO] default - name=> JyukyuTourokuSikyuryoLayout
[2022-08-18T11:41:51.106] [INFO] default - params=>{"uniqid":1,"traceid":123}
[2022-08-18T11:41:51.106] [INFO] default - folder=> SIHMAIN
[2022-08-18T11:41:51.106] [INFO] default - request=> GET
[2022-08-18T11:41:51.167] [INFO] default - name=> userListPrint
[2022-08-18T11:41:51.167] [INFO] default - params=>{"uniqid":1,"traceid":123,"getkbn":0,"jkbn":0,"sdnflg":0,"symd":"20220801","eymd":"20220901"}
[2022-08-18T11:41:51.168] [INFO] default - folder=> COMMON
[2022-08-18T11:41:51.168] [INFO] default - request=> GET
[2022-08-18T11:41:53.626] [INFO] default - name=> JyukyuTourokuSyogaiKubun
[2022-08-18T11:41:53.627] [INFO] default - params=>{"uniqid":1,"traceid":123,"rid":102}
[2022-08-18T11:41:53.627] [INFO] default - folder=> SIHMAIN
[2022-08-18T11:41:53.627] [INFO] default - request=> GET
[2022-08-18T11:41:53.628] [INFO] default - name=> JyukyuTourokuKihon
[2022-08-18T11:41:53.628] [INFO] default - params=>{"uniqid":1,"traceid":123,"rid":102}
[2022-08-18T11:41:53.628] [INFO] default - folder=> SIHMAIN
[2022-08-18T11:41:53.628] [INFO] default - request=> GET
[2022-08-18T11:41:53.632] [INFO] default - name=> JyukyuTourokuSikyuryo
[2022-08-18T11:41:53.632] [INFO] default - params=>{"uniqid":1,"traceid":123,"rid":102}
[2022-08-18T11:41:53.632] [INFO] default - folder=> SIHMAIN
[2022-08-18T11:41:53.632] [INFO] default - request=> GET
[2022-08-18T11:41:53.635] [INFO] default - name=> JyukyuTourokuKeikakuSoudan
[2022-08-18T11:41:53.635] [INFO] default - params=>{"uniqid":1,"traceid":123,"rid":102}
[2022-08-18T11:41:53.635] [INFO] default - folder=> SIHMAIN
[2022-08-18T11:41:53.637] [INFO] default - request=> GET
[2022-08-18T11:41:53.638] [INFO] default - name=> JyukyuTourokuRiyosyaFutan
[2022-08-18T11:41:53.639] [INFO] default - params=>{"uniqid":1,"traceid":123,"rid":102}
[2022-08-18T11:41:53.639] [INFO] default - folder=> SIHMAIN
[2022-08-18T11:41:53.639] [INFO] default - request=> GET
[2022-08-18T11:42:29.060] [INFO] default - name=> userListPrint
[2022-08-18T11:42:29.060] [INFO] default - params=>{"uniqid":1,"traceid":123,"getkbn":0,"jkbn":0,"sdnflg":0,"symd":"20220801","eymd":"20220901"}
[2022-08-18T11:42:29.060] [INFO] default - folder=> COMMON
[2022-08-18T11:42:29.060] [INFO] default - request=> GET
[2022-08-18T11:43:15.792] [INFO] default - name=> JyukyuTourokuSikyuryoLayout
[2022-08-18T11:43:15.793] [INFO] default - params=>{"uniqid":1,"traceid":123}
[2022-08-18T11:43:15.793] [INFO] default - folder=> SIHMAIN
[2022-08-18T11:43:15.793] [INFO] default - request=> GET
[2022-08-18T11:43:15.850] [INFO] default - name=> userListPrint
[2022-08-18T11:43:15.850] [INFO] default - params=>{"uniqid":1,"traceid":123,"getkbn":0,"jkbn":0,"sdnflg":0,"symd":"20220801","eymd":"20220901"}
[2022-08-18T11:43:15.850] [INFO] default - folder=> COMMON
[2022-08-18T11:43:15.850] [INFO] default - request=> GET
[2022-08-18T11:43:25.039] [INFO] default - name=> JyukyuTourokuSyogaiKubun
[2022-08-18T11:43:25.039] [INFO] default - params=>{"uniqid":1,"traceid":123,"rid":102}
[2022-08-18T11:43:25.039] [INFO] default - folder=> SIHMAIN
[2022-08-18T11:43:25.039] [INFO] default - request=> GET
[2022-08-18T11:43:25.040] [INFO] default - name=> JyukyuTourokuKihon
[2022-08-18T11:43:25.041] [INFO] default - params=>{"uniqid":1,"traceid":123,"rid":102}
[2022-08-18T11:43:25.041] [INFO] default - folder=> SIHMAIN
[2022-08-18T11:43:25.041] [INFO] default - request=> GET
[2022-08-18T11:43:25.041] [INFO] default - name=> JyukyuTourokuSikyuryo
[2022-08-18T11:43:25.042] [INFO] default - params=>{"uniqid":1,"traceid":123,"rid":102}
[2022-08-18T11:43:25.042] [INFO] default - folder=> SIHMAIN
[2022-08-18T11:43:25.042] [INFO] default - request=> GET
[2022-08-18T11:43:25.045] [INFO] default - name=> JyukyuTourokuKeikakuSoudan
[2022-08-18T11:43:25.045] [INFO] default - params=>{"uniqid":1,"traceid":123,"rid":102}
[2022-08-18T11:43:25.045] [INFO] default - folder=> SIHMAIN
[2022-08-18T11:43:25.045] [INFO] default - request=> GET
[2022-08-18T11:43:25.046] [INFO] default - name=> JyukyuTourokuRiyosyaFutan
[2022-08-18T11:43:25.046] [INFO] default - params=>{"uniqid":1,"traceid":123,"rid":102}
[2022-08-18T11:43:25.046] [INFO] default - folder=> SIHMAIN
[2022-08-18T11:43:25.046] [INFO] default - request=> GET
[2022-08-18T11:48:08.562] [INFO] default - name=> userListPrint
[2022-08-18T11:48:08.562] [INFO] default - params=>{"uniqid":1,"traceid":123,"getkbn":0,"jkbn":0,"sdnflg":0,"symd":"20220801","eymd":"20220901"}
[2022-08-18T11:48:08.562] [INFO] default - folder=> COMMON
[2022-08-18T11:48:08.562] [INFO] default - request=> GET
[2022-08-18T11:48:52.210] [INFO] default - name=> JyukyuTourokuSikyuryoLayout
[2022-08-18T11:48:52.210] [INFO] default - params=>{"uniqid":1,"traceid":123}
[2022-08-18T11:48:52.210] [INFO] default - folder=> SIHMAIN
[2022-08-18T11:48:52.210] [INFO] default - request=> GET
[2022-08-18T11:48:52.275] [INFO] default - name=> userListPrint
[2022-08-18T11:48:52.275] [INFO] default - params=>{"uniqid":1,"traceid":123,"getkbn":0,"jkbn":0,"sdnflg":0,"symd":"20220801","eymd":"20220901"}
[2022-08-18T11:48:52.275] [INFO] default - folder=> COMMON
[2022-08-18T11:48:52.275] [INFO] default - request=> GET
[2022-08-18T11:48:53.872] [INFO] default - name=> userListPrint
[2022-08-18T11:48:53.872] [INFO] default - params=>{"uniqid":1,"traceid":123,"getkbn":0,"jkbn":0,"sdnflg":0,"symd":"20220801","eymd":"20220901"}
[2022-08-18T11:48:53.872] [INFO] default - folder=> COMMON
[2022-08-18T11:48:53.872] [INFO] default - request=> GET
[2022-08-18T11:48:55.771] [INFO] default - name=> JyukyuTourokuSikyuryoLayout
[2022-08-18T11:48:55.771] [INFO] default - params=>{"uniqid":1,"traceid":123}
[2022-08-18T11:48:55.771] [INFO] default - folder=> SIHMAIN
[2022-08-18T11:48:55.771] [INFO] default - request=> GET
[2022-08-18T11:48:55.820] [INFO] default - name=> userListPrint
[2022-08-18T11:48:55.820] [INFO] default - params=>{"uniqid":1,"traceid":123,"getkbn":0,"jkbn":0,"sdnflg":0,"symd":"20220801","eymd":"20220901"}
[2022-08-18T11:48:55.821] [INFO] default - folder=> COMMON
[2022-08-18T11:48:55.821] [INFO] default - request=> GET
[2022-08-18T11:49:00.776] [INFO] default - name=> JyukyuTourokuSyogaiKubun
[2022-08-18T11:49:00.776] [INFO] default - params=>{"uniqid":1,"traceid":123,"rid":2}
[2022-08-18T11:49:00.776] [INFO] default - folder=> SIHMAIN
[2022-08-18T11:49:00.776] [INFO] default - request=> GET
[2022-08-18T11:49:00.777] [INFO] default - name=> JyukyuTourokuKihon
[2022-08-18T11:49:00.777] [INFO] default - params=>{"uniqid":1,"traceid":123,"rid":2}
[2022-08-18T11:49:00.778] [INFO] default - folder=> SIHMAIN
[2022-08-18T11:49:00.778] [INFO] default - request=> GET
[2022-08-18T11:49:00.782] [INFO] default - name=> JyukyuTourokuSikyuryo
[2022-08-18T11:49:00.782] [INFO] default - params=>{"uniqid":1,"traceid":123,"rid":2}
[2022-08-18T11:49:00.782] [INFO] default - folder=> SIHMAIN
[2022-08-18T11:49:00.782] [INFO] default - request=> GET
[2022-08-18T11:49:00.784] [INFO] default - name=> JyukyuTourokuKeikakuSoudan
[2022-08-18T11:49:00.784] [INFO] default - params=>{"uniqid":1,"traceid":123,"rid":2}
[2022-08-18T11:49:00.784] [INFO] default - folder=> SIHMAIN
[2022-08-18T11:49:00.784] [INFO] default - request=> GET
[2022-08-18T11:49:00.789] [INFO] default - name=> JyukyuTourokuRiyosyaFutan
[2022-08-18T11:49:00.789] [INFO] default - params=>{"uniqid":1,"traceid":123,"rid":2}
[2022-08-18T11:49:00.789] [INFO] default - folder=> SIHMAIN
[2022-08-18T11:49:00.789] [INFO] default - request=> GET
[2022-08-18T11:49:44.757] [INFO] default - name=> JyukyuTourokuSikyuryoLayout
[2022-08-18T11:49:44.757] [INFO] default - params=>{"uniqid":1,"traceid":123}
[2022-08-18T11:49:44.757] [INFO] default - folder=> SIHMAIN
[2022-08-18T11:49:44.757] [INFO] default - request=> GET
[2022-08-18T11:49:44.815] [INFO] default - name=> userListPrint
[2022-08-18T11:49:44.815] [INFO] default - params=>{"uniqid":1,"traceid":123,"getkbn":0,"jkbn":0,"sdnflg":0,"symd":"20220801","eymd":"20220901"}
[2022-08-18T11:49:44.815] [INFO] default - folder=> COMMON
[2022-08-18T11:49:44.815] [INFO] default - request=> GET
[2022-08-18T11:49:50.884] [INFO] default - name=> JyukyuTourokuKihon
[2022-08-18T11:49:50.884] [INFO] default - params=>{"uniqid":1,"traceid":123,"rid":102}
[2022-08-18T11:49:50.884] [INFO] default - folder=> SIHMAIN
[2022-08-18T11:49:50.884] [INFO] default - request=> GET
[2022-08-18T11:49:50.885] [INFO] default - name=> JyukyuTourokuSyogaiKubun
[2022-08-18T11:49:50.885] [INFO] default - params=>{"uniqid":1,"traceid":123,"rid":102}
[2022-08-18T11:49:50.885] [INFO] default - folder=> SIHMAIN
[2022-08-18T11:49:50.885] [INFO] default - request=> GET
[2022-08-18T11:49:50.886] [INFO] default - name=> JyukyuTourokuSikyuryo
[2022-08-18T11:49:50.886] [INFO] default - params=>{"uniqid":1,"traceid":123,"rid":102}
[2022-08-18T11:49:50.887] [INFO] default - folder=> SIHMAIN
[2022-08-18T11:49:50.887] [INFO] default - request=> GET
[2022-08-18T11:49:50.888] [INFO] default - name=> JyukyuTourokuKeikakuSoudan
[2022-08-18T11:49:50.888] [INFO] default - params=>{"uniqid":1,"traceid":123,"rid":102}
[2022-08-18T11:49:50.888] [INFO] default - folder=> SIHMAIN
[2022-08-18T11:49:50.888] [INFO] default - request=> GET
[2022-08-18T11:49:50.890] [INFO] default - name=> JyukyuTourokuRiyosyaFutan
[2022-08-18T11:49:50.890] [INFO] default - params=>{"uniqid":1,"traceid":123,"rid":102}
[2022-08-18T11:49:50.890] [INFO] default - folder=> SIHMAIN
[2022-08-18T11:49:50.890] [INFO] default - request=> GET
[2022-08-18T17:57:45.426] [INFO] default - name=> ServiceHistory
[2022-08-18T17:57:45.428] [INFO] default - params=>{"uniqid":1,"traceid":123}
[2022-08-18T17:57:45.428] [INFO] default - folder=> SIHMAIN
[2022-08-18T17:57:45.428] [INFO] default - request=> GET
[2022-08-18T17:59:14.643] [INFO] default - name=> userListPrint
[2022-08-18T17:59:14.643] [INFO] default - params=>{"uniqid":1,"traceid":123,"getkbn":0,"jkbn":0,"sdnflg":0,"symd":"20220801","eymd":"20220901"}
[2022-08-18T17:59:14.643] [INFO] default - folder=> COMMON
[2022-08-18T17:59:14.644] [INFO] default - request=> GET
[2022-08-18T17:59:18.814] [INFO] default - name=> KeiyakuHokoku
[2022-08-18T17:59:18.815] [INFO] default - params=>{"uniqid":1,"traceid":123}
[2022-08-18T17:59:18.815] [INFO] default - folder=> SIHMAIN
[2022-08-18T17:59:18.815] [INFO] default - request=> GET
[2022-08-18T17:59:23.309] [INFO] default - name=> ServiceTeikyo
[2022-08-18T17:59:23.309] [INFO] default - params=>{"uniqid":1,"traceid":123}
[2022-08-18T17:59:23.309] [INFO] default - folder=> SIHMAIN
[2022-08-18T17:59:23.309] [INFO] default - request=> GET
[2022-08-18T17:59:23.315] [INFO] default - name=> ServiceTeikyoTaisei
[2022-08-18T17:59:23.315] [INFO] default - params=>{"uniqid":1,"traceid":123}
[2022-08-18T17:59:23.315] [INFO] default - folder=> SIHMAIN
[2022-08-18T17:59:23.315] [INFO] default - request=> GET
