[2022-08-03T09:12:05.859] [INFO] default - name=> NenkanRiyouNissuIcrn
[2022-08-03T09:12:05.860] [INFO] default - params=>{"uniqid":1,"traceid":123}
[2022-08-03T09:12:05.860] [INFO] default - folder=> SIHS
[2022-08-03T09:12:05.860] [INFO] default - request=> GET
[2022-08-03T09:12:16.012] [INFO] default - name=> KeiyakuHokoku
[2022-08-03T09:12:16.012] [INFO] default - params=>{"uniqid":1,"traceid":123}
[2022-08-03T09:12:16.012] [INFO] default - folder=> SIHMAIN
[2022-08-03T09:12:16.012] [INFO] default - request=> GET
[2022-08-03T09:12:19.208] [INFO] default - name=> KeiyakuHokoku
[2022-08-03T09:12:19.208] [INFO] default - params=>{"uniqid":1,"traceid":123,"riyocode":10000001,"svcsyocode":"10001"}
[2022-08-03T09:12:19.208] [INFO] default - folder=> SIHMAIN
[2022-08-03T09:12:19.208] [INFO] default - request=> GET
[2022-08-03T09:12:22.192] [INFO] default - name=> KeiyakuHokoku
[2022-08-03T09:12:22.192] [INFO] default - params=>{"uniqid":1,"traceid":123,"riyocode":10000001,"svcsyocode":"10001"}
[2022-08-03T09:12:22.192] [INFO] default - folder=> SIHMAIN
[2022-08-03T09:12:22.192] [INFO] default - request=> GET
[2022-08-03T09:15:38.564] [INFO] default - name=> KeiyakuHokoku
[2022-08-03T09:15:38.564] [INFO] default - params=>{"uniqid":1,"traceid":123,"riyocode":10000001,"svcsyocode":"10002"}
[2022-08-03T09:15:38.564] [INFO] default - folder=> SIHMAIN
[2022-08-03T09:15:38.564] [INFO] default - request=> GET
[2022-08-03T09:15:44.083] [INFO] default - name=> KeiyakuHokoku
[2022-08-03T09:15:44.084] [INFO] default - params=>{"uniqid":1,"traceid":123,"riyocode":10000003}
[2022-08-03T09:15:44.084] [INFO] default - folder=> SIHMAIN
[2022-08-03T09:15:44.084] [INFO] default - request=> GET
[2022-08-03T09:16:35.347] [INFO] default - name=> KeiyakuHokoku
[2022-08-03T09:16:35.348] [INFO] default - params=>{"uniqid":1,"traceid":123,"riyocode":10000001,"svcsyocode":"10001"}
[2022-08-03T09:16:35.348] [INFO] default - folder=> SIHMAIN
[2022-08-03T09:16:35.348] [INFO] default - request=> GET
[2022-08-03T09:16:36.837] [INFO] default - name=> KeiyakuHokoku
[2022-08-03T09:16:36.837] [INFO] default - folder=> SIHMAIN
[2022-08-03T09:16:36.837] [INFO] default - params=>{"data":{"code":"POST","uniqid":1,"traceid":123,"inskbn":0}}
[2022-08-03T09:16:36.837] [INFO] default - code=>POST
[2022-08-03T09:16:36.837] [INFO] default - request=> POST
[2022-08-03T09:51:16.899] [INFO] default - name=> KeiyakuHokoku
[2022-08-03T09:51:16.899] [INFO] default - params=>{"uniqid":1,"traceid":123}
[2022-08-03T09:51:16.899] [INFO] default - folder=> SIHMAIN
[2022-08-03T09:51:16.899] [INFO] default - request=> GET
[2022-08-03T09:53:11.355] [INFO] default - name=> KeiyakuHokoku
[2022-08-03T09:53:11.355] [INFO] default - params=>{"uniqid":1,"traceid":123}
[2022-08-03T09:53:11.355] [INFO] default - folder=> SIHMAIN
[2022-08-03T09:53:11.355] [INFO] default - request=> GET
[2022-08-03T09:53:13.449] [INFO] default - name=> KeiyakuHokoku
[2022-08-03T09:53:13.450] [INFO] default - params=>{"uniqid":1,"traceid":123,"riyocode":10000001,"svcsyocode":"10001"}
[2022-08-03T09:53:13.450] [INFO] default - folder=> SIHMAIN
[2022-08-03T09:53:13.450] [INFO] default - request=> GET
[2022-08-03T09:53:15.442] [INFO] default - name=> KeiyakuHokoku
[2022-08-03T09:53:15.442] [INFO] default - folder=> SIHMAIN
[2022-08-03T09:53:15.442] [INFO] default - params=>{"data":{"code":"POST","uniqid":1,"traceid":123,"inskbn":0,"kkbn":0,"sityoid":0,"jigyono":"a123","jigyoid":123,"jigyokbn":1,"riid":1}}
[2022-08-03T09:53:15.442] [INFO] default - code=>POST
[2022-08-03T09:53:15.443] [INFO] default - request=> POST
[2022-08-03T09:55:21.923] [INFO] default - name=> KeiyakuHokoku
[2022-08-03T09:55:21.923] [INFO] default - params=>{"uniqid":1,"traceid":123}
[2022-08-03T09:55:21.923] [INFO] default - folder=> SIHMAIN
[2022-08-03T09:55:21.923] [INFO] default - request=> GET
[2022-08-03T09:55:24.665] [INFO] default - name=> KeiyakuHokoku
[2022-08-03T09:55:24.665] [INFO] default - params=>{"uniqid":1,"traceid":123,"riyocode":10000001,"svcsyocode":"10001"}
[2022-08-03T09:55:24.665] [INFO] default - folder=> SIHMAIN
[2022-08-03T09:55:24.665] [INFO] default - request=> GET
[2022-08-03T09:55:26.017] [INFO] default - name=> KeiyakuHokoku
[2022-08-03T09:55:26.017] [INFO] default - folder=> SIHMAIN
[2022-08-03T09:55:26.017] [INFO] default - params=>{"data":{"code":"POST","uniqid":1,"traceid":123,"inskbn":0,"kkbn":0,"sityoid":0,"jigyono":"a123","jigyoid":123,"jigyokbn":1,"riid":1,"hokbn":1,"svcsyucode":1,"svccode1":"a1","svccode2":"b1","ryokyk":1,"ryotyk":1,"symd":"20220101","eymd":"20220101"}}
[2022-08-03T09:55:26.017] [INFO] default - code=>POST
[2022-08-03T09:55:26.017] [INFO] default - request=> POST
[2022-08-03T09:55:35.921] [INFO] default - name=> KeiyakuHokoku
[2022-08-03T09:55:35.922] [INFO] default - params=>{"uniqid":1,"traceid":123,"riyocode":10000001,"svcsyocode":"10001"}
[2022-08-03T09:55:35.922] [INFO] default - folder=> SIHMAIN
[2022-08-03T09:55:35.922] [INFO] default - request=> GET
[2022-08-03T09:55:37.371] [INFO] default - name=> KeiyakuHokoku
[2022-08-03T09:55:37.371] [INFO] default - folder=> SIHMAIN
[2022-08-03T09:55:37.371] [INFO] default - params=>{"data":{"code":"POST","uniqid":1,"traceid":123,"inskbn":0,"kkbn":0,"sityoid":0,"jigyono":"a123","jigyoid":123,"jigyokbn":1,"riid":1,"hokbn":1,"svcsyucode":1,"svccode1":"a1","svccode2":"b1","ryokyk":1,"ryotyk":1,"symd":"20220101","eymd":"20220101"}}
[2022-08-03T09:55:37.372] [INFO] default - code=>POST
[2022-08-03T09:55:37.372] [INFO] default - request=> POST
[2022-08-03T10:05:50.954] [INFO] default - name=> KeiyakuHokoku
[2022-08-03T10:05:50.954] [INFO] default - params=>{"uniqid":1,"traceid":123}
[2022-08-03T10:05:50.954] [INFO] default - folder=> SIHMAIN
[2022-08-03T10:05:50.954] [INFO] default - request=> GET
[2022-08-03T10:05:58.937] [INFO] default - name=> KeiyakuHokoku
[2022-08-03T10:05:58.938] [INFO] default - params=>{"uniqid":1,"traceid":123,"riyocode":10000001,"svcsyocode":"10001"}
[2022-08-03T10:05:58.938] [INFO] default - folder=> SIHMAIN
[2022-08-03T10:05:58.938] [INFO] default - request=> GET
[2022-08-03T10:06:00.009] [INFO] default - name=> KeiyakuHokoku
[2022-08-03T10:06:00.009] [INFO] default - folder=> SIHMAIN
[2022-08-03T10:06:00.009] [INFO] default - params=>{"data":{"code":"POST","uniqid":1,"traceid":123,"inskbn":0,"kkbn":0,"sityoid":0,"jigyono":"a123","jigyoid":123,"jigyokbn":1,"riid":1,"hokbn":1,"svcsyucode":1,"svccode1":"a1","svccode2":"b1","ryokyk":1,"ryotyk":1,"symd":"20220101","eymd":"20220201","tflg":1,"lcnt":1,"pageno":1,"denkbn":1,"jskhyo":1,"nocnvflg":1,"ryoji":1,"ryota":1,"ryonew":1,"sikyuid":1,"siid":1}}
[2022-08-03T10:06:00.009] [INFO] default - code=>POST
[2022-08-03T10:06:00.009] [INFO] default - request=> POST
[2022-08-03T10:37:01.953] [INFO] default - name=> KeiyakuHokoku
[2022-08-03T10:37:01.954] [INFO] default - params=>{"uniqid":1,"traceid":123}
[2022-08-03T10:37:01.954] [INFO] default - folder=> SIHMAIN
[2022-08-03T10:37:01.954] [INFO] default - request=> GET
[2022-08-03T10:37:34.112] [INFO] default - name=> KeiyakuHokoku
[2022-08-03T10:37:34.112] [INFO] default - params=>{"uniqid":1,"traceid":123}
[2022-08-03T10:37:34.112] [INFO] default - folder=> SIHMAIN
[2022-08-03T10:37:34.112] [INFO] default - request=> GET
[2022-08-03T10:37:39.317] [INFO] default - name=> KeiyakuHokoku
[2022-08-03T10:37:39.317] [INFO] default - params=>{"uniqid":1,"traceid":123}
[2022-08-03T10:37:39.317] [INFO] default - folder=> SIHMAIN
[2022-08-03T10:37:39.317] [INFO] default - request=> GET
[2022-08-03T10:37:56.802] [INFO] default - name=> KeiyakuHokoku
[2022-08-03T10:37:56.802] [INFO] default - params=>{"uniqid":1,"traceid":123}
[2022-08-03T10:37:56.802] [INFO] default - folder=> SIHMAIN
[2022-08-03T10:37:56.802] [INFO] default - request=> GET
[2022-08-03T10:38:00.621] [INFO] default - name=> KeiyakuHokoku
[2022-08-03T10:38:00.621] [INFO] default - params=>{"uniqid":1,"traceid":123}
[2022-08-03T10:38:00.621] [INFO] default - folder=> SIHMAIN
[2022-08-03T10:38:00.621] [INFO] default - request=> GET
[2022-08-03T10:38:04.832] [INFO] default - name=> KeiyakuHokoku
[2022-08-03T10:38:04.832] [INFO] default - params=>{"uniqid":1,"traceid":123}
[2022-08-03T10:38:04.832] [INFO] default - folder=> SIHMAIN
[2022-08-03T10:38:04.832] [INFO] default - request=> GET
[2022-08-03T10:38:12.987] [INFO] default - name=> KeiyakuHokoku
[2022-08-03T10:38:12.987] [INFO] default - params=>{"uniqid":1,"traceid":123}
[2022-08-03T10:38:12.987] [INFO] default - folder=> SIHMAIN
[2022-08-03T10:38:12.987] [INFO] default - request=> GET
[2022-08-03T10:38:18.474] [INFO] default - name=> KeiyakuHokoku
[2022-08-03T10:38:18.474] [INFO] default - params=>{"uniqid":1,"traceid":123}
[2022-08-03T10:38:18.474] [INFO] default - folder=> SIHMAIN
[2022-08-03T10:38:18.474] [INFO] default - request=> GET
[2022-08-03T10:39:20.933] [INFO] default - name=> KeiyakuHokoku
[2022-08-03T10:39:20.934] [INFO] default - params=>{"uniqid":1,"traceid":123}
[2022-08-03T10:39:20.934] [INFO] default - folder=> SIHMAIN
[2022-08-03T10:39:20.934] [INFO] default - request=> GET
[2022-08-03T10:40:15.614] [INFO] default - name=> KeiyakuHokoku
[2022-08-03T10:40:15.614] [INFO] default - params=>{"uniqid":1,"traceid":123}
[2022-08-03T10:40:15.614] [INFO] default - folder=> SIHMAIN
[2022-08-03T10:40:15.614] [INFO] default - request=> GET
[2022-08-03T10:40:28.164] [INFO] default - name=> KeiyakuHokoku
[2022-08-03T10:40:28.164] [INFO] default - params=>{"uniqid":1,"traceid":123}
[2022-08-03T10:40:28.164] [INFO] default - folder=> SIHMAIN
[2022-08-03T10:40:28.164] [INFO] default - request=> GET
[2022-08-03T10:40:51.552] [INFO] default - name=> KeiyakuHokoku
[2022-08-03T10:40:51.552] [INFO] default - params=>{"uniqid":1,"traceid":123}
[2022-08-03T10:40:51.552] [INFO] default - folder=> SIHMAIN
[2022-08-03T10:40:51.552] [INFO] default - request=> GET
[2022-08-03T10:40:59.860] [INFO] default - name=> KeiyakuHokoku
[2022-08-03T10:40:59.860] [INFO] default - params=>{"uniqid":1,"traceid":123}
[2022-08-03T10:40:59.860] [INFO] default - folder=> SIHMAIN
[2022-08-03T10:40:59.860] [INFO] default - request=> GET
[2022-08-03T10:47:55.154] [INFO] default - name=> KeiyakuHokoku
[2022-08-03T10:47:55.155] [INFO] default - params=>{"uniqid":1,"traceid":123}
[2022-08-03T10:47:55.155] [INFO] default - folder=> SIHMAIN
[2022-08-03T10:47:55.155] [INFO] default - request=> GET
[2022-08-03T10:51:57.880] [INFO] default - name=> KeiyakuHokoku
[2022-08-03T10:51:57.881] [INFO] default - params=>{"uniqid":1,"traceid":123}
[2022-08-03T10:51:57.881] [INFO] default - folder=> SIHMAIN
[2022-08-03T10:51:57.881] [INFO] default - request=> GET
[2022-08-03T10:53:54.661] [INFO] default - name=> KeiyakuHokoku
[2022-08-03T10:53:54.661] [INFO] default - params=>{"uniqid":1,"traceid":123,"riyocode":10000001,"svcsyocode":"10001"}
[2022-08-03T10:53:54.661] [INFO] default - folder=> SIHMAIN
[2022-08-03T10:53:54.661] [INFO] default - request=> GET
[2022-08-03T10:53:55.995] [INFO] default - name=> KeiyakuHokoku
[2022-08-03T10:53:55.995] [INFO] default - folder=> SIHMAIN
[2022-08-03T10:53:55.995] [INFO] default - params=>{"data":{"code":"POST","uniqid":1,"traceid":123,"inskbn":0,"kkbn":0,"sityoid":0,"jigyono":"a123","jigyoid":123,"jigyokbn":1,"riid":1,"hokbn":1,"svcsyucode":1,"svccode1":"a1","svccode2":"b1","ryokyk":1,"ryotyk":1,"symd":"20220101","eymd":"20220201","tflg":1,"lcnt":1,"pageno":1,"denkbn":1,"jskhyo":1,"nocnvflg":1,"ryoji":1,"ryota":1,"ryonew":1,"sikyuid":1,"siid":1}}
[2022-08-03T10:53:55.995] [INFO] default - code=>POST
[2022-08-03T10:53:55.995] [INFO] default - request=> POST
[2022-08-03T10:59:01.872] [INFO] default - name=> KeiyakuHokoku
[2022-08-03T10:59:01.873] [INFO] default - params=>{"uniqid":1,"traceid":123,"riyocode":10000001,"svcsyocode":"10001"}
[2022-08-03T10:59:01.873] [INFO] default - folder=> SIHMAIN
[2022-08-03T10:59:01.873] [INFO] default - request=> GET
[2022-08-03T10:59:02.617] [INFO] default - name=> KeiyakuHokoku
[2022-08-03T10:59:02.617] [INFO] default - folder=> SIHMAIN
[2022-08-03T10:59:02.617] [INFO] default - params=>{"data":{"code":"POST","uniqid":1,"traceid":123,"inskbn":0,"kkbn":0,"sityoid":0,"jigyono":"a123","jigyoid":123,"jigyokbn":1,"riid":1,"hokbn":1,"svcsyucode":1,"svccode1":"a1","svccode2":"b1","ryokyk":1,"ryotyk":1,"symd":"20220101","eymd":"20220201","tflg":1,"lcnt":1,"pageno":1,"denkbn":1,"jskhyo":1,"nocnvflg":1,"ryoji":1,"ryota":1,"ryonew":1,"sikyuid":1,"siid":1}}
[2022-08-03T10:59:02.617] [INFO] default - code=>POST
[2022-08-03T10:59:02.617] [INFO] default - request=> POST
[2022-08-03T11:01:32.371] [INFO] default - name=> KeiyakuHokoku
[2022-08-03T11:01:32.371] [INFO] default - params=>{"uniqid":1,"traceid":123,"riyocode":10000002}
[2022-08-03T11:01:32.371] [INFO] default - folder=> SIHMAIN
[2022-08-03T11:01:32.371] [INFO] default - request=> GET
[2022-08-03T11:01:35.268] [INFO] default - name=> KeiyakuHokoku
[2022-08-03T11:01:35.268] [INFO] default - params=>{"uniqid":1,"traceid":123,"riyocode":10000003}
[2022-08-03T11:01:35.268] [INFO] default - folder=> SIHMAIN
[2022-08-03T11:01:35.268] [INFO] default - request=> GET
[2022-08-03T11:01:42.258] [INFO] default - name=> KeiyakuHokoku
[2022-08-03T11:01:42.258] [INFO] default - params=>{"uniqid":1,"traceid":123,"riyocode":10000001,"svcsyocode":"10001"}
[2022-08-03T11:01:42.258] [INFO] default - folder=> SIHMAIN
[2022-08-03T11:01:42.258] [INFO] default - request=> GET
[2022-08-03T11:03:51.418] [INFO] default - name=> KeiyakuHokoku
[2022-08-03T11:03:51.418] [INFO] default - params=>{"uniqid":1,"traceid":123,"riyocode":10000001}
[2022-08-03T11:03:51.418] [INFO] default - folder=> SIHMAIN
[2022-08-03T11:03:51.418] [INFO] default - request=> GET
[2022-08-03T11:14:05.121] [INFO] default - name=> KeiyakuHokoku
[2022-08-03T11:14:05.121] [INFO] default - params=>{"uniqid":1,"traceid":123}
[2022-08-03T11:14:05.121] [INFO] default - folder=> SIHMAIN
[2022-08-03T11:14:05.121] [INFO] default - request=> GET
[2022-08-03T11:17:21.017] [INFO] default - name=> KeiyakuHokoku
[2022-08-03T11:17:21.017] [INFO] default - params=>{"uniqid":1,"traceid":123,"riyocode":10000001,"svcsyocode":"10001"}
[2022-08-03T11:17:21.017] [INFO] default - folder=> SIHMAIN
[2022-08-03T11:17:21.017] [INFO] default - request=> GET
[2022-08-03T11:18:04.008] [INFO] default - name=> KeiyakuHokoku
[2022-08-03T11:18:04.008] [INFO] default - params=>{"uniqid":1,"traceid":123,"riyocode":10000001,"svcsyocode":"10001"}
[2022-08-03T11:18:04.008] [INFO] default - folder=> SIHMAIN
[2022-08-03T11:18:04.008] [INFO] default - request=> GET
[2022-08-03T11:18:07.201] [INFO] default - name=> KeiyakuHokoku
[2022-08-03T11:18:07.202] [INFO] default - params=>{"uniqid":1,"traceid":123,"riyocode":10000001,"svcsyocode":"10001"}
[2022-08-03T11:18:07.202] [INFO] default - folder=> SIHMAIN
[2022-08-03T11:18:07.202] [INFO] default - request=> GET
[2022-08-03T11:18:10.026] [INFO] default - name=> KeiyakuHokoku
[2022-08-03T11:18:10.026] [INFO] default - params=>{"uniqid":1,"traceid":123,"riyocode":10000001,"svcsyocode":"10001"}
[2022-08-03T11:18:10.026] [INFO] default - folder=> SIHMAIN
[2022-08-03T11:18:10.026] [INFO] default - request=> GET
[2022-08-03T11:31:10.372] [INFO] default - name=> KeiyakuHokoku
[2022-08-03T11:31:10.372] [INFO] default - params=>{"uniqid":1,"traceid":123}
[2022-08-03T11:31:10.372] [INFO] default - folder=> SIHMAIN
[2022-08-03T11:31:10.372] [INFO] default - request=> GET
[2022-08-03T11:34:46.367] [INFO] default - name=> KeiyakuHokoku
[2022-08-03T11:34:46.367] [INFO] default - params=>{"uniqid":1,"traceid":123,"riyocode":10000001,"svcsyocode":"10001"}
[2022-08-03T11:34:46.367] [INFO] default - folder=> SIHMAIN
[2022-08-03T11:34:46.367] [INFO] default - request=> GET
[2022-08-03T11:37:47.740] [INFO] default - name=> KeiyakuHokoku
[2022-08-03T11:37:47.740] [INFO] default - params=>{"uniqid":1,"traceid":123,"riyocode":10000001,"svcsyocode":"10001"}
[2022-08-03T11:37:47.740] [INFO] default - folder=> SIHMAIN
[2022-08-03T11:37:47.740] [INFO] default - request=> GET
[2022-08-03T11:40:02.869] [INFO] default - name=> KeiyakuHokoku
[2022-08-03T11:40:02.869] [INFO] default - params=>{"uniqid":1,"traceid":123}
[2022-08-03T11:40:02.869] [INFO] default - folder=> SIHMAIN
[2022-08-03T11:40:02.869] [INFO] default - request=> GET
[2022-08-03T11:40:06.270] [INFO] default - name=> KeiyakuHokoku
[2022-08-03T11:40:06.270] [INFO] default - params=>{"uniqid":1,"traceid":123,"riyocode":10000001,"svcsyocode":"10001"}
[2022-08-03T11:40:06.270] [INFO] default - folder=> SIHMAIN
[2022-08-03T11:40:06.270] [INFO] default - request=> GET
[2022-08-03T11:41:28.317] [INFO] default - name=> KeiyakuHokoku
[2022-08-03T11:41:28.317] [INFO] default - params=>{"uniqid":1,"traceid":123}
[2022-08-03T11:41:28.317] [INFO] default - folder=> SIHMAIN
[2022-08-03T11:41:28.317] [INFO] default - request=> GET
[2022-08-03T11:41:44.331] [INFO] default - name=> KeiyakuHokoku
[2022-08-03T11:41:44.331] [INFO] default - params=>{"uniqid":1,"traceid":123,"riyocode":10000001,"svcsyocode":"10001"}
[2022-08-03T11:41:44.331] [INFO] default - folder=> SIHMAIN
[2022-08-03T11:41:44.331] [INFO] default - request=> GET
[2022-08-03T11:42:27.778] [INFO] default - name=> KeiyakuHokoku
[2022-08-03T11:42:27.778] [INFO] default - params=>{"uniqid":1,"traceid":123,"riyocode":10000001,"svcsyocode":"10001"}
[2022-08-03T11:42:27.778] [INFO] default - folder=> SIHMAIN
[2022-08-03T11:42:27.778] [INFO] default - request=> GET
[2022-08-03T11:43:26.492] [INFO] default - name=> KeiyakuHokoku
[2022-08-03T11:43:26.492] [INFO] default - params=>{"uniqid":1,"traceid":123}
[2022-08-03T11:43:26.492] [INFO] default - folder=> SIHMAIN
[2022-08-03T11:43:26.492] [INFO] default - request=> GET
[2022-08-03T11:43:28.142] [INFO] default - name=> KeiyakuHokoku
[2022-08-03T11:43:28.142] [INFO] default - params=>{"uniqid":1,"traceid":123,"riyocode":10000001,"svcsyocode":"10001"}
[2022-08-03T11:43:28.142] [INFO] default - folder=> SIHMAIN
[2022-08-03T11:43:28.142] [INFO] default - request=> GET
[2022-08-03T11:44:20.413] [INFO] default - name=> KeiyakuHokoku
[2022-08-03T11:44:20.413] [INFO] default - params=>{"uniqid":1,"traceid":123}
[2022-08-03T11:44:20.413] [INFO] default - folder=> SIHMAIN
[2022-08-03T11:44:20.413] [INFO] default - request=> GET
[2022-08-03T11:44:21.477] [INFO] default - name=> KeiyakuHokoku
[2022-08-03T11:44:21.477] [INFO] default - params=>{"uniqid":1,"traceid":123,"riyocode":10000001,"svcsyocode":"10001"}
[2022-08-03T11:44:21.477] [INFO] default - folder=> SIHMAIN
[2022-08-03T11:44:21.477] [INFO] default - request=> GET
[2022-08-03T11:44:56.169] [INFO] default - name=> KeiyakuHokoku
[2022-08-03T11:44:56.169] [INFO] default - params=>{"uniqid":1,"traceid":123}
[2022-08-03T11:44:56.169] [INFO] default - folder=> SIHMAIN
[2022-08-03T11:44:56.169] [INFO] default - request=> GET
[2022-08-03T11:44:58.445] [INFO] default - name=> KeiyakuHokoku
[2022-08-03T11:44:58.445] [INFO] default - params=>{"uniqid":1,"traceid":123,"riyocode":10000001,"svcsyocode":"10002"}
[2022-08-03T11:44:58.445] [INFO] default - folder=> SIHMAIN
[2022-08-03T11:44:58.445] [INFO] default - request=> GET
[2022-08-03T11:45:09.290] [INFO] default - name=> KeiyakuHokoku
[2022-08-03T11:45:09.290] [INFO] default - params=>{"uniqid":1,"traceid":123,"riyocode":10000001,"svcsyocode":"10001"}
[2022-08-03T11:45:09.290] [INFO] default - folder=> SIHMAIN
[2022-08-03T11:45:09.290] [INFO] default - request=> GET
[2022-08-03T11:45:15.701] [INFO] default - name=> KeiyakuHokoku
[2022-08-03T11:45:15.701] [INFO] default - params=>{"uniqid":1,"traceid":123}
[2022-08-03T11:45:15.701] [INFO] default - folder=> SIHMAIN
[2022-08-03T11:45:15.701] [INFO] default - request=> GET
[2022-08-03T11:45:17.853] [INFO] default - name=> KeiyakuHokoku
[2022-08-03T11:45:17.853] [INFO] default - params=>{"uniqid":1,"traceid":123,"riyocode":10000001,"svcsyocode":"10002"}
[2022-08-03T11:45:17.853] [INFO] default - folder=> SIHMAIN
[2022-08-03T11:45:17.853] [INFO] default - request=> GET
[2022-08-03T11:45:32.185] [INFO] default - name=> KeiyakuHokoku
[2022-08-03T11:45:32.185] [INFO] default - params=>{"uniqid":1,"traceid":123}
[2022-08-03T11:45:32.185] [INFO] default - folder=> SIHMAIN
[2022-08-03T11:45:32.185] [INFO] default - request=> GET
[2022-08-03T11:45:33.861] [INFO] default - name=> KeiyakuHokoku
[2022-08-03T11:45:33.861] [INFO] default - params=>{"uniqid":1,"traceid":123,"riyocode":10000001,"svcsyocode":"10002"}
[2022-08-03T11:45:33.861] [INFO] default - folder=> SIHMAIN
[2022-08-03T11:45:33.861] [INFO] default - request=> GET
[2022-08-03T11:47:40.506] [INFO] default - name=> KeiyakuHokoku
[2022-08-03T11:47:40.506] [INFO] default - params=>{"uniqid":1,"traceid":123,"riyocode":10000001,"svcsyocode":"10001"}
[2022-08-03T11:47:40.506] [INFO] default - folder=> SIHMAIN
[2022-08-03T11:47:40.506] [INFO] default - request=> GET
[2022-08-03T11:47:58.116] [INFO] default - name=> KeiyakuHokoku
[2022-08-03T11:47:58.116] [INFO] default - params=>{"uniqid":1,"traceid":123}
[2022-08-03T11:47:58.116] [INFO] default - folder=> SIHMAIN
[2022-08-03T11:47:58.116] [INFO] default - request=> GET
[2022-08-03T11:48:00.500] [INFO] default - name=> KeiyakuHokoku
[2022-08-03T11:48:00.501] [INFO] default - params=>{"uniqid":1,"traceid":123,"riyocode":10000001,"svcsyocode":"10001"}
[2022-08-03T11:48:00.501] [INFO] default - folder=> SIHMAIN
[2022-08-03T11:48:00.501] [INFO] default - request=> GET
[2022-08-03T11:48:03.828] [INFO] default - name=> KeiyakuHokoku
[2022-08-03T11:48:03.828] [INFO] default - params=>{"uniqid":1,"traceid":123,"riyocode":10000001,"svcsyocode":"10001"}
[2022-08-03T11:48:03.828] [INFO] default - folder=> SIHMAIN
[2022-08-03T11:48:03.828] [INFO] default - request=> GET
[2022-08-03T11:48:34.549] [INFO] default - name=> KeiyakuHokoku
[2022-08-03T11:48:34.550] [INFO] default - params=>{"uniqid":1,"traceid":123}
[2022-08-03T11:48:34.550] [INFO] default - folder=> SIHMAIN
[2022-08-03T11:48:34.550] [INFO] default - request=> GET
[2022-08-03T11:48:46.789] [INFO] default - name=> KeiyakuHokoku
[2022-08-03T11:48:46.789] [INFO] default - params=>{"uniqid":1,"traceid":123}
[2022-08-03T11:48:46.789] [INFO] default - folder=> SIHMAIN
[2022-08-03T11:48:46.789] [INFO] default - request=> GET
[2022-08-03T11:48:49.716] [INFO] default - name=> KeiyakuHokoku
[2022-08-03T11:48:49.716] [INFO] default - params=>{"uniqid":1,"traceid":123,"riyocode":10000001,"svcsyocode":"10001"}
[2022-08-03T11:48:49.716] [INFO] default - folder=> SIHMAIN
[2022-08-03T11:48:49.716] [INFO] default - request=> GET
[2022-08-03T11:48:53.300] [INFO] default - name=> KeiyakuHokoku
[2022-08-03T11:48:53.300] [INFO] default - params=>{"uniqid":1,"traceid":123,"riyocode":10000001}
[2022-08-03T11:48:53.300] [INFO] default - folder=> SIHMAIN
[2022-08-03T11:48:53.300] [INFO] default - request=> GET
[2022-08-03T11:50:23.615] [INFO] default - name=> KeiyakuHokoku
[2022-08-03T11:50:23.615] [INFO] default - params=>{"uniqid":1,"traceid":123}
[2022-08-03T11:50:23.615] [INFO] default - folder=> SIHMAIN
[2022-08-03T11:50:23.615] [INFO] default - request=> GET
[2022-08-03T11:50:35.325] [INFO] default - name=> KeiyakuHokoku
[2022-08-03T11:50:35.325] [INFO] default - params=>{"uniqid":1,"traceid":123}
[2022-08-03T11:50:35.326] [INFO] default - folder=> SIHMAIN
[2022-08-03T11:50:35.326] [INFO] default - request=> GET
[2022-08-03T11:50:36.349] [INFO] default - name=> KeiyakuHokoku
[2022-08-03T11:50:36.349] [INFO] default - params=>{"uniqid":1,"traceid":123,"riyocode":10000001,"svcsyocode":"10001"}
[2022-08-03T11:50:36.349] [INFO] default - folder=> SIHMAIN
[2022-08-03T11:50:36.349] [INFO] default - request=> GET
[2022-08-03T11:50:39.252] [INFO] default - name=> KeiyakuHokoku
[2022-08-03T11:50:39.252] [INFO] default - params=>{"uniqid":1,"traceid":123,"riyocode":10000001,"svcsyocode":"10002"}
[2022-08-03T11:50:39.252] [INFO] default - folder=> SIHMAIN
[2022-08-03T11:50:39.252] [INFO] default - request=> GET
[2022-08-03T11:50:43.348] [INFO] default - name=> KeiyakuHokoku
[2022-08-03T11:50:43.348] [INFO] default - params=>{"uniqid":1,"traceid":123,"riyocode":10000001,"svcsyocode":"10002"}
[2022-08-03T11:50:43.348] [INFO] default - folder=> SIHMAIN
[2022-08-03T11:50:43.348] [INFO] default - request=> GET
[2022-08-03T11:52:42.665] [INFO] default - name=> KeiyakuHokoku
[2022-08-03T11:52:42.665] [INFO] default - params=>{"uniqid":1,"traceid":123,"riyocode":10000001,"svcsyocode":"10001"}
[2022-08-03T11:52:42.665] [INFO] default - folder=> SIHMAIN
[2022-08-03T11:52:42.665] [INFO] default - request=> GET
[2022-08-03T11:52:47.736] [INFO] default - name=> KeiyakuHokoku
[2022-08-03T11:52:47.736] [INFO] default - params=>{"uniqid":1,"traceid":123,"riyocode":10000001,"svcsyocode":"10002"}
[2022-08-03T11:52:47.736] [INFO] default - folder=> SIHMAIN
[2022-08-03T11:52:47.736] [INFO] default - request=> GET
[2022-08-03T11:52:53.561] [INFO] default - name=> KeiyakuHokoku
[2022-08-03T11:52:53.561] [INFO] default - params=>{"uniqid":1,"traceid":123,"riyocode":10000001,"svcsyocode":"10002"}
[2022-08-03T11:52:53.561] [INFO] default - folder=> SIHMAIN
[2022-08-03T11:52:53.561] [INFO] default - request=> GET
[2022-08-03T11:53:20.609] [INFO] default - name=> KeiyakuHokoku
[2022-08-03T11:53:20.609] [INFO] default - params=>{"uniqid":1,"traceid":123}
[2022-08-03T11:53:20.609] [INFO] default - folder=> SIHMAIN
[2022-08-03T11:53:20.609] [INFO] default - request=> GET
[2022-08-03T11:53:22.188] [INFO] default - name=> KeiyakuHokoku
[2022-08-03T11:53:22.188] [INFO] default - params=>{"uniqid":1,"traceid":123,"riyocode":10000001,"svcsyocode":"10001"}
[2022-08-03T11:53:22.188] [INFO] default - folder=> SIHMAIN
[2022-08-03T11:53:22.188] [INFO] default - request=> GET
[2022-08-03T11:53:25.563] [INFO] default - name=> KeiyakuHokoku
[2022-08-03T11:53:25.563] [INFO] default - params=>{"uniqid":1,"traceid":123,"riyocode":10000001,"svcsyocode":"10002"}
[2022-08-03T11:53:25.563] [INFO] default - folder=> SIHMAIN
[2022-08-03T11:53:25.563] [INFO] default - request=> GET
[2022-08-03T11:53:28.795] [INFO] default - name=> KeiyakuHokoku
[2022-08-03T11:53:28.795] [INFO] default - params=>{"uniqid":1,"traceid":123,"riyocode":10000001,"svcsyocode":"10001"}
[2022-08-03T11:53:28.795] [INFO] default - folder=> SIHMAIN
[2022-08-03T11:53:28.795] [INFO] default - request=> GET
[2022-08-03T11:53:57.225] [INFO] default - name=> KeiyakuHokoku
[2022-08-03T11:53:57.225] [INFO] default - params=>{"uniqid":1,"traceid":123,"riyocode":10000001,"svcsyocode":"10001"}
[2022-08-03T11:53:57.225] [INFO] default - folder=> SIHMAIN
[2022-08-03T11:53:57.225] [INFO] default - request=> GET
[2022-08-03T11:54:29.296] [INFO] default - name=> KeiyakuHokoku
[2022-08-03T11:54:29.296] [INFO] default - params=>{"uniqid":1,"traceid":123}
[2022-08-03T11:54:29.296] [INFO] default - folder=> SIHMAIN
[2022-08-03T11:54:29.296] [INFO] default - request=> GET
[2022-08-03T11:54:30.411] [INFO] default - name=> KeiyakuHokoku
[2022-08-03T11:54:30.411] [INFO] default - params=>{"uniqid":1,"traceid":123,"riyocode":10000001,"svcsyocode":"10001"}
[2022-08-03T11:54:30.411] [INFO] default - folder=> SIHMAIN
[2022-08-03T11:54:30.411] [INFO] default - request=> GET
[2022-08-03T11:54:33.547] [INFO] default - name=> KeiyakuHokoku
[2022-08-03T11:54:33.547] [INFO] default - params=>{"uniqid":1,"traceid":123,"riyocode":10000001,"svcsyocode":"10002"}
[2022-08-03T11:54:33.547] [INFO] default - folder=> SIHMAIN
[2022-08-03T11:54:33.547] [INFO] default - request=> GET
[2022-08-03T11:54:59.835] [INFO] default - name=> KeiyakuHokoku
[2022-08-03T11:54:59.835] [INFO] default - params=>{"uniqid":1,"traceid":123}
[2022-08-03T11:54:59.835] [INFO] default - folder=> SIHMAIN
[2022-08-03T11:54:59.835] [INFO] default - request=> GET
[2022-08-03T11:55:01.188] [INFO] default - name=> KeiyakuHokoku
[2022-08-03T11:55:01.188] [INFO] default - params=>{"uniqid":1,"traceid":123,"riyocode":10000001,"svcsyocode":"10001"}
[2022-08-03T11:55:01.188] [INFO] default - folder=> SIHMAIN
[2022-08-03T11:55:01.188] [INFO] default - request=> GET
[2022-08-03T11:55:10.160] [INFO] default - name=> KeiyakuHokoku
[2022-08-03T11:55:10.160] [INFO] default - params=>{"uniqid":1,"traceid":123,"riyocode":10000001,"svcsyocode":"10002"}
[2022-08-03T11:55:10.160] [INFO] default - folder=> SIHMAIN
[2022-08-03T11:55:10.160] [INFO] default - request=> GET
[2022-08-03T11:55:21.399] [INFO] default - name=> KeiyakuHokoku
[2022-08-03T11:55:21.399] [INFO] default - params=>{"uniqid":1,"traceid":123}
[2022-08-03T11:55:21.399] [INFO] default - folder=> SIHMAIN
[2022-08-03T11:55:21.399] [INFO] default - request=> GET
[2022-08-03T11:55:22.604] [INFO] default - name=> KeiyakuHokoku
[2022-08-03T11:55:22.604] [INFO] default - params=>{"uniqid":1,"traceid":123,"riyocode":10000001,"svcsyocode":"10001"}
[2022-08-03T11:55:22.604] [INFO] default - folder=> SIHMAIN
[2022-08-03T11:55:22.604] [INFO] default - request=> GET
[2022-08-03T11:55:25.698] [INFO] default - name=> KeiyakuHokoku
[2022-08-03T11:55:25.698] [INFO] default - params=>{"uniqid":1,"traceid":123,"riyocode":10000001}
[2022-08-03T11:55:25.698] [INFO] default - folder=> SIHMAIN
[2022-08-03T11:55:25.698] [INFO] default - request=> GET
[2022-08-03T12:00:57.161] [INFO] default - name=> KeiyakuHokoku
[2022-08-03T12:00:57.161] [INFO] default - params=>{"uniqid":1,"traceid":123}
[2022-08-03T12:00:57.162] [INFO] default - folder=> SIHMAIN
[2022-08-03T12:00:57.162] [INFO] default - request=> GET
[2022-08-03T12:01:03.711] [INFO] default - name=> KeiyakuHokoku
[2022-08-03T12:01:03.711] [INFO] default - params=>{"uniqid":1,"traceid":123}
[2022-08-03T12:01:03.711] [INFO] default - folder=> SIHMAIN
[2022-08-03T12:01:03.711] [INFO] default - request=> GET
[2022-08-03T12:01:04.730] [INFO] default - name=> KeiyakuHokoku
[2022-08-03T12:01:04.730] [INFO] default - params=>{"uniqid":1,"traceid":123,"riyocode":10000001,"svcsyocode":"10001"}
[2022-08-03T12:01:04.730] [INFO] default - folder=> SIHMAIN
[2022-08-03T12:01:04.730] [INFO] default - request=> GET
[2022-08-03T12:01:07.946] [INFO] default - name=> KeiyakuHokoku
[2022-08-03T12:01:07.946] [INFO] default - params=>{"uniqid":1,"traceid":123,"riyocode":10000001,"svcsyocode":"10001"}
[2022-08-03T12:01:07.946] [INFO] default - folder=> SIHMAIN
[2022-08-03T12:01:07.946] [INFO] default - request=> GET
[2022-08-03T12:01:51.215] [INFO] default - name=> KeiyakuHokoku
[2022-08-03T12:01:51.215] [INFO] default - params=>{"uniqid":1,"traceid":123,"riyocode":10000001,"svcsyocode":"10002"}
[2022-08-03T12:01:51.215] [INFO] default - folder=> SIHMAIN
[2022-08-03T12:01:51.215] [INFO] default - request=> GET
[2022-08-03T12:02:14.245] [INFO] default - name=> KeiyakuHokoku
[2022-08-03T12:02:14.245] [INFO] default - params=>{"uniqid":1,"traceid":123}
[2022-08-03T12:02:14.245] [INFO] default - folder=> SIHMAIN
[2022-08-03T12:02:14.245] [INFO] default - request=> GET
[2022-08-03T12:02:16.274] [INFO] default - name=> KeiyakuHokoku
[2022-08-03T12:02:16.274] [INFO] default - params=>{"uniqid":1,"traceid":123,"riyocode":10000001,"svcsyocode":"10001"}
[2022-08-03T12:02:16.274] [INFO] default - folder=> SIHMAIN
[2022-08-03T12:02:16.274] [INFO] default - request=> GET
[2022-08-03T12:14:35.339] [INFO] default - name=> KeiyakuHokoku
[2022-08-03T12:14:35.339] [INFO] default - params=>{"uniqid":1,"traceid":123}
[2022-08-03T12:14:35.339] [INFO] default - folder=> SIHMAIN
[2022-08-03T12:14:35.339] [INFO] default - request=> GET
[2022-08-03T12:15:00.014] [INFO] default - name=> KeiyakuHokoku
[2022-08-03T12:15:00.015] [INFO] default - params=>{"uniqid":1,"traceid":123}
[2022-08-03T12:15:00.015] [INFO] default - folder=> SIHMAIN
[2022-08-03T12:15:00.015] [INFO] default - request=> GET
[2022-08-03T12:15:30.969] [INFO] default - name=> KeiyakuHokoku
[2022-08-03T12:15:30.969] [INFO] default - params=>{"uniqid":1,"traceid":123}
[2022-08-03T12:15:30.969] [INFO] default - folder=> SIHMAIN
[2022-08-03T12:15:30.969] [INFO] default - request=> GET
[2022-08-03T12:15:38.418] [INFO] default - name=> KeiyakuHokoku
[2022-08-03T12:15:38.418] [INFO] default - params=>{"uniqid":1,"traceid":123}
[2022-08-03T12:15:38.418] [INFO] default - folder=> SIHMAIN
[2022-08-03T12:15:38.418] [INFO] default - request=> GET
[2022-08-03T12:15:47.788] [INFO] default - name=> KeiyakuHokoku
[2022-08-03T12:15:47.789] [INFO] default - params=>{"uniqid":1,"traceid":123}
[2022-08-03T12:15:47.789] [INFO] default - folder=> SIHMAIN
[2022-08-03T12:15:47.789] [INFO] default - request=> GET
[2022-08-03T12:19:30.969] [INFO] default - name=> KeiyakuHokoku
[2022-08-03T12:19:30.969] [INFO] default - params=>{"uniqid":1,"traceid":123}
[2022-08-03T12:19:30.969] [INFO] default - folder=> SIHMAIN
[2022-08-03T12:19:30.969] [INFO] default - request=> GET
[2022-08-03T12:19:31.704] [INFO] default - name=> KeiyakuHokoku
[2022-08-03T12:19:31.704] [INFO] default - params=>{"uniqid":1,"traceid":123,"riyocode":10000001,"svcsyocode":"10001"}
[2022-08-03T12:19:31.704] [INFO] default - folder=> SIHMAIN
[2022-08-03T12:19:31.704] [INFO] default - request=> GET
[2022-08-03T12:19:35.135] [INFO] default - name=> KeiyakuHokoku
[2022-08-03T12:19:35.135] [INFO] default - params=>{"uniqid":1,"traceid":123,"riyocode":10000001,"svcsyocode":"10001"}
[2022-08-03T12:19:35.135] [INFO] default - folder=> SIHMAIN
[2022-08-03T12:19:35.135] [INFO] default - request=> GET
[2022-08-03T12:19:48.468] [INFO] default - name=> KeiyakuHokoku
[2022-08-03T12:19:48.469] [INFO] default - params=>{"uniqid":1,"traceid":123,"riyocode":10000001,"svcsyocode":"10001"}
[2022-08-03T12:19:48.469] [INFO] default - folder=> SIHMAIN
[2022-08-03T12:19:48.469] [INFO] default - request=> GET
[2022-08-03T12:20:00.122] [INFO] default - name=> KeiyakuHokoku
[2022-08-03T12:20:00.122] [INFO] default - params=>{"uniqid":1,"traceid":123}
[2022-08-03T12:20:00.122] [INFO] default - folder=> SIHMAIN
[2022-08-03T12:20:00.122] [INFO] default - request=> GET
[2022-08-03T12:20:01.592] [INFO] default - name=> KeiyakuHokoku
[2022-08-03T12:20:01.592] [INFO] default - params=>{"uniqid":1,"traceid":123,"riyocode":10000001,"svcsyocode":"10001"}
[2022-08-03T12:20:01.592] [INFO] default - folder=> SIHMAIN
[2022-08-03T12:20:01.592] [INFO] default - request=> GET
[2022-08-03T12:20:18.264] [INFO] default - name=> KeiyakuHokoku
[2022-08-03T12:20:18.264] [INFO] default - params=>{"uniqid":1,"traceid":123}
[2022-08-03T12:20:18.264] [INFO] default - folder=> SIHMAIN
[2022-08-03T12:20:18.264] [INFO] default - request=> GET
[2022-08-03T12:20:21.090] [INFO] default - name=> KeiyakuHokoku
[2022-08-03T12:20:21.090] [INFO] default - params=>{"uniqid":1,"traceid":123}
[2022-08-03T12:20:21.090] [INFO] default - folder=> SIHMAIN
[2022-08-03T12:20:21.091] [INFO] default - request=> GET
[2022-08-03T12:20:22.536] [INFO] default - name=> KeiyakuHokoku
[2022-08-03T12:20:22.536] [INFO] default - params=>{"uniqid":1,"traceid":123,"riyocode":10000001,"svcsyocode":"10001"}
[2022-08-03T12:20:22.536] [INFO] default - folder=> SIHMAIN
[2022-08-03T12:20:22.536] [INFO] default - request=> GET
[2022-08-03T12:20:25.511] [INFO] default - name=> KeiyakuHokoku
[2022-08-03T12:20:25.511] [INFO] default - params=>{"uniqid":1,"traceid":123,"riyocode":10000001,"svcsyocode":"10001"}
[2022-08-03T12:20:25.511] [INFO] default - folder=> SIHMAIN
[2022-08-03T12:20:25.511] [INFO] default - request=> GET
[2022-08-03T12:27:46.296] [INFO] default - name=> KeiyakuHokoku
[2022-08-03T12:27:46.296] [INFO] default - params=>{"uniqid":1,"traceid":123}
[2022-08-03T12:27:46.296] [INFO] default - folder=> SIHMAIN
[2022-08-03T12:27:46.296] [INFO] default - request=> GET
[2022-08-03T12:28:00.353] [INFO] default - name=> KeiyakuHokoku
[2022-08-03T12:28:00.353] [INFO] default - params=>{"uniqid":1,"traceid":123}
[2022-08-03T12:28:00.353] [INFO] default - folder=> SIHMAIN
[2022-08-03T12:28:00.353] [INFO] default - request=> GET
[2022-08-03T12:28:02.621] [INFO] default - name=> KeiyakuHokoku
[2022-08-03T12:28:02.621] [INFO] default - params=>{"uniqid":1,"traceid":123}
[2022-08-03T12:28:02.621] [INFO] default - folder=> SIHMAIN
[2022-08-03T12:28:02.621] [INFO] default - request=> GET
[2022-08-03T12:28:04.335] [INFO] default - name=> KeiyakuHokoku
[2022-08-03T12:28:04.335] [INFO] default - params=>{"uniqid":1,"traceid":123,"riyocode":10000001,"svcsyocode":"10001"}
[2022-08-03T12:28:04.335] [INFO] default - folder=> SIHMAIN
[2022-08-03T12:28:04.335] [INFO] default - request=> GET
[2022-08-03T12:28:07.462] [INFO] default - name=> KeiyakuHokoku
[2022-08-03T12:28:07.462] [INFO] default - params=>{"uniqid":1,"traceid":123,"riyocode":10000001,"svcsyocode":"10001"}
[2022-08-03T12:28:07.462] [INFO] default - folder=> SIHMAIN
[2022-08-03T12:28:07.462] [INFO] default - request=> GET
[2022-08-03T12:33:46.893] [INFO] default - name=> KeiyakuHokoku
[2022-08-03T12:33:46.893] [INFO] default - params=>{"uniqid":1,"traceid":123}
[2022-08-03T12:33:46.893] [INFO] default - folder=> SIHMAIN
[2022-08-03T12:33:46.893] [INFO] default - request=> GET
[2022-08-03T12:33:49.988] [INFO] default - name=> KeiyakuHokoku
[2022-08-03T12:33:49.988] [INFO] default - params=>{"uniqid":1,"traceid":123,"riyocode":10000001,"svcsyocode":"10001"}
[2022-08-03T12:33:49.988] [INFO] default - folder=> SIHMAIN
[2022-08-03T12:33:49.988] [INFO] default - request=> GET
[2022-08-03T12:33:54.973] [INFO] default - name=> KeiyakuHokoku
[2022-08-03T12:33:54.973] [INFO] default - params=>{"uniqid":1,"traceid":123,"riyocode":10000001,"svcsyocode":"10002"}
[2022-08-03T12:33:54.973] [INFO] default - folder=> SIHMAIN
[2022-08-03T12:33:54.973] [INFO] default - request=> GET
[2022-08-03T12:34:13.062] [INFO] default - name=> KeiyakuHokoku
[2022-08-03T12:34:13.063] [INFO] default - params=>{"uniqid":1,"traceid":123,"riyocode":10000001,"svcsyocode":"10001"}
[2022-08-03T12:34:13.063] [INFO] default - folder=> SIHMAIN
[2022-08-03T12:34:13.063] [INFO] default - request=> GET
[2022-08-03T12:34:50.150] [INFO] default - name=> KeiyakuHokoku
[2022-08-03T12:34:50.151] [INFO] default - params=>{"uniqid":1,"traceid":123}
[2022-08-03T12:34:50.151] [INFO] default - folder=> SIHMAIN
[2022-08-03T12:34:50.151] [INFO] default - request=> GET
[2022-08-03T12:34:51.597] [INFO] default - name=> KeiyakuHokoku
[2022-08-03T12:34:51.597] [INFO] default - params=>{"uniqid":1,"traceid":123,"riyocode":10000001,"svcsyocode":"10001"}
[2022-08-03T12:34:51.597] [INFO] default - folder=> SIHMAIN
[2022-08-03T12:34:51.598] [INFO] default - request=> GET
[2022-08-03T12:34:55.045] [INFO] default - name=> KeiyakuHokoku
[2022-08-03T12:34:55.045] [INFO] default - params=>{"uniqid":1,"traceid":123,"riyocode":10000001,"svcsyocode":"10001"}
[2022-08-03T12:34:55.045] [INFO] default - folder=> SIHMAIN
[2022-08-03T12:34:55.045] [INFO] default - request=> GET
[2022-08-03T12:51:07.626] [INFO] default - name=> KeiyakuHokoku
[2022-08-03T12:51:07.626] [INFO] default - params=>{"uniqid":1,"traceid":123,"riyocode":10000001,"svcsyocode":"10001"}
[2022-08-03T12:51:07.626] [INFO] default - folder=> SIHMAIN
[2022-08-03T12:51:07.626] [INFO] default - request=> GET
[2022-08-03T12:52:29.959] [INFO] default - name=> KeiyakuHokoku
[2022-08-03T12:52:29.959] [INFO] default - params=>{"uniqid":1,"traceid":123}
[2022-08-03T12:52:29.959] [INFO] default - folder=> SIHMAIN
[2022-08-03T12:52:29.959] [INFO] default - request=> GET
[2022-08-03T12:52:38.152] [INFO] default - name=> KeiyakuHokoku
[2022-08-03T12:52:38.152] [INFO] default - params=>{"uniqid":1,"traceid":123,"riyocode":10000001,"svcsyocode":"10002"}
[2022-08-03T12:52:38.152] [INFO] default - folder=> SIHMAIN
[2022-08-03T12:52:38.152] [INFO] default - request=> GET
[2022-08-03T12:52:42.081] [INFO] default - name=> KeiyakuHokoku
[2022-08-03T12:52:42.081] [INFO] default - params=>{"uniqid":1,"traceid":123,"riyocode":10000001,"svcsyocode":"10002"}
[2022-08-03T12:52:42.081] [INFO] default - folder=> SIHMAIN
[2022-08-03T12:52:42.081] [INFO] default - request=> GET
[2022-08-03T12:52:54.718] [INFO] default - name=> KeiyakuHokoku
[2022-08-03T12:52:54.718] [INFO] default - params=>{"uniqid":1,"traceid":123,"riyocode":10000001,"svcsyocode":"10001"}
[2022-08-03T12:52:54.719] [INFO] default - folder=> SIHMAIN
[2022-08-03T12:52:54.719] [INFO] default - request=> GET
[2022-08-03T12:53:00.638] [INFO] default - name=> KeiyakuHokoku
[2022-08-03T12:53:00.638] [INFO] default - params=>{"uniqid":1,"traceid":123,"riyocode":10000001,"svcsyocode":"10002"}
[2022-08-03T12:53:00.638] [INFO] default - folder=> SIHMAIN
[2022-08-03T12:53:00.638] [INFO] default - request=> GET
[2022-08-03T12:53:21.265] [INFO] default - name=> KeiyakuHokoku
[2022-08-03T12:53:21.265] [INFO] default - params=>{"uniqid":1,"traceid":123}
[2022-08-03T12:53:21.265] [INFO] default - folder=> SIHMAIN
[2022-08-03T12:53:21.265] [INFO] default - request=> GET
[2022-08-03T12:53:51.633] [INFO] default - name=> KeiyakuHokoku
[2022-08-03T12:53:51.633] [INFO] default - params=>{"uniqid":1,"traceid":123}
[2022-08-03T12:53:51.633] [INFO] default - folder=> SIHMAIN
[2022-08-03T12:53:51.633] [INFO] default - request=> GET
[2022-08-03T12:53:53.489] [INFO] default - name=> KeiyakuHokoku
[2022-08-03T12:53:53.490] [INFO] default - params=>{"uniqid":1,"traceid":123,"riyocode":10000001,"svcsyocode":"10001"}
[2022-08-03T12:53:53.490] [INFO] default - folder=> SIHMAIN
[2022-08-03T12:53:53.490] [INFO] default - request=> GET
[2022-08-03T12:53:58.265] [INFO] default - name=> KeiyakuHokoku
[2022-08-03T12:53:58.265] [INFO] default - params=>{"uniqid":1,"traceid":123,"riyocode":10000001,"svcsyocode":"10002"}
[2022-08-03T12:53:58.265] [INFO] default - folder=> SIHMAIN
[2022-08-03T12:53:58.265] [INFO] default - request=> GET
[2022-08-03T12:54:01.000] [INFO] default - name=> KeiyakuHokoku
[2022-08-03T12:54:01.000] [INFO] default - params=>{"uniqid":1,"traceid":123,"riyocode":10000001,"svcsyocode":"10001"}
[2022-08-03T12:54:01.000] [INFO] default - folder=> SIHMAIN
[2022-08-03T12:54:01.000] [INFO] default - request=> GET
[2022-08-03T12:54:11.235] [INFO] default - name=> KeiyakuHokoku
[2022-08-03T12:54:11.235] [INFO] default - params=>{"uniqid":1,"traceid":123}
[2022-08-03T12:54:11.235] [INFO] default - folder=> SIHMAIN
[2022-08-03T12:54:11.235] [INFO] default - request=> GET
[2022-08-03T12:54:12.705] [INFO] default - name=> KeiyakuHokoku
[2022-08-03T12:54:12.705] [INFO] default - params=>{"uniqid":1,"traceid":123,"riyocode":10000001,"svcsyocode":"10001"}
[2022-08-03T12:54:12.705] [INFO] default - folder=> SIHMAIN
[2022-08-03T12:54:12.705] [INFO] default - request=> GET
[2022-08-03T12:54:14.865] [INFO] default - name=> KeiyakuHokoku
[2022-08-03T12:54:14.865] [INFO] default - params=>{"uniqid":1,"traceid":123,"riyocode":10000001}
[2022-08-03T12:54:14.865] [INFO] default - folder=> SIHMAIN
[2022-08-03T12:54:14.865] [INFO] default - request=> GET
[2022-08-03T13:05:46.502] [INFO] default - name=> KeiyakuHokoku
[2022-08-03T13:05:46.502] [INFO] default - params=>{"uniqid":1,"traceid":123}
[2022-08-03T13:05:46.502] [INFO] default - folder=> SIHMAIN
[2022-08-03T13:05:46.502] [INFO] default - request=> GET
[2022-08-03T13:13:19.674] [INFO] default - name=> KeiyakuHokoku
[2022-08-03T13:13:19.674] [INFO] default - params=>{"uniqid":1,"traceid":123}
[2022-08-03T13:13:19.674] [INFO] default - folder=> SIHMAIN
[2022-08-03T13:13:19.674] [INFO] default - request=> GET
[2022-08-03T17:53:26.622] [INFO] default - name=> KeiyakuHokoku
[2022-08-03T17:53:26.623] [INFO] default - params=>{"uniqid":1,"traceid":123}
[2022-08-03T17:53:26.623] [INFO] default - folder=> SIHMAIN
[2022-08-03T17:53:26.623] [INFO] default - request=> GET
[2022-08-03T17:53:33.211] [INFO] default - name=> KeiyakuHokoku
[2022-08-03T17:53:33.212] [INFO] default - params=>{"uniqid":1,"traceid":123,"riyocode":10000001,"svcsyocode":"10002"}
[2022-08-03T17:53:33.212] [INFO] default - folder=> SIHMAIN
[2022-08-03T17:53:33.212] [INFO] default - request=> GET
[2022-08-03T17:57:21.242] [INFO] default - name=> KeiyakuHokoku
[2022-08-03T17:57:21.242] [INFO] default - params=>{"uniqid":1,"traceid":123,"riyocode":10000001,"svcsyocode":"10001"}
[2022-08-03T17:57:21.242] [INFO] default - folder=> SIHMAIN
[2022-08-03T17:57:21.242] [INFO] default - request=> GET
[2022-08-03T17:57:24.188] [INFO] default - name=> KeiyakuHokoku
[2022-08-03T17:57:24.188] [INFO] default - params=>{"uniqid":1,"traceid":123,"riyocode":10000001,"svcsyocode":"10002"}
[2022-08-03T17:57:24.188] [INFO] default - folder=> SIHMAIN
[2022-08-03T17:57:24.188] [INFO] default - request=> GET
[2022-08-03T17:57:41.529] [INFO] default - name=> NenkanRiyouNissuIcrn
[2022-08-03T17:57:41.529] [INFO] default - params=>{"uniqid":1,"traceid":123}
[2022-08-03T17:57:41.530] [INFO] default - folder=> SIHS
[2022-08-03T17:57:41.530] [INFO] default - request=> GET
