[2022-08-05T09:12:48.648] [INFO] default - name=> NenkanRiyouNissuIcrn
[2022-08-05T09:12:48.649] [INFO] default - params=>{"uniqid":1,"traceid":123}
[2022-08-05T09:12:48.649] [INFO] default - folder=> SIHS
[2022-08-05T09:12:48.649] [INFO] default - request=> GET
[2022-08-05T09:17:15.715] [INFO] default - name=> NenkanRiyouNissuIcrn
[2022-08-05T09:17:15.715] [INFO] default - params=>{"uniqid":1,"traceid":123}
[2022-08-05T09:17:15.715] [INFO] default - folder=> SIHS
[2022-08-05T09:17:15.715] [INFO] default - request=> GET
[2022-08-05T09:47:50.285] [INFO] default - name=> KeiyakuHokoku
[2022-08-05T09:47:50.285] [INFO] default - params=>{"uniqid":1,"traceid":123}
[2022-08-05T09:47:50.285] [INFO] default - folder=> SIHMAIN
[2022-08-05T09:47:50.285] [INFO] default - request=> GET
[2022-08-05T09:57:03.580] [INFO] default - name=> KeiyakuHokoku
[2022-08-05T09:57:03.580] [INFO] default - params=>{"uniqid":1,"traceid":123,"riyocode":10000002}
[2022-08-05T09:57:03.580] [INFO] default - folder=> SIHMAIN
[2022-08-05T09:57:03.580] [INFO] default - request=> GET
[2022-08-05T09:57:05.137] [INFO] default - name=> KeiyakuHokoku
[2022-08-05T09:57:05.137] [INFO] default - folder=> SIHMAIN
[2022-08-05T09:57:05.137] [INFO] default - params=>{"data":{"code":"POST","uniqid":1,"traceid":123,"inskbn":0,"kkbn":0,"sityoid":0,"jigyono":"a123","jigyoid":123,"jigyokbn":1,"riid":1,"hokbn":1,"svcsyucode":1,"svccode1":"a1","svccode2":"b1","ryokyk":1,"ryotyk":1,"symd":"20220101","eymd":"20220201","tflg":1,"lcnt":1,"pageno":1,"denkbn":1,"jskhyo":1,"nocnvflg":1,"ryoji":1,"ryota":1,"ryonew":1,"sikyuid":1,"siid":1}}
[2022-08-05T09:57:05.137] [INFO] default - code=>POST
[2022-08-05T09:57:05.137] [INFO] default - request=> POST
[2022-08-05T10:02:56.052] [INFO] default - name=> KeiyakuHokoku
[2022-08-05T10:02:56.052] [INFO] default - params=>{"uniqid":1,"traceid":123}
[2022-08-05T10:02:56.052] [INFO] default - folder=> SIHMAIN
[2022-08-05T10:02:56.052] [INFO] default - request=> GET
[2022-08-05T10:17:54.526] [INFO] default - name=> KeiyakuHokoku
[2022-08-05T10:17:54.526] [INFO] default - params=>{"uniqid":1,"traceid":123,"riyocode":10000001,"svcsyocode":"10001"}
[2022-08-05T10:17:54.526] [INFO] default - folder=> SIHMAIN
[2022-08-05T10:17:54.526] [INFO] default - request=> GET
[2022-08-05T10:20:23.190] [INFO] default - name=> KeiyakuHokoku
[2022-08-05T10:20:23.190] [INFO] default - params=>{"uniqid":1,"traceid":123}
[2022-08-05T10:20:23.190] [INFO] default - folder=> SIHMAIN
[2022-08-05T10:20:23.190] [INFO] default - request=> GET
[2022-08-05T10:21:57.028] [INFO] default - name=> KeiyakuHokoku
[2022-08-05T10:21:57.028] [INFO] default - params=>{"uniqid":1,"traceid":123,"riyocode":10000001,"svcsyocode":"10001"}
[2022-08-05T10:21:57.028] [INFO] default - folder=> SIHMAIN
[2022-08-05T10:21:57.028] [INFO] default - request=> GET
[2022-08-05T10:22:01.217] [INFO] default - name=> KeiyakuHokoku
[2022-08-05T10:22:01.217] [INFO] default - params=>{"uniqid":1,"traceid":123}
[2022-08-05T10:22:01.217] [INFO] default - folder=> SIHMAIN
[2022-08-05T10:22:01.217] [INFO] default - request=> GET
[2022-08-05T10:23:12.482] [INFO] default - name=> KeiyakuHokoku
[2022-08-05T10:23:12.483] [INFO] default - params=>{"uniqid":1,"traceid":123,"riyocode":10000001,"svcsyocode":"10002"}
[2022-08-05T10:23:12.483] [INFO] default - folder=> SIHMAIN
[2022-08-05T10:23:12.483] [INFO] default - request=> GET
[2022-08-05T10:25:07.347] [INFO] default - name=> KeiyakuHokoku
[2022-08-05T10:25:07.347] [INFO] default - params=>{"uniqid":1,"traceid":123,"riyocode":10000001,"svcsyocode":"10001"}
[2022-08-05T10:25:07.348] [INFO] default - folder=> SIHMAIN
[2022-08-05T10:25:07.348] [INFO] default - request=> GET
[2022-08-05T10:25:08.980] [INFO] default - name=> KeiyakuHokoku
[2022-08-05T10:25:08.980] [INFO] default - folder=> SIHMAIN
[2022-08-05T10:25:08.980] [INFO] default - params=>{"data":{"code":"POST","uniqid":1,"traceid":123,"inskbn":0,"kkbn":0,"sityoid":0,"jigyono":"a123","jigyoid":123,"jigyokbn":1,"riid":1,"hokbn":1,"svcsyucode":1,"svccode1":"a1","svccode2":"b1","ryokyk":1,"ryotyk":1,"symd":"20220101","eymd":"20220201","tflg":1,"lcnt":1,"pageno":1,"denkbn":1,"jskhyo":1,"nocnvflg":1,"ryoji":1,"ryota":1,"ryonew":1,"sikyuid":1,"siid":1}}
[2022-08-05T10:25:08.980] [INFO] default - code=>POST
[2022-08-05T10:25:08.981] [INFO] default - request=> POST
[2022-08-05T10:28:45.363] [INFO] default - name=> KeiyakuHokoku
[2022-08-05T10:28:45.363] [INFO] default - params=>{"uniqid":1,"traceid":123,"riyocode":10000001,"svcsyocode":"10002"}
[2022-08-05T10:28:45.363] [INFO] default - folder=> SIHMAIN
[2022-08-05T10:28:45.363] [INFO] default - request=> GET
[2022-08-05T10:36:08.807] [INFO] default - name=> KeiyakuHokoku
[2022-08-05T10:36:08.808] [INFO] default - params=>{"uniqid":1,"traceid":123}
[2022-08-05T10:36:08.808] [INFO] default - folder=> SIHMAIN
[2022-08-05T10:36:08.808] [INFO] default - request=> GET
[2022-08-05T10:36:20.202] [INFO] default - name=> KeiyakuHokoku
[2022-08-05T10:36:20.203] [INFO] default - params=>{"uniqid":1,"traceid":123,"riyocode":10000001,"svcsyocode":"10001"}
[2022-08-05T10:36:20.203] [INFO] default - folder=> SIHMAIN
[2022-08-05T10:36:20.203] [INFO] default - request=> GET
[2022-08-05T10:36:22.023] [INFO] default - name=> KeiyakuHokoku
[2022-08-05T10:36:22.023] [INFO] default - folder=> SIHMAIN
[2022-08-05T10:36:22.023] [INFO] default - params=>{"data":{"code":"POST","uniqid":1,"traceid":123,"inskbn":0,"kkbn":0,"sityoid":0,"jigyono":"a123","jigyoid":123,"jigyokbn":1,"riid":1,"hokbn":1,"svcsyucode":1,"svccode1":"a1","svccode2":"b1","ryokyk":1,"ryotyk":1,"symd":"20220101","eymd":"20220201","tflg":1,"lcnt":1,"pageno":1,"denkbn":1,"jskhyo":1,"nocnvflg":1,"ryoji":1,"ryota":1,"ryonew":1,"sikyuid":1,"siid":1}}
[2022-08-05T10:36:22.023] [INFO] default - code=>POST
[2022-08-05T10:36:22.023] [INFO] default - request=> POST
[2022-08-05T10:36:31.700] [INFO] default - name=> KeiyakuHokoku
[2022-08-05T10:36:31.701] [INFO] default - params=>{"uniqid":1,"traceid":123}
[2022-08-05T10:36:31.701] [INFO] default - folder=> SIHMAIN
[2022-08-05T10:36:31.701] [INFO] default - request=> GET
[2022-08-05T10:38:30.330] [INFO] default - name=> KeiyakuHokoku
[2022-08-05T10:38:30.330] [INFO] default - params=>{"uniqid":1,"traceid":123}
[2022-08-05T10:38:30.330] [INFO] default - folder=> SIHMAIN
[2022-08-05T10:38:30.330] [INFO] default - request=> GET
[2022-08-05T10:40:54.210] [INFO] default - name=> KeiyakuHokoku
[2022-08-05T10:40:54.210] [INFO] default - params=>{"uniqid":1,"traceid":123}
[2022-08-05T10:40:54.210] [INFO] default - folder=> SIHMAIN
[2022-08-05T10:40:54.210] [INFO] default - request=> GET
[2022-08-05T10:56:34.336] [INFO] default - name=> KeiyakuHokoku
[2022-08-05T10:56:34.337] [INFO] default - params=>{"uniqid":1,"traceid":123}
[2022-08-05T10:56:34.337] [INFO] default - folder=> SIHMAIN
[2022-08-05T10:56:34.337] [INFO] default - request=> GET
[2022-08-05T10:56:44.396] [INFO] default - name=> KeiyakuHokoku
[2022-08-05T10:56:44.396] [INFO] default - params=>{"uniqid":1,"traceid":123}
[2022-08-05T10:56:44.396] [INFO] default - folder=> SIHMAIN
[2022-08-05T10:56:44.397] [INFO] default - request=> GET
[2022-08-05T11:04:50.029] [INFO] default - name=> KeiyakuHokoku
[2022-08-05T11:04:50.029] [INFO] default - params=>{"uniqid":1,"traceid":123,"riyocode":10000001,"svcsyocode":"10001"}
[2022-08-05T11:04:50.029] [INFO] default - folder=> SIHMAIN
[2022-08-05T11:04:50.029] [INFO] default - request=> GET
[2022-08-05T12:32:08.165] [INFO] default - name=> ReceptSyukei
[2022-08-05T12:32:08.166] [INFO] default - params=>{"uniqid":1,"traceid":123}
[2022-08-05T12:32:08.166] [INFO] default - folder=> SIHS
[2022-08-05T12:32:08.166] [INFO] default - request=> GET
[2022-08-05T12:41:46.367] [INFO] default - name=> ReceptSyukei
[2022-08-05T12:41:46.367] [INFO] default - params=>{"uniqid":1,"traceid":123}
[2022-08-05T12:41:46.367] [INFO] default - folder=> SIHS
[2022-08-05T12:41:46.367] [INFO] default - request=> GET
[2022-08-05T13:11:15.536] [INFO] default - name=> ReceptSyukei
[2022-08-05T13:11:15.536] [INFO] default - params=>{"uniqid":1,"traceid":123}
[2022-08-05T13:11:15.536] [INFO] default - folder=> SIHS
[2022-08-05T13:11:15.536] [INFO] default - request=> GET
[2022-08-05T13:15:36.942] [INFO] default - name=> ReceptSyukei
[2022-08-05T13:15:36.942] [INFO] default - params=>{"uniqid":1,"traceid":123}
[2022-08-05T13:15:36.942] [INFO] default - folder=> SIHS
[2022-08-05T13:15:36.942] [INFO] default - request=> GET
[2022-08-05T13:16:18.675] [INFO] default - name=> ReceptSyukei
[2022-08-05T13:16:18.676] [INFO] default - params=>{"uniqid":1,"traceid":123}
[2022-08-05T13:16:18.676] [INFO] default - folder=> SIHS
[2022-08-05T13:16:18.676] [INFO] default - request=> GET
[2022-08-05T13:16:26.655] [INFO] default - name=> ReceptSyukei
[2022-08-05T13:16:26.656] [INFO] default - params=>{"uniqid":1,"traceid":123}
[2022-08-05T13:16:26.656] [INFO] default - folder=> SIHS
[2022-08-05T13:16:26.656] [INFO] default - request=> GET
[2022-08-05T13:16:54.538] [INFO] default - name=> ReceptSyukei
[2022-08-05T13:16:54.538] [INFO] default - params=>{"uniqid":1,"traceid":123}
[2022-08-05T13:16:54.539] [INFO] default - folder=> SIHS
[2022-08-05T13:16:54.539] [INFO] default - request=> GET
[2022-08-05T13:18:02.782] [INFO] default - name=> ReceptSyukei
[2022-08-05T13:18:02.782] [INFO] default - params=>{"uniqid":1,"traceid":123}
[2022-08-05T13:18:02.782] [INFO] default - folder=> SIHS
[2022-08-05T13:18:02.782] [INFO] default - request=> GET
[2022-08-05T13:18:02.980] [INFO] default - name=> ReceptSyukei
[2022-08-05T13:18:02.980] [INFO] default - params=>{"uniqid":1,"traceid":123}
[2022-08-05T13:18:02.980] [INFO] default - folder=> SIHS
[2022-08-05T13:18:02.980] [INFO] default - request=> GET
[2022-08-05T13:18:20.107] [INFO] default - name=> ReceptSyukei
[2022-08-05T13:18:20.108] [INFO] default - params=>{"uniqid":1,"traceid":123}
[2022-08-05T13:18:20.108] [INFO] default - folder=> SIHS
[2022-08-05T13:18:20.108] [INFO] default - request=> GET
[2022-08-05T13:18:57.644] [INFO] default - name=> ReceptSyukei
[2022-08-05T13:18:57.644] [INFO] default - params=>{"uniqid":1,"traceid":123}
[2022-08-05T13:18:57.644] [INFO] default - folder=> SIHS
[2022-08-05T13:18:57.644] [INFO] default - request=> GET
[2022-08-05T13:19:15.648] [INFO] default - name=> ReceptSyukei
[2022-08-05T13:19:15.648] [INFO] default - params=>{"uniqid":1,"traceid":123}
[2022-08-05T13:19:15.648] [INFO] default - folder=> SIHS
[2022-08-05T13:19:15.648] [INFO] default - request=> GET
[2022-08-05T13:23:26.379] [INFO] default - name=> ReceptSyukei
[2022-08-05T13:23:26.380] [INFO] default - params=>{"uniqid":1,"traceid":123}
[2022-08-05T13:23:26.380] [INFO] default - folder=> SIHS
[2022-08-05T13:23:26.380] [INFO] default - request=> GET
[2022-08-05T13:30:21.071] [INFO] default - name=> ReceptSyukei
[2022-08-05T13:30:21.071] [INFO] default - params=>{"uniqid":1,"traceid":123,"receptType":"list"}
[2022-08-05T13:30:21.071] [INFO] default - folder=> SIHS
[2022-08-05T13:30:21.071] [INFO] default - request=> GET
[2022-08-05T13:30:24.033] [INFO] default - name=> ReceptSyukei
[2022-08-05T13:30:24.033] [INFO] default - params=>{"uniqid":1,"traceid":123,"receptType":"list"}
[2022-08-05T13:30:24.033] [INFO] default - folder=> SIHS
[2022-08-05T13:30:24.033] [INFO] default - request=> GET
[2022-08-05T13:35:10.176] [INFO] default - name=> ReceptSyukei
[2022-08-05T13:35:10.177] [INFO] default - params=>{"uniqid":1,"traceid":123,"receptType":"list"}
[2022-08-05T13:35:10.177] [INFO] default - folder=> SIHS
[2022-08-05T13:35:10.177] [INFO] default - request=> GET
[2022-08-05T13:39:51.392] [INFO] default - name=> ReceptSyukei
[2022-08-05T13:39:51.392] [INFO] default - params=>{"uniqid":1,"traceid":123,"receptType":"list"}
[2022-08-05T13:39:51.393] [INFO] default - folder=> SIHS
[2022-08-05T13:39:51.393] [INFO] default - request=> GET
[2022-08-05T13:50:04.722] [INFO] default - name=> ReceptSyukei
[2022-08-05T13:50:04.723] [INFO] default - params=>{"uniqid":1,"traceid":123,"receptType":"list"}
[2022-08-05T13:50:04.723] [INFO] default - folder=> SIHS
[2022-08-05T13:50:04.723] [INFO] default - request=> GET
[2022-08-05T13:58:51.397] [INFO] default - name=> ReceptSyukei
[2022-08-05T13:58:51.397] [INFO] default - params=>{"uniqid":1,"traceid":123,"receptType":"jijyogen"}
[2022-08-05T13:58:51.397] [INFO] default - folder=> SIHS
[2022-08-05T13:58:51.397] [INFO] default - request=> GET
[2022-08-05T13:58:57.136] [INFO] default - name=> ReceptSyukei
[2022-08-05T13:58:57.136] [INFO] default - params=>{"uniqid":1,"traceid":123,"receptType":"list"}
[2022-08-05T13:58:57.136] [INFO] default - folder=> SIHS
[2022-08-05T13:58:57.136] [INFO] default - request=> GET
[2022-08-05T13:59:01.013] [INFO] default - name=> ReceptSyukei
[2022-08-05T13:59:01.013] [INFO] default - params=>{"uniqid":1,"traceid":123,"receptType":"jijyogen"}
[2022-08-05T13:59:01.013] [INFO] default - folder=> SIHS
[2022-08-05T13:59:01.013] [INFO] default - request=> GET
[2022-08-05T14:00:34.380] [INFO] default - name=> ReceptSyukei
[2022-08-05T14:00:34.381] [INFO] default - params=>{"uniqid":1,"traceid":123,"receptType":"list"}
[2022-08-05T14:00:34.381] [INFO] default - folder=> SIHS
[2022-08-05T14:00:34.382] [INFO] default - request=> GET
[2022-08-05T14:00:36.873] [INFO] default - name=> ReceptSyukei
[2022-08-05T14:00:36.873] [INFO] default - params=>{"uniqid":1,"traceid":123,"receptType":"jijyogen"}
[2022-08-05T14:00:36.873] [INFO] default - folder=> SIHS
[2022-08-05T14:00:36.873] [INFO] default - request=> GET
[2022-08-05T14:04:52.634] [INFO] default - name=> ReceptSyukei
[2022-08-05T14:04:52.634] [INFO] default - params=>{"uniqid":1,"traceid":123,"receptType":"list"}
[2022-08-05T14:04:52.634] [INFO] default - folder=> SIHS
[2022-08-05T14:04:52.634] [INFO] default - request=> GET
[2022-08-05T14:04:54.754] [INFO] default - name=> ReceptSyukei
[2022-08-05T14:04:54.754] [INFO] default - params=>{"uniqid":1,"traceid":123,"receptType":"jijyogen"}
[2022-08-05T14:04:54.754] [INFO] default - folder=> SIHS
[2022-08-05T14:04:54.754] [INFO] default - request=> GET
[2022-08-05T14:08:24.310] [INFO] default - name=> ReceptSyukei
[2022-08-05T14:08:24.310] [INFO] default - params=>{"uniqid":1,"traceid":123,"receptType":"jijyogen"}
[2022-08-05T14:08:24.310] [INFO] default - folder=> SIHS
[2022-08-05T14:08:24.310] [INFO] default - request=> GET
[2022-08-05T14:08:24.408] [INFO] default - name=> ReceptSyukei
[2022-08-05T14:08:24.408] [INFO] default - params=>{"uniqid":1,"traceid":123,"receptType":"jijyogen"}
[2022-08-05T14:08:24.408] [INFO] default - folder=> SIHS
[2022-08-05T14:08:24.408] [INFO] default - request=> GET
[2022-08-05T14:08:28.093] [INFO] default - name=> ReceptSyukei
[2022-08-05T14:08:28.093] [INFO] default - params=>{"uniqid":1,"traceid":123,"receptType":"list"}
[2022-08-05T14:08:28.093] [INFO] default - folder=> SIHS
[2022-08-05T14:08:28.093] [INFO] default - request=> GET
[2022-08-05T14:08:32.212] [INFO] default - name=> ReceptSyukei
[2022-08-05T14:08:32.212] [INFO] default - params=>{"uniqid":1,"traceid":123,"receptType":"jijyogen"}
[2022-08-05T14:08:32.212] [INFO] default - folder=> SIHS
[2022-08-05T14:08:32.212] [INFO] default - request=> GET
[2022-08-05T14:09:15.793] [INFO] default - name=> ReceptSyukei
[2022-08-05T14:09:15.793] [INFO] default - params=>{"uniqid":1,"traceid":123,"receptType":"jijyogen"}
[2022-08-05T14:09:15.793] [INFO] default - folder=> SIHS
[2022-08-05T14:09:15.793] [INFO] default - request=> GET
[2022-08-05T14:14:25.055] [INFO] default - name=> ReceptSyukei
[2022-08-05T14:14:25.056] [INFO] default - params=>{"uniqid":1,"traceid":123,"receptType":"list"}
[2022-08-05T14:14:25.056] [INFO] default - folder=> SIHS
[2022-08-05T14:14:25.056] [INFO] default - request=> GET
[2022-08-05T14:14:28.206] [INFO] default - name=> ReceptSyukei
[2022-08-05T14:14:28.206] [INFO] default - params=>{"uniqid":1,"traceid":123,"receptType":"jijyogen"}
[2022-08-05T14:14:28.206] [INFO] default - folder=> SIHS
[2022-08-05T14:14:28.206] [INFO] default - request=> GET
[2022-08-05T14:15:24.725] [INFO] default - name=> ReceptSyukei
[2022-08-05T14:15:24.726] [INFO] default - params=>{"uniqid":1,"traceid":123,"receptType":"list"}
[2022-08-05T14:15:24.726] [INFO] default - folder=> SIHS
[2022-08-05T14:15:24.726] [INFO] default - request=> GET
[2022-08-05T14:15:25.320] [INFO] default - name=> ReceptSyukei
[2022-08-05T14:15:25.320] [INFO] default - params=>{"uniqid":1,"traceid":123,"receptType":"jijyogen"}
[2022-08-05T14:15:25.320] [INFO] default - folder=> SIHS
[2022-08-05T14:15:25.320] [INFO] default - request=> GET
[2022-08-05T14:15:30.529] [INFO] default - name=> ReceptSyukei
[2022-08-05T14:15:30.529] [INFO] default - params=>{"uniqid":1,"traceid":123,"receptType":"list"}
[2022-08-05T14:15:30.529] [INFO] default - folder=> SIHS
[2022-08-05T14:15:30.529] [INFO] default - request=> GET
[2022-08-05T14:15:36.836] [INFO] default - name=> ReceptSyukei
[2022-08-05T14:15:36.836] [INFO] default - params=>{"uniqid":1,"traceid":123,"receptType":"jijyogen"}
[2022-08-05T14:15:36.836] [INFO] default - folder=> SIHS
[2022-08-05T14:15:36.836] [INFO] default - request=> GET
[2022-08-05T14:16:00.402] [INFO] default - name=> ReceptSyukei
[2022-08-05T14:16:00.402] [INFO] default - params=>{"uniqid":1,"traceid":123,"receptType":"list"}
[2022-08-05T14:16:00.402] [INFO] default - folder=> SIHS
[2022-08-05T14:16:00.402] [INFO] default - request=> GET
[2022-08-05T14:16:04.595] [INFO] default - name=> ReceptSyukei
[2022-08-05T14:16:04.595] [INFO] default - params=>{"uniqid":1,"traceid":123,"receptType":"jijyogen"}
[2022-08-05T14:16:04.595] [INFO] default - folder=> SIHS
[2022-08-05T14:16:04.595] [INFO] default - request=> GET
[2022-08-05T14:16:36.115] [INFO] default - name=> ReceptSyukei
[2022-08-05T14:16:36.116] [INFO] default - params=>{"uniqid":1,"traceid":123,"receptType":"list"}
[2022-08-05T14:16:36.116] [INFO] default - folder=> SIHS
[2022-08-05T14:16:36.116] [INFO] default - request=> GET
[2022-08-05T14:16:38.582] [INFO] default - name=> ReceptSyukei
[2022-08-05T14:16:38.582] [INFO] default - params=>{"uniqid":1,"traceid":123,"receptType":"jijyogen"}
[2022-08-05T14:16:38.582] [INFO] default - folder=> SIHS
[2022-08-05T14:16:38.582] [INFO] default - request=> GET
[2022-08-05T14:20:20.876] [INFO] default - name=> ReceptSyukei
[2022-08-05T14:20:20.877] [INFO] default - params=>{"uniqid":1,"traceid":123,"receptType":"list"}
[2022-08-05T14:20:20.877] [INFO] default - folder=> SIHS
[2022-08-05T14:20:20.877] [INFO] default - request=> GET
[2022-08-05T14:20:24.044] [INFO] default - name=> ReceptSyukei
[2022-08-05T14:20:24.044] [INFO] default - params=>{"uniqid":1,"traceid":123,"receptType":"jijyogen"}
[2022-08-05T14:20:24.044] [INFO] default - folder=> SIHS
[2022-08-05T14:20:24.044] [INFO] default - request=> GET
[2022-08-05T14:20:59.646] [INFO] default - name=> ReceptSyukei
[2022-08-05T14:20:59.646] [INFO] default - params=>{"uniqid":1,"traceid":123,"receptType":"list"}
[2022-08-05T14:20:59.646] [INFO] default - folder=> SIHS
[2022-08-05T14:20:59.646] [INFO] default - request=> GET
[2022-08-05T14:21:01.673] [INFO] default - name=> ReceptSyukei
[2022-08-05T14:21:01.673] [INFO] default - params=>{"uniqid":1,"traceid":123,"receptType":"jijyogen"}
[2022-08-05T14:21:01.673] [INFO] default - folder=> SIHS
[2022-08-05T14:21:01.673] [INFO] default - request=> GET
[2022-08-05T14:21:18.804] [INFO] default - name=> ReceptSyukei
[2022-08-05T14:21:18.805] [INFO] default - params=>{"uniqid":1,"traceid":123,"receptType":"list"}
[2022-08-05T14:21:18.805] [INFO] default - folder=> SIHS
[2022-08-05T14:21:18.805] [INFO] default - request=> GET
[2022-08-05T14:21:21.290] [INFO] default - name=> ReceptSyukei
[2022-08-05T14:21:21.290] [INFO] default - params=>{"uniqid":1,"traceid":123,"receptType":"jijyogen"}
[2022-08-05T14:21:21.290] [INFO] default - folder=> SIHS
[2022-08-05T14:21:21.290] [INFO] default - request=> GET
[2022-08-05T14:22:27.926] [INFO] default - name=> ReceptSyukei
[2022-08-05T14:22:27.927] [INFO] default - params=>{"uniqid":1,"traceid":123,"receptType":"jijyogen"}
[2022-08-05T14:22:27.927] [INFO] default - folder=> SIHS
[2022-08-05T14:22:27.927] [INFO] default - request=> GET
[2022-08-05T14:22:31.146] [INFO] default - name=> ReceptSyukei
[2022-08-05T14:22:31.146] [INFO] default - params=>{"uniqid":1,"traceid":123,"receptType":"list"}
[2022-08-05T14:22:31.146] [INFO] default - folder=> SIHS
[2022-08-05T14:22:31.146] [INFO] default - request=> GET
[2022-08-05T14:22:32.185] [INFO] default - name=> ReceptSyukei
[2022-08-05T14:22:32.185] [INFO] default - params=>{"uniqid":1,"traceid":123,"receptType":"jijyogen"}
[2022-08-05T14:22:32.185] [INFO] default - folder=> SIHS
[2022-08-05T14:22:32.185] [INFO] default - request=> GET
[2022-08-05T14:22:37.429] [INFO] default - name=> ReceptSyukei
[2022-08-05T14:22:37.429] [INFO] default - params=>{"uniqid":1,"traceid":123,"receptType":"list"}
[2022-08-05T14:22:37.429] [INFO] default - folder=> SIHS
[2022-08-05T14:22:37.429] [INFO] default - request=> GET
[2022-08-05T14:22:39.683] [INFO] default - name=> ReceptSyukei
[2022-08-05T14:22:39.683] [INFO] default - params=>{"uniqid":1,"traceid":123,"receptType":"jijyogen"}
[2022-08-05T14:22:39.683] [INFO] default - folder=> SIHS
[2022-08-05T14:22:39.683] [INFO] default - request=> GET
[2022-08-05T14:24:41.565] [INFO] default - name=> ReceptSyukei
[2022-08-05T14:24:41.565] [INFO] default - params=>{"uniqid":1,"traceid":123,"receptType":"jijyogen"}
[2022-08-05T14:24:41.565] [INFO] default - folder=> SIHS
[2022-08-05T14:24:41.565] [INFO] default - request=> GET
[2022-08-05T14:24:47.800] [INFO] default - name=> ReceptSyukei
[2022-08-05T14:24:47.800] [INFO] default - params=>{"uniqid":1,"traceid":123,"receptType":"list"}
[2022-08-05T14:24:47.800] [INFO] default - folder=> SIHS
[2022-08-05T14:24:47.800] [INFO] default - request=> GET
[2022-08-05T14:24:50.405] [INFO] default - name=> ReceptSyukei
[2022-08-05T14:24:50.405] [INFO] default - params=>{"uniqid":1,"traceid":123,"receptType":"jijyogen"}
[2022-08-05T14:24:50.406] [INFO] default - folder=> SIHS
[2022-08-05T14:24:50.406] [INFO] default - request=> GET
[2022-08-05T14:26:21.897] [INFO] default - name=> ReceptSyukei
[2022-08-05T14:26:21.897] [INFO] default - params=>{"uniqid":1,"traceid":123,"receptType":"list"}
[2022-08-05T14:26:21.897] [INFO] default - folder=> SIHS
[2022-08-05T14:26:21.897] [INFO] default - request=> GET
[2022-08-05T14:29:27.508] [INFO] default - name=> ReceptSyukei
[2022-08-05T14:29:27.508] [INFO] default - params=>{"uniqid":1,"traceid":123,"receptType":"jijyogen"}
[2022-08-05T14:29:27.508] [INFO] default - folder=> SIHS
[2022-08-05T14:29:27.508] [INFO] default - request=> GET
[2022-08-05T14:29:34.389] [INFO] default - name=> ReceptSyukei
[2022-08-05T14:29:34.390] [INFO] default - params=>{"uniqid":1,"traceid":123,"receptType":"list"}
[2022-08-05T14:29:34.390] [INFO] default - folder=> SIHS
[2022-08-05T14:29:34.390] [INFO] default - request=> GET
[2022-08-05T14:29:37.239] [INFO] default - name=> ReceptSyukei
[2022-08-05T14:29:37.239] [INFO] default - params=>{"uniqid":1,"traceid":123,"receptType":"jijyogen"}
[2022-08-05T14:29:37.239] [INFO] default - folder=> SIHS
[2022-08-05T14:29:37.239] [INFO] default - request=> GET
[2022-08-05T14:30:44.022] [INFO] default - name=> ReceptSyukei
[2022-08-05T14:30:44.022] [INFO] default - params=>{"uniqid":1,"traceid":123,"receptType":"jijyogen"}
[2022-08-05T14:30:44.023] [INFO] default - folder=> SIHS
[2022-08-05T14:30:44.023] [INFO] default - request=> GET
[2022-08-05T14:30:50.197] [INFO] default - name=> ReceptSyukei
[2022-08-05T14:30:50.197] [INFO] default - params=>{"uniqid":1,"traceid":123,"receptType":"jijyogen"}
[2022-08-05T14:30:50.197] [INFO] default - folder=> SIHS
[2022-08-05T14:30:50.197] [INFO] default - request=> GET
[2022-08-05T14:30:53.286] [INFO] default - name=> ReceptSyukei
[2022-08-05T14:30:53.286] [INFO] default - params=>{"uniqid":1,"traceid":123,"receptType":"list"}
[2022-08-05T14:30:53.286] [INFO] default - folder=> SIHS
[2022-08-05T14:30:53.286] [INFO] default - request=> GET
[2022-08-05T14:30:55.979] [INFO] default - name=> ReceptSyukei
[2022-08-05T14:30:55.979] [INFO] default - params=>{"uniqid":1,"traceid":123,"receptType":"jijyogen"}
[2022-08-05T14:30:55.979] [INFO] default - folder=> SIHS
[2022-08-05T14:30:55.979] [INFO] default - request=> GET
[2022-08-05T14:32:51.645] [INFO] default - name=> ReceptSyukei
[2022-08-05T14:32:51.646] [INFO] default - params=>{"uniqid":1,"traceid":123,"receptType":"jijyogen"}
[2022-08-05T14:32:51.646] [INFO] default - folder=> SIHS
[2022-08-05T14:32:51.646] [INFO] default - request=> GET
[2022-08-05T14:32:59.831] [INFO] default - name=> ReceptSyukei
[2022-08-05T14:32:59.831] [INFO] default - params=>{"uniqid":1,"traceid":123,"receptType":"list"}
[2022-08-05T14:32:59.831] [INFO] default - folder=> SIHS
[2022-08-05T14:32:59.831] [INFO] default - request=> GET
[2022-08-05T14:33:02.755] [INFO] default - name=> ReceptSyukei
[2022-08-05T14:33:02.755] [INFO] default - params=>{"uniqid":1,"traceid":123,"receptType":"jijyogen"}
[2022-08-05T14:33:02.755] [INFO] default - folder=> SIHS
[2022-08-05T14:33:02.756] [INFO] default - request=> GET
[2022-08-05T14:33:24.220] [INFO] default - name=> ReceptSyukei
[2022-08-05T14:33:24.220] [INFO] default - params=>{"uniqid":1,"traceid":123,"receptType":"list"}
[2022-08-05T14:33:24.220] [INFO] default - folder=> SIHS
[2022-08-05T14:33:24.220] [INFO] default - request=> GET
[2022-08-05T14:33:26.766] [INFO] default - name=> ReceptSyukei
[2022-08-05T14:33:26.766] [INFO] default - params=>{"uniqid":1,"traceid":123,"receptType":"jijyogen"}
[2022-08-05T14:33:26.766] [INFO] default - folder=> SIHS
[2022-08-05T14:33:26.766] [INFO] default - request=> GET
[2022-08-05T14:33:58.214] [INFO] default - name=> ReceptSyukei
[2022-08-05T14:33:58.214] [INFO] default - params=>{"uniqid":1,"traceid":123,"receptType":"jijyogen"}
[2022-08-05T14:33:58.214] [INFO] default - folder=> SIHS
[2022-08-05T14:33:58.214] [INFO] default - request=> GET
[2022-08-05T14:33:59.564] [INFO] default - name=> ReceptSyukei
[2022-08-05T14:33:59.564] [INFO] default - params=>{"uniqid":1,"traceid":123,"receptType":"list"}
[2022-08-05T14:33:59.564] [INFO] default - folder=> SIHS
[2022-08-05T14:33:59.564] [INFO] default - request=> GET
[2022-08-05T14:34:02.865] [INFO] default - name=> ReceptSyukei
[2022-08-05T14:34:02.866] [INFO] default - params=>{"uniqid":1,"traceid":123,"receptType":"jijyogen"}
[2022-08-05T14:34:02.866] [INFO] default - folder=> SIHS
[2022-08-05T14:34:02.866] [INFO] default - request=> GET
[2022-08-05T14:34:11.558] [INFO] default - name=> ReceptSyukei
[2022-08-05T14:34:11.558] [INFO] default - params=>{"uniqid":1,"traceid":123,"receptType":"jijyogen"}
[2022-08-05T14:34:11.558] [INFO] default - folder=> SIHS
[2022-08-05T14:34:11.558] [INFO] default - request=> GET
[2022-08-05T14:36:19.854] [INFO] default - name=> ReceptSyukei
[2022-08-05T14:36:19.854] [INFO] default - params=>{"uniqid":1,"traceid":123,"receptType":"jijyogen"}
[2022-08-05T14:36:19.854] [INFO] default - folder=> SIHS
[2022-08-05T14:36:19.854] [INFO] default - request=> GET
[2022-08-05T14:36:22.063] [INFO] default - name=> ReceptSyukei
[2022-08-05T14:36:22.063] [INFO] default - params=>{"uniqid":1,"traceid":123,"receptType":"list"}
[2022-08-05T14:36:22.063] [INFO] default - folder=> SIHS
[2022-08-05T14:36:22.063] [INFO] default - request=> GET
[2022-08-05T14:36:24.952] [INFO] default - name=> ReceptSyukei
[2022-08-05T14:36:24.952] [INFO] default - params=>{"uniqid":1,"traceid":123,"receptType":"jijyogen"}
[2022-08-05T14:36:24.952] [INFO] default - folder=> SIHS
[2022-08-05T14:36:24.952] [INFO] default - request=> GET
[2022-08-05T14:36:49.247] [INFO] default - name=> ReceptSyukei
[2022-08-05T14:36:49.247] [INFO] default - params=>{"uniqid":1,"traceid":123,"receptType":"jijyogen"}
[2022-08-05T14:36:49.247] [INFO] default - folder=> SIHS
[2022-08-05T14:36:49.247] [INFO] default - request=> GET
[2022-08-05T14:36:51.659] [INFO] default - name=> ReceptSyukei
[2022-08-05T14:36:51.659] [INFO] default - params=>{"uniqid":1,"traceid":123,"receptType":"list"}
[2022-08-05T14:36:51.659] [INFO] default - folder=> SIHS
[2022-08-05T14:36:51.659] [INFO] default - request=> GET
[2022-08-05T14:36:54.676] [INFO] default - name=> ReceptSyukei
[2022-08-05T14:36:54.676] [INFO] default - params=>{"uniqid":1,"traceid":123,"receptType":"jijyogen"}
[2022-08-05T14:36:54.676] [INFO] default - folder=> SIHS
[2022-08-05T14:36:54.676] [INFO] default - request=> GET
[2022-08-05T14:37:22.689] [INFO] default - name=> ReceptSyukei
[2022-08-05T14:37:22.689] [INFO] default - params=>{"uniqid":1,"traceid":123,"receptType":"jijyogen"}
[2022-08-05T14:37:22.689] [INFO] default - folder=> SIHS
[2022-08-05T14:37:22.689] [INFO] default - request=> GET
[2022-08-05T14:37:22.953] [INFO] default - name=> ReceptSyukei
[2022-08-05T14:37:22.953] [INFO] default - params=>{"uniqid":1,"traceid":123,"receptType":"jijyogen"}
[2022-08-05T14:37:22.953] [INFO] default - folder=> SIHS
[2022-08-05T14:37:22.953] [INFO] default - request=> GET
[2022-08-05T14:37:25.901] [INFO] default - name=> ReceptSyukei
[2022-08-05T14:37:25.901] [INFO] default - params=>{"uniqid":1,"traceid":123,"receptType":"list"}
[2022-08-05T14:37:25.901] [INFO] default - folder=> SIHS
[2022-08-05T14:37:25.901] [INFO] default - request=> GET
[2022-08-05T14:37:28.302] [INFO] default - name=> ReceptSyukei
[2022-08-05T14:37:28.302] [INFO] default - params=>{"uniqid":1,"traceid":123,"receptType":"jijyogen"}
[2022-08-05T14:37:28.302] [INFO] default - folder=> SIHS
[2022-08-05T14:37:28.302] [INFO] default - request=> GET
[2022-08-05T14:39:43.150] [INFO] default - name=> ReceptSyukei
[2022-08-05T14:39:43.150] [INFO] default - params=>{"uniqid":1,"traceid":123,"receptType":"jijyogen"}
[2022-08-05T14:39:43.150] [INFO] default - folder=> SIHS
[2022-08-05T14:39:43.150] [INFO] default - request=> GET
[2022-08-05T14:39:45.113] [INFO] default - name=> ReceptSyukei
[2022-08-05T14:39:45.113] [INFO] default - params=>{"uniqid":1,"traceid":123,"receptType":"list"}
[2022-08-05T14:39:45.113] [INFO] default - folder=> SIHS
[2022-08-05T14:39:45.113] [INFO] default - request=> GET
[2022-08-05T14:39:48.070] [INFO] default - name=> ReceptSyukei
[2022-08-05T14:39:48.070] [INFO] default - params=>{"uniqid":1,"traceid":123,"receptType":"jijyogen"}
[2022-08-05T14:39:48.070] [INFO] default - folder=> SIHS
[2022-08-05T14:39:48.070] [INFO] default - request=> GET
[2022-08-05T14:40:13.627] [INFO] default - name=> ReceptSyukei
[2022-08-05T14:40:13.627] [INFO] default - params=>{"uniqid":1,"traceid":123,"receptType":"jijyogen"}
[2022-08-05T14:40:13.627] [INFO] default - folder=> SIHS
[2022-08-05T14:40:13.627] [INFO] default - request=> GET
[2022-08-05T14:40:16.043] [INFO] default - name=> ReceptSyukei
[2022-08-05T14:40:16.043] [INFO] default - params=>{"uniqid":1,"traceid":123,"receptType":"list"}
[2022-08-05T14:40:16.043] [INFO] default - folder=> SIHS
[2022-08-05T14:40:16.043] [INFO] default - request=> GET
[2022-08-05T14:40:56.521] [INFO] default - name=> ReceptSyukei
[2022-08-05T14:40:56.521] [INFO] default - params=>{"uniqid":1,"traceid":123,"receptType":"list"}
[2022-08-05T14:40:56.521] [INFO] default - folder=> SIHS
[2022-08-05T14:40:56.521] [INFO] default - request=> GET
[2022-08-05T14:40:58.983] [INFO] default - name=> ReceptSyukei
[2022-08-05T14:40:58.983] [INFO] default - params=>{"uniqid":1,"traceid":123,"receptType":"jijyogen"}
[2022-08-05T14:40:58.983] [INFO] default - folder=> SIHS
[2022-08-05T14:40:58.983] [INFO] default - request=> GET
[2022-08-05T14:41:25.974] [INFO] default - name=> ReceptSyukei
[2022-08-05T14:41:25.974] [INFO] default - params=>{"uniqid":1,"traceid":123,"receptType":"jijyogen"}
[2022-08-05T14:41:25.974] [INFO] default - folder=> SIHS
[2022-08-05T14:41:25.974] [INFO] default - request=> GET
[2022-08-05T14:41:28.721] [INFO] default - name=> ReceptSyukei
[2022-08-05T14:41:28.721] [INFO] default - params=>{"uniqid":1,"traceid":123,"receptType":"list"}
[2022-08-05T14:41:28.721] [INFO] default - folder=> SIHS
[2022-08-05T14:41:28.721] [INFO] default - request=> GET
[2022-08-05T14:41:31.752] [INFO] default - name=> ReceptSyukei
[2022-08-05T14:41:31.752] [INFO] default - params=>{"uniqid":1,"traceid":123,"receptType":"jijyogen"}
[2022-08-05T14:41:31.752] [INFO] default - folder=> SIHS
[2022-08-05T14:41:31.752] [INFO] default - request=> GET
[2022-08-05T14:41:36.846] [INFO] default - name=> ReceptSyukei
[2022-08-05T14:41:36.846] [INFO] default - params=>{"uniqid":1,"traceid":123,"receptType":"jijyogen"}
[2022-08-05T14:41:36.846] [INFO] default - folder=> SIHS
[2022-08-05T14:41:36.846] [INFO] default - request=> GET
[2022-08-05T14:42:12.777] [INFO] default - name=> ReceptSyukei
[2022-08-05T14:42:12.778] [INFO] default - params=>{"uniqid":1,"traceid":123,"receptType":"jijyogen"}
[2022-08-05T14:42:12.778] [INFO] default - folder=> SIHS
[2022-08-05T14:42:12.778] [INFO] default - request=> GET
[2022-08-05T14:42:12.836] [INFO] default - name=> ReceptSyukei
[2022-08-05T14:42:12.836] [INFO] default - params=>{"uniqid":1,"traceid":123,"receptType":"jijyogen"}
[2022-08-05T14:42:12.836] [INFO] default - folder=> SIHS
[2022-08-05T14:42:12.836] [INFO] default - request=> GET
[2022-08-05T14:42:12.933] [INFO] default - name=> ReceptSyukei
[2022-08-05T14:42:12.933] [INFO] default - params=>{"uniqid":1,"traceid":123,"receptType":"jijyogen"}
[2022-08-05T14:42:12.933] [INFO] default - folder=> SIHS
[2022-08-05T14:42:12.933] [INFO] default - request=> GET
[2022-08-05T14:42:24.155] [INFO] default - name=> ReceptSyukei
[2022-08-05T14:42:24.155] [INFO] default - params=>{"uniqid":1,"traceid":123,"receptType":"list"}
[2022-08-05T14:42:24.155] [INFO] default - folder=> SIHS
[2022-08-05T14:42:24.155] [INFO] default - request=> GET
[2022-08-05T14:42:26.519] [INFO] default - name=> ReceptSyukei
[2022-08-05T14:42:26.519] [INFO] default - params=>{"uniqid":1,"traceid":123,"receptType":"jijyogen"}
[2022-08-05T14:42:26.519] [INFO] default - folder=> SIHS
[2022-08-05T14:42:26.519] [INFO] default - request=> GET
[2022-08-05T14:43:15.616] [INFO] default - name=> ReceptSyukei
[2022-08-05T14:43:15.616] [INFO] default - params=>{"uniqid":1,"traceid":123,"receptType":"jijyogen"}
[2022-08-05T14:43:15.616] [INFO] default - folder=> SIHS
[2022-08-05T14:43:15.616] [INFO] default - request=> GET
[2022-08-05T14:43:24.186] [INFO] default - name=> ReceptSyukei
[2022-08-05T14:43:24.186] [INFO] default - params=>{"uniqid":1,"traceid":123,"receptType":"list"}
[2022-08-05T14:43:24.186] [INFO] default - folder=> SIHS
[2022-08-05T14:43:24.186] [INFO] default - request=> GET
[2022-08-05T14:43:26.088] [INFO] default - name=> ReceptSyukei
[2022-08-05T14:43:26.088] [INFO] default - params=>{"uniqid":1,"traceid":123,"receptType":"jijyogen"}
[2022-08-05T14:43:26.088] [INFO] default - folder=> SIHS
[2022-08-05T14:43:26.088] [INFO] default - request=> GET
[2022-08-05T14:43:38.981] [INFO] default - name=> ReceptSyukei
[2022-08-05T14:43:38.981] [INFO] default - params=>{"uniqid":1,"traceid":123,"receptType":"jijyogen"}
[2022-08-05T14:43:38.981] [INFO] default - folder=> SIHS
[2022-08-05T14:43:38.981] [INFO] default - request=> GET
[2022-08-05T14:44:07.143] [INFO] default - name=> ReceptSyukei
[2022-08-05T14:44:07.143] [INFO] default - params=>{"uniqid":1,"traceid":123,"receptType":"jijyogen"}
[2022-08-05T14:44:07.143] [INFO] default - folder=> SIHS
[2022-08-05T14:44:07.143] [INFO] default - request=> GET
[2022-08-05T14:44:44.097] [INFO] default - name=> ReceptSyukei
[2022-08-05T14:44:44.097] [INFO] default - params=>{"uniqid":1,"traceid":123,"receptType":"jijyogen"}
[2022-08-05T14:44:44.097] [INFO] default - folder=> SIHS
[2022-08-05T14:44:44.097] [INFO] default - request=> GET
[2022-08-05T14:44:46.692] [INFO] default - name=> ReceptSyukei
[2022-08-05T14:44:46.692] [INFO] default - params=>{"uniqid":1,"traceid":123,"receptType":"jijyogen"}
[2022-08-05T14:44:46.692] [INFO] default - folder=> SIHS
[2022-08-05T14:44:46.692] [INFO] default - request=> GET
[2022-08-05T14:45:01.892] [INFO] default - name=> ReceptSyukei
[2022-08-05T14:45:01.892] [INFO] default - params=>{"uniqid":1,"traceid":123,"receptType":"jijyogen"}
[2022-08-05T14:45:01.892] [INFO] default - folder=> SIHS
[2022-08-05T14:45:01.892] [INFO] default - request=> GET
[2022-08-05T14:50:02.909] [INFO] default - name=> ReceptSyukei
[2022-08-05T14:50:02.909] [INFO] default - params=>{"uniqid":1,"traceid":123,"receptType":"list"}
[2022-08-05T14:50:02.909] [INFO] default - folder=> SIHS
[2022-08-05T14:50:02.909] [INFO] default - request=> GET
[2022-08-05T14:50:04.575] [INFO] default - name=> ReceptSyukei
[2022-08-05T14:50:04.575] [INFO] default - params=>{"uniqid":1,"traceid":123,"receptType":"jijyogen"}
[2022-08-05T14:50:04.575] [INFO] default - folder=> SIHS
[2022-08-05T14:50:04.575] [INFO] default - request=> GET
[2022-08-05T14:50:22.837] [INFO] default - name=> ReceptSyukei
[2022-08-05T14:50:22.838] [INFO] default - params=>{"uniqid":1,"traceid":123,"receptType":"list"}
[2022-08-05T14:50:22.838] [INFO] default - folder=> SIHS
[2022-08-05T14:50:22.838] [INFO] default - request=> GET
[2022-08-05T14:50:25.161] [INFO] default - name=> ReceptSyukei
[2022-08-05T14:50:25.161] [INFO] default - params=>{"uniqid":1,"traceid":123,"receptType":"jijyogen"}
[2022-08-05T14:50:25.161] [INFO] default - folder=> SIHS
[2022-08-05T14:50:25.161] [INFO] default - request=> GET
[2022-08-05T14:51:00.836] [INFO] default - name=> ReceptSyukei
[2022-08-05T14:51:00.837] [INFO] default - params=>{"uniqid":1,"traceid":123,"receptType":"list"}
[2022-08-05T14:51:00.837] [INFO] default - folder=> SIHS
[2022-08-05T14:51:00.837] [INFO] default - request=> GET
[2022-08-05T14:51:03.245] [INFO] default - name=> ReceptSyukei
[2022-08-05T14:51:03.245] [INFO] default - params=>{"uniqid":1,"traceid":123,"receptType":"jijyogen"}
[2022-08-05T14:51:03.245] [INFO] default - folder=> SIHS
[2022-08-05T14:51:03.245] [INFO] default - request=> GET
[2022-08-05T14:51:37.616] [INFO] default - name=> ReceptSyukei
[2022-08-05T14:51:37.617] [INFO] default - params=>{"uniqid":1,"traceid":123,"receptType":"list"}
[2022-08-05T14:51:37.617] [INFO] default - folder=> SIHS
[2022-08-05T14:51:37.617] [INFO] default - request=> GET
[2022-08-05T14:51:42.118] [INFO] default - name=> ReceptSyukei
[2022-08-05T14:51:42.118] [INFO] default - params=>{"uniqid":1,"traceid":123,"receptType":"jijyogen"}
[2022-08-05T14:51:42.119] [INFO] default - folder=> SIHS
[2022-08-05T14:51:42.119] [INFO] default - request=> GET
[2022-08-05T14:52:23.560] [INFO] default - name=> ReceptSyukei
[2022-08-05T14:52:23.561] [INFO] default - params=>{"uniqid":1,"traceid":123,"receptType":"list"}
[2022-08-05T14:52:23.561] [INFO] default - folder=> SIHS
[2022-08-05T14:52:23.561] [INFO] default - request=> GET
[2022-08-05T14:52:42.828] [INFO] default - name=> ReceptSyukei
[2022-08-05T14:52:42.828] [INFO] default - params=>{"uniqid":1,"traceid":123,"receptType":"jijyogen"}
[2022-08-05T14:52:42.828] [INFO] default - folder=> SIHS
[2022-08-05T14:52:42.828] [INFO] default - request=> GET
[2022-08-05T14:55:14.097] [INFO] default - name=> ReceptSyukei
[2022-08-05T14:55:14.098] [INFO] default - params=>{"uniqid":1,"traceid":123,"receptType":"list"}
[2022-08-05T14:55:14.098] [INFO] default - folder=> SIHS
[2022-08-05T14:55:14.098] [INFO] default - request=> GET
[2022-08-05T14:55:25.027] [INFO] default - name=> ReceptSyukei
[2022-08-05T14:55:25.027] [INFO] default - params=>{"uniqid":1,"traceid":123,"receptType":"jijyogen"}
[2022-08-05T14:55:25.027] [INFO] default - folder=> SIHS
[2022-08-05T14:55:25.027] [INFO] default - request=> GET
[2022-08-05T14:56:41.984] [INFO] default - name=> ReceptSyukei
[2022-08-05T14:56:41.984] [INFO] default - params=>{"uniqid":1,"traceid":123,"receptType":"jijyogen"}
[2022-08-05T14:56:41.984] [INFO] default - folder=> SIHS
[2022-08-05T14:56:41.984] [INFO] default - request=> GET
[2022-08-05T14:56:57.026] [INFO] default - name=> ReceptSyukei
[2022-08-05T14:56:57.026] [INFO] default - params=>{"uniqid":1,"traceid":123,"receptType":"jijyogen"}
[2022-08-05T14:56:57.026] [INFO] default - folder=> SIHS
[2022-08-05T14:56:57.026] [INFO] default - request=> GET
[2022-08-05T14:57:11.636] [INFO] default - name=> ReceptSyukei
[2022-08-05T14:57:11.636] [INFO] default - params=>{"uniqid":1,"traceid":123,"receptType":"list"}
[2022-08-05T14:57:11.636] [INFO] default - folder=> SIHS
[2022-08-05T14:57:11.636] [INFO] default - request=> GET
[2022-08-05T14:57:48.908] [INFO] default - name=> ReceptSyukei
[2022-08-05T14:57:48.908] [INFO] default - params=>{"uniqid":1,"traceid":123,"receptType":"list"}
[2022-08-05T14:57:48.908] [INFO] default - folder=> SIHS
[2022-08-05T14:57:48.908] [INFO] default - request=> GET
[2022-08-05T14:57:52.039] [INFO] default - name=> ReceptSyukei
[2022-08-05T14:57:52.039] [INFO] default - params=>{"uniqid":1,"traceid":123,"receptType":"jijyogen"}
[2022-08-05T14:57:52.039] [INFO] default - folder=> SIHS
[2022-08-05T14:57:52.039] [INFO] default - request=> GET
[2022-08-05T14:57:54.541] [INFO] default - name=> ReceptSyukei
[2022-08-05T14:57:54.541] [INFO] default - params=>{"uniqid":1,"traceid":123,"receptType":"list"}
[2022-08-05T14:57:54.541] [INFO] default - folder=> SIHS
[2022-08-05T14:57:54.541] [INFO] default - request=> GET
[2022-08-05T14:57:55.445] [INFO] default - name=> ReceptSyukei
[2022-08-05T14:57:55.446] [INFO] default - params=>{"uniqid":1,"traceid":123,"receptType":"jijyogen"}
[2022-08-05T14:57:55.446] [INFO] default - folder=> SIHS
[2022-08-05T14:57:55.446] [INFO] default - request=> GET
[2022-08-05T14:57:56.436] [INFO] default - name=> ReceptSyukei
[2022-08-05T14:57:56.436] [INFO] default - params=>{"uniqid":1,"traceid":123,"receptType":"list"}
[2022-08-05T14:57:56.436] [INFO] default - folder=> SIHS
[2022-08-05T14:57:56.436] [INFO] default - request=> GET
[2022-08-05T15:05:18.619] [INFO] default - name=> ReceptSyukei
[2022-08-05T15:05:18.619] [INFO] default - params=>{"uniqid":1,"traceid":123,"receptType":"list"}
[2022-08-05T15:05:18.619] [INFO] default - folder=> SIHS
[2022-08-05T15:05:18.619] [INFO] default - request=> GET
[2022-08-05T15:05:23.194] [INFO] default - name=> ReceptSyukei
[2022-08-05T15:05:23.194] [INFO] default - params=>{"uniqid":1,"traceid":123,"receptType":"jijyogen"}
[2022-08-05T15:05:23.194] [INFO] default - folder=> SIHS
[2022-08-05T15:05:23.194] [INFO] default - request=> GET
[2022-08-05T15:05:25.546] [INFO] default - name=> ReceptSyukei
[2022-08-05T15:05:25.546] [INFO] default - params=>{"uniqid":1,"traceid":123,"receptType":"list"}
[2022-08-05T15:05:25.546] [INFO] default - folder=> SIHS
[2022-08-05T15:05:25.546] [INFO] default - request=> GET
[2022-08-05T15:05:31.428] [INFO] default - name=> ReceptSyukei
[2022-08-05T15:05:31.429] [INFO] default - params=>{"uniqid":1,"traceid":123,"receptType":"jijyogen"}
[2022-08-05T15:05:31.429] [INFO] default - folder=> SIHS
[2022-08-05T15:05:31.429] [INFO] default - request=> GET
[2022-08-05T15:05:33.196] [INFO] default - name=> ReceptSyukei
[2022-08-05T15:05:33.196] [INFO] default - params=>{"uniqid":1,"traceid":123,"receptType":"list"}
[2022-08-05T15:05:33.196] [INFO] default - folder=> SIHS
[2022-08-05T15:05:33.196] [INFO] default - request=> GET
[2022-08-05T15:06:04.993] [INFO] default - name=> ReceptSyukei
[2022-08-05T15:06:04.993] [INFO] default - params=>{"uniqid":1,"traceid":123,"receptType":"list"}
[2022-08-05T15:06:04.993] [INFO] default - folder=> SIHS
[2022-08-05T15:06:04.993] [INFO] default - request=> GET
[2022-08-05T15:06:09.254] [INFO] default - name=> ReceptSyukei
[2022-08-05T15:06:09.254] [INFO] default - params=>{"uniqid":1,"traceid":123,"receptType":"list"}
[2022-08-05T15:06:09.254] [INFO] default - folder=> SIHS
[2022-08-05T15:06:09.254] [INFO] default - request=> GET
[2022-08-05T15:06:13.812] [INFO] default - name=> ReceptSyukei
[2022-08-05T15:06:13.813] [INFO] default - params=>{"uniqid":1,"traceid":123,"receptType":"list"}
[2022-08-05T15:06:13.813] [INFO] default - folder=> SIHS
[2022-08-05T15:06:13.813] [INFO] default - request=> GET
[2022-08-05T15:06:19.490] [INFO] default - name=> ReceptSyukei
[2022-08-05T15:06:19.490] [INFO] default - params=>{"uniqid":1,"traceid":123,"receptType":"list"}
[2022-08-05T15:06:19.490] [INFO] default - folder=> SIHS
[2022-08-05T15:06:19.490] [INFO] default - request=> GET
[2022-08-05T15:06:26.820] [INFO] default - name=> ReceptSyukei
[2022-08-05T15:06:26.820] [INFO] default - params=>{"uniqid":1,"traceid":123,"receptType":"list"}
[2022-08-05T15:06:26.820] [INFO] default - folder=> SIHS
[2022-08-05T15:06:26.820] [INFO] default - request=> GET
[2022-08-05T15:06:32.150] [INFO] default - name=> ReceptSyukei
[2022-08-05T15:06:32.150] [INFO] default - params=>{"uniqid":1,"traceid":123,"receptType":"list"}
[2022-08-05T15:06:32.150] [INFO] default - folder=> SIHS
[2022-08-05T15:06:32.150] [INFO] default - request=> GET
[2022-08-05T15:07:46.777] [INFO] default - name=> ReceptSyukei
[2022-08-05T15:07:46.777] [INFO] default - params=>{"uniqid":1,"traceid":123,"receptType":"list"}
[2022-08-05T15:07:46.777] [INFO] default - folder=> SIHS
[2022-08-05T15:07:46.777] [INFO] default - request=> GET
[2022-08-05T15:07:58.395] [INFO] default - name=> ReceptSyukei
[2022-08-05T15:07:58.395] [INFO] default - params=>{"uniqid":1,"traceid":123,"receptType":"list"}
[2022-08-05T15:07:58.395] [INFO] default - folder=> SIHS
[2022-08-05T15:07:58.395] [INFO] default - request=> GET
[2022-08-05T15:08:05.034] [INFO] default - name=> ReceptSyukei
[2022-08-05T15:08:05.034] [INFO] default - params=>{"uniqid":1,"traceid":123,"receptType":"list"}
[2022-08-05T15:08:05.034] [INFO] default - folder=> SIHS
[2022-08-05T15:08:05.034] [INFO] default - request=> GET
[2022-08-05T15:08:12.997] [INFO] default - name=> ReceptSyukei
[2022-08-05T15:08:12.997] [INFO] default - params=>{"uniqid":1,"traceid":123,"receptType":"list"}
[2022-08-05T15:08:12.997] [INFO] default - folder=> SIHS
[2022-08-05T15:08:12.997] [INFO] default - request=> GET
[2022-08-05T15:08:20.597] [INFO] default - name=> ReceptSyukei
[2022-08-05T15:08:20.597] [INFO] default - params=>{"uniqid":1,"traceid":123,"receptType":"list"}
[2022-08-05T15:08:20.597] [INFO] default - folder=> SIHS
[2022-08-05T15:08:20.597] [INFO] default - request=> GET
[2022-08-05T15:08:29.295] [INFO] default - name=> ReceptSyukei
[2022-08-05T15:08:29.295] [INFO] default - params=>{"uniqid":1,"traceid":123,"receptType":"jijyogen"}
[2022-08-05T15:08:29.295] [INFO] default - folder=> SIHS
[2022-08-05T15:08:29.295] [INFO] default - request=> GET
[2022-08-05T15:15:05.402] [INFO] default - name=> ReceptSyukei
[2022-08-05T15:15:05.403] [INFO] default - params=>{"uniqid":1,"traceid":123,"receptType":"list"}
[2022-08-05T15:15:05.403] [INFO] default - folder=> SIHS
[2022-08-05T15:15:05.403] [INFO] default - request=> GET
[2022-08-05T15:15:11.953] [INFO] default - name=> ReceptSyukei
[2022-08-05T15:15:11.953] [INFO] default - params=>{"uniqid":1,"traceid":123,"receptType":"jijyogen"}
[2022-08-05T15:15:11.953] [INFO] default - folder=> SIHS
[2022-08-05T15:15:11.953] [INFO] default - request=> GET
[2022-08-05T15:25:18.437] [INFO] default - name=> ReceptSyukei
[2022-08-05T15:25:18.437] [INFO] default - params=>{"uniqid":1,"traceid":123,"receptType":"jijyogen"}
[2022-08-05T15:25:18.437] [INFO] default - folder=> SIHS
[2022-08-05T15:25:18.437] [INFO] default - request=> GET
[2022-08-05T15:25:32.723] [INFO] default - name=> ReceptSyukei
[2022-08-05T15:25:32.723] [INFO] default - params=>{"uniqid":1,"traceid":123,"receptType":"tajyogen"}
[2022-08-05T15:25:32.723] [INFO] default - folder=> SIHS
[2022-08-05T15:25:32.723] [INFO] default - request=> GET
[2022-08-05T15:26:52.894] [INFO] default - name=> ReceptSyukei
[2022-08-05T15:26:52.894] [INFO] default - params=>{"uniqid":1,"traceid":123,"receptType":"tajyogen"}
[2022-08-05T15:26:52.894] [INFO] default - folder=> SIHS
[2022-08-05T15:26:52.894] [INFO] default - request=> GET
[2022-08-05T15:27:01.264] [INFO] default - name=> ReceptSyukei
[2022-08-05T15:27:01.264] [INFO] default - params=>{"uniqid":1,"traceid":123,"receptType":"list"}
[2022-08-05T15:27:01.264] [INFO] default - folder=> SIHS
[2022-08-05T15:27:01.264] [INFO] default - request=> GET
[2022-08-05T15:33:06.699] [INFO] default - name=> ReceptSyukei
[2022-08-05T15:33:06.699] [INFO] default - params=>{"uniqid":1,"traceid":123,"receptType":"tajyogen"}
[2022-08-05T15:33:06.699] [INFO] default - folder=> SIHS
[2022-08-05T15:33:06.699] [INFO] default - request=> GET
[2022-08-05T15:33:09.844] [INFO] default - name=> ReceptSyukei
[2022-08-05T15:33:09.844] [INFO] default - params=>{"uniqid":1,"traceid":123,"receptType":"list"}
[2022-08-05T15:33:09.844] [INFO] default - folder=> SIHS
[2022-08-05T15:33:09.844] [INFO] default - request=> GET
[2022-08-05T15:33:12.105] [INFO] default - name=> ReceptSyukei
[2022-08-05T15:33:12.105] [INFO] default - params=>{"uniqid":1,"traceid":123,"receptType":"list"}
[2022-08-05T15:33:12.105] [INFO] default - folder=> SIHS
[2022-08-05T15:33:12.105] [INFO] default - request=> GET
[2022-08-05T15:37:20.077] [INFO] default - name=> ReceptSyukei
[2022-08-05T15:37:20.077] [INFO] default - params=>{"uniqid":1,"traceid":123,"receptType":"list"}
[2022-08-05T15:37:20.077] [INFO] default - folder=> SIHS
[2022-08-05T15:37:20.077] [INFO] default - request=> GET
[2022-08-05T15:37:27.072] [INFO] default - name=> ReceptSyukei
[2022-08-05T15:37:27.072] [INFO] default - params=>{"uniqid":1,"traceid":123,"receptType":"list"}
[2022-08-05T15:37:27.072] [INFO] default - folder=> SIHS
[2022-08-05T15:37:27.072] [INFO] default - request=> GET
[2022-08-05T15:37:29.690] [INFO] default - name=> ReceptSyukei
[2022-08-05T15:37:29.690] [INFO] default - params=>{"uniqid":1,"traceid":123,"receptType":"tajyogen"}
[2022-08-05T15:37:29.690] [INFO] default - folder=> SIHS
[2022-08-05T15:37:29.690] [INFO] default - request=> GET
[2022-08-05T15:37:30.687] [INFO] default - name=> ReceptSyukei
[2022-08-05T15:37:30.687] [INFO] default - params=>{"uniqid":1,"traceid":123,"receptType":"jijyogen"}
[2022-08-05T15:37:30.687] [INFO] default - folder=> SIHS
[2022-08-05T15:37:30.687] [INFO] default - request=> GET
[2022-08-05T15:37:31.972] [INFO] default - name=> ReceptSyukei
[2022-08-05T15:37:31.972] [INFO] default - params=>{"uniqid":1,"traceid":123,"receptType":"tajyogen"}
[2022-08-05T15:37:31.972] [INFO] default - folder=> SIHS
[2022-08-05T15:37:31.972] [INFO] default - request=> GET
[2022-08-05T15:44:45.676] [INFO] default - name=> ReceptSyukei
[2022-08-05T15:44:45.677] [INFO] default - params=>{"uniqid":1,"traceid":123,"receptType":"list"}
[2022-08-05T15:44:45.677] [INFO] default - folder=> SIHS
[2022-08-05T15:44:45.677] [INFO] default - request=> GET
[2022-08-05T15:44:50.337] [INFO] default - name=> ReceptSyukei
[2022-08-05T15:44:50.337] [INFO] default - params=>{"uniqid":1,"traceid":123,"receptType":"tajyogen"}
[2022-08-05T15:44:50.337] [INFO] default - folder=> SIHS
[2022-08-05T15:44:50.337] [INFO] default - request=> GET
[2022-08-05T15:45:51.270] [INFO] default - name=> ReceptSyukei
[2022-08-05T15:45:51.270] [INFO] default - params=>{"uniqid":1,"traceid":123,"receptType":"list"}
[2022-08-05T15:45:51.270] [INFO] default - folder=> SIHS
[2022-08-05T15:45:51.270] [INFO] default - request=> GET
[2022-08-05T15:45:53.969] [INFO] default - name=> ReceptSyukei
[2022-08-05T15:45:53.969] [INFO] default - params=>{"uniqid":1,"traceid":123,"receptType":"tajyogen"}
[2022-08-05T15:45:53.969] [INFO] default - folder=> SIHS
[2022-08-05T15:45:53.969] [INFO] default - request=> GET
[2022-08-05T15:46:46.944] [INFO] default - name=> ReceptSyukei
[2022-08-05T15:46:46.945] [INFO] default - params=>{"uniqid":1,"traceid":123,"receptType":"list"}
[2022-08-05T15:46:46.945] [INFO] default - folder=> SIHS
[2022-08-05T15:46:46.945] [INFO] default - request=> GET
[2022-08-05T15:46:47.423] [INFO] default - name=> ReceptSyukei
[2022-08-05T15:46:47.423] [INFO] default - params=>{"uniqid":1,"traceid":123,"receptType":"tajyogen"}
[2022-08-05T15:46:47.423] [INFO] default - folder=> SIHS
[2022-08-05T15:46:47.423] [INFO] default - request=> GET
[2022-08-05T15:49:46.616] [INFO] default - name=> ReceptSyukei
[2022-08-05T15:49:46.616] [INFO] default - params=>{"uniqid":1,"traceid":123,"receptType":"list"}
[2022-08-05T15:49:46.616] [INFO] default - folder=> SIHS
[2022-08-05T15:49:46.616] [INFO] default - request=> GET
[2022-08-05T15:49:52.208] [INFO] default - name=> ReceptSyukei
[2022-08-05T15:49:52.208] [INFO] default - params=>{"uniqid":1,"traceid":123,"receptType":"tajyogen"}
[2022-08-05T15:49:52.208] [INFO] default - folder=> SIHS
[2022-08-05T15:49:52.208] [INFO] default - request=> GET
[2022-08-05T15:50:09.483] [INFO] default - name=> ReceptSyukei
[2022-08-05T15:50:09.484] [INFO] default - params=>{"uniqid":1,"traceid":123,"receptType":"list"}
[2022-08-05T15:50:09.484] [INFO] default - folder=> SIHS
[2022-08-05T15:50:09.484] [INFO] default - request=> GET
[2022-08-05T15:50:12.261] [INFO] default - name=> ReceptSyukei
[2022-08-05T15:50:12.261] [INFO] default - params=>{"uniqid":1,"traceid":123,"receptType":"tajyogen"}
[2022-08-05T15:50:12.261] [INFO] default - folder=> SIHS
[2022-08-05T15:50:12.261] [INFO] default - request=> GET
[2022-08-05T15:51:25.344] [INFO] default - name=> ReceptSyukei
[2022-08-05T15:51:25.344] [INFO] default - params=>{"uniqid":1,"traceid":123,"receptType":"list"}
[2022-08-05T15:51:25.344] [INFO] default - folder=> SIHS
[2022-08-05T15:51:25.344] [INFO] default - request=> GET
[2022-08-05T15:51:27.406] [INFO] default - name=> ReceptSyukei
[2022-08-05T15:51:27.406] [INFO] default - params=>{"uniqid":1,"traceid":123,"receptType":"tajyogen"}
[2022-08-05T15:51:27.407] [INFO] default - folder=> SIHS
[2022-08-05T15:51:27.407] [INFO] default - request=> GET
[2022-08-05T15:51:28.538] [INFO] default - name=> ReceptSyukei
[2022-08-05T15:51:28.538] [INFO] default - params=>{"uniqid":1,"traceid":123,"receptType":"jijyogen"}
[2022-08-05T15:51:28.538] [INFO] default - folder=> SIHS
[2022-08-05T15:51:28.538] [INFO] default - request=> GET
[2022-08-05T15:51:30.201] [INFO] default - name=> ReceptSyukei
[2022-08-05T15:51:30.201] [INFO] default - params=>{"uniqid":1,"traceid":123,"receptType":"tajyogen"}
[2022-08-05T15:51:30.201] [INFO] default - folder=> SIHS
[2022-08-05T15:51:30.201] [INFO] default - request=> GET
[2022-08-05T15:51:52.255] [INFO] default - name=> ReceptSyukei
[2022-08-05T15:51:52.256] [INFO] default - params=>{"uniqid":1,"traceid":123,"receptType":"tajyogen"}
[2022-08-05T15:51:52.256] [INFO] default - folder=> SIHS
[2022-08-05T15:51:52.256] [INFO] default - request=> GET
[2022-08-05T15:52:13.340] [INFO] default - name=> ReceptSyukei
[2022-08-05T15:52:13.340] [INFO] default - params=>{"uniqid":1,"traceid":123,"receptType":"list"}
[2022-08-05T15:52:13.340] [INFO] default - folder=> SIHS
[2022-08-05T15:52:13.340] [INFO] default - request=> GET
[2022-08-05T15:52:16.153] [INFO] default - name=> ReceptSyukei
[2022-08-05T15:52:16.154] [INFO] default - params=>{"uniqid":1,"traceid":123,"receptType":"tajyogen"}
[2022-08-05T15:52:16.154] [INFO] default - folder=> SIHS
[2022-08-05T15:52:16.154] [INFO] default - request=> GET
[2022-08-05T15:52:17.284] [INFO] default - name=> ReceptSyukei
[2022-08-05T15:52:17.285] [INFO] default - params=>{"uniqid":1,"traceid":123,"receptType":"jijyogen"}
[2022-08-05T15:52:17.285] [INFO] default - folder=> SIHS
[2022-08-05T15:52:17.285] [INFO] default - request=> GET
[2022-08-05T15:52:19.449] [INFO] default - name=> ReceptSyukei
[2022-08-05T15:52:19.449] [INFO] default - params=>{"uniqid":1,"traceid":123,"receptType":"list"}
[2022-08-05T15:52:19.449] [INFO] default - folder=> SIHS
[2022-08-05T15:52:19.449] [INFO] default - request=> GET
[2022-08-05T15:52:31.648] [INFO] default - name=> ReceptSyukei
[2022-08-05T15:52:31.648] [INFO] default - params=>{"uniqid":1,"traceid":123,"receptType":"tajyogen"}
[2022-08-05T15:52:31.648] [INFO] default - folder=> SIHS
[2022-08-05T15:52:31.648] [INFO] default - request=> GET
[2022-08-05T15:52:36.537] [INFO] default - name=> ReceptSyukei
[2022-08-05T15:52:36.537] [INFO] default - params=>{"uniqid":1,"traceid":123,"receptType":"list"}
[2022-08-05T15:52:36.537] [INFO] default - folder=> SIHS
[2022-08-05T15:52:36.537] [INFO] default - request=> GET
[2022-08-05T15:52:39.767] [INFO] default - name=> ReceptSyukei
[2022-08-05T15:52:39.767] [INFO] default - params=>{"uniqid":1,"traceid":123,"receptType":"jijyogen"}
[2022-08-05T15:52:39.767] [INFO] default - folder=> SIHS
[2022-08-05T15:52:39.767] [INFO] default - request=> GET
[2022-08-05T15:58:46.165] [INFO] default - name=> ReceptSyukei
[2022-08-05T15:58:46.165] [INFO] default - params=>{"uniqid":1,"traceid":123,"receptType":"list"}
[2022-08-05T15:58:46.165] [INFO] default - folder=> SIHS
[2022-08-05T15:58:46.165] [INFO] default - request=> GET
[2022-08-05T16:05:40.237] [INFO] default - name=> ReceptSyukei
[2022-08-05T16:05:40.237] [INFO] default - params=>{"uniqid":1,"traceid":123,"receptType":"tajyogen"}
[2022-08-05T16:05:40.237] [INFO] default - folder=> SIHS
[2022-08-05T16:05:40.237] [INFO] default - request=> GET
