[2022-08-16T10:07:51.432] [INFO] default - name=> ServiceHistory
[2022-08-16T10:07:51.433] [INFO] default - params=>{"uniqid":1,"traceid":123}
[2022-08-16T10:07:51.433] [INFO] default - folder=> SIHMAIN
[2022-08-16T10:07:51.434] [INFO] default - request=> GET
[2022-08-16T10:08:57.746] [INFO] default - name=> ServiceHistory
[2022-08-16T10:08:57.747] [INFO] default - params=>{"uniqid":1,"traceid":123}
[2022-08-16T10:08:57.747] [INFO] default - folder=> SIHMAIN
[2022-08-16T10:08:57.747] [INFO] default - request=> GET
[2022-08-16T10:09:12.892] [INFO] default - name=> ServiceHistory
[2022-08-16T10:09:12.892] [INFO] default - params=>{"uniqid":1,"traceid":123}
[2022-08-16T10:09:12.892] [INFO] default - folder=> SIHMAIN
[2022-08-16T10:09:12.892] [INFO] default - request=> GET
[2022-08-16T10:09:14.053] [INFO] default - name=> ServiceHistory
[2022-08-16T10:09:14.053] [INFO] default - params=>{"uniqid":1,"traceid":123}
[2022-08-16T10:09:14.053] [INFO] default - folder=> SIHMAIN
[2022-08-16T10:09:14.053] [INFO] default - request=> GET
[2022-08-16T10:10:03.378] [INFO] default - name=> ServiceHistory
[2022-08-16T10:10:03.378] [INFO] default - params=>{"uniqid":1,"traceid":123}
[2022-08-16T10:10:03.378] [INFO] default - folder=> SIHMAIN
[2022-08-16T10:10:03.378] [INFO] default - request=> GET
[2022-08-16T10:10:07.353] [INFO] default - name=> ServiceHistory
[2022-08-16T10:10:07.353] [INFO] default - params=>{"uniqid":1,"traceid":123}
[2022-08-16T10:10:07.353] [INFO] default - folder=> SIHMAIN
[2022-08-16T10:10:07.353] [INFO] default - request=> GET
[2022-08-16T10:12:56.570] [INFO] default - name=> ServiceHistory
[2022-08-16T10:12:56.570] [INFO] default - params=>{"uniqid":1,"traceid":123}
[2022-08-16T10:12:56.570] [INFO] default - folder=> SIHMAIN
[2022-08-16T10:12:56.570] [INFO] default - request=> GET
[2022-08-16T10:12:59.698] [INFO] default - name=> ServiceHistory
[2022-08-16T10:12:59.698] [INFO] default - params=>{"uniqid":1,"traceid":123}
[2022-08-16T10:12:59.698] [INFO] default - folder=> SIHMAIN
[2022-08-16T10:12:59.698] [INFO] default - request=> GET
[2022-08-16T10:13:09.952] [INFO] default - name=> ServiceHistory
[2022-08-16T10:13:09.952] [INFO] default - params=>{"uniqid":1,"traceid":123}
[2022-08-16T10:13:09.952] [INFO] default - folder=> SIHMAIN
[2022-08-16T10:13:09.952] [INFO] default - request=> GET
[2022-08-16T10:13:20.580] [INFO] default - name=> ServiceHistory
[2022-08-16T10:13:20.581] [INFO] default - params=>{"uniqid":1,"traceid":123}
[2022-08-16T10:13:20.581] [INFO] default - folder=> SIHMAIN
[2022-08-16T10:13:20.581] [INFO] default - request=> GET
[2022-08-16T10:13:29.437] [INFO] default - name=> ServiceHistory
[2022-08-16T10:13:29.437] [INFO] default - params=>{"uniqid":1,"traceid":123}
[2022-08-16T10:13:29.437] [INFO] default - folder=> SIHMAIN
[2022-08-16T10:13:29.437] [INFO] default - request=> GET
[2022-08-16T10:14:53.705] [INFO] default - name=> ServiceHistory
[2022-08-16T10:14:53.705] [INFO] default - params=>{"uniqid":1,"traceid":123}
[2022-08-16T10:14:53.705] [INFO] default - folder=> SIHMAIN
[2022-08-16T10:14:53.705] [INFO] default - request=> GET
[2022-08-16T10:15:01.665] [INFO] default - name=> ServiceHistory
[2022-08-16T10:15:01.665] [INFO] default - params=>{"uniqid":1,"traceid":123}
[2022-08-16T10:15:01.665] [INFO] default - folder=> SIHMAIN
[2022-08-16T10:15:01.665] [INFO] default - request=> GET
[2022-08-16T10:15:17.985] [INFO] default - name=> ServiceHistory
[2022-08-16T10:15:17.985] [INFO] default - params=>{"uniqid":1,"traceid":123}
[2022-08-16T10:15:17.985] [INFO] default - folder=> SIHMAIN
[2022-08-16T10:15:17.985] [INFO] default - request=> GET
[2022-08-16T10:15:21.948] [INFO] default - name=> ServiceHistory
[2022-08-16T10:15:21.948] [INFO] default - params=>{"uniqid":1,"traceid":123}
[2022-08-16T10:15:21.948] [INFO] default - folder=> SIHMAIN
[2022-08-16T10:15:21.948] [INFO] default - request=> GET
[2022-08-16T10:15:34.171] [INFO] default - name=> ServiceHistory
[2022-08-16T10:15:34.171] [INFO] default - params=>{"uniqid":1,"traceid":123}
[2022-08-16T10:15:34.171] [INFO] default - folder=> SIHMAIN
[2022-08-16T10:15:34.171] [INFO] default - request=> GET
[2022-08-16T10:15:44.796] [INFO] default - name=> ServiceHistory
[2022-08-16T10:15:44.797] [INFO] default - params=>{"uniqid":1,"traceid":123}
[2022-08-16T10:15:44.797] [INFO] default - folder=> SIHMAIN
[2022-08-16T10:15:44.797] [INFO] default - request=> GET
[2022-08-16T10:15:47.895] [INFO] default - name=> ServiceHistory
[2022-08-16T10:15:47.895] [INFO] default - params=>{"uniqid":1,"traceid":123}
[2022-08-16T10:15:47.895] [INFO] default - folder=> SIHMAIN
[2022-08-16T10:15:47.895] [INFO] default - request=> GET
[2022-08-16T10:15:56.514] [INFO] default - name=> ServiceHistory
[2022-08-16T10:15:56.514] [INFO] default - params=>{"uniqid":1,"traceid":123}
[2022-08-16T10:15:56.514] [INFO] default - folder=> SIHMAIN
[2022-08-16T10:15:56.514] [INFO] default - request=> GET
[2022-08-16T10:15:59.637] [INFO] default - name=> ServiceHistory
[2022-08-16T10:15:59.638] [INFO] default - params=>{"uniqid":1,"traceid":123}
[2022-08-16T10:15:59.638] [INFO] default - folder=> SIHMAIN
[2022-08-16T10:15:59.638] [INFO] default - request=> GET
[2022-08-16T10:16:04.529] [INFO] default - name=> ServiceHistory
[2022-08-16T10:16:04.529] [INFO] default - params=>{"uniqid":1,"traceid":123}
[2022-08-16T10:16:04.530] [INFO] default - folder=> SIHMAIN
[2022-08-16T10:16:04.530] [INFO] default - request=> GET
[2022-08-16T10:16:07.468] [INFO] default - name=> ServiceHistory
[2022-08-16T10:16:07.468] [INFO] default - params=>{"uniqid":1,"traceid":123}
[2022-08-16T10:16:07.468] [INFO] default - folder=> SIHMAIN
[2022-08-16T10:16:07.468] [INFO] default - request=> GET
[2022-08-16T10:17:41.444] [INFO] default - name=> ServiceHistory
[2022-08-16T10:17:41.444] [INFO] default - params=>{"uniqid":1,"traceid":123}
[2022-08-16T10:17:41.444] [INFO] default - folder=> SIHMAIN
[2022-08-16T10:17:41.444] [INFO] default - request=> GET
[2022-08-16T10:19:09.674] [INFO] default - name=> ServiceHistory
[2022-08-16T10:19:09.674] [INFO] default - params=>{"uniqid":1,"traceid":123}
[2022-08-16T10:19:09.674] [INFO] default - folder=> SIHMAIN
[2022-08-16T10:19:09.674] [INFO] default - request=> GET
[2022-08-16T10:19:41.415] [INFO] default - name=> ServiceHistory
[2022-08-16T10:19:41.415] [INFO] default - params=>{"uniqid":1,"traceid":123}
[2022-08-16T10:19:41.415] [INFO] default - folder=> SIHMAIN
[2022-08-16T10:19:41.415] [INFO] default - request=> GET
[2022-08-16T10:19:53.602] [INFO] default - name=> ServiceHistory
[2022-08-16T10:19:53.602] [INFO] default - params=>{"uniqid":1,"traceid":123}
[2022-08-16T10:19:53.602] [INFO] default - folder=> SIHMAIN
[2022-08-16T10:19:53.602] [INFO] default - request=> GET
[2022-08-16T10:20:12.053] [INFO] default - name=> ServiceHistory
[2022-08-16T10:20:12.053] [INFO] default - params=>{"uniqid":1,"traceid":123}
[2022-08-16T10:20:12.053] [INFO] default - folder=> SIHMAIN
[2022-08-16T10:20:12.053] [INFO] default - request=> GET
[2022-08-16T10:20:22.047] [INFO] default - name=> ServiceHistory
[2022-08-16T10:20:22.047] [INFO] default - params=>{"uniqid":1,"traceid":123}
[2022-08-16T10:20:22.047] [INFO] default - folder=> SIHMAIN
[2022-08-16T10:20:22.047] [INFO] default - request=> GET
[2022-08-16T10:20:25.722] [INFO] default - name=> ServiceHistory
[2022-08-16T10:20:25.722] [INFO] default - params=>{"uniqid":1,"traceid":123}
[2022-08-16T10:20:25.722] [INFO] default - folder=> SIHMAIN
[2022-08-16T10:20:25.722] [INFO] default - request=> GET
[2022-08-16T10:20:35.669] [INFO] default - name=> ServiceHistory
[2022-08-16T10:20:35.670] [INFO] default - params=>{"uniqid":1,"traceid":123}
[2022-08-16T10:20:35.670] [INFO] default - folder=> SIHMAIN
[2022-08-16T10:20:35.670] [INFO] default - request=> GET
[2022-08-16T10:20:38.883] [INFO] default - name=> ServiceHistory
[2022-08-16T10:20:38.883] [INFO] default - params=>{"uniqid":1,"traceid":123}
[2022-08-16T10:20:38.883] [INFO] default - folder=> SIHMAIN
[2022-08-16T10:20:38.883] [INFO] default - request=> GET
[2022-08-16T10:20:53.606] [INFO] default - name=> ServiceHistory
[2022-08-16T10:20:53.606] [INFO] default - params=>{"uniqid":1,"traceid":123}
[2022-08-16T10:20:53.606] [INFO] default - folder=> SIHMAIN
[2022-08-16T10:20:53.606] [INFO] default - request=> GET
[2022-08-16T10:21:10.438] [INFO] default - name=> ServiceHistory
[2022-08-16T10:21:10.438] [INFO] default - params=>{"uniqid":1,"traceid":123}
[2022-08-16T10:21:10.438] [INFO] default - folder=> SIHMAIN
[2022-08-16T10:21:10.438] [INFO] default - request=> GET
[2022-08-16T10:21:20.092] [INFO] default - name=> ServiceHistory
[2022-08-16T10:21:20.092] [INFO] default - params=>{"uniqid":1,"traceid":123}
[2022-08-16T10:21:20.092] [INFO] default - folder=> SIHMAIN
[2022-08-16T10:21:20.092] [INFO] default - request=> GET
[2022-08-16T10:36:14.758] [INFO] default - name=> ServiceHistory
[2022-08-16T10:36:14.759] [INFO] default - params=>{"uniqid":1,"traceid":123}
[2022-08-16T10:36:14.759] [INFO] default - folder=> SIHMAIN
[2022-08-16T10:36:14.759] [INFO] default - request=> GET
[2022-08-16T10:51:14.770] [INFO] default - name=> ServiceHistory
[2022-08-16T10:51:14.770] [INFO] default - params=>{"uniqid":1,"traceid":123}
[2022-08-16T10:51:14.770] [INFO] default - folder=> SIHMAIN
[2022-08-16T10:51:14.770] [INFO] default - request=> GET
[2022-08-16T11:04:58.861] [INFO] default - name=> ServiceHistory
[2022-08-16T11:04:58.861] [INFO] default - params=>{"uniqid":1,"traceid":123}
[2022-08-16T11:04:58.861] [INFO] default - folder=> SIHMAIN
[2022-08-16T11:04:58.861] [INFO] default - request=> GET
[2022-08-16T11:05:47.239] [INFO] default - name=> ServiceHistory
[2022-08-16T11:05:47.239] [INFO] default - params=>{"uniqid":1,"traceid":123}
[2022-08-16T11:05:47.239] [INFO] default - folder=> SIHMAIN
[2022-08-16T11:05:47.239] [INFO] default - request=> GET
[2022-08-16T11:07:21.883] [INFO] default - name=> ServiceHistory
[2022-08-16T11:07:21.883] [INFO] default - params=>{"uniqid":1,"traceid":123}
[2022-08-16T11:07:21.883] [INFO] default - folder=> SIHMAIN
[2022-08-16T11:07:21.883] [INFO] default - request=> GET
[2022-08-16T11:09:42.883] [INFO] default - name=> ServiceHistory
[2022-08-16T11:09:42.884] [INFO] default - params=>{"uniqid":1,"traceid":123}
[2022-08-16T11:09:42.884] [INFO] default - folder=> SIHMAIN
[2022-08-16T11:09:42.884] [INFO] default - request=> GET
[2022-08-16T11:09:58.606] [INFO] default - name=> ServiceHistory
[2022-08-16T11:09:58.606] [INFO] default - params=>{"uniqid":1,"traceid":123}
[2022-08-16T11:09:58.606] [INFO] default - folder=> SIHMAIN
[2022-08-16T11:09:58.606] [INFO] default - request=> GET
[2022-08-16T11:10:52.762] [INFO] default - name=> ServiceHistory
[2022-08-16T11:10:52.762] [INFO] default - params=>{"uniqid":1,"traceid":123}
[2022-08-16T11:10:52.762] [INFO] default - folder=> SIHMAIN
[2022-08-16T11:10:52.762] [INFO] default - request=> GET
[2022-08-16T11:11:20.803] [INFO] default - name=> ServiceHistory
[2022-08-16T11:11:20.803] [INFO] default - params=>{"uniqid":1,"traceid":123}
[2022-08-16T11:11:20.803] [INFO] default - folder=> SIHMAIN
[2022-08-16T11:11:20.803] [INFO] default - request=> GET
[2022-08-16T11:11:56.566] [INFO] default - name=> ServiceHistory
[2022-08-16T11:11:56.567] [INFO] default - params=>{"uniqid":1,"traceid":123}
[2022-08-16T11:11:56.567] [INFO] default - folder=> SIHMAIN
[2022-08-16T11:11:56.567] [INFO] default - request=> GET
[2022-08-16T11:12:19.632] [INFO] default - name=> ServiceHistory
[2022-08-16T11:12:19.632] [INFO] default - params=>{"uniqid":1,"traceid":123}
[2022-08-16T11:12:19.632] [INFO] default - folder=> SIHMAIN
[2022-08-16T11:12:19.632] [INFO] default - request=> GET
[2022-08-16T11:26:09.972] [INFO] default - name=> ServiceHistory
[2022-08-16T11:26:09.972] [INFO] default - params=>{"uniqid":1,"traceid":123}
[2022-08-16T11:26:09.972] [INFO] default - folder=> SIHMAIN
[2022-08-16T11:26:09.972] [INFO] default - request=> GET
[2022-08-16T11:35:37.252] [INFO] default - name=> ServiceHistory
[2022-08-16T11:35:37.252] [INFO] default - params=>{"uniqid":1,"traceid":123}
[2022-08-16T11:35:37.252] [INFO] default - folder=> SIHMAIN
[2022-08-16T11:35:37.252] [INFO] default - request=> GET
[2022-08-16T11:58:25.226] [INFO] default - name=> userListPrint
[2022-08-16T11:58:25.226] [INFO] default - params=>{"uniqid":1,"traceid":123,"getkbn":0,"jkbn":0,"sdnflg":0,"symd":"20220801","eymd":"20220901"}
[2022-08-16T11:58:25.226] [INFO] default - folder=> COMMON
[2022-08-16T11:58:25.226] [INFO] default - request=> GET
[2022-08-16T12:35:21.231] [INFO] default - name=> ServiceHistory
[2022-08-16T12:35:21.232] [INFO] default - params=>{"uniqid":1,"traceid":123}
[2022-08-16T12:35:21.232] [INFO] default - folder=> SIHMAIN
[2022-08-16T12:35:21.232] [INFO] default - request=> GET
[2022-08-16T12:35:57.769] [INFO] default - name=> ServiceHistory
[2022-08-16T12:35:57.769] [INFO] default - params=>{"uniqid":1,"traceid":123}
[2022-08-16T12:35:57.769] [INFO] default - folder=> SIHMAIN
[2022-08-16T12:35:57.769] [INFO] default - request=> GET
[2022-08-16T13:07:36.319] [INFO] default - name=> ServiceHistory
[2022-08-16T13:07:36.319] [INFO] default - params=>{"uniqid":1,"traceid":123}
[2022-08-16T13:07:36.319] [INFO] default - folder=> SIHMAIN
[2022-08-16T13:07:36.319] [INFO] default - request=> GET
[2022-08-16T13:40:58.489] [INFO] default - name=> ServiceHistory
[2022-08-16T13:40:58.489] [INFO] default - params=>{"uniqid":1,"traceid":123}
[2022-08-16T13:40:58.489] [INFO] default - folder=> SIHMAIN
[2022-08-16T13:40:58.489] [INFO] default - request=> GET
[2022-08-16T13:47:05.714] [INFO] default - name=> ServiceHistory
[2022-08-16T13:47:05.714] [INFO] default - params=>{"uniqid":1,"traceid":123}
[2022-08-16T13:47:05.714] [INFO] default - folder=> SIHMAIN
[2022-08-16T13:47:05.714] [INFO] default - request=> GET
[2022-08-16T13:58:07.416] [INFO] default - name=> KobetsuRiyouTourokuNyutai
[2022-08-16T13:58:07.420] [INFO] default - params=>{"getkbn":0,"riid":2,"kbn":1,"ngsymd":"20220806","uniqid":1,"traceid":123}
[2022-08-16T13:58:07.420] [INFO] default - folder=> SIHS
[2022-08-16T13:58:07.420] [INFO] default - request=> GET
[2022-08-16T13:58:12.147] [INFO] default - name=> KobetsuRiyouTourokuNyutai
[2022-08-16T13:58:12.147] [INFO] default - params=>{"getkbn":0,"riid":2,"kbn":1,"ngsymd":"20220806","uniqid":1,"traceid":123}
[2022-08-16T13:58:12.147] [INFO] default - folder=> SIHS
[2022-08-16T13:58:12.147] [INFO] default - request=> GET
[2022-08-16T13:58:16.126] [INFO] default - name=> KobetsuRiyouTourokuKasan
[2022-08-16T13:58:16.126] [INFO] default - params=>{"getkbn":0,"setym":"202201","entpriid":1234,"riid":2,"hokbn":1,"svcsyucode":1,"kcode":1,"ksnsymd":"20220806","uniqid":1,"traceid":123}
[2022-08-16T13:58:16.126] [INFO] default - folder=> SIHS
[2022-08-16T13:58:16.126] [INFO] default - request=> GET
[2022-08-16T13:58:19.586] [INFO] default - name=> KobetsuRiyouTourokuKasan
[2022-08-16T13:58:19.586] [INFO] default - params=>{"getkbn":0,"setym":"202201","entpriid":1234,"riid":2,"hokbn":1,"svcsyucode":1,"kcode":1,"ksnsymd":"20220806","uniqid":1,"traceid":123}
[2022-08-16T13:58:19.586] [INFO] default - folder=> SIHS
[2022-08-16T13:58:19.586] [INFO] default - request=> GET
[2022-08-16T13:58:22.410] [INFO] default - name=> KobetsuRiyouTourokuNyutai
[2022-08-16T13:58:22.410] [INFO] default - params=>{"getkbn":0,"riid":2,"kbn":1,"ngsymd":"20220806","uniqid":1,"traceid":123}
[2022-08-16T13:58:22.410] [INFO] default - folder=> SIHS
[2022-08-16T13:58:22.410] [INFO] default - request=> GET
[2022-08-16T14:01:30.953] [INFO] default - name=> ServiceHistory
[2022-08-16T14:01:30.953] [INFO] default - params=>{"uniqid":1,"traceid":123}
[2022-08-16T14:01:30.953] [INFO] default - folder=> SIHMAIN
[2022-08-16T14:01:30.953] [INFO] default - request=> GET
